[2023-09-05T08:48:10.018+0000] {processor.py:157} INFO - Started process (PID=258) to work on /home/airflow/.local/lib/python3.7/site-packages/airflow/example_dags/example_complex.py
[2023-09-05T08:48:10.019+0000] {processor.py:826} INFO - Processing file /home/airflow/.local/lib/python3.7/site-packages/airflow/example_dags/example_complex.py for tasks to queue
[2023-09-05T08:48:10.021+0000] {logging_mixin.py:150} INFO - [2023-09-05T08:48:10.020+0000] {dagbag.py:541} INFO - Filling up the DagBag from /home/airflow/.local/lib/python3.7/site-packages/airflow/example_dags/example_complex.py
[2023-09-05T08:48:10.050+0000] {processor.py:836} INFO - DAG(s) dict_keys(['example_complex']) retrieved from /home/airflow/.local/lib/python3.7/site-packages/airflow/example_dags/example_complex.py
[2023-09-05T08:48:10.254+0000] {logging_mixin.py:150} INFO - [2023-09-05T08:48:10.254+0000] {manager.py:504} INFO - Created Permission View: can delete on DAG:example_complex
[2023-09-05T08:48:10.271+0000] {logging_mixin.py:150} INFO - [2023-09-05T08:48:10.270+0000] {manager.py:504} INFO - Created Permission View: can read on DAG:example_complex
[2023-09-05T08:48:10.282+0000] {logging_mixin.py:150} INFO - [2023-09-05T08:48:10.282+0000] {manager.py:504} INFO - Created Permission View: can edit on DAG:example_complex
[2023-09-05T08:48:10.310+0000] {logging_mixin.py:150} INFO - [2023-09-05T08:48:10.310+0000] {dag.py:2742} INFO - Sync 1 DAGs
[2023-09-05T08:48:10.348+0000] {logging_mixin.py:150} INFO - [2023-09-05T08:48:10.348+0000] {dag.py:2763} INFO - Creating ORM DAG for example_complex
[2023-09-05T08:48:10.370+0000] {logging_mixin.py:150} INFO - [2023-09-05T08:48:10.370+0000] {dag.py:3508} INFO - Setting next_dagrun for example_complex to None, run_after=None
[2023-09-05T08:48:10.405+0000] {processor.py:179} INFO - Processing /home/airflow/.local/lib/python3.7/site-packages/airflow/example_dags/example_complex.py took 0.393 seconds
[2023-09-05T08:48:40.937+0000] {processor.py:157} INFO - Started process (PID=503) to work on /home/airflow/.local/lib/python3.7/site-packages/airflow/example_dags/example_complex.py
[2023-09-05T08:48:40.939+0000] {processor.py:826} INFO - Processing file /home/airflow/.local/lib/python3.7/site-packages/airflow/example_dags/example_complex.py for tasks to queue
[2023-09-05T08:48:40.940+0000] {logging_mixin.py:150} INFO - [2023-09-05T08:48:40.939+0000] {dagbag.py:541} INFO - Filling up the DagBag from /home/airflow/.local/lib/python3.7/site-packages/airflow/example_dags/example_complex.py
[2023-09-05T08:48:40.963+0000] {processor.py:836} INFO - DAG(s) dict_keys(['example_complex']) retrieved from /home/airflow/.local/lib/python3.7/site-packages/airflow/example_dags/example_complex.py
[2023-09-05T08:48:41.029+0000] {logging_mixin.py:150} INFO - [2023-09-05T08:48:41.028+0000] {dag.py:2742} INFO - Sync 1 DAGs
[2023-09-05T08:48:41.076+0000] {logging_mixin.py:150} INFO - [2023-09-05T08:48:41.076+0000] {dag.py:3508} INFO - Setting next_dagrun for example_complex to None, run_after=None
[2023-09-05T08:48:41.110+0000] {processor.py:179} INFO - Processing /home/airflow/.local/lib/python3.7/site-packages/airflow/example_dags/example_complex.py took 0.178 seconds
[2023-09-05T08:49:11.310+0000] {processor.py:157} INFO - Started process (PID=748) to work on /home/airflow/.local/lib/python3.7/site-packages/airflow/example_dags/example_complex.py
[2023-09-05T08:49:11.311+0000] {processor.py:826} INFO - Processing file /home/airflow/.local/lib/python3.7/site-packages/airflow/example_dags/example_complex.py for tasks to queue
[2023-09-05T08:49:11.313+0000] {logging_mixin.py:150} INFO - [2023-09-05T08:49:11.312+0000] {dagbag.py:541} INFO - Filling up the DagBag from /home/airflow/.local/lib/python3.7/site-packages/airflow/example_dags/example_complex.py
[2023-09-05T08:49:11.335+0000] {processor.py:836} INFO - DAG(s) dict_keys(['example_complex']) retrieved from /home/airflow/.local/lib/python3.7/site-packages/airflow/example_dags/example_complex.py
[2023-09-05T08:49:11.405+0000] {logging_mixin.py:150} INFO - [2023-09-05T08:49:11.405+0000] {dag.py:2742} INFO - Sync 1 DAGs
[2023-09-05T08:49:11.443+0000] {logging_mixin.py:150} INFO - [2023-09-05T08:49:11.443+0000] {dag.py:3508} INFO - Setting next_dagrun for example_complex to None, run_after=None
[2023-09-05T08:49:11.472+0000] {processor.py:179} INFO - Processing /home/airflow/.local/lib/python3.7/site-packages/airflow/example_dags/example_complex.py took 0.167 seconds
[2023-09-05T08:49:42.047+0000] {processor.py:157} INFO - Started process (PID=995) to work on /home/airflow/.local/lib/python3.7/site-packages/airflow/example_dags/example_complex.py
[2023-09-05T08:49:42.048+0000] {processor.py:826} INFO - Processing file /home/airflow/.local/lib/python3.7/site-packages/airflow/example_dags/example_complex.py for tasks to queue
[2023-09-05T08:49:42.049+0000] {logging_mixin.py:150} INFO - [2023-09-05T08:49:42.049+0000] {dagbag.py:541} INFO - Filling up the DagBag from /home/airflow/.local/lib/python3.7/site-packages/airflow/example_dags/example_complex.py
[2023-09-05T08:49:42.072+0000] {processor.py:836} INFO - DAG(s) dict_keys(['example_complex']) retrieved from /home/airflow/.local/lib/python3.7/site-packages/airflow/example_dags/example_complex.py
[2023-09-05T08:49:42.138+0000] {logging_mixin.py:150} INFO - [2023-09-05T08:49:42.138+0000] {dag.py:2742} INFO - Sync 1 DAGs
[2023-09-05T08:49:42.188+0000] {logging_mixin.py:150} INFO - [2023-09-05T08:49:42.188+0000] {dag.py:3508} INFO - Setting next_dagrun for example_complex to None, run_after=None
[2023-09-05T08:49:42.223+0000] {processor.py:179} INFO - Processing /home/airflow/.local/lib/python3.7/site-packages/airflow/example_dags/example_complex.py took 0.181 seconds
[2023-09-05T08:50:12.260+0000] {processor.py:157} INFO - Started process (PID=1243) to work on /home/airflow/.local/lib/python3.7/site-packages/airflow/example_dags/example_complex.py
[2023-09-05T08:50:12.261+0000] {processor.py:826} INFO - Processing file /home/airflow/.local/lib/python3.7/site-packages/airflow/example_dags/example_complex.py for tasks to queue
[2023-09-05T08:50:12.262+0000] {logging_mixin.py:150} INFO - [2023-09-05T08:50:12.262+0000] {dagbag.py:541} INFO - Filling up the DagBag from /home/airflow/.local/lib/python3.7/site-packages/airflow/example_dags/example_complex.py
[2023-09-05T08:50:12.286+0000] {processor.py:836} INFO - DAG(s) dict_keys(['example_complex']) retrieved from /home/airflow/.local/lib/python3.7/site-packages/airflow/example_dags/example_complex.py
[2023-09-05T08:50:12.355+0000] {logging_mixin.py:150} INFO - [2023-09-05T08:50:12.354+0000] {dag.py:2742} INFO - Sync 1 DAGs
[2023-09-05T08:50:12.401+0000] {logging_mixin.py:150} INFO - [2023-09-05T08:50:12.401+0000] {dag.py:3508} INFO - Setting next_dagrun for example_complex to None, run_after=None
[2023-09-05T08:50:12.431+0000] {processor.py:179} INFO - Processing /home/airflow/.local/lib/python3.7/site-packages/airflow/example_dags/example_complex.py took 0.177 seconds
[2023-09-05T08:51:08.648+0000] {processor.py:157} INFO - Started process (PID=257) to work on /home/airflow/.local/lib/python3.7/site-packages/airflow/example_dags/example_complex.py
[2023-09-05T08:51:08.649+0000] {processor.py:826} INFO - Processing file /home/airflow/.local/lib/python3.7/site-packages/airflow/example_dags/example_complex.py for tasks to queue
[2023-09-05T08:51:08.650+0000] {logging_mixin.py:150} INFO - [2023-09-05T08:51:08.650+0000] {dagbag.py:541} INFO - Filling up the DagBag from /home/airflow/.local/lib/python3.7/site-packages/airflow/example_dags/example_complex.py
[2023-09-05T08:51:08.674+0000] {processor.py:836} INFO - DAG(s) dict_keys(['example_complex']) retrieved from /home/airflow/.local/lib/python3.7/site-packages/airflow/example_dags/example_complex.py
[2023-09-05T08:51:08.744+0000] {logging_mixin.py:150} INFO - [2023-09-05T08:51:08.744+0000] {dag.py:2742} INFO - Sync 1 DAGs
[2023-09-05T08:51:08.807+0000] {logging_mixin.py:150} INFO - [2023-09-05T08:51:08.807+0000] {dag.py:3508} INFO - Setting next_dagrun for example_complex to None, run_after=None
[2023-09-05T08:51:08.838+0000] {processor.py:179} INFO - Processing /home/airflow/.local/lib/python3.7/site-packages/airflow/example_dags/example_complex.py took 0.196 seconds
[2023-09-05T08:51:39.409+0000] {processor.py:157} INFO - Started process (PID=504) to work on /home/airflow/.local/lib/python3.7/site-packages/airflow/example_dags/example_complex.py
[2023-09-05T08:51:39.410+0000] {processor.py:826} INFO - Processing file /home/airflow/.local/lib/python3.7/site-packages/airflow/example_dags/example_complex.py for tasks to queue
[2023-09-05T08:51:39.411+0000] {logging_mixin.py:150} INFO - [2023-09-05T08:51:39.410+0000] {dagbag.py:541} INFO - Filling up the DagBag from /home/airflow/.local/lib/python3.7/site-packages/airflow/example_dags/example_complex.py
[2023-09-05T08:51:39.433+0000] {processor.py:836} INFO - DAG(s) dict_keys(['example_complex']) retrieved from /home/airflow/.local/lib/python3.7/site-packages/airflow/example_dags/example_complex.py
[2023-09-05T08:51:39.499+0000] {logging_mixin.py:150} INFO - [2023-09-05T08:51:39.499+0000] {dag.py:2742} INFO - Sync 1 DAGs
[2023-09-05T08:51:39.546+0000] {logging_mixin.py:150} INFO - [2023-09-05T08:51:39.546+0000] {dag.py:3508} INFO - Setting next_dagrun for example_complex to None, run_after=None
[2023-09-05T08:51:39.578+0000] {processor.py:179} INFO - Processing /home/airflow/.local/lib/python3.7/site-packages/airflow/example_dags/example_complex.py took 0.175 seconds
[2023-09-05T08:52:11.600+0000] {processor.py:157} INFO - Started process (PID=747) to work on /home/airflow/.local/lib/python3.7/site-packages/airflow/example_dags/example_complex.py
[2023-09-05T08:52:11.601+0000] {processor.py:826} INFO - Processing file /home/airflow/.local/lib/python3.7/site-packages/airflow/example_dags/example_complex.py for tasks to queue
[2023-09-05T08:52:11.602+0000] {logging_mixin.py:150} INFO - [2023-09-05T08:52:11.602+0000] {dagbag.py:541} INFO - Filling up the DagBag from /home/airflow/.local/lib/python3.7/site-packages/airflow/example_dags/example_complex.py
[2023-09-05T08:52:11.622+0000] {processor.py:836} INFO - DAG(s) dict_keys(['example_complex']) retrieved from /home/airflow/.local/lib/python3.7/site-packages/airflow/example_dags/example_complex.py
[2023-09-05T08:52:11.676+0000] {logging_mixin.py:150} INFO - [2023-09-05T08:52:11.676+0000] {dag.py:2742} INFO - Sync 1 DAGs
[2023-09-05T08:52:11.718+0000] {logging_mixin.py:150} INFO - [2023-09-05T08:52:11.718+0000] {dag.py:3508} INFO - Setting next_dagrun for example_complex to None, run_after=None
[2023-09-05T08:52:11.886+0000] {processor.py:179} INFO - Processing /home/airflow/.local/lib/python3.7/site-packages/airflow/example_dags/example_complex.py took 0.291 seconds
[2023-09-05T08:52:42.210+0000] {processor.py:157} INFO - Started process (PID=999) to work on /home/airflow/.local/lib/python3.7/site-packages/airflow/example_dags/example_complex.py
[2023-09-05T08:52:42.212+0000] {processor.py:826} INFO - Processing file /home/airflow/.local/lib/python3.7/site-packages/airflow/example_dags/example_complex.py for tasks to queue
[2023-09-05T08:52:42.214+0000] {logging_mixin.py:150} INFO - [2023-09-05T08:52:42.214+0000] {dagbag.py:541} INFO - Filling up the DagBag from /home/airflow/.local/lib/python3.7/site-packages/airflow/example_dags/example_complex.py
[2023-09-05T08:52:42.234+0000] {processor.py:836} INFO - DAG(s) dict_keys(['example_complex']) retrieved from /home/airflow/.local/lib/python3.7/site-packages/airflow/example_dags/example_complex.py
[2023-09-05T08:52:42.290+0000] {logging_mixin.py:150} INFO - [2023-09-05T08:52:42.289+0000] {dag.py:2742} INFO - Sync 1 DAGs
[2023-09-05T08:52:42.324+0000] {logging_mixin.py:150} INFO - [2023-09-05T08:52:42.324+0000] {dag.py:3508} INFO - Setting next_dagrun for example_complex to None, run_after=None
[2023-09-05T08:52:42.349+0000] {processor.py:179} INFO - Processing /home/airflow/.local/lib/python3.7/site-packages/airflow/example_dags/example_complex.py took 0.147 seconds
[2023-09-05T08:53:12.924+0000] {processor.py:157} INFO - Started process (PID=1253) to work on /home/airflow/.local/lib/python3.7/site-packages/airflow/example_dags/example_complex.py
[2023-09-05T08:53:12.925+0000] {processor.py:826} INFO - Processing file /home/airflow/.local/lib/python3.7/site-packages/airflow/example_dags/example_complex.py for tasks to queue
[2023-09-05T08:53:12.927+0000] {logging_mixin.py:150} INFO - [2023-09-05T08:53:12.926+0000] {dagbag.py:541} INFO - Filling up the DagBag from /home/airflow/.local/lib/python3.7/site-packages/airflow/example_dags/example_complex.py
[2023-09-05T08:53:12.952+0000] {processor.py:836} INFO - DAG(s) dict_keys(['example_complex']) retrieved from /home/airflow/.local/lib/python3.7/site-packages/airflow/example_dags/example_complex.py
[2023-09-05T08:53:13.020+0000] {logging_mixin.py:150} INFO - [2023-09-05T08:53:13.019+0000] {dag.py:2742} INFO - Sync 1 DAGs
[2023-09-05T08:53:13.067+0000] {logging_mixin.py:150} INFO - [2023-09-05T08:53:13.067+0000] {dag.py:3508} INFO - Setting next_dagrun for example_complex to None, run_after=None
[2023-09-05T08:53:13.103+0000] {processor.py:179} INFO - Processing /home/airflow/.local/lib/python3.7/site-packages/airflow/example_dags/example_complex.py took 0.185 seconds
[2023-09-05T08:53:43.136+0000] {processor.py:157} INFO - Started process (PID=1500) to work on /home/airflow/.local/lib/python3.7/site-packages/airflow/example_dags/example_complex.py
[2023-09-05T08:53:43.137+0000] {processor.py:826} INFO - Processing file /home/airflow/.local/lib/python3.7/site-packages/airflow/example_dags/example_complex.py for tasks to queue
[2023-09-05T08:53:43.139+0000] {logging_mixin.py:150} INFO - [2023-09-05T08:53:43.138+0000] {dagbag.py:541} INFO - Filling up the DagBag from /home/airflow/.local/lib/python3.7/site-packages/airflow/example_dags/example_complex.py
[2023-09-05T08:53:43.161+0000] {processor.py:836} INFO - DAG(s) dict_keys(['example_complex']) retrieved from /home/airflow/.local/lib/python3.7/site-packages/airflow/example_dags/example_complex.py
[2023-09-05T08:53:43.226+0000] {logging_mixin.py:150} INFO - [2023-09-05T08:53:43.225+0000] {dag.py:2742} INFO - Sync 1 DAGs
[2023-09-05T08:53:43.274+0000] {logging_mixin.py:150} INFO - [2023-09-05T08:53:43.274+0000] {dag.py:3508} INFO - Setting next_dagrun for example_complex to None, run_after=None
[2023-09-05T08:53:43.309+0000] {processor.py:179} INFO - Processing /home/airflow/.local/lib/python3.7/site-packages/airflow/example_dags/example_complex.py took 0.179 seconds
