[2023-09-05T08:48:08.613+0000] {processor.py:157} INFO - Started process (PID=223) to work on /home/airflow/.local/lib/python3.7/site-packages/airflow/example_dags/example_subdag_operator.py
[2023-09-05T08:48:08.614+0000] {processor.py:826} INFO - Processing file /home/airflow/.local/lib/python3.7/site-packages/airflow/example_dags/example_subdag_operator.py for tasks to queue
[2023-09-05T08:48:08.616+0000] {logging_mixin.py:150} INFO - [2023-09-05T08:48:08.615+0000] {dagbag.py:541} INFO - Filling up the DagBag from /home/airflow/.local/lib/python3.7/site-packages/airflow/example_dags/example_subdag_operator.py
[2023-09-05T08:48:08.667+0000] {processor.py:836} INFO - DAG(s) dict_keys(['example_subdag_operator.section-1', 'example_subdag_operator.section-2', 'example_subdag_operator']) retrieved from /home/airflow/.local/lib/python3.7/site-packages/airflow/example_dags/example_subdag_operator.py
[2023-09-05T08:48:08.833+0000] {logging_mixin.py:150} INFO - [2023-09-05T08:48:08.833+0000] {manager.py:504} INFO - Created Permission View: can delete on DAG:example_subdag_operator
[2023-09-05T08:48:08.854+0000] {logging_mixin.py:150} INFO - [2023-09-05T08:48:08.854+0000] {manager.py:504} INFO - Created Permission View: can read on DAG:example_subdag_operator
[2023-09-05T08:48:08.866+0000] {logging_mixin.py:150} INFO - [2023-09-05T08:48:08.866+0000] {manager.py:504} INFO - Created Permission View: can edit on DAG:example_subdag_operator
[2023-09-05T08:48:08.897+0000] {logging_mixin.py:150} INFO - [2023-09-05T08:48:08.896+0000] {dag.py:2742} INFO - Sync 3 DAGs
[2023-09-05T08:48:08.922+0000] {logging_mixin.py:150} INFO - [2023-09-05T08:48:08.921+0000] {dag.py:2763} INFO - Creating ORM DAG for example_subdag_operator.section-1
[2023-09-05T08:48:08.923+0000] {logging_mixin.py:150} INFO - [2023-09-05T08:48:08.922+0000] {dag.py:2763} INFO - Creating ORM DAG for example_subdag_operator
[2023-09-05T08:48:08.924+0000] {logging_mixin.py:150} INFO - [2023-09-05T08:48:08.923+0000] {dag.py:2763} INFO - Creating ORM DAG for example_subdag_operator.section-2
[2023-09-05T08:48:08.943+0000] {logging_mixin.py:150} INFO - [2023-09-05T08:48:08.943+0000] {dag.py:3508} INFO - Setting next_dagrun for example_subdag_operator to 2022-01-01T00:00:00+00:00, run_after=2022-01-01T00:00:00+00:00
[2023-09-05T08:48:08.944+0000] {logging_mixin.py:150} INFO - [2023-09-05T08:48:08.944+0000] {dag.py:3508} INFO - Setting next_dagrun for example_subdag_operator.section-1 to None, run_after=None
[2023-09-05T08:48:08.945+0000] {logging_mixin.py:150} INFO - [2023-09-05T08:48:08.944+0000] {dag.py:3508} INFO - Setting next_dagrun for example_subdag_operator.section-2 to None, run_after=None
[2023-09-05T08:48:08.961+0000] {logging_mixin.py:150} INFO - [2023-09-05T08:48:08.961+0000] {dag.py:2742} INFO - Sync 2 DAGs
[2023-09-05T08:48:08.971+0000] {logging_mixin.py:150} INFO - [2023-09-05T08:48:08.971+0000] {dag.py:3508} INFO - Setting next_dagrun for example_subdag_operator.section-1 to None, run_after=None
[2023-09-05T08:48:08.976+0000] {logging_mixin.py:150} INFO - [2023-09-05T08:48:08.975+0000] {dag.py:3508} INFO - Setting next_dagrun for example_subdag_operator.section-2 to None, run_after=None
[2023-09-05T08:48:08.998+0000] {processor.py:179} INFO - Processing /home/airflow/.local/lib/python3.7/site-packages/airflow/example_dags/example_subdag_operator.py took 0.392 seconds
[2023-09-05T08:48:39.318+0000] {processor.py:157} INFO - Started process (PID=468) to work on /home/airflow/.local/lib/python3.7/site-packages/airflow/example_dags/example_subdag_operator.py
[2023-09-05T08:48:39.319+0000] {processor.py:826} INFO - Processing file /home/airflow/.local/lib/python3.7/site-packages/airflow/example_dags/example_subdag_operator.py for tasks to queue
[2023-09-05T08:48:39.320+0000] {logging_mixin.py:150} INFO - [2023-09-05T08:48:39.320+0000] {dagbag.py:541} INFO - Filling up the DagBag from /home/airflow/.local/lib/python3.7/site-packages/airflow/example_dags/example_subdag_operator.py
[2023-09-05T08:48:39.353+0000] {processor.py:836} INFO - DAG(s) dict_keys(['example_subdag_operator.section-1', 'example_subdag_operator.section-2', 'example_subdag_operator']) retrieved from /home/airflow/.local/lib/python3.7/site-packages/airflow/example_dags/example_subdag_operator.py
[2023-09-05T08:48:39.382+0000] {logging_mixin.py:150} INFO - [2023-09-05T08:48:39.382+0000] {dag.py:2742} INFO - Sync 3 DAGs
[2023-09-05T08:48:39.419+0000] {logging_mixin.py:150} INFO - [2023-09-05T08:48:39.418+0000] {dag.py:3508} INFO - Setting next_dagrun for example_subdag_operator to 2022-01-01T00:00:00+00:00, run_after=2022-01-01T00:00:00+00:00
[2023-09-05T08:48:39.424+0000] {logging_mixin.py:150} INFO - [2023-09-05T08:48:39.423+0000] {dag.py:3508} INFO - Setting next_dagrun for example_subdag_operator.section-1 to None, run_after=None
[2023-09-05T08:48:39.426+0000] {logging_mixin.py:150} INFO - [2023-09-05T08:48:39.426+0000] {dag.py:3508} INFO - Setting next_dagrun for example_subdag_operator.section-2 to None, run_after=None
[2023-09-05T08:48:39.439+0000] {logging_mixin.py:150} INFO - [2023-09-05T08:48:39.439+0000] {dag.py:2742} INFO - Sync 2 DAGs
[2023-09-05T08:48:39.450+0000] {logging_mixin.py:150} INFO - [2023-09-05T08:48:39.450+0000] {dag.py:3508} INFO - Setting next_dagrun for example_subdag_operator.section-1 to None, run_after=None
[2023-09-05T08:48:39.450+0000] {logging_mixin.py:150} INFO - [2023-09-05T08:48:39.450+0000] {dag.py:3508} INFO - Setting next_dagrun for example_subdag_operator.section-2 to None, run_after=None
[2023-09-05T08:48:39.472+0000] {processor.py:179} INFO - Processing /home/airflow/.local/lib/python3.7/site-packages/airflow/example_dags/example_subdag_operator.py took 0.159 seconds
[2023-09-05T08:49:09.699+0000] {processor.py:157} INFO - Started process (PID=713) to work on /home/airflow/.local/lib/python3.7/site-packages/airflow/example_dags/example_subdag_operator.py
[2023-09-05T08:49:09.700+0000] {processor.py:826} INFO - Processing file /home/airflow/.local/lib/python3.7/site-packages/airflow/example_dags/example_subdag_operator.py for tasks to queue
[2023-09-05T08:49:09.702+0000] {logging_mixin.py:150} INFO - [2023-09-05T08:49:09.701+0000] {dagbag.py:541} INFO - Filling up the DagBag from /home/airflow/.local/lib/python3.7/site-packages/airflow/example_dags/example_subdag_operator.py
[2023-09-05T08:49:09.744+0000] {processor.py:836} INFO - DAG(s) dict_keys(['example_subdag_operator.section-1', 'example_subdag_operator.section-2', 'example_subdag_operator']) retrieved from /home/airflow/.local/lib/python3.7/site-packages/airflow/example_dags/example_subdag_operator.py
[2023-09-05T08:49:09.783+0000] {logging_mixin.py:150} INFO - [2023-09-05T08:49:09.783+0000] {dag.py:2742} INFO - Sync 3 DAGs
[2023-09-05T08:49:09.834+0000] {logging_mixin.py:150} INFO - [2023-09-05T08:49:09.833+0000] {dag.py:3508} INFO - Setting next_dagrun for example_subdag_operator to 2022-01-01T00:00:00+00:00, run_after=2022-01-01T00:00:00+00:00
[2023-09-05T08:49:09.840+0000] {logging_mixin.py:150} INFO - [2023-09-05T08:49:09.840+0000] {dag.py:3508} INFO - Setting next_dagrun for example_subdag_operator.section-1 to None, run_after=None
[2023-09-05T08:49:09.842+0000] {logging_mixin.py:150} INFO - [2023-09-05T08:49:09.842+0000] {dag.py:3508} INFO - Setting next_dagrun for example_subdag_operator.section-2 to None, run_after=None
[2023-09-05T08:49:09.856+0000] {logging_mixin.py:150} INFO - [2023-09-05T08:49:09.856+0000] {dag.py:2742} INFO - Sync 2 DAGs
[2023-09-05T08:49:09.866+0000] {logging_mixin.py:150} INFO - [2023-09-05T08:49:09.866+0000] {dag.py:3508} INFO - Setting next_dagrun for example_subdag_operator.section-1 to None, run_after=None
[2023-09-05T08:49:09.867+0000] {logging_mixin.py:150} INFO - [2023-09-05T08:49:09.867+0000] {dag.py:3508} INFO - Setting next_dagrun for example_subdag_operator.section-2 to None, run_after=None
[2023-09-05T08:49:09.887+0000] {processor.py:179} INFO - Processing /home/airflow/.local/lib/python3.7/site-packages/airflow/example_dags/example_subdag_operator.py took 0.194 seconds
[2023-09-05T08:49:40.263+0000] {processor.py:157} INFO - Started process (PID=958) to work on /home/airflow/.local/lib/python3.7/site-packages/airflow/example_dags/example_subdag_operator.py
[2023-09-05T08:49:40.265+0000] {processor.py:826} INFO - Processing file /home/airflow/.local/lib/python3.7/site-packages/airflow/example_dags/example_subdag_operator.py for tasks to queue
[2023-09-05T08:49:40.266+0000] {logging_mixin.py:150} INFO - [2023-09-05T08:49:40.266+0000] {dagbag.py:541} INFO - Filling up the DagBag from /home/airflow/.local/lib/python3.7/site-packages/airflow/example_dags/example_subdag_operator.py
[2023-09-05T08:49:40.310+0000] {processor.py:836} INFO - DAG(s) dict_keys(['example_subdag_operator.section-1', 'example_subdag_operator.section-2', 'example_subdag_operator']) retrieved from /home/airflow/.local/lib/python3.7/site-packages/airflow/example_dags/example_subdag_operator.py
[2023-09-05T08:49:40.348+0000] {logging_mixin.py:150} INFO - [2023-09-05T08:49:40.348+0000] {dag.py:2742} INFO - Sync 3 DAGs
[2023-09-05T08:49:40.398+0000] {logging_mixin.py:150} INFO - [2023-09-05T08:49:40.397+0000] {dag.py:3508} INFO - Setting next_dagrun for example_subdag_operator to 2022-01-01T00:00:00+00:00, run_after=2022-01-01T00:00:00+00:00
[2023-09-05T08:49:40.404+0000] {logging_mixin.py:150} INFO - [2023-09-05T08:49:40.403+0000] {dag.py:3508} INFO - Setting next_dagrun for example_subdag_operator.section-1 to None, run_after=None
[2023-09-05T08:49:40.406+0000] {logging_mixin.py:150} INFO - [2023-09-05T08:49:40.405+0000] {dag.py:3508} INFO - Setting next_dagrun for example_subdag_operator.section-2 to None, run_after=None
[2023-09-05T08:49:40.418+0000] {logging_mixin.py:150} INFO - [2023-09-05T08:49:40.418+0000] {dag.py:2742} INFO - Sync 2 DAGs
[2023-09-05T08:49:40.428+0000] {logging_mixin.py:150} INFO - [2023-09-05T08:49:40.427+0000] {dag.py:3508} INFO - Setting next_dagrun for example_subdag_operator.section-1 to None, run_after=None
[2023-09-05T08:49:40.428+0000] {logging_mixin.py:150} INFO - [2023-09-05T08:49:40.428+0000] {dag.py:3508} INFO - Setting next_dagrun for example_subdag_operator.section-2 to None, run_after=None
[2023-09-05T08:49:40.451+0000] {processor.py:179} INFO - Processing /home/airflow/.local/lib/python3.7/site-packages/airflow/example_dags/example_subdag_operator.py took 0.193 seconds
[2023-09-05T08:50:10.605+0000] {processor.py:157} INFO - Started process (PID=1203) to work on /home/airflow/.local/lib/python3.7/site-packages/airflow/example_dags/example_subdag_operator.py
[2023-09-05T08:50:10.607+0000] {processor.py:826} INFO - Processing file /home/airflow/.local/lib/python3.7/site-packages/airflow/example_dags/example_subdag_operator.py for tasks to queue
[2023-09-05T08:50:10.608+0000] {logging_mixin.py:150} INFO - [2023-09-05T08:50:10.608+0000] {dagbag.py:541} INFO - Filling up the DagBag from /home/airflow/.local/lib/python3.7/site-packages/airflow/example_dags/example_subdag_operator.py
[2023-09-05T08:50:10.646+0000] {processor.py:836} INFO - DAG(s) dict_keys(['example_subdag_operator.section-1', 'example_subdag_operator.section-2', 'example_subdag_operator']) retrieved from /home/airflow/.local/lib/python3.7/site-packages/airflow/example_dags/example_subdag_operator.py
[2023-09-05T08:50:10.681+0000] {logging_mixin.py:150} INFO - [2023-09-05T08:50:10.681+0000] {dag.py:2742} INFO - Sync 3 DAGs
[2023-09-05T08:50:10.727+0000] {logging_mixin.py:150} INFO - [2023-09-05T08:50:10.727+0000] {dag.py:3508} INFO - Setting next_dagrun for example_subdag_operator to 2022-01-01T00:00:00+00:00, run_after=2022-01-01T00:00:00+00:00
[2023-09-05T08:50:10.733+0000] {logging_mixin.py:150} INFO - [2023-09-05T08:50:10.733+0000] {dag.py:3508} INFO - Setting next_dagrun for example_subdag_operator.section-1 to None, run_after=None
[2023-09-05T08:50:10.735+0000] {logging_mixin.py:150} INFO - [2023-09-05T08:50:10.735+0000] {dag.py:3508} INFO - Setting next_dagrun for example_subdag_operator.section-2 to None, run_after=None
[2023-09-05T08:50:10.747+0000] {logging_mixin.py:150} INFO - [2023-09-05T08:50:10.747+0000] {dag.py:2742} INFO - Sync 2 DAGs
[2023-09-05T08:50:10.756+0000] {logging_mixin.py:150} INFO - [2023-09-05T08:50:10.756+0000] {dag.py:3508} INFO - Setting next_dagrun for example_subdag_operator.section-1 to None, run_after=None
[2023-09-05T08:50:10.757+0000] {logging_mixin.py:150} INFO - [2023-09-05T08:50:10.756+0000] {dag.py:3508} INFO - Setting next_dagrun for example_subdag_operator.section-2 to None, run_after=None
[2023-09-05T08:50:10.777+0000] {processor.py:179} INFO - Processing /home/airflow/.local/lib/python3.7/site-packages/airflow/example_dags/example_subdag_operator.py took 0.179 seconds
[2023-09-05T08:51:08.058+0000] {processor.py:157} INFO - Started process (PID=222) to work on /home/airflow/.local/lib/python3.7/site-packages/airflow/example_dags/example_subdag_operator.py
[2023-09-05T08:51:08.059+0000] {processor.py:826} INFO - Processing file /home/airflow/.local/lib/python3.7/site-packages/airflow/example_dags/example_subdag_operator.py for tasks to queue
[2023-09-05T08:51:08.060+0000] {logging_mixin.py:150} INFO - [2023-09-05T08:51:08.060+0000] {dagbag.py:541} INFO - Filling up the DagBag from /home/airflow/.local/lib/python3.7/site-packages/airflow/example_dags/example_subdag_operator.py
[2023-09-05T08:51:08.104+0000] {processor.py:836} INFO - DAG(s) dict_keys(['example_subdag_operator.section-1', 'example_subdag_operator.section-2', 'example_subdag_operator']) retrieved from /home/airflow/.local/lib/python3.7/site-packages/airflow/example_dags/example_subdag_operator.py
[2023-09-05T08:51:08.152+0000] {logging_mixin.py:150} INFO - [2023-09-05T08:51:08.152+0000] {dag.py:2742} INFO - Sync 3 DAGs
[2023-09-05T08:51:08.205+0000] {logging_mixin.py:150} INFO - [2023-09-05T08:51:08.204+0000] {dag.py:3508} INFO - Setting next_dagrun for example_subdag_operator to 2022-01-01T00:00:00+00:00, run_after=2022-01-01T00:00:00+00:00
[2023-09-05T08:51:08.210+0000] {logging_mixin.py:150} INFO - [2023-09-05T08:51:08.210+0000] {dag.py:3508} INFO - Setting next_dagrun for example_subdag_operator.section-1 to None, run_after=None
[2023-09-05T08:51:08.212+0000] {logging_mixin.py:150} INFO - [2023-09-05T08:51:08.212+0000] {dag.py:3508} INFO - Setting next_dagrun for example_subdag_operator.section-2 to None, run_after=None
[2023-09-05T08:51:08.222+0000] {logging_mixin.py:150} INFO - [2023-09-05T08:51:08.222+0000] {dag.py:2742} INFO - Sync 2 DAGs
[2023-09-05T08:51:08.231+0000] {logging_mixin.py:150} INFO - [2023-09-05T08:51:08.230+0000] {dag.py:3508} INFO - Setting next_dagrun for example_subdag_operator.section-1 to None, run_after=None
[2023-09-05T08:51:08.231+0000] {logging_mixin.py:150} INFO - [2023-09-05T08:51:08.231+0000] {dag.py:3508} INFO - Setting next_dagrun for example_subdag_operator.section-2 to None, run_after=None
[2023-09-05T08:51:08.247+0000] {processor.py:179} INFO - Processing /home/airflow/.local/lib/python3.7/site-packages/airflow/example_dags/example_subdag_operator.py took 0.195 seconds
[2023-09-05T08:51:38.547+0000] {processor.py:157} INFO - Started process (PID=467) to work on /home/airflow/.local/lib/python3.7/site-packages/airflow/example_dags/example_subdag_operator.py
[2023-09-05T08:51:38.548+0000] {processor.py:826} INFO - Processing file /home/airflow/.local/lib/python3.7/site-packages/airflow/example_dags/example_subdag_operator.py for tasks to queue
[2023-09-05T08:51:38.549+0000] {logging_mixin.py:150} INFO - [2023-09-05T08:51:38.549+0000] {dagbag.py:541} INFO - Filling up the DagBag from /home/airflow/.local/lib/python3.7/site-packages/airflow/example_dags/example_subdag_operator.py
[2023-09-05T08:51:38.589+0000] {processor.py:836} INFO - DAG(s) dict_keys(['example_subdag_operator.section-1', 'example_subdag_operator.section-2', 'example_subdag_operator']) retrieved from /home/airflow/.local/lib/python3.7/site-packages/airflow/example_dags/example_subdag_operator.py
[2023-09-05T08:51:38.626+0000] {logging_mixin.py:150} INFO - [2023-09-05T08:51:38.626+0000] {dag.py:2742} INFO - Sync 3 DAGs
[2023-09-05T08:51:38.678+0000] {logging_mixin.py:150} INFO - [2023-09-05T08:51:38.678+0000] {dag.py:3508} INFO - Setting next_dagrun for example_subdag_operator to 2022-01-01T00:00:00+00:00, run_after=2022-01-01T00:00:00+00:00
[2023-09-05T08:51:38.684+0000] {logging_mixin.py:150} INFO - [2023-09-05T08:51:38.684+0000] {dag.py:3508} INFO - Setting next_dagrun for example_subdag_operator.section-1 to None, run_after=None
[2023-09-05T08:51:38.686+0000] {logging_mixin.py:150} INFO - [2023-09-05T08:51:38.686+0000] {dag.py:3508} INFO - Setting next_dagrun for example_subdag_operator.section-2 to None, run_after=None
[2023-09-05T08:51:38.698+0000] {logging_mixin.py:150} INFO - [2023-09-05T08:51:38.698+0000] {dag.py:2742} INFO - Sync 2 DAGs
[2023-09-05T08:51:38.708+0000] {logging_mixin.py:150} INFO - [2023-09-05T08:51:38.708+0000] {dag.py:3508} INFO - Setting next_dagrun for example_subdag_operator.section-1 to None, run_after=None
[2023-09-05T08:51:38.709+0000] {logging_mixin.py:150} INFO - [2023-09-05T08:51:38.709+0000] {dag.py:3508} INFO - Setting next_dagrun for example_subdag_operator.section-2 to None, run_after=None
[2023-09-05T08:51:38.730+0000] {processor.py:179} INFO - Processing /home/airflow/.local/lib/python3.7/site-packages/airflow/example_dags/example_subdag_operator.py took 0.189 seconds
[2023-09-05T08:52:09.959+0000] {processor.py:157} INFO - Started process (PID=712) to work on /home/airflow/.local/lib/python3.7/site-packages/airflow/example_dags/example_subdag_operator.py
[2023-09-05T08:52:09.975+0000] {processor.py:826} INFO - Processing file /home/airflow/.local/lib/python3.7/site-packages/airflow/example_dags/example_subdag_operator.py for tasks to queue
[2023-09-05T08:52:09.976+0000] {logging_mixin.py:150} INFO - [2023-09-05T08:52:09.975+0000] {dagbag.py:541} INFO - Filling up the DagBag from /home/airflow/.local/lib/python3.7/site-packages/airflow/example_dags/example_subdag_operator.py
[2023-09-05T08:52:10.017+0000] {processor.py:836} INFO - DAG(s) dict_keys(['example_subdag_operator.section-1', 'example_subdag_operator.section-2', 'example_subdag_operator']) retrieved from /home/airflow/.local/lib/python3.7/site-packages/airflow/example_dags/example_subdag_operator.py
[2023-09-05T08:52:10.054+0000] {logging_mixin.py:150} INFO - [2023-09-05T08:52:10.054+0000] {dag.py:2742} INFO - Sync 3 DAGs
[2023-09-05T08:52:10.103+0000] {logging_mixin.py:150} INFO - [2023-09-05T08:52:10.103+0000] {dag.py:3508} INFO - Setting next_dagrun for example_subdag_operator to 2022-01-01T00:00:00+00:00, run_after=2022-01-01T00:00:00+00:00
[2023-09-05T08:52:10.109+0000] {logging_mixin.py:150} INFO - [2023-09-05T08:52:10.109+0000] {dag.py:3508} INFO - Setting next_dagrun for example_subdag_operator.section-1 to None, run_after=None
[2023-09-05T08:52:10.111+0000] {logging_mixin.py:150} INFO - [2023-09-05T08:52:10.111+0000] {dag.py:3508} INFO - Setting next_dagrun for example_subdag_operator.section-2 to None, run_after=None
[2023-09-05T08:52:10.281+0000] {logging_mixin.py:150} INFO - [2023-09-05T08:52:10.280+0000] {dag.py:2742} INFO - Sync 2 DAGs
[2023-09-05T08:52:10.291+0000] {logging_mixin.py:150} INFO - [2023-09-05T08:52:10.291+0000] {dag.py:3508} INFO - Setting next_dagrun for example_subdag_operator.section-1 to None, run_after=None
[2023-09-05T08:52:10.291+0000] {logging_mixin.py:150} INFO - [2023-09-05T08:52:10.291+0000] {dag.py:3508} INFO - Setting next_dagrun for example_subdag_operator.section-2 to None, run_after=None
[2023-09-05T08:52:10.310+0000] {processor.py:179} INFO - Processing /home/airflow/.local/lib/python3.7/site-packages/airflow/example_dags/example_subdag_operator.py took 0.357 seconds
[2023-09-05T08:52:40.625+0000] {processor.py:157} INFO - Started process (PID=957) to work on /home/airflow/.local/lib/python3.7/site-packages/airflow/example_dags/example_subdag_operator.py
[2023-09-05T08:52:40.626+0000] {processor.py:826} INFO - Processing file /home/airflow/.local/lib/python3.7/site-packages/airflow/example_dags/example_subdag_operator.py for tasks to queue
[2023-09-05T08:52:40.627+0000] {logging_mixin.py:150} INFO - [2023-09-05T08:52:40.627+0000] {dagbag.py:541} INFO - Filling up the DagBag from /home/airflow/.local/lib/python3.7/site-packages/airflow/example_dags/example_subdag_operator.py
[2023-09-05T08:52:40.667+0000] {processor.py:836} INFO - DAG(s) dict_keys(['example_subdag_operator.section-1', 'example_subdag_operator.section-2', 'example_subdag_operator']) retrieved from /home/airflow/.local/lib/python3.7/site-packages/airflow/example_dags/example_subdag_operator.py
[2023-09-05T08:52:40.830+0000] {logging_mixin.py:150} INFO - [2023-09-05T08:52:40.829+0000] {dag.py:2742} INFO - Sync 3 DAGs
[2023-09-05T08:52:40.868+0000] {logging_mixin.py:150} INFO - [2023-09-05T08:52:40.867+0000] {dag.py:3508} INFO - Setting next_dagrun for example_subdag_operator to 2022-01-01T00:00:00+00:00, run_after=2022-01-01T00:00:00+00:00
[2023-09-05T08:52:40.872+0000] {logging_mixin.py:150} INFO - [2023-09-05T08:52:40.872+0000] {dag.py:3508} INFO - Setting next_dagrun for example_subdag_operator.section-1 to None, run_after=None
[2023-09-05T08:52:40.873+0000] {logging_mixin.py:150} INFO - [2023-09-05T08:52:40.873+0000] {dag.py:3508} INFO - Setting next_dagrun for example_subdag_operator.section-2 to None, run_after=None
[2023-09-05T08:52:40.882+0000] {logging_mixin.py:150} INFO - [2023-09-05T08:52:40.882+0000] {dag.py:2742} INFO - Sync 2 DAGs
[2023-09-05T08:52:40.890+0000] {logging_mixin.py:150} INFO - [2023-09-05T08:52:40.890+0000] {dag.py:3508} INFO - Setting next_dagrun for example_subdag_operator.section-1 to None, run_after=None
[2023-09-05T08:52:40.890+0000] {logging_mixin.py:150} INFO - [2023-09-05T08:52:40.890+0000] {dag.py:3508} INFO - Setting next_dagrun for example_subdag_operator.section-2 to None, run_after=None
[2023-09-05T08:52:40.905+0000] {processor.py:179} INFO - Processing /home/airflow/.local/lib/python3.7/site-packages/airflow/example_dags/example_subdag_operator.py took 0.284 seconds
[2023-09-05T08:53:11.089+0000] {processor.py:157} INFO - Started process (PID=1213) to work on /home/airflow/.local/lib/python3.7/site-packages/airflow/example_dags/example_subdag_operator.py
[2023-09-05T08:53:11.091+0000] {processor.py:826} INFO - Processing file /home/airflow/.local/lib/python3.7/site-packages/airflow/example_dags/example_subdag_operator.py for tasks to queue
[2023-09-05T08:53:11.092+0000] {logging_mixin.py:150} INFO - [2023-09-05T08:53:11.092+0000] {dagbag.py:541} INFO - Filling up the DagBag from /home/airflow/.local/lib/python3.7/site-packages/airflow/example_dags/example_subdag_operator.py
[2023-09-05T08:53:11.147+0000] {processor.py:836} INFO - DAG(s) dict_keys(['example_subdag_operator.section-1', 'example_subdag_operator.section-2', 'example_subdag_operator']) retrieved from /home/airflow/.local/lib/python3.7/site-packages/airflow/example_dags/example_subdag_operator.py
[2023-09-05T08:53:11.186+0000] {logging_mixin.py:150} INFO - [2023-09-05T08:53:11.186+0000] {dag.py:2742} INFO - Sync 3 DAGs
[2023-09-05T08:53:11.238+0000] {logging_mixin.py:150} INFO - [2023-09-05T08:53:11.238+0000] {dag.py:3508} INFO - Setting next_dagrun for example_subdag_operator to 2022-01-01T00:00:00+00:00, run_after=2022-01-01T00:00:00+00:00
[2023-09-05T08:53:11.244+0000] {logging_mixin.py:150} INFO - [2023-09-05T08:53:11.244+0000] {dag.py:3508} INFO - Setting next_dagrun for example_subdag_operator.section-1 to None, run_after=None
[2023-09-05T08:53:11.246+0000] {logging_mixin.py:150} INFO - [2023-09-05T08:53:11.246+0000] {dag.py:3508} INFO - Setting next_dagrun for example_subdag_operator.section-2 to None, run_after=None
[2023-09-05T08:53:11.260+0000] {logging_mixin.py:150} INFO - [2023-09-05T08:53:11.259+0000] {dag.py:2742} INFO - Sync 2 DAGs
[2023-09-05T08:53:11.271+0000] {logging_mixin.py:150} INFO - [2023-09-05T08:53:11.270+0000] {dag.py:3508} INFO - Setting next_dagrun for example_subdag_operator.section-1 to None, run_after=None
[2023-09-05T08:53:11.271+0000] {logging_mixin.py:150} INFO - [2023-09-05T08:53:11.271+0000] {dag.py:3508} INFO - Setting next_dagrun for example_subdag_operator.section-2 to None, run_after=None
[2023-09-05T08:53:11.294+0000] {processor.py:179} INFO - Processing /home/airflow/.local/lib/python3.7/site-packages/airflow/example_dags/example_subdag_operator.py took 0.211 seconds
[2023-09-05T08:53:41.376+0000] {processor.py:157} INFO - Started process (PID=1458) to work on /home/airflow/.local/lib/python3.7/site-packages/airflow/example_dags/example_subdag_operator.py
[2023-09-05T08:53:41.377+0000] {processor.py:826} INFO - Processing file /home/airflow/.local/lib/python3.7/site-packages/airflow/example_dags/example_subdag_operator.py for tasks to queue
[2023-09-05T08:53:41.379+0000] {logging_mixin.py:150} INFO - [2023-09-05T08:53:41.379+0000] {dagbag.py:541} INFO - Filling up the DagBag from /home/airflow/.local/lib/python3.7/site-packages/airflow/example_dags/example_subdag_operator.py
[2023-09-05T08:53:41.442+0000] {processor.py:836} INFO - DAG(s) dict_keys(['example_subdag_operator.section-1', 'example_subdag_operator.section-2', 'example_subdag_operator']) retrieved from /home/airflow/.local/lib/python3.7/site-packages/airflow/example_dags/example_subdag_operator.py
[2023-09-05T08:53:41.480+0000] {logging_mixin.py:150} INFO - [2023-09-05T08:53:41.480+0000] {dag.py:2742} INFO - Sync 3 DAGs
[2023-09-05T08:53:41.532+0000] {logging_mixin.py:150} INFO - [2023-09-05T08:53:41.532+0000] {dag.py:3508} INFO - Setting next_dagrun for example_subdag_operator to 2022-01-01T00:00:00+00:00, run_after=2022-01-01T00:00:00+00:00
[2023-09-05T08:53:41.538+0000] {logging_mixin.py:150} INFO - [2023-09-05T08:53:41.538+0000] {dag.py:3508} INFO - Setting next_dagrun for example_subdag_operator.section-1 to None, run_after=None
[2023-09-05T08:53:41.540+0000] {logging_mixin.py:150} INFO - [2023-09-05T08:53:41.540+0000] {dag.py:3508} INFO - Setting next_dagrun for example_subdag_operator.section-2 to None, run_after=None
[2023-09-05T08:53:41.553+0000] {logging_mixin.py:150} INFO - [2023-09-05T08:53:41.553+0000] {dag.py:2742} INFO - Sync 2 DAGs
[2023-09-05T08:53:41.565+0000] {logging_mixin.py:150} INFO - [2023-09-05T08:53:41.565+0000] {dag.py:3508} INFO - Setting next_dagrun for example_subdag_operator.section-1 to None, run_after=None
[2023-09-05T08:53:41.565+0000] {logging_mixin.py:150} INFO - [2023-09-05T08:53:41.565+0000] {dag.py:3508} INFO - Setting next_dagrun for example_subdag_operator.section-2 to None, run_after=None
[2023-09-05T08:53:41.589+0000] {processor.py:179} INFO - Processing /home/airflow/.local/lib/python3.7/site-packages/airflow/example_dags/example_subdag_operator.py took 0.221 seconds
