[2023-09-05T08:48:08.900+0000] {processor.py:157} INFO - Started process (PID=228) to work on /home/airflow/.local/lib/python3.7/site-packages/airflow/example_dags/example_dynamic_task_mapping_with_no_taskflow_operators.py
[2023-09-05T08:48:08.901+0000] {processor.py:826} INFO - Processing file /home/airflow/.local/lib/python3.7/site-packages/airflow/example_dags/example_dynamic_task_mapping_with_no_taskflow_operators.py for tasks to queue
[2023-09-05T08:48:08.902+0000] {logging_mixin.py:150} INFO - [2023-09-05T08:48:08.902+0000] {dagbag.py:541} INFO - Filling up the DagBag from /home/airflow/.local/lib/python3.7/site-packages/airflow/example_dags/example_dynamic_task_mapping_with_no_taskflow_operators.py
[2023-09-05T08:48:08.913+0000] {processor.py:836} INFO - DAG(s) dict_keys(['example_dynamic_task_mapping_with_no_taskflow_operators']) retrieved from /home/airflow/.local/lib/python3.7/site-packages/airflow/example_dags/example_dynamic_task_mapping_with_no_taskflow_operators.py
[2023-09-05T08:48:09.114+0000] {logging_mixin.py:150} INFO - [2023-09-05T08:48:09.113+0000] {manager.py:504} INFO - Created Permission View: can delete on DAG:example_dynamic_task_mapping_with_no_taskflow_operators
[2023-09-05T08:48:09.135+0000] {logging_mixin.py:150} INFO - [2023-09-05T08:48:09.135+0000] {manager.py:504} INFO - Created Permission View: can read on DAG:example_dynamic_task_mapping_with_no_taskflow_operators
[2023-09-05T08:48:09.147+0000] {logging_mixin.py:150} INFO - [2023-09-05T08:48:09.147+0000] {manager.py:504} INFO - Created Permission View: can edit on DAG:example_dynamic_task_mapping_with_no_taskflow_operators
[2023-09-05T08:48:09.170+0000] {logging_mixin.py:150} INFO - [2023-09-05T08:48:09.170+0000] {dag.py:2742} INFO - Sync 1 DAGs
[2023-09-05T08:48:09.190+0000] {logging_mixin.py:150} INFO - [2023-09-05T08:48:09.190+0000] {dag.py:2763} INFO - Creating ORM DAG for example_dynamic_task_mapping_with_no_taskflow_operators
[2023-09-05T08:48:09.208+0000] {logging_mixin.py:150} INFO - [2023-09-05T08:48:09.208+0000] {dag.py:3508} INFO - Setting next_dagrun for example_dynamic_task_mapping_with_no_taskflow_operators to 2023-09-04T08:48:09.208113+00:00, run_after=2023-09-05T08:48:09.208113+00:00
[2023-09-05T08:48:09.232+0000] {processor.py:179} INFO - Processing /home/airflow/.local/lib/python3.7/site-packages/airflow/example_dags/example_dynamic_task_mapping_with_no_taskflow_operators.py took 0.336 seconds
[2023-09-05T08:48:39.483+0000] {processor.py:157} INFO - Started process (PID=473) to work on /home/airflow/.local/lib/python3.7/site-packages/airflow/example_dags/example_dynamic_task_mapping_with_no_taskflow_operators.py
[2023-09-05T08:48:39.485+0000] {processor.py:826} INFO - Processing file /home/airflow/.local/lib/python3.7/site-packages/airflow/example_dags/example_dynamic_task_mapping_with_no_taskflow_operators.py for tasks to queue
[2023-09-05T08:48:39.486+0000] {logging_mixin.py:150} INFO - [2023-09-05T08:48:39.486+0000] {dagbag.py:541} INFO - Filling up the DagBag from /home/airflow/.local/lib/python3.7/site-packages/airflow/example_dags/example_dynamic_task_mapping_with_no_taskflow_operators.py
[2023-09-05T08:48:39.497+0000] {processor.py:836} INFO - DAG(s) dict_keys(['example_dynamic_task_mapping_with_no_taskflow_operators']) retrieved from /home/airflow/.local/lib/python3.7/site-packages/airflow/example_dags/example_dynamic_task_mapping_with_no_taskflow_operators.py
[2023-09-05T08:48:39.532+0000] {logging_mixin.py:150} INFO - [2023-09-05T08:48:39.531+0000] {dag.py:2742} INFO - Sync 1 DAGs
[2023-09-05T08:48:39.578+0000] {logging_mixin.py:150} INFO - [2023-09-05T08:48:39.577+0000] {dag.py:3508} INFO - Setting next_dagrun for example_dynamic_task_mapping_with_no_taskflow_operators to 2023-09-04T08:48:39.577641+00:00, run_after=2023-09-05T08:48:39.577641+00:00
[2023-09-05T08:48:39.610+0000] {processor.py:179} INFO - Processing /home/airflow/.local/lib/python3.7/site-packages/airflow/example_dags/example_dynamic_task_mapping_with_no_taskflow_operators.py took 0.133 seconds
[2023-09-05T08:49:09.814+0000] {processor.py:157} INFO - Started process (PID=718) to work on /home/airflow/.local/lib/python3.7/site-packages/airflow/example_dags/example_dynamic_task_mapping_with_no_taskflow_operators.py
[2023-09-05T08:49:09.815+0000] {processor.py:826} INFO - Processing file /home/airflow/.local/lib/python3.7/site-packages/airflow/example_dags/example_dynamic_task_mapping_with_no_taskflow_operators.py for tasks to queue
[2023-09-05T08:49:09.816+0000] {logging_mixin.py:150} INFO - [2023-09-05T08:49:09.816+0000] {dagbag.py:541} INFO - Filling up the DagBag from /home/airflow/.local/lib/python3.7/site-packages/airflow/example_dags/example_dynamic_task_mapping_with_no_taskflow_operators.py
[2023-09-05T08:49:09.825+0000] {processor.py:836} INFO - DAG(s) dict_keys(['example_dynamic_task_mapping_with_no_taskflow_operators']) retrieved from /home/airflow/.local/lib/python3.7/site-packages/airflow/example_dags/example_dynamic_task_mapping_with_no_taskflow_operators.py
[2023-09-05T08:49:09.861+0000] {logging_mixin.py:150} INFO - [2023-09-05T08:49:09.861+0000] {dag.py:2742} INFO - Sync 1 DAGs
[2023-09-05T08:49:09.900+0000] {logging_mixin.py:150} INFO - [2023-09-05T08:49:09.900+0000] {dag.py:3508} INFO - Setting next_dagrun for example_dynamic_task_mapping_with_no_taskflow_operators to 2023-09-04T08:49:09.899990+00:00, run_after=2023-09-05T08:49:09.899990+00:00
[2023-09-05T08:49:09.929+0000] {processor.py:179} INFO - Processing /home/airflow/.local/lib/python3.7/site-packages/airflow/example_dags/example_dynamic_task_mapping_with_no_taskflow_operators.py took 0.119 seconds
[2023-09-05T08:49:40.353+0000] {processor.py:157} INFO - Started process (PID=963) to work on /home/airflow/.local/lib/python3.7/site-packages/airflow/example_dags/example_dynamic_task_mapping_with_no_taskflow_operators.py
[2023-09-05T08:49:40.355+0000] {processor.py:826} INFO - Processing file /home/airflow/.local/lib/python3.7/site-packages/airflow/example_dags/example_dynamic_task_mapping_with_no_taskflow_operators.py for tasks to queue
[2023-09-05T08:49:40.356+0000] {logging_mixin.py:150} INFO - [2023-09-05T08:49:40.356+0000] {dagbag.py:541} INFO - Filling up the DagBag from /home/airflow/.local/lib/python3.7/site-packages/airflow/example_dags/example_dynamic_task_mapping_with_no_taskflow_operators.py
[2023-09-05T08:49:40.368+0000] {processor.py:836} INFO - DAG(s) dict_keys(['example_dynamic_task_mapping_with_no_taskflow_operators']) retrieved from /home/airflow/.local/lib/python3.7/site-packages/airflow/example_dags/example_dynamic_task_mapping_with_no_taskflow_operators.py
[2023-09-05T08:49:40.412+0000] {logging_mixin.py:150} INFO - [2023-09-05T08:49:40.411+0000] {dag.py:2742} INFO - Sync 1 DAGs
[2023-09-05T08:49:40.457+0000] {logging_mixin.py:150} INFO - [2023-09-05T08:49:40.457+0000] {dag.py:3508} INFO - Setting next_dagrun for example_dynamic_task_mapping_with_no_taskflow_operators to 2023-09-04T08:49:40.456798+00:00, run_after=2023-09-05T08:49:40.456798+00:00
[2023-09-05T08:49:40.488+0000] {processor.py:179} INFO - Processing /home/airflow/.local/lib/python3.7/site-packages/airflow/example_dags/example_dynamic_task_mapping_with_no_taskflow_operators.py took 0.141 seconds
[2023-09-05T08:50:10.747+0000] {processor.py:157} INFO - Started process (PID=1208) to work on /home/airflow/.local/lib/python3.7/site-packages/airflow/example_dags/example_dynamic_task_mapping_with_no_taskflow_operators.py
[2023-09-05T08:50:10.748+0000] {processor.py:826} INFO - Processing file /home/airflow/.local/lib/python3.7/site-packages/airflow/example_dags/example_dynamic_task_mapping_with_no_taskflow_operators.py for tasks to queue
[2023-09-05T08:50:10.750+0000] {logging_mixin.py:150} INFO - [2023-09-05T08:50:10.749+0000] {dagbag.py:541} INFO - Filling up the DagBag from /home/airflow/.local/lib/python3.7/site-packages/airflow/example_dags/example_dynamic_task_mapping_with_no_taskflow_operators.py
[2023-09-05T08:50:10.761+0000] {processor.py:836} INFO - DAG(s) dict_keys(['example_dynamic_task_mapping_with_no_taskflow_operators']) retrieved from /home/airflow/.local/lib/python3.7/site-packages/airflow/example_dags/example_dynamic_task_mapping_with_no_taskflow_operators.py
[2023-09-05T08:50:10.797+0000] {logging_mixin.py:150} INFO - [2023-09-05T08:50:10.796+0000] {dag.py:2742} INFO - Sync 1 DAGs
[2023-09-05T08:50:10.845+0000] {logging_mixin.py:150} INFO - [2023-09-05T08:50:10.844+0000] {dag.py:3508} INFO - Setting next_dagrun for example_dynamic_task_mapping_with_no_taskflow_operators to 2023-09-04T08:50:10.844497+00:00, run_after=2023-09-05T08:50:10.844497+00:00
[2023-09-05T08:50:10.878+0000] {processor.py:179} INFO - Processing /home/airflow/.local/lib/python3.7/site-packages/airflow/example_dags/example_dynamic_task_mapping_with_no_taskflow_operators.py took 0.140 seconds
[2023-09-05T08:51:08.192+0000] {processor.py:157} INFO - Started process (PID=227) to work on /home/airflow/.local/lib/python3.7/site-packages/airflow/example_dags/example_dynamic_task_mapping_with_no_taskflow_operators.py
[2023-09-05T08:51:08.194+0000] {processor.py:826} INFO - Processing file /home/airflow/.local/lib/python3.7/site-packages/airflow/example_dags/example_dynamic_task_mapping_with_no_taskflow_operators.py for tasks to queue
[2023-09-05T08:51:08.194+0000] {logging_mixin.py:150} INFO - [2023-09-05T08:51:08.194+0000] {dagbag.py:541} INFO - Filling up the DagBag from /home/airflow/.local/lib/python3.7/site-packages/airflow/example_dags/example_dynamic_task_mapping_with_no_taskflow_operators.py
[2023-09-05T08:51:08.204+0000] {processor.py:836} INFO - DAG(s) dict_keys(['example_dynamic_task_mapping_with_no_taskflow_operators']) retrieved from /home/airflow/.local/lib/python3.7/site-packages/airflow/example_dags/example_dynamic_task_mapping_with_no_taskflow_operators.py
[2023-09-05T08:51:08.239+0000] {logging_mixin.py:150} INFO - [2023-09-05T08:51:08.239+0000] {dag.py:2742} INFO - Sync 1 DAGs
[2023-09-05T08:51:08.279+0000] {logging_mixin.py:150} INFO - [2023-09-05T08:51:08.279+0000] {dag.py:3508} INFO - Setting next_dagrun for example_dynamic_task_mapping_with_no_taskflow_operators to 2023-09-04T08:51:08.278974+00:00, run_after=2023-09-05T08:51:08.278974+00:00
[2023-09-05T08:51:08.305+0000] {processor.py:179} INFO - Processing /home/airflow/.local/lib/python3.7/site-packages/airflow/example_dags/example_dynamic_task_mapping_with_no_taskflow_operators.py took 0.117 seconds
[2023-09-05T08:51:38.758+0000] {processor.py:157} INFO - Started process (PID=474) to work on /home/airflow/.local/lib/python3.7/site-packages/airflow/example_dags/example_dynamic_task_mapping_with_no_taskflow_operators.py
[2023-09-05T08:51:38.759+0000] {processor.py:826} INFO - Processing file /home/airflow/.local/lib/python3.7/site-packages/airflow/example_dags/example_dynamic_task_mapping_with_no_taskflow_operators.py for tasks to queue
[2023-09-05T08:51:38.760+0000] {logging_mixin.py:150} INFO - [2023-09-05T08:51:38.760+0000] {dagbag.py:541} INFO - Filling up the DagBag from /home/airflow/.local/lib/python3.7/site-packages/airflow/example_dags/example_dynamic_task_mapping_with_no_taskflow_operators.py
[2023-09-05T08:51:38.771+0000] {processor.py:836} INFO - DAG(s) dict_keys(['example_dynamic_task_mapping_with_no_taskflow_operators']) retrieved from /home/airflow/.local/lib/python3.7/site-packages/airflow/example_dags/example_dynamic_task_mapping_with_no_taskflow_operators.py
[2023-09-05T08:51:38.808+0000] {logging_mixin.py:150} INFO - [2023-09-05T08:51:38.808+0000] {dag.py:2742} INFO - Sync 1 DAGs
[2023-09-05T08:51:38.858+0000] {logging_mixin.py:150} INFO - [2023-09-05T08:51:38.858+0000] {dag.py:3508} INFO - Setting next_dagrun for example_dynamic_task_mapping_with_no_taskflow_operators to 2023-09-04T08:51:38.857884+00:00, run_after=2023-09-05T08:51:38.857884+00:00
[2023-09-05T08:51:38.887+0000] {processor.py:179} INFO - Processing /home/airflow/.local/lib/python3.7/site-packages/airflow/example_dags/example_dynamic_task_mapping_with_no_taskflow_operators.py took 0.135 seconds
[2023-09-05T08:52:10.344+0000] {processor.py:157} INFO - Started process (PID=719) to work on /home/airflow/.local/lib/python3.7/site-packages/airflow/example_dags/example_dynamic_task_mapping_with_no_taskflow_operators.py
[2023-09-05T08:52:10.345+0000] {processor.py:826} INFO - Processing file /home/airflow/.local/lib/python3.7/site-packages/airflow/example_dags/example_dynamic_task_mapping_with_no_taskflow_operators.py for tasks to queue
[2023-09-05T08:52:10.346+0000] {logging_mixin.py:150} INFO - [2023-09-05T08:52:10.346+0000] {dagbag.py:541} INFO - Filling up the DagBag from /home/airflow/.local/lib/python3.7/site-packages/airflow/example_dags/example_dynamic_task_mapping_with_no_taskflow_operators.py
[2023-09-05T08:52:10.355+0000] {processor.py:836} INFO - DAG(s) dict_keys(['example_dynamic_task_mapping_with_no_taskflow_operators']) retrieved from /home/airflow/.local/lib/python3.7/site-packages/airflow/example_dags/example_dynamic_task_mapping_with_no_taskflow_operators.py
[2023-09-05T08:52:10.384+0000] {logging_mixin.py:150} INFO - [2023-09-05T08:52:10.384+0000] {dag.py:2742} INFO - Sync 1 DAGs
[2023-09-05T08:52:10.423+0000] {logging_mixin.py:150} INFO - [2023-09-05T08:52:10.423+0000] {dag.py:3508} INFO - Setting next_dagrun for example_dynamic_task_mapping_with_no_taskflow_operators to 2023-09-04T08:52:10.423201+00:00, run_after=2023-09-05T08:52:10.423201+00:00
[2023-09-05T08:52:10.581+0000] {processor.py:179} INFO - Processing /home/airflow/.local/lib/python3.7/site-packages/airflow/example_dags/example_dynamic_task_mapping_with_no_taskflow_operators.py took 0.242 seconds
[2023-09-05T08:52:40.845+0000] {processor.py:157} INFO - Started process (PID=962) to work on /home/airflow/.local/lib/python3.7/site-packages/airflow/example_dags/example_dynamic_task_mapping_with_no_taskflow_operators.py
[2023-09-05T08:52:40.846+0000] {processor.py:826} INFO - Processing file /home/airflow/.local/lib/python3.7/site-packages/airflow/example_dags/example_dynamic_task_mapping_with_no_taskflow_operators.py for tasks to queue
[2023-09-05T08:52:40.847+0000] {logging_mixin.py:150} INFO - [2023-09-05T08:52:40.847+0000] {dagbag.py:541} INFO - Filling up the DagBag from /home/airflow/.local/lib/python3.7/site-packages/airflow/example_dags/example_dynamic_task_mapping_with_no_taskflow_operators.py
[2023-09-05T08:52:40.986+0000] {processor.py:836} INFO - DAG(s) dict_keys(['example_dynamic_task_mapping_with_no_taskflow_operators']) retrieved from /home/airflow/.local/lib/python3.7/site-packages/airflow/example_dags/example_dynamic_task_mapping_with_no_taskflow_operators.py
[2023-09-05T08:52:41.027+0000] {logging_mixin.py:150} INFO - [2023-09-05T08:52:41.026+0000] {dag.py:2742} INFO - Sync 1 DAGs
[2023-09-05T08:52:41.066+0000] {logging_mixin.py:150} INFO - [2023-09-05T08:52:41.066+0000] {dag.py:3508} INFO - Setting next_dagrun for example_dynamic_task_mapping_with_no_taskflow_operators to 2023-09-04T08:52:41.065764+00:00, run_after=2023-09-05T08:52:41.065764+00:00
[2023-09-05T08:52:41.093+0000] {processor.py:179} INFO - Processing /home/airflow/.local/lib/python3.7/site-packages/airflow/example_dags/example_dynamic_task_mapping_with_no_taskflow_operators.py took 0.253 seconds
[2023-09-05T08:53:11.257+0000] {processor.py:157} INFO - Started process (PID=1218) to work on /home/airflow/.local/lib/python3.7/site-packages/airflow/example_dags/example_dynamic_task_mapping_with_no_taskflow_operators.py
[2023-09-05T08:53:11.259+0000] {processor.py:826} INFO - Processing file /home/airflow/.local/lib/python3.7/site-packages/airflow/example_dags/example_dynamic_task_mapping_with_no_taskflow_operators.py for tasks to queue
[2023-09-05T08:53:11.260+0000] {logging_mixin.py:150} INFO - [2023-09-05T08:53:11.260+0000] {dagbag.py:541} INFO - Filling up the DagBag from /home/airflow/.local/lib/python3.7/site-packages/airflow/example_dags/example_dynamic_task_mapping_with_no_taskflow_operators.py
[2023-09-05T08:53:11.274+0000] {processor.py:836} INFO - DAG(s) dict_keys(['example_dynamic_task_mapping_with_no_taskflow_operators']) retrieved from /home/airflow/.local/lib/python3.7/site-packages/airflow/example_dags/example_dynamic_task_mapping_with_no_taskflow_operators.py
[2023-09-05T08:53:11.316+0000] {logging_mixin.py:150} INFO - [2023-09-05T08:53:11.316+0000] {dag.py:2742} INFO - Sync 1 DAGs
[2023-09-05T08:53:11.363+0000] {logging_mixin.py:150} INFO - [2023-09-05T08:53:11.363+0000] {dag.py:3508} INFO - Setting next_dagrun for example_dynamic_task_mapping_with_no_taskflow_operators to 2023-09-04T08:53:11.362928+00:00, run_after=2023-09-05T08:53:11.362928+00:00
[2023-09-05T08:53:11.396+0000] {processor.py:179} INFO - Processing /home/airflow/.local/lib/python3.7/site-packages/airflow/example_dags/example_dynamic_task_mapping_with_no_taskflow_operators.py took 0.146 seconds
[2023-09-05T08:53:41.523+0000] {processor.py:157} INFO - Started process (PID=1463) to work on /home/airflow/.local/lib/python3.7/site-packages/airflow/example_dags/example_dynamic_task_mapping_with_no_taskflow_operators.py
[2023-09-05T08:53:41.525+0000] {processor.py:826} INFO - Processing file /home/airflow/.local/lib/python3.7/site-packages/airflow/example_dags/example_dynamic_task_mapping_with_no_taskflow_operators.py for tasks to queue
[2023-09-05T08:53:41.526+0000] {logging_mixin.py:150} INFO - [2023-09-05T08:53:41.525+0000] {dagbag.py:541} INFO - Filling up the DagBag from /home/airflow/.local/lib/python3.7/site-packages/airflow/example_dags/example_dynamic_task_mapping_with_no_taskflow_operators.py
[2023-09-05T08:53:41.538+0000] {processor.py:836} INFO - DAG(s) dict_keys(['example_dynamic_task_mapping_with_no_taskflow_operators']) retrieved from /home/airflow/.local/lib/python3.7/site-packages/airflow/example_dags/example_dynamic_task_mapping_with_no_taskflow_operators.py
[2023-09-05T08:53:41.594+0000] {logging_mixin.py:150} INFO - [2023-09-05T08:53:41.594+0000] {dag.py:2742} INFO - Sync 1 DAGs
[2023-09-05T08:53:41.645+0000] {logging_mixin.py:150} INFO - [2023-09-05T08:53:41.645+0000] {dag.py:3508} INFO - Setting next_dagrun for example_dynamic_task_mapping_with_no_taskflow_operators to 2023-09-04T08:53:41.644649+00:00, run_after=2023-09-05T08:53:41.644649+00:00
[2023-09-05T08:53:41.678+0000] {processor.py:179} INFO - Processing /home/airflow/.local/lib/python3.7/site-packages/airflow/example_dags/example_dynamic_task_mapping_with_no_taskflow_operators.py took 0.161 seconds
