[2023-09-05T08:48:05.952+0000] {processor.py:157} INFO - Started process (PID=167) to work on /home/airflow/.local/lib/python3.7/site-packages/airflow/example_dags/example_sensors.py
[2023-09-05T08:48:05.953+0000] {processor.py:826} INFO - Processing file /home/airflow/.local/lib/python3.7/site-packages/airflow/example_dags/example_sensors.py for tasks to queue
[2023-09-05T08:48:05.955+0000] {logging_mixin.py:150} INFO - [2023-09-05T08:48:05.954+0000] {dagbag.py:541} INFO - Filling up the DagBag from /home/airflow/.local/lib/python3.7/site-packages/airflow/example_dags/example_sensors.py
[2023-09-05T08:48:06.171+0000] {processor.py:836} INFO - DAG(s) dict_keys(['example_sensors']) retrieved from /home/airflow/.local/lib/python3.7/site-packages/airflow/example_dags/example_sensors.py
[2023-09-05T08:48:06.415+0000] {logging_mixin.py:150} INFO - [2023-09-05T08:48:06.414+0000] {manager.py:504} INFO - Created Permission View: can delete on DAG:example_sensors
[2023-09-05T08:48:06.436+0000] {logging_mixin.py:150} INFO - [2023-09-05T08:48:06.435+0000] {manager.py:504} INFO - Created Permission View: can read on DAG:example_sensors
[2023-09-05T08:48:06.454+0000] {logging_mixin.py:150} INFO - [2023-09-05T08:48:06.453+0000] {manager.py:504} INFO - Created Permission View: can edit on DAG:example_sensors
[2023-09-05T08:48:06.476+0000] {logging_mixin.py:150} INFO - [2023-09-05T08:48:06.476+0000] {dag.py:2742} INFO - Sync 1 DAGs
[2023-09-05T08:48:06.497+0000] {logging_mixin.py:150} INFO - [2023-09-05T08:48:06.496+0000] {dag.py:2763} INFO - Creating ORM DAG for example_sensors
[2023-09-05T08:48:06.513+0000] {logging_mixin.py:150} INFO - [2023-09-05T08:48:06.513+0000] {dag.py:3508} INFO - Setting next_dagrun for example_sensors to None, run_after=None
[2023-09-05T08:48:06.542+0000] {processor.py:179} INFO - Processing /home/airflow/.local/lib/python3.7/site-packages/airflow/example_dags/example_sensors.py took 0.597 seconds
[2023-09-05T08:48:36.943+0000] {processor.py:157} INFO - Started process (PID=413) to work on /home/airflow/.local/lib/python3.7/site-packages/airflow/example_dags/example_sensors.py
[2023-09-05T08:48:36.944+0000] {processor.py:826} INFO - Processing file /home/airflow/.local/lib/python3.7/site-packages/airflow/example_dags/example_sensors.py for tasks to queue
[2023-09-05T08:48:36.945+0000] {logging_mixin.py:150} INFO - [2023-09-05T08:48:36.945+0000] {dagbag.py:541} INFO - Filling up the DagBag from /home/airflow/.local/lib/python3.7/site-packages/airflow/example_dags/example_sensors.py
[2023-09-05T08:48:36.959+0000] {processor.py:836} INFO - DAG(s) dict_keys(['example_sensors']) retrieved from /home/airflow/.local/lib/python3.7/site-packages/airflow/example_dags/example_sensors.py
[2023-09-05T08:48:37.001+0000] {logging_mixin.py:150} INFO - [2023-09-05T08:48:37.001+0000] {dag.py:2742} INFO - Sync 1 DAGs
[2023-09-05T08:48:37.040+0000] {logging_mixin.py:150} INFO - [2023-09-05T08:48:37.040+0000] {dag.py:3508} INFO - Setting next_dagrun for example_sensors to None, run_after=None
[2023-09-05T08:48:37.078+0000] {processor.py:179} INFO - Processing /home/airflow/.local/lib/python3.7/site-packages/airflow/example_dags/example_sensors.py took 0.140 seconds
[2023-09-05T08:49:07.470+0000] {processor.py:157} INFO - Started process (PID=658) to work on /home/airflow/.local/lib/python3.7/site-packages/airflow/example_dags/example_sensors.py
[2023-09-05T08:49:07.472+0000] {processor.py:826} INFO - Processing file /home/airflow/.local/lib/python3.7/site-packages/airflow/example_dags/example_sensors.py for tasks to queue
[2023-09-05T08:49:07.473+0000] {logging_mixin.py:150} INFO - [2023-09-05T08:49:07.473+0000] {dagbag.py:541} INFO - Filling up the DagBag from /home/airflow/.local/lib/python3.7/site-packages/airflow/example_dags/example_sensors.py
[2023-09-05T08:49:07.494+0000] {processor.py:836} INFO - DAG(s) dict_keys(['example_sensors']) retrieved from /home/airflow/.local/lib/python3.7/site-packages/airflow/example_dags/example_sensors.py
[2023-09-05T08:49:07.549+0000] {logging_mixin.py:150} INFO - [2023-09-05T08:49:07.549+0000] {dag.py:2742} INFO - Sync 1 DAGs
[2023-09-05T08:49:07.592+0000] {logging_mixin.py:150} INFO - [2023-09-05T08:49:07.592+0000] {dag.py:3508} INFO - Setting next_dagrun for example_sensors to None, run_after=None
[2023-09-05T08:49:07.636+0000] {processor.py:179} INFO - Processing /home/airflow/.local/lib/python3.7/site-packages/airflow/example_dags/example_sensors.py took 0.173 seconds
[2023-09-05T08:49:37.886+0000] {processor.py:157} INFO - Started process (PID=903) to work on /home/airflow/.local/lib/python3.7/site-packages/airflow/example_dags/example_sensors.py
[2023-09-05T08:49:37.906+0000] {processor.py:826} INFO - Processing file /home/airflow/.local/lib/python3.7/site-packages/airflow/example_dags/example_sensors.py for tasks to queue
[2023-09-05T08:49:37.908+0000] {logging_mixin.py:150} INFO - [2023-09-05T08:49:37.907+0000] {dagbag.py:541} INFO - Filling up the DagBag from /home/airflow/.local/lib/python3.7/site-packages/airflow/example_dags/example_sensors.py
[2023-09-05T08:49:37.936+0000] {processor.py:836} INFO - DAG(s) dict_keys(['example_sensors']) retrieved from /home/airflow/.local/lib/python3.7/site-packages/airflow/example_dags/example_sensors.py
[2023-09-05T08:49:37.994+0000] {logging_mixin.py:150} INFO - [2023-09-05T08:49:37.994+0000] {dag.py:2742} INFO - Sync 1 DAGs
[2023-09-05T08:49:38.042+0000] {logging_mixin.py:150} INFO - [2023-09-05T08:49:38.041+0000] {dag.py:3508} INFO - Setting next_dagrun for example_sensors to None, run_after=None
[2023-09-05T08:49:38.076+0000] {processor.py:179} INFO - Processing /home/airflow/.local/lib/python3.7/site-packages/airflow/example_dags/example_sensors.py took 0.197 seconds
[2023-09-05T08:50:08.457+0000] {processor.py:157} INFO - Started process (PID=1148) to work on /home/airflow/.local/lib/python3.7/site-packages/airflow/example_dags/example_sensors.py
[2023-09-05T08:50:08.473+0000] {processor.py:826} INFO - Processing file /home/airflow/.local/lib/python3.7/site-packages/airflow/example_dags/example_sensors.py for tasks to queue
[2023-09-05T08:50:08.474+0000] {logging_mixin.py:150} INFO - [2023-09-05T08:50:08.474+0000] {dagbag.py:541} INFO - Filling up the DagBag from /home/airflow/.local/lib/python3.7/site-packages/airflow/example_dags/example_sensors.py
[2023-09-05T08:50:08.491+0000] {processor.py:836} INFO - DAG(s) dict_keys(['example_sensors']) retrieved from /home/airflow/.local/lib/python3.7/site-packages/airflow/example_dags/example_sensors.py
[2023-09-05T08:50:08.552+0000] {logging_mixin.py:150} INFO - [2023-09-05T08:50:08.551+0000] {dag.py:2742} INFO - Sync 1 DAGs
[2023-09-05T08:50:08.599+0000] {logging_mixin.py:150} INFO - [2023-09-05T08:50:08.598+0000] {dag.py:3508} INFO - Setting next_dagrun for example_sensors to None, run_after=None
[2023-09-05T08:50:08.629+0000] {processor.py:179} INFO - Processing /home/airflow/.local/lib/python3.7/site-packages/airflow/example_dags/example_sensors.py took 0.178 seconds
[2023-09-05T08:51:06.841+0000] {processor.py:157} INFO - Started process (PID=167) to work on /home/airflow/.local/lib/python3.7/site-packages/airflow/example_dags/example_sensors.py
[2023-09-05T08:51:06.843+0000] {processor.py:826} INFO - Processing file /home/airflow/.local/lib/python3.7/site-packages/airflow/example_dags/example_sensors.py for tasks to queue
[2023-09-05T08:51:06.844+0000] {logging_mixin.py:150} INFO - [2023-09-05T08:51:06.843+0000] {dagbag.py:541} INFO - Filling up the DagBag from /home/airflow/.local/lib/python3.7/site-packages/airflow/example_dags/example_sensors.py
[2023-09-05T08:51:06.861+0000] {processor.py:836} INFO - DAG(s) dict_keys(['example_sensors']) retrieved from /home/airflow/.local/lib/python3.7/site-packages/airflow/example_dags/example_sensors.py
[2023-09-05T08:51:06.938+0000] {logging_mixin.py:150} INFO - [2023-09-05T08:51:06.938+0000] {dag.py:2742} INFO - Sync 1 DAGs
[2023-09-05T08:51:06.986+0000] {logging_mixin.py:150} INFO - [2023-09-05T08:51:06.986+0000] {dag.py:3508} INFO - Setting next_dagrun for example_sensors to None, run_after=None
[2023-09-05T08:51:07.019+0000] {processor.py:179} INFO - Processing /home/airflow/.local/lib/python3.7/site-packages/airflow/example_dags/example_sensors.py took 0.182 seconds
[2023-09-05T08:51:37.240+0000] {processor.py:157} INFO - Started process (PID=412) to work on /home/airflow/.local/lib/python3.7/site-packages/airflow/example_dags/example_sensors.py
[2023-09-05T08:51:37.241+0000] {processor.py:826} INFO - Processing file /home/airflow/.local/lib/python3.7/site-packages/airflow/example_dags/example_sensors.py for tasks to queue
[2023-09-05T08:51:37.242+0000] {logging_mixin.py:150} INFO - [2023-09-05T08:51:37.242+0000] {dagbag.py:541} INFO - Filling up the DagBag from /home/airflow/.local/lib/python3.7/site-packages/airflow/example_dags/example_sensors.py
[2023-09-05T08:51:37.260+0000] {processor.py:836} INFO - DAG(s) dict_keys(['example_sensors']) retrieved from /home/airflow/.local/lib/python3.7/site-packages/airflow/example_dags/example_sensors.py
[2023-09-05T08:51:37.311+0000] {logging_mixin.py:150} INFO - [2023-09-05T08:51:37.310+0000] {dag.py:2742} INFO - Sync 1 DAGs
[2023-09-05T08:51:37.361+0000] {logging_mixin.py:150} INFO - [2023-09-05T08:51:37.361+0000] {dag.py:3508} INFO - Setting next_dagrun for example_sensors to None, run_after=None
[2023-09-05T08:51:37.397+0000] {processor.py:179} INFO - Processing /home/airflow/.local/lib/python3.7/site-packages/airflow/example_dags/example_sensors.py took 0.163 seconds
[2023-09-05T08:52:07.543+0000] {processor.py:157} INFO - Started process (PID=657) to work on /home/airflow/.local/lib/python3.7/site-packages/airflow/example_dags/example_sensors.py
[2023-09-05T08:52:07.559+0000] {processor.py:826} INFO - Processing file /home/airflow/.local/lib/python3.7/site-packages/airflow/example_dags/example_sensors.py for tasks to queue
[2023-09-05T08:52:07.560+0000] {logging_mixin.py:150} INFO - [2023-09-05T08:52:07.560+0000] {dagbag.py:541} INFO - Filling up the DagBag from /home/airflow/.local/lib/python3.7/site-packages/airflow/example_dags/example_sensors.py
[2023-09-05T08:52:07.576+0000] {processor.py:836} INFO - DAG(s) dict_keys(['example_sensors']) retrieved from /home/airflow/.local/lib/python3.7/site-packages/airflow/example_dags/example_sensors.py
[2023-09-05T08:52:07.621+0000] {logging_mixin.py:150} INFO - [2023-09-05T08:52:07.621+0000] {dag.py:2742} INFO - Sync 1 DAGs
[2023-09-05T08:52:07.663+0000] {logging_mixin.py:150} INFO - [2023-09-05T08:52:07.663+0000] {dag.py:3508} INFO - Setting next_dagrun for example_sensors to None, run_after=None
[2023-09-05T08:52:07.843+0000] {processor.py:179} INFO - Processing /home/airflow/.local/lib/python3.7/site-packages/airflow/example_dags/example_sensors.py took 0.305 seconds
[2023-09-05T08:52:38.402+0000] {processor.py:157} INFO - Started process (PID=902) to work on /home/airflow/.local/lib/python3.7/site-packages/airflow/example_dags/example_sensors.py
[2023-09-05T08:52:38.403+0000] {processor.py:826} INFO - Processing file /home/airflow/.local/lib/python3.7/site-packages/airflow/example_dags/example_sensors.py for tasks to queue
[2023-09-05T08:52:38.404+0000] {logging_mixin.py:150} INFO - [2023-09-05T08:52:38.404+0000] {dagbag.py:541} INFO - Filling up the DagBag from /home/airflow/.local/lib/python3.7/site-packages/airflow/example_dags/example_sensors.py
[2023-09-05T08:52:38.422+0000] {processor.py:836} INFO - DAG(s) dict_keys(['example_sensors']) retrieved from /home/airflow/.local/lib/python3.7/site-packages/airflow/example_dags/example_sensors.py
[2023-09-05T08:52:38.640+0000] {logging_mixin.py:150} INFO - [2023-09-05T08:52:38.640+0000] {dag.py:2742} INFO - Sync 1 DAGs
[2023-09-05T08:52:38.678+0000] {logging_mixin.py:150} INFO - [2023-09-05T08:52:38.677+0000] {dag.py:3508} INFO - Setting next_dagrun for example_sensors to None, run_after=None
[2023-09-05T08:52:38.731+0000] {processor.py:179} INFO - Processing /home/airflow/.local/lib/python3.7/site-packages/airflow/example_dags/example_sensors.py took 0.335 seconds
[2023-09-05T08:53:08.997+0000] {processor.py:157} INFO - Started process (PID=1158) to work on /home/airflow/.local/lib/python3.7/site-packages/airflow/example_dags/example_sensors.py
[2023-09-05T08:53:09.009+0000] {processor.py:826} INFO - Processing file /home/airflow/.local/lib/python3.7/site-packages/airflow/example_dags/example_sensors.py for tasks to queue
[2023-09-05T08:53:09.011+0000] {logging_mixin.py:150} INFO - [2023-09-05T08:53:09.010+0000] {dagbag.py:541} INFO - Filling up the DagBag from /home/airflow/.local/lib/python3.7/site-packages/airflow/example_dags/example_sensors.py
[2023-09-05T08:53:09.031+0000] {processor.py:836} INFO - DAG(s) dict_keys(['example_sensors']) retrieved from /home/airflow/.local/lib/python3.7/site-packages/airflow/example_dags/example_sensors.py
[2023-09-05T08:53:09.082+0000] {logging_mixin.py:150} INFO - [2023-09-05T08:53:09.082+0000] {dag.py:2742} INFO - Sync 1 DAGs
[2023-09-05T08:53:09.132+0000] {logging_mixin.py:150} INFO - [2023-09-05T08:53:09.132+0000] {dag.py:3508} INFO - Setting next_dagrun for example_sensors to None, run_after=None
[2023-09-05T08:53:09.167+0000] {processor.py:179} INFO - Processing /home/airflow/.local/lib/python3.7/site-packages/airflow/example_dags/example_sensors.py took 0.181 seconds
[2023-09-05T08:53:39.264+0000] {processor.py:157} INFO - Started process (PID=1403) to work on /home/airflow/.local/lib/python3.7/site-packages/airflow/example_dags/example_sensors.py
[2023-09-05T08:53:39.265+0000] {processor.py:826} INFO - Processing file /home/airflow/.local/lib/python3.7/site-packages/airflow/example_dags/example_sensors.py for tasks to queue
[2023-09-05T08:53:39.267+0000] {logging_mixin.py:150} INFO - [2023-09-05T08:53:39.266+0000] {dagbag.py:541} INFO - Filling up the DagBag from /home/airflow/.local/lib/python3.7/site-packages/airflow/example_dags/example_sensors.py
[2023-09-05T08:53:39.286+0000] {processor.py:836} INFO - DAG(s) dict_keys(['example_sensors']) retrieved from /home/airflow/.local/lib/python3.7/site-packages/airflow/example_dags/example_sensors.py
[2023-09-05T08:53:39.345+0000] {logging_mixin.py:150} INFO - [2023-09-05T08:53:39.344+0000] {dag.py:2742} INFO - Sync 1 DAGs
[2023-09-05T08:53:39.395+0000] {logging_mixin.py:150} INFO - [2023-09-05T08:53:39.395+0000] {dag.py:3508} INFO - Setting next_dagrun for example_sensors to None, run_after=None
[2023-09-05T08:53:39.430+0000] {processor.py:179} INFO - Processing /home/airflow/.local/lib/python3.7/site-packages/airflow/example_dags/example_sensors.py took 0.172 seconds
