[2023-09-05T08:48:12.718+0000] {processor.py:157} INFO - Started process (PID=318) to work on /home/airflow/.local/lib/python3.7/site-packages/airflow/example_dags/example_xcom.py
[2023-09-05T08:48:12.719+0000] {processor.py:826} INFO - Processing file /home/airflow/.local/lib/python3.7/site-packages/airflow/example_dags/example_xcom.py for tasks to queue
[2023-09-05T08:48:12.720+0000] {logging_mixin.py:150} INFO - [2023-09-05T08:48:12.720+0000] {dagbag.py:541} INFO - Filling up the DagBag from /home/airflow/.local/lib/python3.7/site-packages/airflow/example_dags/example_xcom.py
[2023-09-05T08:48:12.736+0000] {processor.py:836} INFO - DAG(s) dict_keys(['example_xcom']) retrieved from /home/airflow/.local/lib/python3.7/site-packages/airflow/example_dags/example_xcom.py
[2023-09-05T08:48:12.975+0000] {logging_mixin.py:150} INFO - [2023-09-05T08:48:12.975+0000] {manager.py:504} INFO - Created Permission View: can delete on DAG:example_xcom
[2023-09-05T08:48:12.996+0000] {logging_mixin.py:150} INFO - [2023-09-05T08:48:12.996+0000] {manager.py:504} INFO - Created Permission View: can read on DAG:example_xcom
[2023-09-05T08:48:13.009+0000] {logging_mixin.py:150} INFO - [2023-09-05T08:48:13.008+0000] {manager.py:504} INFO - Created Permission View: can edit on DAG:example_xcom
[2023-09-05T08:48:13.039+0000] {logging_mixin.py:150} INFO - [2023-09-05T08:48:13.039+0000] {dag.py:2742} INFO - Sync 1 DAGs
[2023-09-05T08:48:13.060+0000] {logging_mixin.py:150} INFO - [2023-09-05T08:48:13.060+0000] {dag.py:2763} INFO - Creating ORM DAG for example_xcom
[2023-09-05T08:48:13.077+0000] {logging_mixin.py:150} INFO - [2023-09-05T08:48:13.077+0000] {dag.py:3508} INFO - Setting next_dagrun for example_xcom to 2021-01-01T00:00:00+00:00, run_after=2021-01-01T00:00:00+00:00
[2023-09-05T08:48:13.103+0000] {processor.py:179} INFO - Processing /home/airflow/.local/lib/python3.7/site-packages/airflow/example_dags/example_xcom.py took 0.392 seconds
[2023-09-05T08:48:43.450+0000] {processor.py:157} INFO - Started process (PID=557) to work on /home/airflow/.local/lib/python3.7/site-packages/airflow/example_dags/example_xcom.py
[2023-09-05T08:48:43.452+0000] {processor.py:826} INFO - Processing file /home/airflow/.local/lib/python3.7/site-packages/airflow/example_dags/example_xcom.py for tasks to queue
[2023-09-05T08:48:43.454+0000] {logging_mixin.py:150} INFO - [2023-09-05T08:48:43.453+0000] {dagbag.py:541} INFO - Filling up the DagBag from /home/airflow/.local/lib/python3.7/site-packages/airflow/example_dags/example_xcom.py
[2023-09-05T08:48:43.468+0000] {processor.py:836} INFO - DAG(s) dict_keys(['example_xcom']) retrieved from /home/airflow/.local/lib/python3.7/site-packages/airflow/example_dags/example_xcom.py
[2023-09-05T08:48:43.519+0000] {logging_mixin.py:150} INFO - [2023-09-05T08:48:43.519+0000] {dag.py:2742} INFO - Sync 1 DAGs
[2023-09-05T08:48:43.565+0000] {logging_mixin.py:150} INFO - [2023-09-05T08:48:43.565+0000] {dag.py:3508} INFO - Setting next_dagrun for example_xcom to 2021-01-01T00:00:00+00:00, run_after=2021-01-01T00:00:00+00:00
[2023-09-05T08:48:43.598+0000] {processor.py:179} INFO - Processing /home/airflow/.local/lib/python3.7/site-packages/airflow/example_dags/example_xcom.py took 0.155 seconds
[2023-09-05T08:49:14.481+0000] {processor.py:157} INFO - Started process (PID=803) to work on /home/airflow/.local/lib/python3.7/site-packages/airflow/example_dags/example_xcom.py
[2023-09-05T08:49:14.482+0000] {processor.py:826} INFO - Processing file /home/airflow/.local/lib/python3.7/site-packages/airflow/example_dags/example_xcom.py for tasks to queue
[2023-09-05T08:49:14.483+0000] {logging_mixin.py:150} INFO - [2023-09-05T08:49:14.483+0000] {dagbag.py:541} INFO - Filling up the DagBag from /home/airflow/.local/lib/python3.7/site-packages/airflow/example_dags/example_xcom.py
[2023-09-05T08:49:14.496+0000] {processor.py:836} INFO - DAG(s) dict_keys(['example_xcom']) retrieved from /home/airflow/.local/lib/python3.7/site-packages/airflow/example_dags/example_xcom.py
[2023-09-05T08:49:14.548+0000] {logging_mixin.py:150} INFO - [2023-09-05T08:49:14.548+0000] {dag.py:2742} INFO - Sync 1 DAGs
[2023-09-05T08:49:14.599+0000] {logging_mixin.py:150} INFO - [2023-09-05T08:49:14.599+0000] {dag.py:3508} INFO - Setting next_dagrun for example_xcom to 2021-01-01T00:00:00+00:00, run_after=2021-01-01T00:00:00+00:00
[2023-09-05T08:49:14.638+0000] {processor.py:179} INFO - Processing /home/airflow/.local/lib/python3.7/site-packages/airflow/example_dags/example_xcom.py took 0.162 seconds
[2023-09-05T08:49:44.952+0000] {processor.py:157} INFO - Started process (PID=1048) to work on /home/airflow/.local/lib/python3.7/site-packages/airflow/example_dags/example_xcom.py
[2023-09-05T08:49:44.975+0000] {processor.py:826} INFO - Processing file /home/airflow/.local/lib/python3.7/site-packages/airflow/example_dags/example_xcom.py for tasks to queue
[2023-09-05T08:49:44.976+0000] {logging_mixin.py:150} INFO - [2023-09-05T08:49:44.976+0000] {dagbag.py:541} INFO - Filling up the DagBag from /home/airflow/.local/lib/python3.7/site-packages/airflow/example_dags/example_xcom.py
[2023-09-05T08:49:44.989+0000] {processor.py:836} INFO - DAG(s) dict_keys(['example_xcom']) retrieved from /home/airflow/.local/lib/python3.7/site-packages/airflow/example_dags/example_xcom.py
[2023-09-05T08:49:45.037+0000] {logging_mixin.py:150} INFO - [2023-09-05T08:49:45.036+0000] {dag.py:2742} INFO - Sync 1 DAGs
[2023-09-05T08:49:45.085+0000] {logging_mixin.py:150} INFO - [2023-09-05T08:49:45.085+0000] {dag.py:3508} INFO - Setting next_dagrun for example_xcom to 2021-01-01T00:00:00+00:00, run_after=2021-01-01T00:00:00+00:00
[2023-09-05T08:49:45.122+0000] {processor.py:179} INFO - Processing /home/airflow/.local/lib/python3.7/site-packages/airflow/example_dags/example_xcom.py took 0.179 seconds
[2023-09-05T08:50:15.234+0000] {processor.py:157} INFO - Started process (PID=1293) to work on /home/airflow/.local/lib/python3.7/site-packages/airflow/example_dags/example_xcom.py
[2023-09-05T08:50:15.235+0000] {processor.py:826} INFO - Processing file /home/airflow/.local/lib/python3.7/site-packages/airflow/example_dags/example_xcom.py for tasks to queue
[2023-09-05T08:50:15.236+0000] {logging_mixin.py:150} INFO - [2023-09-05T08:50:15.236+0000] {dagbag.py:541} INFO - Filling up the DagBag from /home/airflow/.local/lib/python3.7/site-packages/airflow/example_dags/example_xcom.py
[2023-09-05T08:50:15.250+0000] {processor.py:836} INFO - DAG(s) dict_keys(['example_xcom']) retrieved from /home/airflow/.local/lib/python3.7/site-packages/airflow/example_dags/example_xcom.py
[2023-09-05T08:50:15.297+0000] {logging_mixin.py:150} INFO - [2023-09-05T08:50:15.296+0000] {dag.py:2742} INFO - Sync 1 DAGs
[2023-09-05T08:50:15.350+0000] {logging_mixin.py:150} INFO - [2023-09-05T08:50:15.350+0000] {dag.py:3508} INFO - Setting next_dagrun for example_xcom to 2021-01-01T00:00:00+00:00, run_after=2021-01-01T00:00:00+00:00
[2023-09-05T08:50:15.382+0000] {processor.py:179} INFO - Processing /home/airflow/.local/lib/python3.7/site-packages/airflow/example_dags/example_xcom.py took 0.153 seconds
[2023-09-05T08:51:10.067+0000] {processor.py:157} INFO - Started process (PID=317) to work on /home/airflow/.local/lib/python3.7/site-packages/airflow/example_dags/example_xcom.py
[2023-09-05T08:51:10.069+0000] {processor.py:826} INFO - Processing file /home/airflow/.local/lib/python3.7/site-packages/airflow/example_dags/example_xcom.py for tasks to queue
[2023-09-05T08:51:10.071+0000] {logging_mixin.py:150} INFO - [2023-09-05T08:51:10.070+0000] {dagbag.py:541} INFO - Filling up the DagBag from /home/airflow/.local/lib/python3.7/site-packages/airflow/example_dags/example_xcom.py
[2023-09-05T08:51:10.092+0000] {processor.py:836} INFO - DAG(s) dict_keys(['example_xcom']) retrieved from /home/airflow/.local/lib/python3.7/site-packages/airflow/example_dags/example_xcom.py
[2023-09-05T08:51:10.155+0000] {logging_mixin.py:150} INFO - [2023-09-05T08:51:10.155+0000] {dag.py:2742} INFO - Sync 1 DAGs
[2023-09-05T08:51:10.205+0000] {logging_mixin.py:150} INFO - [2023-09-05T08:51:10.205+0000] {dag.py:3508} INFO - Setting next_dagrun for example_xcom to 2021-01-01T00:00:00+00:00, run_after=2021-01-01T00:00:00+00:00
[2023-09-05T08:51:10.237+0000] {processor.py:179} INFO - Processing /home/airflow/.local/lib/python3.7/site-packages/airflow/example_dags/example_xcom.py took 0.179 seconds
[2023-09-05T08:51:40.384+0000] {processor.py:157} INFO - Started process (PID=557) to work on /home/airflow/.local/lib/python3.7/site-packages/airflow/example_dags/example_xcom.py
[2023-09-05T08:51:40.385+0000] {processor.py:826} INFO - Processing file /home/airflow/.local/lib/python3.7/site-packages/airflow/example_dags/example_xcom.py for tasks to queue
[2023-09-05T08:51:40.386+0000] {logging_mixin.py:150} INFO - [2023-09-05T08:51:40.386+0000] {dagbag.py:541} INFO - Filling up the DagBag from /home/airflow/.local/lib/python3.7/site-packages/airflow/example_dags/example_xcom.py
[2023-09-05T08:51:40.397+0000] {processor.py:836} INFO - DAG(s) dict_keys(['example_xcom']) retrieved from /home/airflow/.local/lib/python3.7/site-packages/airflow/example_dags/example_xcom.py
[2023-09-05T08:51:40.437+0000] {logging_mixin.py:150} INFO - [2023-09-05T08:51:40.437+0000] {dag.py:2742} INFO - Sync 1 DAGs
[2023-09-05T08:51:40.480+0000] {logging_mixin.py:150} INFO - [2023-09-05T08:51:40.480+0000] {dag.py:3508} INFO - Setting next_dagrun for example_xcom to 2021-01-01T00:00:00+00:00, run_after=2021-01-01T00:00:00+00:00
[2023-09-05T08:51:40.508+0000] {processor.py:179} INFO - Processing /home/airflow/.local/lib/python3.7/site-packages/airflow/example_dags/example_xcom.py took 0.128 seconds
[2023-09-05T08:52:13.538+0000] {processor.py:157} INFO - Started process (PID=807) to work on /home/airflow/.local/lib/python3.7/site-packages/airflow/example_dags/example_xcom.py
[2023-09-05T08:52:13.540+0000] {processor.py:826} INFO - Processing file /home/airflow/.local/lib/python3.7/site-packages/airflow/example_dags/example_xcom.py for tasks to queue
[2023-09-05T08:52:13.541+0000] {logging_mixin.py:150} INFO - [2023-09-05T08:52:13.540+0000] {dagbag.py:541} INFO - Filling up the DagBag from /home/airflow/.local/lib/python3.7/site-packages/airflow/example_dags/example_xcom.py
[2023-09-05T08:52:13.551+0000] {processor.py:836} INFO - DAG(s) dict_keys(['example_xcom']) retrieved from /home/airflow/.local/lib/python3.7/site-packages/airflow/example_dags/example_xcom.py
[2023-09-05T08:52:13.592+0000] {logging_mixin.py:150} INFO - [2023-09-05T08:52:13.592+0000] {dag.py:2742} INFO - Sync 1 DAGs
[2023-09-05T08:52:13.812+0000] {logging_mixin.py:150} INFO - [2023-09-05T08:52:13.812+0000] {dag.py:3508} INFO - Setting next_dagrun for example_xcom to 2021-01-01T00:00:00+00:00, run_after=2021-01-01T00:00:00+00:00
[2023-09-05T08:52:13.868+0000] {processor.py:179} INFO - Processing /home/airflow/.local/lib/python3.7/site-packages/airflow/example_dags/example_xcom.py took 0.334 seconds
[2023-09-05T08:52:44.180+0000] {processor.py:157} INFO - Started process (PID=1052) to work on /home/airflow/.local/lib/python3.7/site-packages/airflow/example_dags/example_xcom.py
[2023-09-05T08:52:44.181+0000] {processor.py:826} INFO - Processing file /home/airflow/.local/lib/python3.7/site-packages/airflow/example_dags/example_xcom.py for tasks to queue
[2023-09-05T08:52:44.182+0000] {logging_mixin.py:150} INFO - [2023-09-05T08:52:44.182+0000] {dagbag.py:541} INFO - Filling up the DagBag from /home/airflow/.local/lib/python3.7/site-packages/airflow/example_dags/example_xcom.py
[2023-09-05T08:52:44.194+0000] {processor.py:836} INFO - DAG(s) dict_keys(['example_xcom']) retrieved from /home/airflow/.local/lib/python3.7/site-packages/airflow/example_dags/example_xcom.py
[2023-09-05T08:52:44.240+0000] {logging_mixin.py:150} INFO - [2023-09-05T08:52:44.240+0000] {dag.py:2742} INFO - Sync 1 DAGs
[2023-09-05T08:52:44.289+0000] {logging_mixin.py:150} INFO - [2023-09-05T08:52:44.288+0000] {dag.py:3508} INFO - Setting next_dagrun for example_xcom to 2021-01-01T00:00:00+00:00, run_after=2021-01-01T00:00:00+00:00
[2023-09-05T08:52:44.323+0000] {processor.py:179} INFO - Processing /home/airflow/.local/lib/python3.7/site-packages/airflow/example_dags/example_xcom.py took 0.150 seconds
[2023-09-05T08:53:14.993+0000] {processor.py:157} INFO - Started process (PID=1303) to work on /home/airflow/.local/lib/python3.7/site-packages/airflow/example_dags/example_xcom.py
[2023-09-05T08:53:14.995+0000] {processor.py:826} INFO - Processing file /home/airflow/.local/lib/python3.7/site-packages/airflow/example_dags/example_xcom.py for tasks to queue
[2023-09-05T08:53:14.996+0000] {logging_mixin.py:150} INFO - [2023-09-05T08:53:14.995+0000] {dagbag.py:541} INFO - Filling up the DagBag from /home/airflow/.local/lib/python3.7/site-packages/airflow/example_dags/example_xcom.py
[2023-09-05T08:53:15.009+0000] {processor.py:836} INFO - DAG(s) dict_keys(['example_xcom']) retrieved from /home/airflow/.local/lib/python3.7/site-packages/airflow/example_dags/example_xcom.py
[2023-09-05T08:53:15.050+0000] {logging_mixin.py:150} INFO - [2023-09-05T08:53:15.049+0000] {dag.py:2742} INFO - Sync 1 DAGs
[2023-09-05T08:53:15.094+0000] {logging_mixin.py:150} INFO - [2023-09-05T08:53:15.093+0000] {dag.py:3508} INFO - Setting next_dagrun for example_xcom to 2021-01-01T00:00:00+00:00, run_after=2021-01-01T00:00:00+00:00
[2023-09-05T08:53:15.127+0000] {processor.py:179} INFO - Processing /home/airflow/.local/lib/python3.7/site-packages/airflow/example_dags/example_xcom.py took 0.140 seconds
[2023-09-05T08:53:45.254+0000] {processor.py:157} INFO - Started process (PID=1548) to work on /home/airflow/.local/lib/python3.7/site-packages/airflow/example_dags/example_xcom.py
[2023-09-05T08:53:45.256+0000] {processor.py:826} INFO - Processing file /home/airflow/.local/lib/python3.7/site-packages/airflow/example_dags/example_xcom.py for tasks to queue
[2023-09-05T08:53:45.257+0000] {logging_mixin.py:150} INFO - [2023-09-05T08:53:45.256+0000] {dagbag.py:541} INFO - Filling up the DagBag from /home/airflow/.local/lib/python3.7/site-packages/airflow/example_dags/example_xcom.py
[2023-09-05T08:53:45.271+0000] {processor.py:836} INFO - DAG(s) dict_keys(['example_xcom']) retrieved from /home/airflow/.local/lib/python3.7/site-packages/airflow/example_dags/example_xcom.py
[2023-09-05T08:53:45.318+0000] {logging_mixin.py:150} INFO - [2023-09-05T08:53:45.318+0000] {dag.py:2742} INFO - Sync 1 DAGs
[2023-09-05T08:53:45.365+0000] {logging_mixin.py:150} INFO - [2023-09-05T08:53:45.364+0000] {dag.py:3508} INFO - Setting next_dagrun for example_xcom to 2021-01-01T00:00:00+00:00, run_after=2021-01-01T00:00:00+00:00
[2023-09-05T08:53:45.400+0000] {processor.py:179} INFO - Processing /home/airflow/.local/lib/python3.7/site-packages/airflow/example_dags/example_xcom.py took 0.151 seconds
