[2023-09-05T08:48:07.474+0000] {processor.py:157} INFO - Started process (PID=198) to work on /home/airflow/.local/lib/python3.7/site-packages/airflow/example_dags/example_task_group_decorator.py
[2023-09-05T08:48:07.475+0000] {processor.py:826} INFO - Processing file /home/airflow/.local/lib/python3.7/site-packages/airflow/example_dags/example_task_group_decorator.py for tasks to queue
[2023-09-05T08:48:07.477+0000] {logging_mixin.py:150} INFO - [2023-09-05T08:48:07.476+0000] {dagbag.py:541} INFO - Filling up the DagBag from /home/airflow/.local/lib/python3.7/site-packages/airflow/example_dags/example_task_group_decorator.py
[2023-09-05T08:48:07.508+0000] {processor.py:836} INFO - DAG(s) dict_keys(['example_task_group_decorator']) retrieved from /home/airflow/.local/lib/python3.7/site-packages/airflow/example_dags/example_task_group_decorator.py
[2023-09-05T08:48:07.702+0000] {logging_mixin.py:150} INFO - [2023-09-05T08:48:07.702+0000] {manager.py:504} INFO - Created Permission View: can delete on DAG:example_task_group_decorator
[2023-09-05T08:48:07.722+0000] {logging_mixin.py:150} INFO - [2023-09-05T08:48:07.722+0000] {manager.py:504} INFO - Created Permission View: can read on DAG:example_task_group_decorator
[2023-09-05T08:48:07.735+0000] {logging_mixin.py:150} INFO - [2023-09-05T08:48:07.735+0000] {manager.py:504} INFO - Created Permission View: can edit on DAG:example_task_group_decorator
[2023-09-05T08:48:07.759+0000] {logging_mixin.py:150} INFO - [2023-09-05T08:48:07.759+0000] {dag.py:2742} INFO - Sync 1 DAGs
[2023-09-05T08:48:07.779+0000] {logging_mixin.py:150} INFO - [2023-09-05T08:48:07.779+0000] {dag.py:2763} INFO - Creating ORM DAG for example_task_group_decorator
[2023-09-05T08:48:07.797+0000] {logging_mixin.py:150} INFO - [2023-09-05T08:48:07.797+0000] {dag.py:3508} INFO - Setting next_dagrun for example_task_group_decorator to 2023-09-04T08:48:07.797061+00:00, run_after=2023-09-05T08:48:07.797061+00:00
[2023-09-05T08:48:07.823+0000] {processor.py:179} INFO - Processing /home/airflow/.local/lib/python3.7/site-packages/airflow/example_dags/example_task_group_decorator.py took 0.356 seconds
[2023-09-05T08:48:37.951+0000] {processor.py:157} INFO - Started process (PID=445) to work on /home/airflow/.local/lib/python3.7/site-packages/airflow/example_dags/example_task_group_decorator.py
[2023-09-05T08:48:37.953+0000] {processor.py:826} INFO - Processing file /home/airflow/.local/lib/python3.7/site-packages/airflow/example_dags/example_task_group_decorator.py for tasks to queue
[2023-09-05T08:48:37.953+0000] {logging_mixin.py:150} INFO - [2023-09-05T08:48:37.953+0000] {dagbag.py:541} INFO - Filling up the DagBag from /home/airflow/.local/lib/python3.7/site-packages/airflow/example_dags/example_task_group_decorator.py
[2023-09-05T08:48:37.976+0000] {processor.py:836} INFO - DAG(s) dict_keys(['example_task_group_decorator']) retrieved from /home/airflow/.local/lib/python3.7/site-packages/airflow/example_dags/example_task_group_decorator.py
[2023-09-05T08:48:38.018+0000] {logging_mixin.py:150} INFO - [2023-09-05T08:48:38.018+0000] {dag.py:2742} INFO - Sync 1 DAGs
[2023-09-05T08:48:38.054+0000] {logging_mixin.py:150} INFO - [2023-09-05T08:48:38.054+0000] {dag.py:3508} INFO - Setting next_dagrun for example_task_group_decorator to 2023-09-04T08:48:38.054072+00:00, run_after=2023-09-05T08:48:38.054072+00:00
[2023-09-05T08:48:38.081+0000] {processor.py:179} INFO - Processing /home/airflow/.local/lib/python3.7/site-packages/airflow/example_dags/example_task_group_decorator.py took 0.134 seconds
[2023-09-05T08:49:08.345+0000] {processor.py:157} INFO - Started process (PID=690) to work on /home/airflow/.local/lib/python3.7/site-packages/airflow/example_dags/example_task_group_decorator.py
[2023-09-05T08:49:08.346+0000] {processor.py:826} INFO - Processing file /home/airflow/.local/lib/python3.7/site-packages/airflow/example_dags/example_task_group_decorator.py for tasks to queue
[2023-09-05T08:49:08.347+0000] {logging_mixin.py:150} INFO - [2023-09-05T08:49:08.347+0000] {dagbag.py:541} INFO - Filling up the DagBag from /home/airflow/.local/lib/python3.7/site-packages/airflow/example_dags/example_task_group_decorator.py
[2023-09-05T08:49:08.376+0000] {processor.py:836} INFO - DAG(s) dict_keys(['example_task_group_decorator']) retrieved from /home/airflow/.local/lib/python3.7/site-packages/airflow/example_dags/example_task_group_decorator.py
[2023-09-05T08:49:08.429+0000] {logging_mixin.py:150} INFO - [2023-09-05T08:49:08.428+0000] {dag.py:2742} INFO - Sync 1 DAGs
[2023-09-05T08:49:08.475+0000] {logging_mixin.py:150} INFO - [2023-09-05T08:49:08.475+0000] {dag.py:3508} INFO - Setting next_dagrun for example_task_group_decorator to 2023-09-04T08:49:08.474740+00:00, run_after=2023-09-05T08:49:08.474740+00:00
[2023-09-05T08:49:08.513+0000] {processor.py:179} INFO - Processing /home/airflow/.local/lib/python3.7/site-packages/airflow/example_dags/example_task_group_decorator.py took 0.173 seconds
[2023-09-05T08:49:38.683+0000] {processor.py:157} INFO - Started process (PID=933) to work on /home/airflow/.local/lib/python3.7/site-packages/airflow/example_dags/example_task_group_decorator.py
[2023-09-05T08:49:38.684+0000] {processor.py:826} INFO - Processing file /home/airflow/.local/lib/python3.7/site-packages/airflow/example_dags/example_task_group_decorator.py for tasks to queue
[2023-09-05T08:49:38.685+0000] {logging_mixin.py:150} INFO - [2023-09-05T08:49:38.685+0000] {dagbag.py:541} INFO - Filling up the DagBag from /home/airflow/.local/lib/python3.7/site-packages/airflow/example_dags/example_task_group_decorator.py
[2023-09-05T08:49:38.715+0000] {processor.py:836} INFO - DAG(s) dict_keys(['example_task_group_decorator']) retrieved from /home/airflow/.local/lib/python3.7/site-packages/airflow/example_dags/example_task_group_decorator.py
[2023-09-05T08:49:38.772+0000] {logging_mixin.py:150} INFO - [2023-09-05T08:49:38.772+0000] {dag.py:2742} INFO - Sync 1 DAGs
[2023-09-05T08:49:38.819+0000] {logging_mixin.py:150} INFO - [2023-09-05T08:49:38.819+0000] {dag.py:3508} INFO - Setting next_dagrun for example_task_group_decorator to 2023-09-04T08:49:38.819234+00:00, run_after=2023-09-05T08:49:38.819234+00:00
[2023-09-05T08:49:38.854+0000] {processor.py:179} INFO - Processing /home/airflow/.local/lib/python3.7/site-packages/airflow/example_dags/example_task_group_decorator.py took 0.177 seconds
[2023-09-05T08:50:09.102+0000] {processor.py:157} INFO - Started process (PID=1178) to work on /home/airflow/.local/lib/python3.7/site-packages/airflow/example_dags/example_task_group_decorator.py
[2023-09-05T08:50:09.104+0000] {processor.py:826} INFO - Processing file /home/airflow/.local/lib/python3.7/site-packages/airflow/example_dags/example_task_group_decorator.py for tasks to queue
[2023-09-05T08:50:09.105+0000] {logging_mixin.py:150} INFO - [2023-09-05T08:50:09.104+0000] {dagbag.py:541} INFO - Filling up the DagBag from /home/airflow/.local/lib/python3.7/site-packages/airflow/example_dags/example_task_group_decorator.py
[2023-09-05T08:50:09.135+0000] {processor.py:836} INFO - DAG(s) dict_keys(['example_task_group_decorator']) retrieved from /home/airflow/.local/lib/python3.7/site-packages/airflow/example_dags/example_task_group_decorator.py
[2023-09-05T08:50:09.178+0000] {logging_mixin.py:150} INFO - [2023-09-05T08:50:09.178+0000] {dag.py:2742} INFO - Sync 1 DAGs
[2023-09-05T08:50:09.221+0000] {logging_mixin.py:150} INFO - [2023-09-05T08:50:09.221+0000] {dag.py:3508} INFO - Setting next_dagrun for example_task_group_decorator to 2023-09-04T08:50:09.221193+00:00, run_after=2023-09-05T08:50:09.221193+00:00
[2023-09-05T08:50:09.249+0000] {processor.py:179} INFO - Processing /home/airflow/.local/lib/python3.7/site-packages/airflow/example_dags/example_task_group_decorator.py took 0.152 seconds
[2023-09-05T08:51:07.491+0000] {processor.py:157} INFO - Started process (PID=197) to work on /home/airflow/.local/lib/python3.7/site-packages/airflow/example_dags/example_task_group_decorator.py
[2023-09-05T08:51:07.493+0000] {processor.py:826} INFO - Processing file /home/airflow/.local/lib/python3.7/site-packages/airflow/example_dags/example_task_group_decorator.py for tasks to queue
[2023-09-05T08:51:07.494+0000] {logging_mixin.py:150} INFO - [2023-09-05T08:51:07.493+0000] {dagbag.py:541} INFO - Filling up the DagBag from /home/airflow/.local/lib/python3.7/site-packages/airflow/example_dags/example_task_group_decorator.py
[2023-09-05T08:51:07.521+0000] {processor.py:836} INFO - DAG(s) dict_keys(['example_task_group_decorator']) retrieved from /home/airflow/.local/lib/python3.7/site-packages/airflow/example_dags/example_task_group_decorator.py
[2023-09-05T08:51:07.596+0000] {logging_mixin.py:150} INFO - [2023-09-05T08:51:07.595+0000] {dag.py:2742} INFO - Sync 1 DAGs
[2023-09-05T08:51:07.659+0000] {logging_mixin.py:150} INFO - [2023-09-05T08:51:07.659+0000] {dag.py:3508} INFO - Setting next_dagrun for example_task_group_decorator to 2023-09-04T08:51:07.658695+00:00, run_after=2023-09-05T08:51:07.658695+00:00
[2023-09-05T08:51:07.691+0000] {processor.py:179} INFO - Processing /home/airflow/.local/lib/python3.7/site-packages/airflow/example_dags/example_task_group_decorator.py took 0.204 seconds
[2023-09-05T08:51:37.959+0000] {processor.py:157} INFO - Started process (PID=444) to work on /home/airflow/.local/lib/python3.7/site-packages/airflow/example_dags/example_task_group_decorator.py
[2023-09-05T08:51:37.960+0000] {processor.py:826} INFO - Processing file /home/airflow/.local/lib/python3.7/site-packages/airflow/example_dags/example_task_group_decorator.py for tasks to queue
[2023-09-05T08:51:37.962+0000] {logging_mixin.py:150} INFO - [2023-09-05T08:51:37.961+0000] {dagbag.py:541} INFO - Filling up the DagBag from /home/airflow/.local/lib/python3.7/site-packages/airflow/example_dags/example_task_group_decorator.py
[2023-09-05T08:51:37.993+0000] {processor.py:836} INFO - DAG(s) dict_keys(['example_task_group_decorator']) retrieved from /home/airflow/.local/lib/python3.7/site-packages/airflow/example_dags/example_task_group_decorator.py
[2023-09-05T08:51:38.047+0000] {logging_mixin.py:150} INFO - [2023-09-05T08:51:38.046+0000] {dag.py:2742} INFO - Sync 1 DAGs
[2023-09-05T08:51:38.095+0000] {logging_mixin.py:150} INFO - [2023-09-05T08:51:38.095+0000] {dag.py:3508} INFO - Setting next_dagrun for example_task_group_decorator to 2023-09-04T08:51:38.095348+00:00, run_after=2023-09-05T08:51:38.095348+00:00
[2023-09-05T08:51:38.130+0000] {processor.py:179} INFO - Processing /home/airflow/.local/lib/python3.7/site-packages/airflow/example_dags/example_task_group_decorator.py took 0.176 seconds
[2023-09-05T08:52:08.947+0000] {processor.py:157} INFO - Started process (PID=689) to work on /home/airflow/.local/lib/python3.7/site-packages/airflow/example_dags/example_task_group_decorator.py
[2023-09-05T08:52:08.948+0000] {processor.py:826} INFO - Processing file /home/airflow/.local/lib/python3.7/site-packages/airflow/example_dags/example_task_group_decorator.py for tasks to queue
[2023-09-05T08:52:08.950+0000] {logging_mixin.py:150} INFO - [2023-09-05T08:52:08.949+0000] {dagbag.py:541} INFO - Filling up the DagBag from /home/airflow/.local/lib/python3.7/site-packages/airflow/example_dags/example_task_group_decorator.py
[2023-09-05T08:52:08.979+0000] {processor.py:836} INFO - DAG(s) dict_keys(['example_task_group_decorator']) retrieved from /home/airflow/.local/lib/python3.7/site-packages/airflow/example_dags/example_task_group_decorator.py
[2023-09-05T08:52:09.033+0000] {logging_mixin.py:150} INFO - [2023-09-05T08:52:09.033+0000] {dag.py:2742} INFO - Sync 1 DAGs
[2023-09-05T08:52:09.084+0000] {logging_mixin.py:150} INFO - [2023-09-05T08:52:09.084+0000] {dag.py:3508} INFO - Setting next_dagrun for example_task_group_decorator to 2023-09-04T08:52:09.084052+00:00, run_after=2023-09-05T08:52:09.084052+00:00
[2023-09-05T08:52:09.299+0000] {processor.py:179} INFO - Processing /home/airflow/.local/lib/python3.7/site-packages/airflow/example_dags/example_task_group_decorator.py took 0.357 seconds
[2023-09-05T08:52:39.793+0000] {processor.py:157} INFO - Started process (PID=932) to work on /home/airflow/.local/lib/python3.7/site-packages/airflow/example_dags/example_task_group_decorator.py
[2023-09-05T08:52:39.794+0000] {processor.py:826} INFO - Processing file /home/airflow/.local/lib/python3.7/site-packages/airflow/example_dags/example_task_group_decorator.py for tasks to queue
[2023-09-05T08:52:39.796+0000] {logging_mixin.py:150} INFO - [2023-09-05T08:52:39.795+0000] {dagbag.py:541} INFO - Filling up the DagBag from /home/airflow/.local/lib/python3.7/site-packages/airflow/example_dags/example_task_group_decorator.py
[2023-09-05T08:52:39.983+0000] {processor.py:836} INFO - DAG(s) dict_keys(['example_task_group_decorator']) retrieved from /home/airflow/.local/lib/python3.7/site-packages/airflow/example_dags/example_task_group_decorator.py
[2023-09-05T08:52:40.027+0000] {logging_mixin.py:150} INFO - [2023-09-05T08:52:40.026+0000] {dag.py:2742} INFO - Sync 1 DAGs
[2023-09-05T08:52:40.071+0000] {logging_mixin.py:150} INFO - [2023-09-05T08:52:40.071+0000] {dag.py:3508} INFO - Setting next_dagrun for example_task_group_decorator to 2023-09-04T08:52:40.071158+00:00, run_after=2023-09-05T08:52:40.071158+00:00
[2023-09-05T08:52:40.103+0000] {processor.py:179} INFO - Processing /home/airflow/.local/lib/python3.7/site-packages/airflow/example_dags/example_task_group_decorator.py took 0.318 seconds
[2023-09-05T08:53:10.597+0000] {processor.py:157} INFO - Started process (PID=1188) to work on /home/airflow/.local/lib/python3.7/site-packages/airflow/example_dags/example_task_group_decorator.py
[2023-09-05T08:53:10.598+0000] {processor.py:826} INFO - Processing file /home/airflow/.local/lib/python3.7/site-packages/airflow/example_dags/example_task_group_decorator.py for tasks to queue
[2023-09-05T08:53:10.599+0000] {logging_mixin.py:150} INFO - [2023-09-05T08:53:10.599+0000] {dagbag.py:541} INFO - Filling up the DagBag from /home/airflow/.local/lib/python3.7/site-packages/airflow/example_dags/example_task_group_decorator.py
[2023-09-05T08:53:10.627+0000] {processor.py:836} INFO - DAG(s) dict_keys(['example_task_group_decorator']) retrieved from /home/airflow/.local/lib/python3.7/site-packages/airflow/example_dags/example_task_group_decorator.py
[2023-09-05T08:53:10.687+0000] {logging_mixin.py:150} INFO - [2023-09-05T08:53:10.686+0000] {dag.py:2742} INFO - Sync 1 DAGs
[2023-09-05T08:53:10.735+0000] {logging_mixin.py:150} INFO - [2023-09-05T08:53:10.735+0000] {dag.py:3508} INFO - Setting next_dagrun for example_task_group_decorator to 2023-09-04T08:53:10.735132+00:00, run_after=2023-09-05T08:53:10.735132+00:00
[2023-09-05T08:53:10.771+0000] {processor.py:179} INFO - Processing /home/airflow/.local/lib/python3.7/site-packages/airflow/example_dags/example_task_group_decorator.py took 0.180 seconds
[2023-09-05T08:53:40.829+0000] {processor.py:157} INFO - Started process (PID=1433) to work on /home/airflow/.local/lib/python3.7/site-packages/airflow/example_dags/example_task_group_decorator.py
[2023-09-05T08:53:40.830+0000] {processor.py:826} INFO - Processing file /home/airflow/.local/lib/python3.7/site-packages/airflow/example_dags/example_task_group_decorator.py for tasks to queue
[2023-09-05T08:53:40.831+0000] {logging_mixin.py:150} INFO - [2023-09-05T08:53:40.831+0000] {dagbag.py:541} INFO - Filling up the DagBag from /home/airflow/.local/lib/python3.7/site-packages/airflow/example_dags/example_task_group_decorator.py
[2023-09-05T08:53:40.856+0000] {processor.py:836} INFO - DAG(s) dict_keys(['example_task_group_decorator']) retrieved from /home/airflow/.local/lib/python3.7/site-packages/airflow/example_dags/example_task_group_decorator.py
[2023-09-05T08:53:40.893+0000] {logging_mixin.py:150} INFO - [2023-09-05T08:53:40.893+0000] {dag.py:2742} INFO - Sync 1 DAGs
[2023-09-05T08:53:40.934+0000] {logging_mixin.py:150} INFO - [2023-09-05T08:53:40.934+0000] {dag.py:3508} INFO - Setting next_dagrun for example_task_group_decorator to 2023-09-04T08:53:40.934023+00:00, run_after=2023-09-05T08:53:40.934023+00:00
[2023-09-05T08:53:40.961+0000] {processor.py:179} INFO - Processing /home/airflow/.local/lib/python3.7/site-packages/airflow/example_dags/example_task_group_decorator.py took 0.137 seconds
