[2023-09-05T08:48:09.263+0000] {processor.py:157} INFO - Started process (PID=238) to work on /home/airflow/.local/lib/python3.7/site-packages/airflow/example_dags/example_sla_dag.py
[2023-09-05T08:48:09.265+0000] {processor.py:826} INFO - Processing file /home/airflow/.local/lib/python3.7/site-packages/airflow/example_dags/example_sla_dag.py for tasks to queue
[2023-09-05T08:48:09.266+0000] {logging_mixin.py:150} INFO - [2023-09-05T08:48:09.266+0000] {dagbag.py:541} INFO - Filling up the DagBag from /home/airflow/.local/lib/python3.7/site-packages/airflow/example_dags/example_sla_dag.py
[2023-09-05T08:48:09.283+0000] {processor.py:836} INFO - DAG(s) dict_keys(['example_sla_dag']) retrieved from /home/airflow/.local/lib/python3.7/site-packages/airflow/example_dags/example_sla_dag.py
[2023-09-05T08:48:09.490+0000] {logging_mixin.py:150} INFO - [2023-09-05T08:48:09.490+0000] {manager.py:504} INFO - Created Permission View: can delete on DAG:example_sla_dag
[2023-09-05T08:48:09.510+0000] {logging_mixin.py:150} INFO - [2023-09-05T08:48:09.510+0000] {manager.py:504} INFO - Created Permission View: can read on DAG:example_sla_dag
[2023-09-05T08:48:09.520+0000] {logging_mixin.py:150} INFO - [2023-09-05T08:48:09.520+0000] {manager.py:504} INFO - Created Permission View: can edit on DAG:example_sla_dag
[2023-09-05T08:48:09.541+0000] {logging_mixin.py:150} INFO - [2023-09-05T08:48:09.541+0000] {dag.py:2742} INFO - Sync 1 DAGs
[2023-09-05T08:48:09.562+0000] {logging_mixin.py:150} INFO - [2023-09-05T08:48:09.561+0000] {dag.py:2763} INFO - Creating ORM DAG for example_sla_dag
[2023-09-05T08:48:09.585+0000] {logging_mixin.py:150} INFO - [2023-09-05T08:48:09.585+0000] {dag.py:3508} INFO - Setting next_dagrun for example_sla_dag to 2023-09-05T08:46:00+00:00, run_after=2023-09-05T08:48:00+00:00
[2023-09-05T08:48:09.607+0000] {processor.py:179} INFO - Processing /home/airflow/.local/lib/python3.7/site-packages/airflow/example_dags/example_sla_dag.py took 0.349 seconds
[2023-09-05T08:48:39.647+0000] {processor.py:157} INFO - Started process (PID=483) to work on /home/airflow/.local/lib/python3.7/site-packages/airflow/example_dags/example_sla_dag.py
[2023-09-05T08:48:39.648+0000] {processor.py:826} INFO - Processing file /home/airflow/.local/lib/python3.7/site-packages/airflow/example_dags/example_sla_dag.py for tasks to queue
[2023-09-05T08:48:39.649+0000] {logging_mixin.py:150} INFO - [2023-09-05T08:48:39.649+0000] {dagbag.py:541} INFO - Filling up the DagBag from /home/airflow/.local/lib/python3.7/site-packages/airflow/example_dags/example_sla_dag.py
[2023-09-05T08:48:39.664+0000] {processor.py:836} INFO - DAG(s) dict_keys(['example_sla_dag']) retrieved from /home/airflow/.local/lib/python3.7/site-packages/airflow/example_dags/example_sla_dag.py
[2023-09-05T08:48:39.699+0000] {logging_mixin.py:150} INFO - [2023-09-05T08:48:39.699+0000] {dag.py:2742} INFO - Sync 1 DAGs
[2023-09-05T08:48:39.753+0000] {logging_mixin.py:150} INFO - [2023-09-05T08:48:39.753+0000] {dag.py:3508} INFO - Setting next_dagrun for example_sla_dag to 2023-09-05T08:46:00+00:00, run_after=2023-09-05T08:48:00+00:00
[2023-09-05T08:48:39.785+0000] {processor.py:179} INFO - Processing /home/airflow/.local/lib/python3.7/site-packages/airflow/example_dags/example_sla_dag.py took 0.144 seconds
[2023-09-05T08:49:09.962+0000] {processor.py:157} INFO - Started process (PID=728) to work on /home/airflow/.local/lib/python3.7/site-packages/airflow/example_dags/example_sla_dag.py
[2023-09-05T08:49:09.963+0000] {processor.py:826} INFO - Processing file /home/airflow/.local/lib/python3.7/site-packages/airflow/example_dags/example_sla_dag.py for tasks to queue
[2023-09-05T08:49:09.964+0000] {logging_mixin.py:150} INFO - [2023-09-05T08:49:09.964+0000] {dagbag.py:541} INFO - Filling up the DagBag from /home/airflow/.local/lib/python3.7/site-packages/airflow/example_dags/example_sla_dag.py
[2023-09-05T08:49:09.979+0000] {processor.py:836} INFO - DAG(s) dict_keys(['example_sla_dag']) retrieved from /home/airflow/.local/lib/python3.7/site-packages/airflow/example_dags/example_sla_dag.py
[2023-09-05T08:49:10.016+0000] {logging_mixin.py:150} INFO - [2023-09-05T08:49:10.016+0000] {dag.py:2742} INFO - Sync 1 DAGs
[2023-09-05T08:49:10.067+0000] {logging_mixin.py:150} INFO - [2023-09-05T08:49:10.067+0000] {dag.py:3508} INFO - Setting next_dagrun for example_sla_dag to 2023-09-05T08:46:00+00:00, run_after=2023-09-05T08:48:00+00:00
[2023-09-05T08:49:10.100+0000] {processor.py:179} INFO - Processing /home/airflow/.local/lib/python3.7/site-packages/airflow/example_dags/example_sla_dag.py took 0.144 seconds
[2023-09-05T08:49:40.519+0000] {processor.py:157} INFO - Started process (PID=973) to work on /home/airflow/.local/lib/python3.7/site-packages/airflow/example_dags/example_sla_dag.py
[2023-09-05T08:49:40.521+0000] {processor.py:826} INFO - Processing file /home/airflow/.local/lib/python3.7/site-packages/airflow/example_dags/example_sla_dag.py for tasks to queue
[2023-09-05T08:49:40.522+0000] {logging_mixin.py:150} INFO - [2023-09-05T08:49:40.521+0000] {dagbag.py:541} INFO - Filling up the DagBag from /home/airflow/.local/lib/python3.7/site-packages/airflow/example_dags/example_sla_dag.py
[2023-09-05T08:49:40.533+0000] {processor.py:836} INFO - DAG(s) dict_keys(['example_sla_dag']) retrieved from /home/airflow/.local/lib/python3.7/site-packages/airflow/example_dags/example_sla_dag.py
[2023-09-05T08:49:40.563+0000] {logging_mixin.py:150} INFO - [2023-09-05T08:49:40.563+0000] {dag.py:2742} INFO - Sync 1 DAGs
[2023-09-05T08:49:40.603+0000] {logging_mixin.py:150} INFO - [2023-09-05T08:49:40.602+0000] {dag.py:3508} INFO - Setting next_dagrun for example_sla_dag to 2023-09-05T08:46:00+00:00, run_after=2023-09-05T08:48:00+00:00
[2023-09-05T08:49:40.630+0000] {processor.py:179} INFO - Processing /home/airflow/.local/lib/python3.7/site-packages/airflow/example_dags/example_sla_dag.py took 0.116 seconds
[2023-09-05T08:50:10.909+0000] {processor.py:157} INFO - Started process (PID=1218) to work on /home/airflow/.local/lib/python3.7/site-packages/airflow/example_dags/example_sla_dag.py
[2023-09-05T08:50:10.910+0000] {processor.py:826} INFO - Processing file /home/airflow/.local/lib/python3.7/site-packages/airflow/example_dags/example_sla_dag.py for tasks to queue
[2023-09-05T08:50:10.911+0000] {logging_mixin.py:150} INFO - [2023-09-05T08:50:10.911+0000] {dagbag.py:541} INFO - Filling up the DagBag from /home/airflow/.local/lib/python3.7/site-packages/airflow/example_dags/example_sla_dag.py
[2023-09-05T08:50:10.926+0000] {processor.py:836} INFO - DAG(s) dict_keys(['example_sla_dag']) retrieved from /home/airflow/.local/lib/python3.7/site-packages/airflow/example_dags/example_sla_dag.py
[2023-09-05T08:50:10.976+0000] {logging_mixin.py:150} INFO - [2023-09-05T08:50:10.975+0000] {dag.py:2742} INFO - Sync 1 DAGs
[2023-09-05T08:50:11.028+0000] {logging_mixin.py:150} INFO - [2023-09-05T08:50:11.028+0000] {dag.py:3508} INFO - Setting next_dagrun for example_sla_dag to 2023-09-05T08:48:00+00:00, run_after=2023-09-05T08:50:00+00:00
[2023-09-05T08:50:11.060+0000] {processor.py:179} INFO - Processing /home/airflow/.local/lib/python3.7/site-packages/airflow/example_dags/example_sla_dag.py took 0.157 seconds
[2023-09-05T08:51:08.333+0000] {processor.py:157} INFO - Started process (PID=237) to work on /home/airflow/.local/lib/python3.7/site-packages/airflow/example_dags/example_sla_dag.py
[2023-09-05T08:51:08.335+0000] {processor.py:826} INFO - Processing file /home/airflow/.local/lib/python3.7/site-packages/airflow/example_dags/example_sla_dag.py for tasks to queue
[2023-09-05T08:51:08.335+0000] {logging_mixin.py:150} INFO - [2023-09-05T08:51:08.335+0000] {dagbag.py:541} INFO - Filling up the DagBag from /home/airflow/.local/lib/python3.7/site-packages/airflow/example_dags/example_sla_dag.py
[2023-09-05T08:51:08.348+0000] {processor.py:836} INFO - DAG(s) dict_keys(['example_sla_dag']) retrieved from /home/airflow/.local/lib/python3.7/site-packages/airflow/example_dags/example_sla_dag.py
[2023-09-05T08:51:08.385+0000] {logging_mixin.py:150} INFO - [2023-09-05T08:51:08.385+0000] {dag.py:2742} INFO - Sync 1 DAGs
[2023-09-05T08:51:08.430+0000] {logging_mixin.py:150} INFO - [2023-09-05T08:51:08.430+0000] {dag.py:3508} INFO - Setting next_dagrun for example_sla_dag to 2023-09-05T08:48:00+00:00, run_after=2023-09-05T08:50:00+00:00
[2023-09-05T08:51:08.457+0000] {processor.py:179} INFO - Processing /home/airflow/.local/lib/python3.7/site-packages/airflow/example_dags/example_sla_dag.py took 0.128 seconds
[2023-09-05T08:51:38.926+0000] {processor.py:157} INFO - Started process (PID=482) to work on /home/airflow/.local/lib/python3.7/site-packages/airflow/example_dags/example_sla_dag.py
[2023-09-05T08:51:38.927+0000] {processor.py:826} INFO - Processing file /home/airflow/.local/lib/python3.7/site-packages/airflow/example_dags/example_sla_dag.py for tasks to queue
[2023-09-05T08:51:38.928+0000] {logging_mixin.py:150} INFO - [2023-09-05T08:51:38.928+0000] {dagbag.py:541} INFO - Filling up the DagBag from /home/airflow/.local/lib/python3.7/site-packages/airflow/example_dags/example_sla_dag.py
[2023-09-05T08:51:38.942+0000] {processor.py:836} INFO - DAG(s) dict_keys(['example_sla_dag']) retrieved from /home/airflow/.local/lib/python3.7/site-packages/airflow/example_dags/example_sla_dag.py
[2023-09-05T08:51:38.979+0000] {logging_mixin.py:150} INFO - [2023-09-05T08:51:38.979+0000] {dag.py:2742} INFO - Sync 1 DAGs
[2023-09-05T08:51:39.033+0000] {logging_mixin.py:150} INFO - [2023-09-05T08:51:39.032+0000] {dag.py:3508} INFO - Setting next_dagrun for example_sla_dag to 2023-09-05T08:48:00+00:00, run_after=2023-09-05T08:50:00+00:00
[2023-09-05T08:51:39.067+0000] {processor.py:179} INFO - Processing /home/airflow/.local/lib/python3.7/site-packages/airflow/example_dags/example_sla_dag.py took 0.148 seconds
[2023-09-05T08:52:10.634+0000] {processor.py:157} INFO - Started process (PID=727) to work on /home/airflow/.local/lib/python3.7/site-packages/airflow/example_dags/example_sla_dag.py
[2023-09-05T08:52:10.636+0000] {processor.py:826} INFO - Processing file /home/airflow/.local/lib/python3.7/site-packages/airflow/example_dags/example_sla_dag.py for tasks to queue
[2023-09-05T08:52:10.637+0000] {logging_mixin.py:150} INFO - [2023-09-05T08:52:10.637+0000] {dagbag.py:541} INFO - Filling up the DagBag from /home/airflow/.local/lib/python3.7/site-packages/airflow/example_dags/example_sla_dag.py
[2023-09-05T08:52:10.652+0000] {processor.py:836} INFO - DAG(s) dict_keys(['example_sla_dag']) retrieved from /home/airflow/.local/lib/python3.7/site-packages/airflow/example_dags/example_sla_dag.py
[2023-09-05T08:52:10.691+0000] {logging_mixin.py:150} INFO - [2023-09-05T08:52:10.690+0000] {dag.py:2742} INFO - Sync 1 DAGs
[2023-09-05T08:52:10.747+0000] {logging_mixin.py:150} INFO - [2023-09-05T08:52:10.747+0000] {dag.py:3508} INFO - Setting next_dagrun for example_sla_dag to 2023-09-05T08:50:00+00:00, run_after=2023-09-05T08:52:00+00:00
[2023-09-05T08:52:10.925+0000] {processor.py:179} INFO - Processing /home/airflow/.local/lib/python3.7/site-packages/airflow/example_dags/example_sla_dag.py took 0.299 seconds
[2023-09-05T08:52:41.133+0000] {processor.py:157} INFO - Started process (PID=972) to work on /home/airflow/.local/lib/python3.7/site-packages/airflow/example_dags/example_sla_dag.py
[2023-09-05T08:52:41.134+0000] {processor.py:826} INFO - Processing file /home/airflow/.local/lib/python3.7/site-packages/airflow/example_dags/example_sla_dag.py for tasks to queue
[2023-09-05T08:52:41.135+0000] {logging_mixin.py:150} INFO - [2023-09-05T08:52:41.135+0000] {dagbag.py:541} INFO - Filling up the DagBag from /home/airflow/.local/lib/python3.7/site-packages/airflow/example_dags/example_sla_dag.py
[2023-09-05T08:52:41.148+0000] {processor.py:836} INFO - DAG(s) dict_keys(['example_sla_dag']) retrieved from /home/airflow/.local/lib/python3.7/site-packages/airflow/example_dags/example_sla_dag.py
[2023-09-05T08:52:41.376+0000] {logging_mixin.py:150} INFO - [2023-09-05T08:52:41.376+0000] {dag.py:2742} INFO - Sync 1 DAGs
[2023-09-05T08:52:41.428+0000] {logging_mixin.py:150} INFO - [2023-09-05T08:52:41.428+0000] {dag.py:3508} INFO - Setting next_dagrun for example_sla_dag to 2023-09-05T08:50:00+00:00, run_after=2023-09-05T08:52:00+00:00
[2023-09-05T08:52:41.456+0000] {processor.py:179} INFO - Processing /home/airflow/.local/lib/python3.7/site-packages/airflow/example_dags/example_sla_dag.py took 0.328 seconds
[2023-09-05T08:53:12.341+0000] {processor.py:157} INFO - Started process (PID=1228) to work on /home/airflow/.local/lib/python3.7/site-packages/airflow/example_dags/example_sla_dag.py
[2023-09-05T08:53:12.362+0000] {processor.py:826} INFO - Processing file /home/airflow/.local/lib/python3.7/site-packages/airflow/example_dags/example_sla_dag.py for tasks to queue
[2023-09-05T08:53:12.363+0000] {logging_mixin.py:150} INFO - [2023-09-05T08:53:12.363+0000] {dagbag.py:541} INFO - Filling up the DagBag from /home/airflow/.local/lib/python3.7/site-packages/airflow/example_dags/example_sla_dag.py
[2023-09-05T08:53:12.375+0000] {processor.py:836} INFO - DAG(s) dict_keys(['example_sla_dag']) retrieved from /home/airflow/.local/lib/python3.7/site-packages/airflow/example_dags/example_sla_dag.py
[2023-09-05T08:53:12.418+0000] {logging_mixin.py:150} INFO - [2023-09-05T08:53:12.418+0000] {dag.py:2742} INFO - Sync 1 DAGs
[2023-09-05T08:53:12.474+0000] {logging_mixin.py:150} INFO - [2023-09-05T08:53:12.474+0000] {dag.py:3508} INFO - Setting next_dagrun for example_sla_dag to 2023-09-05T08:50:00+00:00, run_after=2023-09-05T08:52:00+00:00
[2023-09-05T08:53:12.508+0000] {processor.py:179} INFO - Processing /home/airflow/.local/lib/python3.7/site-packages/airflow/example_dags/example_sla_dag.py took 0.172 seconds
[2023-09-05T08:53:42.639+0000] {processor.py:157} INFO - Started process (PID=1473) to work on /home/airflow/.local/lib/python3.7/site-packages/airflow/example_dags/example_sla_dag.py
[2023-09-05T08:53:42.640+0000] {processor.py:826} INFO - Processing file /home/airflow/.local/lib/python3.7/site-packages/airflow/example_dags/example_sla_dag.py for tasks to queue
[2023-09-05T08:53:42.641+0000] {logging_mixin.py:150} INFO - [2023-09-05T08:53:42.641+0000] {dagbag.py:541} INFO - Filling up the DagBag from /home/airflow/.local/lib/python3.7/site-packages/airflow/example_dags/example_sla_dag.py
[2023-09-05T08:53:42.655+0000] {processor.py:836} INFO - DAG(s) dict_keys(['example_sla_dag']) retrieved from /home/airflow/.local/lib/python3.7/site-packages/airflow/example_dags/example_sla_dag.py
[2023-09-05T08:53:42.693+0000] {logging_mixin.py:150} INFO - [2023-09-05T08:53:42.693+0000] {dag.py:2742} INFO - Sync 1 DAGs
[2023-09-05T08:53:42.754+0000] {logging_mixin.py:150} INFO - [2023-09-05T08:53:42.754+0000] {dag.py:3508} INFO - Setting next_dagrun for example_sla_dag to 2023-09-05T08:50:00+00:00, run_after=2023-09-05T08:52:00+00:00
[2023-09-05T08:53:42.781+0000] {processor.py:179} INFO - Processing /home/airflow/.local/lib/python3.7/site-packages/airflow/example_dags/example_sla_dag.py took 0.148 seconds
