[2023-09-05T08:48:12.070+0000] {processor.py:157} INFO - Started process (PID=308) to work on /home/airflow/.local/lib/python3.7/site-packages/airflow/example_dags/example_local_kubernetes_executor.py
[2023-09-05T08:48:12.071+0000] {processor.py:826} INFO - Processing file /home/airflow/.local/lib/python3.7/site-packages/airflow/example_dags/example_local_kubernetes_executor.py for tasks to queue
[2023-09-05T08:48:12.073+0000] {logging_mixin.py:150} INFO - [2023-09-05T08:48:12.072+0000] {dagbag.py:541} INFO - Filling up the DagBag from /home/airflow/.local/lib/python3.7/site-packages/airflow/example_dags/example_local_kubernetes_executor.py
[2023-09-05T08:48:13.691+0000] {processor.py:836} INFO - DAG(s) dict_keys(['example_local_kubernetes_executor']) retrieved from /home/airflow/.local/lib/python3.7/site-packages/airflow/example_dags/example_local_kubernetes_executor.py
[2023-09-05T08:48:13.905+0000] {logging_mixin.py:150} INFO - [2023-09-05T08:48:13.905+0000] {manager.py:504} INFO - Created Permission View: can delete on DAG:example_local_kubernetes_executor
[2023-09-05T08:48:13.923+0000] {logging_mixin.py:150} INFO - [2023-09-05T08:48:13.923+0000] {manager.py:504} INFO - Created Permission View: can read on DAG:example_local_kubernetes_executor
[2023-09-05T08:48:13.936+0000] {logging_mixin.py:150} INFO - [2023-09-05T08:48:13.936+0000] {manager.py:504} INFO - Created Permission View: can edit on DAG:example_local_kubernetes_executor
[2023-09-05T08:48:13.956+0000] {logging_mixin.py:150} INFO - [2023-09-05T08:48:13.956+0000] {dag.py:2742} INFO - Sync 1 DAGs
[2023-09-05T08:48:13.975+0000] {logging_mixin.py:150} INFO - [2023-09-05T08:48:13.975+0000] {dag.py:2763} INFO - Creating ORM DAG for example_local_kubernetes_executor
[2023-09-05T08:48:13.991+0000] {logging_mixin.py:150} INFO - [2023-09-05T08:48:13.991+0000] {dag.py:3508} INFO - Setting next_dagrun for example_local_kubernetes_executor to None, run_after=None
[2023-09-05T08:48:14.020+0000] {processor.py:179} INFO - Processing /home/airflow/.local/lib/python3.7/site-packages/airflow/example_dags/example_local_kubernetes_executor.py took 1.962 seconds
[2023-09-05T08:48:44.638+0000] {processor.py:157} INFO - Started process (PID=565) to work on /home/airflow/.local/lib/python3.7/site-packages/airflow/example_dags/example_local_kubernetes_executor.py
[2023-09-05T08:48:44.666+0000] {processor.py:826} INFO - Processing file /home/airflow/.local/lib/python3.7/site-packages/airflow/example_dags/example_local_kubernetes_executor.py for tasks to queue
[2023-09-05T08:48:44.667+0000] {logging_mixin.py:150} INFO - [2023-09-05T08:48:44.666+0000] {dagbag.py:541} INFO - Filling up the DagBag from /home/airflow/.local/lib/python3.7/site-packages/airflow/example_dags/example_local_kubernetes_executor.py
[2023-09-05T08:48:45.061+0000] {processor.py:836} INFO - DAG(s) dict_keys(['example_local_kubernetes_executor']) retrieved from /home/airflow/.local/lib/python3.7/site-packages/airflow/example_dags/example_local_kubernetes_executor.py
[2023-09-05T08:48:45.125+0000] {logging_mixin.py:150} INFO - [2023-09-05T08:48:45.125+0000] {dag.py:2742} INFO - Sync 1 DAGs
[2023-09-05T08:48:45.173+0000] {logging_mixin.py:150} INFO - [2023-09-05T08:48:45.173+0000] {dag.py:3508} INFO - Setting next_dagrun for example_local_kubernetes_executor to None, run_after=None
[2023-09-05T08:48:45.218+0000] {processor.py:179} INFO - Processing /home/airflow/.local/lib/python3.7/site-packages/airflow/example_dags/example_local_kubernetes_executor.py took 0.585 seconds
[2023-09-05T08:49:15.518+0000] {processor.py:157} INFO - Started process (PID=810) to work on /home/airflow/.local/lib/python3.7/site-packages/airflow/example_dags/example_local_kubernetes_executor.py
[2023-09-05T08:49:15.520+0000] {processor.py:826} INFO - Processing file /home/airflow/.local/lib/python3.7/site-packages/airflow/example_dags/example_local_kubernetes_executor.py for tasks to queue
[2023-09-05T08:49:15.522+0000] {logging_mixin.py:150} INFO - [2023-09-05T08:49:15.521+0000] {dagbag.py:541} INFO - Filling up the DagBag from /home/airflow/.local/lib/python3.7/site-packages/airflow/example_dags/example_local_kubernetes_executor.py
[2023-09-05T08:49:15.912+0000] {processor.py:836} INFO - DAG(s) dict_keys(['example_local_kubernetes_executor']) retrieved from /home/airflow/.local/lib/python3.7/site-packages/airflow/example_dags/example_local_kubernetes_executor.py
[2023-09-05T08:49:15.969+0000] {logging_mixin.py:150} INFO - [2023-09-05T08:49:15.969+0000] {dag.py:2742} INFO - Sync 1 DAGs
[2023-09-05T08:49:16.019+0000] {logging_mixin.py:150} INFO - [2023-09-05T08:49:16.019+0000] {dag.py:3508} INFO - Setting next_dagrun for example_local_kubernetes_executor to None, run_after=None
[2023-09-05T08:49:16.053+0000] {processor.py:179} INFO - Processing /home/airflow/.local/lib/python3.7/site-packages/airflow/example_dags/example_local_kubernetes_executor.py took 0.545 seconds
[2023-09-05T08:49:46.170+0000] {processor.py:157} INFO - Started process (PID=1055) to work on /home/airflow/.local/lib/python3.7/site-packages/airflow/example_dags/example_local_kubernetes_executor.py
[2023-09-05T08:49:46.171+0000] {processor.py:826} INFO - Processing file /home/airflow/.local/lib/python3.7/site-packages/airflow/example_dags/example_local_kubernetes_executor.py for tasks to queue
[2023-09-05T08:49:46.173+0000] {logging_mixin.py:150} INFO - [2023-09-05T08:49:46.172+0000] {dagbag.py:541} INFO - Filling up the DagBag from /home/airflow/.local/lib/python3.7/site-packages/airflow/example_dags/example_local_kubernetes_executor.py
[2023-09-05T08:49:46.521+0000] {processor.py:836} INFO - DAG(s) dict_keys(['example_local_kubernetes_executor']) retrieved from /home/airflow/.local/lib/python3.7/site-packages/airflow/example_dags/example_local_kubernetes_executor.py
[2023-09-05T08:49:46.585+0000] {logging_mixin.py:150} INFO - [2023-09-05T08:49:46.585+0000] {dag.py:2742} INFO - Sync 1 DAGs
[2023-09-05T08:49:46.635+0000] {logging_mixin.py:150} INFO - [2023-09-05T08:49:46.635+0000] {dag.py:3508} INFO - Setting next_dagrun for example_local_kubernetes_executor to None, run_after=None
[2023-09-05T08:49:46.668+0000] {processor.py:179} INFO - Processing /home/airflow/.local/lib/python3.7/site-packages/airflow/example_dags/example_local_kubernetes_executor.py took 0.505 seconds
[2023-09-05T08:50:17.396+0000] {processor.py:157} INFO - Started process (PID=1300) to work on /home/airflow/.local/lib/python3.7/site-packages/airflow/example_dags/example_local_kubernetes_executor.py
[2023-09-05T08:50:17.398+0000] {processor.py:826} INFO - Processing file /home/airflow/.local/lib/python3.7/site-packages/airflow/example_dags/example_local_kubernetes_executor.py for tasks to queue
[2023-09-05T08:50:17.400+0000] {logging_mixin.py:150} INFO - [2023-09-05T08:50:17.399+0000] {dagbag.py:541} INFO - Filling up the DagBag from /home/airflow/.local/lib/python3.7/site-packages/airflow/example_dags/example_local_kubernetes_executor.py
[2023-09-05T08:50:17.755+0000] {processor.py:836} INFO - DAG(s) dict_keys(['example_local_kubernetes_executor']) retrieved from /home/airflow/.local/lib/python3.7/site-packages/airflow/example_dags/example_local_kubernetes_executor.py
[2023-09-05T08:50:17.813+0000] {logging_mixin.py:150} INFO - [2023-09-05T08:50:17.813+0000] {dag.py:2742} INFO - Sync 1 DAGs
[2023-09-05T08:50:17.858+0000] {logging_mixin.py:150} INFO - [2023-09-05T08:50:17.858+0000] {dag.py:3508} INFO - Setting next_dagrun for example_local_kubernetes_executor to None, run_after=None
[2023-09-05T08:50:17.887+0000] {processor.py:179} INFO - Processing /home/airflow/.local/lib/python3.7/site-packages/airflow/example_dags/example_local_kubernetes_executor.py took 0.500 seconds
[2023-09-05T08:51:09.768+0000] {processor.py:157} INFO - Started process (PID=309) to work on /home/airflow/.local/lib/python3.7/site-packages/airflow/example_dags/example_local_kubernetes_executor.py
[2023-09-05T08:51:09.769+0000] {processor.py:826} INFO - Processing file /home/airflow/.local/lib/python3.7/site-packages/airflow/example_dags/example_local_kubernetes_executor.py for tasks to queue
[2023-09-05T08:51:09.770+0000] {logging_mixin.py:150} INFO - [2023-09-05T08:51:09.770+0000] {dagbag.py:541} INFO - Filling up the DagBag from /home/airflow/.local/lib/python3.7/site-packages/airflow/example_dags/example_local_kubernetes_executor.py
[2023-09-05T08:51:10.280+0000] {processor.py:836} INFO - DAG(s) dict_keys(['example_local_kubernetes_executor']) retrieved from /home/airflow/.local/lib/python3.7/site-packages/airflow/example_dags/example_local_kubernetes_executor.py
[2023-09-05T08:51:10.327+0000] {logging_mixin.py:150} INFO - [2023-09-05T08:51:10.326+0000] {dag.py:2742} INFO - Sync 1 DAGs
[2023-09-05T08:51:10.361+0000] {logging_mixin.py:150} INFO - [2023-09-05T08:51:10.360+0000] {dag.py:3508} INFO - Setting next_dagrun for example_local_kubernetes_executor to None, run_after=None
[2023-09-05T08:51:10.385+0000] {processor.py:179} INFO - Processing /home/airflow/.local/lib/python3.7/site-packages/airflow/example_dags/example_local_kubernetes_executor.py took 0.623 seconds
[2023-09-05T08:51:40.490+0000] {processor.py:157} INFO - Started process (PID=562) to work on /home/airflow/.local/lib/python3.7/site-packages/airflow/example_dags/example_local_kubernetes_executor.py
[2023-09-05T08:51:40.492+0000] {processor.py:826} INFO - Processing file /home/airflow/.local/lib/python3.7/site-packages/airflow/example_dags/example_local_kubernetes_executor.py for tasks to queue
[2023-09-05T08:51:40.493+0000] {logging_mixin.py:150} INFO - [2023-09-05T08:51:40.492+0000] {dagbag.py:541} INFO - Filling up the DagBag from /home/airflow/.local/lib/python3.7/site-packages/airflow/example_dags/example_local_kubernetes_executor.py
[2023-09-05T08:51:40.960+0000] {processor.py:836} INFO - DAG(s) dict_keys(['example_local_kubernetes_executor']) retrieved from /home/airflow/.local/lib/python3.7/site-packages/airflow/example_dags/example_local_kubernetes_executor.py
[2023-09-05T08:51:41.006+0000] {logging_mixin.py:150} INFO - [2023-09-05T08:51:41.006+0000] {dag.py:2742} INFO - Sync 1 DAGs
[2023-09-05T08:51:41.042+0000] {logging_mixin.py:150} INFO - [2023-09-05T08:51:41.042+0000] {dag.py:3508} INFO - Setting next_dagrun for example_local_kubernetes_executor to None, run_after=None
[2023-09-05T08:51:41.067+0000] {processor.py:179} INFO - Processing /home/airflow/.local/lib/python3.7/site-packages/airflow/example_dags/example_local_kubernetes_executor.py took 0.582 seconds
[2023-09-05T08:52:13.163+0000] {processor.py:157} INFO - Started process (PID=797) to work on /home/airflow/.local/lib/python3.7/site-packages/airflow/example_dags/example_local_kubernetes_executor.py
[2023-09-05T08:52:13.164+0000] {processor.py:826} INFO - Processing file /home/airflow/.local/lib/python3.7/site-packages/airflow/example_dags/example_local_kubernetes_executor.py for tasks to queue
[2023-09-05T08:52:13.165+0000] {logging_mixin.py:150} INFO - [2023-09-05T08:52:13.165+0000] {dagbag.py:541} INFO - Filling up the DagBag from /home/airflow/.local/lib/python3.7/site-packages/airflow/example_dags/example_local_kubernetes_executor.py
[2023-09-05T08:52:13.692+0000] {processor.py:836} INFO - DAG(s) dict_keys(['example_local_kubernetes_executor']) retrieved from /home/airflow/.local/lib/python3.7/site-packages/airflow/example_dags/example_local_kubernetes_executor.py
[2023-09-05T08:52:13.757+0000] {logging_mixin.py:150} INFO - [2023-09-05T08:52:13.757+0000] {dag.py:2742} INFO - Sync 1 DAGs
[2023-09-05T08:52:13.811+0000] {logging_mixin.py:150} INFO - [2023-09-05T08:52:13.811+0000] {dag.py:3508} INFO - Setting next_dagrun for example_local_kubernetes_executor to None, run_after=None
[2023-09-05T08:52:13.876+0000] {processor.py:179} INFO - Processing /home/airflow/.local/lib/python3.7/site-packages/airflow/example_dags/example_local_kubernetes_executor.py took 0.719 seconds
[2023-09-05T08:52:44.170+0000] {processor.py:157} INFO - Started process (PID=1049) to work on /home/airflow/.local/lib/python3.7/site-packages/airflow/example_dags/example_local_kubernetes_executor.py
[2023-09-05T08:52:44.172+0000] {processor.py:826} INFO - Processing file /home/airflow/.local/lib/python3.7/site-packages/airflow/example_dags/example_local_kubernetes_executor.py for tasks to queue
[2023-09-05T08:52:44.174+0000] {logging_mixin.py:150} INFO - [2023-09-05T08:52:44.173+0000] {dagbag.py:541} INFO - Filling up the DagBag from /home/airflow/.local/lib/python3.7/site-packages/airflow/example_dags/example_local_kubernetes_executor.py
[2023-09-05T08:52:44.508+0000] {processor.py:836} INFO - DAG(s) dict_keys(['example_local_kubernetes_executor']) retrieved from /home/airflow/.local/lib/python3.7/site-packages/airflow/example_dags/example_local_kubernetes_executor.py
[2023-09-05T08:52:44.562+0000] {logging_mixin.py:150} INFO - [2023-09-05T08:52:44.562+0000] {dag.py:2742} INFO - Sync 1 DAGs
[2023-09-05T08:52:44.599+0000] {logging_mixin.py:150} INFO - [2023-09-05T08:52:44.599+0000] {dag.py:3508} INFO - Setting next_dagrun for example_local_kubernetes_executor to None, run_after=None
[2023-09-05T08:52:44.630+0000] {processor.py:179} INFO - Processing /home/airflow/.local/lib/python3.7/site-packages/airflow/example_dags/example_local_kubernetes_executor.py took 0.467 seconds
[2023-09-05T08:53:15.168+0000] {processor.py:157} INFO - Started process (PID=1310) to work on /home/airflow/.local/lib/python3.7/site-packages/airflow/example_dags/example_local_kubernetes_executor.py
[2023-09-05T08:53:15.170+0000] {processor.py:826} INFO - Processing file /home/airflow/.local/lib/python3.7/site-packages/airflow/example_dags/example_local_kubernetes_executor.py for tasks to queue
[2023-09-05T08:53:15.170+0000] {logging_mixin.py:150} INFO - [2023-09-05T08:53:15.170+0000] {dagbag.py:541} INFO - Filling up the DagBag from /home/airflow/.local/lib/python3.7/site-packages/airflow/example_dags/example_local_kubernetes_executor.py
[2023-09-05T08:53:15.490+0000] {processor.py:836} INFO - DAG(s) dict_keys(['example_local_kubernetes_executor']) retrieved from /home/airflow/.local/lib/python3.7/site-packages/airflow/example_dags/example_local_kubernetes_executor.py
[2023-09-05T08:53:15.551+0000] {logging_mixin.py:150} INFO - [2023-09-05T08:53:15.550+0000] {dag.py:2742} INFO - Sync 1 DAGs
[2023-09-05T08:53:15.597+0000] {logging_mixin.py:150} INFO - [2023-09-05T08:53:15.597+0000] {dag.py:3508} INFO - Setting next_dagrun for example_local_kubernetes_executor to None, run_after=None
[2023-09-05T08:53:15.664+0000] {processor.py:179} INFO - Processing /home/airflow/.local/lib/python3.7/site-packages/airflow/example_dags/example_local_kubernetes_executor.py took 0.501 seconds
[2023-09-05T08:53:46.354+0000] {processor.py:157} INFO - Started process (PID=1555) to work on /home/airflow/.local/lib/python3.7/site-packages/airflow/example_dags/example_local_kubernetes_executor.py
[2023-09-05T08:53:46.356+0000] {processor.py:826} INFO - Processing file /home/airflow/.local/lib/python3.7/site-packages/airflow/example_dags/example_local_kubernetes_executor.py for tasks to queue
[2023-09-05T08:53:46.357+0000] {logging_mixin.py:150} INFO - [2023-09-05T08:53:46.357+0000] {dagbag.py:541} INFO - Filling up the DagBag from /home/airflow/.local/lib/python3.7/site-packages/airflow/example_dags/example_local_kubernetes_executor.py
[2023-09-05T08:53:46.658+0000] {processor.py:836} INFO - DAG(s) dict_keys(['example_local_kubernetes_executor']) retrieved from /home/airflow/.local/lib/python3.7/site-packages/airflow/example_dags/example_local_kubernetes_executor.py
[2023-09-05T08:53:46.705+0000] {logging_mixin.py:150} INFO - [2023-09-05T08:53:46.704+0000] {dag.py:2742} INFO - Sync 1 DAGs
[2023-09-05T08:53:46.743+0000] {logging_mixin.py:150} INFO - [2023-09-05T08:53:46.743+0000] {dag.py:3508} INFO - Setting next_dagrun for example_local_kubernetes_executor to None, run_after=None
[2023-09-05T08:53:46.771+0000] {processor.py:179} INFO - Processing /home/airflow/.local/lib/python3.7/site-packages/airflow/example_dags/example_local_kubernetes_executor.py took 0.426 seconds
