[2023-09-05T08:48:07.334+0000] {processor.py:157} INFO - Started process (PID=193) to work on /home/airflow/.local/lib/python3.7/site-packages/airflow/example_dags/example_task_group.py
[2023-09-05T08:48:07.336+0000] {processor.py:826} INFO - Processing file /home/airflow/.local/lib/python3.7/site-packages/airflow/example_dags/example_task_group.py for tasks to queue
[2023-09-05T08:48:07.338+0000] {logging_mixin.py:150} INFO - [2023-09-05T08:48:07.337+0000] {dagbag.py:541} INFO - Filling up the DagBag from /home/airflow/.local/lib/python3.7/site-packages/airflow/example_dags/example_task_group.py
[2023-09-05T08:48:07.364+0000] {processor.py:836} INFO - DAG(s) dict_keys(['example_task_group']) retrieved from /home/airflow/.local/lib/python3.7/site-packages/airflow/example_dags/example_task_group.py
[2023-09-05T08:48:07.586+0000] {logging_mixin.py:150} INFO - [2023-09-05T08:48:07.586+0000] {manager.py:504} INFO - Created Permission View: can delete on DAG:example_task_group
[2023-09-05T08:48:07.609+0000] {logging_mixin.py:150} INFO - [2023-09-05T08:48:07.609+0000] {manager.py:504} INFO - Created Permission View: can read on DAG:example_task_group
[2023-09-05T08:48:07.623+0000] {logging_mixin.py:150} INFO - [2023-09-05T08:48:07.623+0000] {manager.py:504} INFO - Created Permission View: can edit on DAG:example_task_group
[2023-09-05T08:48:07.650+0000] {logging_mixin.py:150} INFO - [2023-09-05T08:48:07.650+0000] {dag.py:2742} INFO - Sync 1 DAGs
[2023-09-05T08:48:07.675+0000] {logging_mixin.py:150} INFO - [2023-09-05T08:48:07.675+0000] {dag.py:2763} INFO - Creating ORM DAG for example_task_group
[2023-09-05T08:48:07.697+0000] {logging_mixin.py:150} INFO - [2023-09-05T08:48:07.697+0000] {dag.py:3508} INFO - Setting next_dagrun for example_task_group to 2023-09-04T08:48:07.696797+00:00, run_after=2023-09-05T08:48:07.696797+00:00
[2023-09-05T08:48:07.729+0000] {processor.py:179} INFO - Processing /home/airflow/.local/lib/python3.7/site-packages/airflow/example_dags/example_task_group.py took 0.403 seconds
[2023-09-05T08:48:37.799+0000] {processor.py:157} INFO - Started process (PID=440) to work on /home/airflow/.local/lib/python3.7/site-packages/airflow/example_dags/example_task_group.py
[2023-09-05T08:48:37.801+0000] {processor.py:826} INFO - Processing file /home/airflow/.local/lib/python3.7/site-packages/airflow/example_dags/example_task_group.py for tasks to queue
[2023-09-05T08:48:37.802+0000] {logging_mixin.py:150} INFO - [2023-09-05T08:48:37.801+0000] {dagbag.py:541} INFO - Filling up the DagBag from /home/airflow/.local/lib/python3.7/site-packages/airflow/example_dags/example_task_group.py
[2023-09-05T08:48:37.813+0000] {processor.py:836} INFO - DAG(s) dict_keys(['example_task_group']) retrieved from /home/airflow/.local/lib/python3.7/site-packages/airflow/example_dags/example_task_group.py
[2023-09-05T08:48:37.854+0000] {logging_mixin.py:150} INFO - [2023-09-05T08:48:37.854+0000] {dag.py:2742} INFO - Sync 1 DAGs
[2023-09-05T08:48:37.894+0000] {logging_mixin.py:150} INFO - [2023-09-05T08:48:37.894+0000] {dag.py:3508} INFO - Setting next_dagrun for example_task_group to 2023-09-04T08:48:37.894215+00:00, run_after=2023-09-05T08:48:37.894215+00:00
[2023-09-05T08:48:37.922+0000] {processor.py:179} INFO - Processing /home/airflow/.local/lib/python3.7/site-packages/airflow/example_dags/example_task_group.py took 0.127 seconds
[2023-09-05T08:49:08.206+0000] {processor.py:157} INFO - Started process (PID=685) to work on /home/airflow/.local/lib/python3.7/site-packages/airflow/example_dags/example_task_group.py
[2023-09-05T08:49:08.207+0000] {processor.py:826} INFO - Processing file /home/airflow/.local/lib/python3.7/site-packages/airflow/example_dags/example_task_group.py for tasks to queue
[2023-09-05T08:49:08.208+0000] {logging_mixin.py:150} INFO - [2023-09-05T08:49:08.207+0000] {dagbag.py:541} INFO - Filling up the DagBag from /home/airflow/.local/lib/python3.7/site-packages/airflow/example_dags/example_task_group.py
[2023-09-05T08:49:08.219+0000] {processor.py:836} INFO - DAG(s) dict_keys(['example_task_group']) retrieved from /home/airflow/.local/lib/python3.7/site-packages/airflow/example_dags/example_task_group.py
[2023-09-05T08:49:08.254+0000] {logging_mixin.py:150} INFO - [2023-09-05T08:49:08.253+0000] {dag.py:2742} INFO - Sync 1 DAGs
[2023-09-05T08:49:08.287+0000] {logging_mixin.py:150} INFO - [2023-09-05T08:49:08.287+0000] {dag.py:3508} INFO - Setting next_dagrun for example_task_group to 2023-09-04T08:49:08.287336+00:00, run_after=2023-09-05T08:49:08.287336+00:00
[2023-09-05T08:49:08.315+0000] {processor.py:179} INFO - Processing /home/airflow/.local/lib/python3.7/site-packages/airflow/example_dags/example_task_group.py took 0.114 seconds
[2023-09-05T08:49:38.681+0000] {processor.py:157} INFO - Started process (PID=930) to work on /home/airflow/.local/lib/python3.7/site-packages/airflow/example_dags/example_task_group.py
[2023-09-05T08:49:38.683+0000] {processor.py:826} INFO - Processing file /home/airflow/.local/lib/python3.7/site-packages/airflow/example_dags/example_task_group.py for tasks to queue
[2023-09-05T08:49:38.684+0000] {logging_mixin.py:150} INFO - [2023-09-05T08:49:38.683+0000] {dagbag.py:541} INFO - Filling up the DagBag from /home/airflow/.local/lib/python3.7/site-packages/airflow/example_dags/example_task_group.py
[2023-09-05T08:49:38.697+0000] {processor.py:836} INFO - DAG(s) dict_keys(['example_task_group']) retrieved from /home/airflow/.local/lib/python3.7/site-packages/airflow/example_dags/example_task_group.py
[2023-09-05T08:49:38.745+0000] {logging_mixin.py:150} INFO - [2023-09-05T08:49:38.744+0000] {dag.py:2742} INFO - Sync 1 DAGs
[2023-09-05T08:49:38.793+0000] {logging_mixin.py:150} INFO - [2023-09-05T08:49:38.792+0000] {dag.py:3508} INFO - Setting next_dagrun for example_task_group to 2023-09-04T08:49:38.792576+00:00, run_after=2023-09-05T08:49:38.792576+00:00
[2023-09-05T08:49:38.828+0000] {processor.py:179} INFO - Processing /home/airflow/.local/lib/python3.7/site-packages/airflow/example_dags/example_task_group.py took 0.157 seconds
[2023-09-05T08:50:09.093+0000] {processor.py:157} INFO - Started process (PID=1175) to work on /home/airflow/.local/lib/python3.7/site-packages/airflow/example_dags/example_task_group.py
[2023-09-05T08:50:09.094+0000] {processor.py:826} INFO - Processing file /home/airflow/.local/lib/python3.7/site-packages/airflow/example_dags/example_task_group.py for tasks to queue
[2023-09-05T08:50:09.095+0000] {logging_mixin.py:150} INFO - [2023-09-05T08:50:09.095+0000] {dagbag.py:541} INFO - Filling up the DagBag from /home/airflow/.local/lib/python3.7/site-packages/airflow/example_dags/example_task_group.py
[2023-09-05T08:50:09.105+0000] {processor.py:836} INFO - DAG(s) dict_keys(['example_task_group']) retrieved from /home/airflow/.local/lib/python3.7/site-packages/airflow/example_dags/example_task_group.py
[2023-09-05T08:50:09.139+0000] {logging_mixin.py:150} INFO - [2023-09-05T08:50:09.139+0000] {dag.py:2742} INFO - Sync 1 DAGs
[2023-09-05T08:50:09.176+0000] {logging_mixin.py:150} INFO - [2023-09-05T08:50:09.176+0000] {dag.py:3508} INFO - Setting next_dagrun for example_task_group to 2023-09-04T08:50:09.176018+00:00, run_after=2023-09-05T08:50:09.176018+00:00
[2023-09-05T08:50:09.204+0000] {processor.py:179} INFO - Processing /home/airflow/.local/lib/python3.7/site-packages/airflow/example_dags/example_task_group.py took 0.115 seconds
[2023-09-05T08:51:07.383+0000] {processor.py:157} INFO - Started process (PID=192) to work on /home/airflow/.local/lib/python3.7/site-packages/airflow/example_dags/example_task_group.py
[2023-09-05T08:51:07.385+0000] {processor.py:826} INFO - Processing file /home/airflow/.local/lib/python3.7/site-packages/airflow/example_dags/example_task_group.py for tasks to queue
[2023-09-05T08:51:07.387+0000] {logging_mixin.py:150} INFO - [2023-09-05T08:51:07.386+0000] {dagbag.py:541} INFO - Filling up the DagBag from /home/airflow/.local/lib/python3.7/site-packages/airflow/example_dags/example_task_group.py
[2023-09-05T08:51:07.402+0000] {processor.py:836} INFO - DAG(s) dict_keys(['example_task_group']) retrieved from /home/airflow/.local/lib/python3.7/site-packages/airflow/example_dags/example_task_group.py
[2023-09-05T08:51:07.457+0000] {logging_mixin.py:150} INFO - [2023-09-05T08:51:07.457+0000] {dag.py:2742} INFO - Sync 1 DAGs
[2023-09-05T08:51:07.509+0000] {logging_mixin.py:150} INFO - [2023-09-05T08:51:07.509+0000] {dag.py:3508} INFO - Setting next_dagrun for example_task_group to 2023-09-04T08:51:07.508740+00:00, run_after=2023-09-05T08:51:07.508740+00:00
[2023-09-05T08:51:07.546+0000] {processor.py:179} INFO - Processing /home/airflow/.local/lib/python3.7/site-packages/airflow/example_dags/example_task_group.py took 0.169 seconds
[2023-09-05T08:51:37.790+0000] {processor.py:157} INFO - Started process (PID=437) to work on /home/airflow/.local/lib/python3.7/site-packages/airflow/example_dags/example_task_group.py
[2023-09-05T08:51:37.791+0000] {processor.py:826} INFO - Processing file /home/airflow/.local/lib/python3.7/site-packages/airflow/example_dags/example_task_group.py for tasks to queue
[2023-09-05T08:51:37.792+0000] {logging_mixin.py:150} INFO - [2023-09-05T08:51:37.792+0000] {dagbag.py:541} INFO - Filling up the DagBag from /home/airflow/.local/lib/python3.7/site-packages/airflow/example_dags/example_task_group.py
[2023-09-05T08:51:37.811+0000] {processor.py:836} INFO - DAG(s) dict_keys(['example_task_group']) retrieved from /home/airflow/.local/lib/python3.7/site-packages/airflow/example_dags/example_task_group.py
[2023-09-05T08:51:37.852+0000] {logging_mixin.py:150} INFO - [2023-09-05T08:51:37.852+0000] {dag.py:2742} INFO - Sync 1 DAGs
[2023-09-05T08:51:37.897+0000] {logging_mixin.py:150} INFO - [2023-09-05T08:51:37.897+0000] {dag.py:3508} INFO - Setting next_dagrun for example_task_group to 2023-09-04T08:51:37.897256+00:00, run_after=2023-09-05T08:51:37.897256+00:00
[2023-09-05T08:51:37.934+0000] {processor.py:179} INFO - Processing /home/airflow/.local/lib/python3.7/site-packages/airflow/example_dags/example_task_group.py took 0.150 seconds
[2023-09-05T08:52:08.587+0000] {processor.py:157} INFO - Started process (PID=682) to work on /home/airflow/.local/lib/python3.7/site-packages/airflow/example_dags/example_task_group.py
[2023-09-05T08:52:08.617+0000] {processor.py:826} INFO - Processing file /home/airflow/.local/lib/python3.7/site-packages/airflow/example_dags/example_task_group.py for tasks to queue
[2023-09-05T08:52:08.619+0000] {logging_mixin.py:150} INFO - [2023-09-05T08:52:08.618+0000] {dagbag.py:541} INFO - Filling up the DagBag from /home/airflow/.local/lib/python3.7/site-packages/airflow/example_dags/example_task_group.py
[2023-09-05T08:52:08.632+0000] {processor.py:836} INFO - DAG(s) dict_keys(['example_task_group']) retrieved from /home/airflow/.local/lib/python3.7/site-packages/airflow/example_dags/example_task_group.py
[2023-09-05T08:52:08.673+0000] {logging_mixin.py:150} INFO - [2023-09-05T08:52:08.673+0000] {dag.py:2742} INFO - Sync 1 DAGs
[2023-09-05T08:52:08.720+0000] {logging_mixin.py:150} INFO - [2023-09-05T08:52:08.720+0000] {dag.py:3508} INFO - Setting next_dagrun for example_task_group to 2023-09-04T08:52:08.719769+00:00, run_after=2023-09-05T08:52:08.719769+00:00
[2023-09-05T08:52:08.923+0000] {processor.py:179} INFO - Processing /home/airflow/.local/lib/python3.7/site-packages/airflow/example_dags/example_task_group.py took 0.342 seconds
[2023-09-05T08:52:39.728+0000] {processor.py:157} INFO - Started process (PID=927) to work on /home/airflow/.local/lib/python3.7/site-packages/airflow/example_dags/example_task_group.py
[2023-09-05T08:52:39.729+0000] {processor.py:826} INFO - Processing file /home/airflow/.local/lib/python3.7/site-packages/airflow/example_dags/example_task_group.py for tasks to queue
[2023-09-05T08:52:39.730+0000] {logging_mixin.py:150} INFO - [2023-09-05T08:52:39.730+0000] {dagbag.py:541} INFO - Filling up the DagBag from /home/airflow/.local/lib/python3.7/site-packages/airflow/example_dags/example_task_group.py
[2023-09-05T08:52:39.742+0000] {processor.py:836} INFO - DAG(s) dict_keys(['example_task_group']) retrieved from /home/airflow/.local/lib/python3.7/site-packages/airflow/example_dags/example_task_group.py
[2023-09-05T08:52:39.913+0000] {logging_mixin.py:150} INFO - [2023-09-05T08:52:39.913+0000] {dag.py:2742} INFO - Sync 1 DAGs
[2023-09-05T08:52:39.947+0000] {logging_mixin.py:150} INFO - [2023-09-05T08:52:39.947+0000] {dag.py:3508} INFO - Setting next_dagrun for example_task_group to 2023-09-04T08:52:39.946890+00:00, run_after=2023-09-05T08:52:39.946890+00:00
[2023-09-05T08:52:39.971+0000] {processor.py:179} INFO - Processing /home/airflow/.local/lib/python3.7/site-packages/airflow/example_dags/example_task_group.py took 0.247 seconds
[2023-09-05T08:53:10.448+0000] {processor.py:157} INFO - Started process (PID=1183) to work on /home/airflow/.local/lib/python3.7/site-packages/airflow/example_dags/example_task_group.py
[2023-09-05T08:53:10.450+0000] {processor.py:826} INFO - Processing file /home/airflow/.local/lib/python3.7/site-packages/airflow/example_dags/example_task_group.py for tasks to queue
[2023-09-05T08:53:10.452+0000] {logging_mixin.py:150} INFO - [2023-09-05T08:53:10.451+0000] {dagbag.py:541} INFO - Filling up the DagBag from /home/airflow/.local/lib/python3.7/site-packages/airflow/example_dags/example_task_group.py
[2023-09-05T08:53:10.466+0000] {processor.py:836} INFO - DAG(s) dict_keys(['example_task_group']) retrieved from /home/airflow/.local/lib/python3.7/site-packages/airflow/example_dags/example_task_group.py
[2023-09-05T08:53:10.520+0000] {logging_mixin.py:150} INFO - [2023-09-05T08:53:10.520+0000] {dag.py:2742} INFO - Sync 1 DAGs
[2023-09-05T08:53:10.569+0000] {logging_mixin.py:150} INFO - [2023-09-05T08:53:10.568+0000] {dag.py:3508} INFO - Setting next_dagrun for example_task_group to 2023-09-04T08:53:10.568603+00:00, run_after=2023-09-05T08:53:10.568603+00:00
[2023-09-05T08:53:10.601+0000] {processor.py:179} INFO - Processing /home/airflow/.local/lib/python3.7/site-packages/airflow/example_dags/example_task_group.py took 0.163 seconds
[2023-09-05T08:53:40.680+0000] {processor.py:157} INFO - Started process (PID=1428) to work on /home/airflow/.local/lib/python3.7/site-packages/airflow/example_dags/example_task_group.py
[2023-09-05T08:53:40.681+0000] {processor.py:826} INFO - Processing file /home/airflow/.local/lib/python3.7/site-packages/airflow/example_dags/example_task_group.py for tasks to queue
[2023-09-05T08:53:40.682+0000] {logging_mixin.py:150} INFO - [2023-09-05T08:53:40.682+0000] {dagbag.py:541} INFO - Filling up the DagBag from /home/airflow/.local/lib/python3.7/site-packages/airflow/example_dags/example_task_group.py
[2023-09-05T08:53:40.694+0000] {processor.py:836} INFO - DAG(s) dict_keys(['example_task_group']) retrieved from /home/airflow/.local/lib/python3.7/site-packages/airflow/example_dags/example_task_group.py
[2023-09-05T08:53:40.731+0000] {logging_mixin.py:150} INFO - [2023-09-05T08:53:40.731+0000] {dag.py:2742} INFO - Sync 1 DAGs
[2023-09-05T08:53:40.770+0000] {logging_mixin.py:150} INFO - [2023-09-05T08:53:40.770+0000] {dag.py:3508} INFO - Setting next_dagrun for example_task_group to 2023-09-04T08:53:40.770057+00:00, run_after=2023-09-05T08:53:40.770057+00:00
[2023-09-05T08:53:40.798+0000] {processor.py:179} INFO - Processing /home/airflow/.local/lib/python3.7/site-packages/airflow/example_dags/example_task_group.py took 0.123 seconds
