[2023-09-05T08:48:10.333+0000] {processor.py:157} INFO - Started process (PID=268) to work on /home/airflow/.local/lib/python3.7/site-packages/airflow/example_dags/example_branch_datetime_operator.py
[2023-09-05T08:48:10.334+0000] {processor.py:826} INFO - Processing file /home/airflow/.local/lib/python3.7/site-packages/airflow/example_dags/example_branch_datetime_operator.py for tasks to queue
[2023-09-05T08:48:10.335+0000] {logging_mixin.py:150} INFO - [2023-09-05T08:48:10.335+0000] {dagbag.py:541} INFO - Filling up the DagBag from /home/airflow/.local/lib/python3.7/site-packages/airflow/example_dags/example_branch_datetime_operator.py
[2023-09-05T08:48:10.354+0000] {processor.py:836} INFO - DAG(s) dict_keys(['example_branch_datetime_operator', 'example_branch_datetime_operator_2', 'example_branch_datetime_operator_3']) retrieved from /home/airflow/.local/lib/python3.7/site-packages/airflow/example_dags/example_branch_datetime_operator.py
[2023-09-05T08:48:10.574+0000] {logging_mixin.py:150} INFO - [2023-09-05T08:48:10.573+0000] {manager.py:504} INFO - Created Permission View: can delete on DAG:example_branch_datetime_operator
[2023-09-05T08:48:10.593+0000] {logging_mixin.py:150} INFO - [2023-09-05T08:48:10.592+0000] {manager.py:504} INFO - Created Permission View: can read on DAG:example_branch_datetime_operator
[2023-09-05T08:48:10.605+0000] {logging_mixin.py:150} INFO - [2023-09-05T08:48:10.605+0000] {manager.py:504} INFO - Created Permission View: can edit on DAG:example_branch_datetime_operator
[2023-09-05T08:48:10.657+0000] {logging_mixin.py:150} INFO - [2023-09-05T08:48:10.657+0000] {manager.py:504} INFO - Created Permission View: can delete on DAG:example_branch_datetime_operator_2
[2023-09-05T08:48:10.670+0000] {logging_mixin.py:150} INFO - [2023-09-05T08:48:10.669+0000] {manager.py:504} INFO - Created Permission View: can read on DAG:example_branch_datetime_operator_2
[2023-09-05T08:48:10.682+0000] {logging_mixin.py:150} INFO - [2023-09-05T08:48:10.681+0000] {manager.py:504} INFO - Created Permission View: can edit on DAG:example_branch_datetime_operator_2
[2023-09-05T08:48:10.716+0000] {logging_mixin.py:150} INFO - [2023-09-05T08:48:10.716+0000] {manager.py:504} INFO - Created Permission View: can delete on DAG:example_branch_datetime_operator_3
[2023-09-05T08:48:10.736+0000] {logging_mixin.py:150} INFO - [2023-09-05T08:48:10.735+0000] {manager.py:504} INFO - Created Permission View: can read on DAG:example_branch_datetime_operator_3
[2023-09-05T08:48:10.754+0000] {logging_mixin.py:150} INFO - [2023-09-05T08:48:10.754+0000] {manager.py:504} INFO - Created Permission View: can edit on DAG:example_branch_datetime_operator_3
[2023-09-05T08:48:10.766+0000] {logging_mixin.py:150} INFO - [2023-09-05T08:48:10.766+0000] {dag.py:2742} INFO - Sync 3 DAGs
[2023-09-05T08:48:10.791+0000] {logging_mixin.py:150} INFO - [2023-09-05T08:48:10.790+0000] {dag.py:2763} INFO - Creating ORM DAG for example_branch_datetime_operator
[2023-09-05T08:48:10.791+0000] {logging_mixin.py:150} INFO - [2023-09-05T08:48:10.791+0000] {dag.py:2763} INFO - Creating ORM DAG for example_branch_datetime_operator_2
[2023-09-05T08:48:10.792+0000] {logging_mixin.py:150} INFO - [2023-09-05T08:48:10.792+0000] {dag.py:2763} INFO - Creating ORM DAG for example_branch_datetime_operator_3
[2023-09-05T08:48:10.815+0000] {logging_mixin.py:150} INFO - [2023-09-05T08:48:10.815+0000] {dag.py:3508} INFO - Setting next_dagrun for example_branch_datetime_operator to 2023-09-04T00:00:00+00:00, run_after=2023-09-05T00:00:00+00:00
[2023-09-05T08:48:10.819+0000] {logging_mixin.py:150} INFO - [2023-09-05T08:48:10.819+0000] {dag.py:3508} INFO - Setting next_dagrun for example_branch_datetime_operator_2 to 2023-09-04T00:00:00+00:00, run_after=2023-09-05T00:00:00+00:00
[2023-09-05T08:48:10.823+0000] {logging_mixin.py:150} INFO - [2023-09-05T08:48:10.822+0000] {dag.py:3508} INFO - Setting next_dagrun for example_branch_datetime_operator_3 to 2023-09-04T00:00:00+00:00, run_after=2023-09-05T00:00:00+00:00
[2023-09-05T08:48:10.855+0000] {processor.py:179} INFO - Processing /home/airflow/.local/lib/python3.7/site-packages/airflow/example_dags/example_branch_datetime_operator.py took 0.531 seconds
[2023-09-05T08:48:41.142+0000] {processor.py:157} INFO - Started process (PID=515) to work on /home/airflow/.local/lib/python3.7/site-packages/airflow/example_dags/example_branch_datetime_operator.py
[2023-09-05T08:48:41.143+0000] {processor.py:826} INFO - Processing file /home/airflow/.local/lib/python3.7/site-packages/airflow/example_dags/example_branch_datetime_operator.py for tasks to queue
[2023-09-05T08:48:41.145+0000] {logging_mixin.py:150} INFO - [2023-09-05T08:48:41.144+0000] {dagbag.py:541} INFO - Filling up the DagBag from /home/airflow/.local/lib/python3.7/site-packages/airflow/example_dags/example_branch_datetime_operator.py
[2023-09-05T08:48:41.162+0000] {processor.py:836} INFO - DAG(s) dict_keys(['example_branch_datetime_operator_2', 'example_branch_datetime_operator_3', 'example_branch_datetime_operator']) retrieved from /home/airflow/.local/lib/python3.7/site-packages/airflow/example_dags/example_branch_datetime_operator.py
[2023-09-05T08:48:41.216+0000] {logging_mixin.py:150} INFO - [2023-09-05T08:48:41.216+0000] {dag.py:2742} INFO - Sync 3 DAGs
[2023-09-05T08:48:41.270+0000] {logging_mixin.py:150} INFO - [2023-09-05T08:48:41.270+0000] {dag.py:3508} INFO - Setting next_dagrun for example_branch_datetime_operator to 2023-09-04T00:00:00+00:00, run_after=2023-09-05T00:00:00+00:00
[2023-09-05T08:48:41.279+0000] {logging_mixin.py:150} INFO - [2023-09-05T08:48:41.279+0000] {dag.py:3508} INFO - Setting next_dagrun for example_branch_datetime_operator_2 to 2023-09-04T00:00:00+00:00, run_after=2023-09-05T00:00:00+00:00
[2023-09-05T08:48:41.284+0000] {logging_mixin.py:150} INFO - [2023-09-05T08:48:41.283+0000] {dag.py:3508} INFO - Setting next_dagrun for example_branch_datetime_operator_3 to 2023-09-04T00:00:00+00:00, run_after=2023-09-05T00:00:00+00:00
[2023-09-05T08:48:41.316+0000] {processor.py:179} INFO - Processing /home/airflow/.local/lib/python3.7/site-packages/airflow/example_dags/example_branch_datetime_operator.py took 0.183 seconds
[2023-09-05T08:49:11.498+0000] {processor.py:157} INFO - Started process (PID=760) to work on /home/airflow/.local/lib/python3.7/site-packages/airflow/example_dags/example_branch_datetime_operator.py
[2023-09-05T08:49:11.499+0000] {processor.py:826} INFO - Processing file /home/airflow/.local/lib/python3.7/site-packages/airflow/example_dags/example_branch_datetime_operator.py for tasks to queue
[2023-09-05T08:49:11.501+0000] {logging_mixin.py:150} INFO - [2023-09-05T08:49:11.500+0000] {dagbag.py:541} INFO - Filling up the DagBag from /home/airflow/.local/lib/python3.7/site-packages/airflow/example_dags/example_branch_datetime_operator.py
[2023-09-05T08:49:11.514+0000] {processor.py:836} INFO - DAG(s) dict_keys(['example_branch_datetime_operator_2', 'example_branch_datetime_operator', 'example_branch_datetime_operator_3']) retrieved from /home/airflow/.local/lib/python3.7/site-packages/airflow/example_dags/example_branch_datetime_operator.py
[2023-09-05T08:49:11.564+0000] {logging_mixin.py:150} INFO - [2023-09-05T08:49:11.564+0000] {dag.py:2742} INFO - Sync 3 DAGs
[2023-09-05T08:49:11.613+0000] {logging_mixin.py:150} INFO - [2023-09-05T08:49:11.613+0000] {dag.py:3508} INFO - Setting next_dagrun for example_branch_datetime_operator to 2023-09-04T00:00:00+00:00, run_after=2023-09-05T00:00:00+00:00
[2023-09-05T08:49:11.625+0000] {logging_mixin.py:150} INFO - [2023-09-05T08:49:11.624+0000] {dag.py:3508} INFO - Setting next_dagrun for example_branch_datetime_operator_2 to 2023-09-04T00:00:00+00:00, run_after=2023-09-05T00:00:00+00:00
[2023-09-05T08:49:11.632+0000] {logging_mixin.py:150} INFO - [2023-09-05T08:49:11.631+0000] {dag.py:3508} INFO - Setting next_dagrun for example_branch_datetime_operator_3 to 2023-09-04T00:00:00+00:00, run_after=2023-09-05T00:00:00+00:00
[2023-09-05T08:49:11.658+0000] {processor.py:179} INFO - Processing /home/airflow/.local/lib/python3.7/site-packages/airflow/example_dags/example_branch_datetime_operator.py took 0.164 seconds
[2023-09-05T08:49:42.125+0000] {processor.py:157} INFO - Started process (PID=1003) to work on /home/airflow/.local/lib/python3.7/site-packages/airflow/example_dags/example_branch_datetime_operator.py
[2023-09-05T08:49:42.127+0000] {processor.py:826} INFO - Processing file /home/airflow/.local/lib/python3.7/site-packages/airflow/example_dags/example_branch_datetime_operator.py for tasks to queue
[2023-09-05T08:49:42.128+0000] {logging_mixin.py:150} INFO - [2023-09-05T08:49:42.128+0000] {dagbag.py:541} INFO - Filling up the DagBag from /home/airflow/.local/lib/python3.7/site-packages/airflow/example_dags/example_branch_datetime_operator.py
[2023-09-05T08:49:42.148+0000] {processor.py:836} INFO - DAG(s) dict_keys(['example_branch_datetime_operator', 'example_branch_datetime_operator_3', 'example_branch_datetime_operator_2']) retrieved from /home/airflow/.local/lib/python3.7/site-packages/airflow/example_dags/example_branch_datetime_operator.py
[2023-09-05T08:49:42.202+0000] {logging_mixin.py:150} INFO - [2023-09-05T08:49:42.202+0000] {dag.py:2742} INFO - Sync 3 DAGs
[2023-09-05T08:49:42.251+0000] {logging_mixin.py:150} INFO - [2023-09-05T08:49:42.251+0000] {dag.py:3508} INFO - Setting next_dagrun for example_branch_datetime_operator to 2023-09-04T00:00:00+00:00, run_after=2023-09-05T00:00:00+00:00
[2023-09-05T08:49:42.257+0000] {logging_mixin.py:150} INFO - [2023-09-05T08:49:42.257+0000] {dag.py:3508} INFO - Setting next_dagrun for example_branch_datetime_operator_2 to 2023-09-04T00:00:00+00:00, run_after=2023-09-05T00:00:00+00:00
[2023-09-05T08:49:42.261+0000] {logging_mixin.py:150} INFO - [2023-09-05T08:49:42.260+0000] {dag.py:3508} INFO - Setting next_dagrun for example_branch_datetime_operator_3 to 2023-09-04T00:00:00+00:00, run_after=2023-09-05T00:00:00+00:00
[2023-09-05T08:49:42.288+0000] {processor.py:179} INFO - Processing /home/airflow/.local/lib/python3.7/site-packages/airflow/example_dags/example_branch_datetime_operator.py took 0.168 seconds
[2023-09-05T08:50:12.325+0000] {processor.py:157} INFO - Started process (PID=1248) to work on /home/airflow/.local/lib/python3.7/site-packages/airflow/example_dags/example_branch_datetime_operator.py
[2023-09-05T08:50:12.327+0000] {processor.py:826} INFO - Processing file /home/airflow/.local/lib/python3.7/site-packages/airflow/example_dags/example_branch_datetime_operator.py for tasks to queue
[2023-09-05T08:50:12.328+0000] {logging_mixin.py:150} INFO - [2023-09-05T08:50:12.327+0000] {dagbag.py:541} INFO - Filling up the DagBag from /home/airflow/.local/lib/python3.7/site-packages/airflow/example_dags/example_branch_datetime_operator.py
[2023-09-05T08:50:12.346+0000] {processor.py:836} INFO - DAG(s) dict_keys(['example_branch_datetime_operator_3', 'example_branch_datetime_operator_2', 'example_branch_datetime_operator']) retrieved from /home/airflow/.local/lib/python3.7/site-packages/airflow/example_dags/example_branch_datetime_operator.py
[2023-09-05T08:50:12.406+0000] {logging_mixin.py:150} INFO - [2023-09-05T08:50:12.405+0000] {dag.py:2742} INFO - Sync 3 DAGs
[2023-09-05T08:50:12.470+0000] {logging_mixin.py:150} INFO - [2023-09-05T08:50:12.470+0000] {dag.py:3508} INFO - Setting next_dagrun for example_branch_datetime_operator to 2023-09-04T00:00:00+00:00, run_after=2023-09-05T00:00:00+00:00
[2023-09-05T08:50:12.479+0000] {logging_mixin.py:150} INFO - [2023-09-05T08:50:12.479+0000] {dag.py:3508} INFO - Setting next_dagrun for example_branch_datetime_operator_2 to 2023-09-04T00:00:00+00:00, run_after=2023-09-05T00:00:00+00:00
[2023-09-05T08:50:12.484+0000] {logging_mixin.py:150} INFO - [2023-09-05T08:50:12.484+0000] {dag.py:3508} INFO - Setting next_dagrun for example_branch_datetime_operator_3 to 2023-09-04T00:00:00+00:00, run_after=2023-09-05T00:00:00+00:00
[2023-09-05T08:50:12.514+0000] {processor.py:179} INFO - Processing /home/airflow/.local/lib/python3.7/site-packages/airflow/example_dags/example_branch_datetime_operator.py took 0.195 seconds
[2023-09-05T08:51:08.821+0000] {processor.py:157} INFO - Started process (PID=267) to work on /home/airflow/.local/lib/python3.7/site-packages/airflow/example_dags/example_branch_datetime_operator.py
[2023-09-05T08:51:08.822+0000] {processor.py:826} INFO - Processing file /home/airflow/.local/lib/python3.7/site-packages/airflow/example_dags/example_branch_datetime_operator.py for tasks to queue
[2023-09-05T08:51:08.824+0000] {logging_mixin.py:150} INFO - [2023-09-05T08:51:08.823+0000] {dagbag.py:541} INFO - Filling up the DagBag from /home/airflow/.local/lib/python3.7/site-packages/airflow/example_dags/example_branch_datetime_operator.py
[2023-09-05T08:51:08.843+0000] {processor.py:836} INFO - DAG(s) dict_keys(['example_branch_datetime_operator_2', 'example_branch_datetime_operator_3', 'example_branch_datetime_operator']) retrieved from /home/airflow/.local/lib/python3.7/site-packages/airflow/example_dags/example_branch_datetime_operator.py
[2023-09-05T08:51:08.907+0000] {logging_mixin.py:150} INFO - [2023-09-05T08:51:08.907+0000] {dag.py:2742} INFO - Sync 3 DAGs
[2023-09-05T08:51:08.951+0000] {logging_mixin.py:150} INFO - [2023-09-05T08:51:08.951+0000] {dag.py:3508} INFO - Setting next_dagrun for example_branch_datetime_operator to 2023-09-04T00:00:00+00:00, run_after=2023-09-05T00:00:00+00:00
[2023-09-05T08:51:08.960+0000] {logging_mixin.py:150} INFO - [2023-09-05T08:51:08.960+0000] {dag.py:3508} INFO - Setting next_dagrun for example_branch_datetime_operator_2 to 2023-09-04T00:00:00+00:00, run_after=2023-09-05T00:00:00+00:00
[2023-09-05T08:51:08.964+0000] {logging_mixin.py:150} INFO - [2023-09-05T08:51:08.964+0000] {dag.py:3508} INFO - Setting next_dagrun for example_branch_datetime_operator_3 to 2023-09-04T00:00:00+00:00, run_after=2023-09-05T00:00:00+00:00
[2023-09-05T08:51:08.991+0000] {processor.py:179} INFO - Processing /home/airflow/.local/lib/python3.7/site-packages/airflow/example_dags/example_branch_datetime_operator.py took 0.176 seconds
[2023-09-05T08:51:39.469+0000] {processor.py:157} INFO - Started process (PID=512) to work on /home/airflow/.local/lib/python3.7/site-packages/airflow/example_dags/example_branch_datetime_operator.py
[2023-09-05T08:51:39.470+0000] {processor.py:826} INFO - Processing file /home/airflow/.local/lib/python3.7/site-packages/airflow/example_dags/example_branch_datetime_operator.py for tasks to queue
[2023-09-05T08:51:39.470+0000] {logging_mixin.py:150} INFO - [2023-09-05T08:51:39.470+0000] {dagbag.py:541} INFO - Filling up the DagBag from /home/airflow/.local/lib/python3.7/site-packages/airflow/example_dags/example_branch_datetime_operator.py
[2023-09-05T08:51:39.484+0000] {processor.py:836} INFO - DAG(s) dict_keys(['example_branch_datetime_operator', 'example_branch_datetime_operator_3', 'example_branch_datetime_operator_2']) retrieved from /home/airflow/.local/lib/python3.7/site-packages/airflow/example_dags/example_branch_datetime_operator.py
[2023-09-05T08:51:39.548+0000] {logging_mixin.py:150} INFO - [2023-09-05T08:51:39.548+0000] {dag.py:2742} INFO - Sync 3 DAGs
[2023-09-05T08:51:39.605+0000] {logging_mixin.py:150} INFO - [2023-09-05T08:51:39.605+0000] {dag.py:3508} INFO - Setting next_dagrun for example_branch_datetime_operator to 2023-09-04T00:00:00+00:00, run_after=2023-09-05T00:00:00+00:00
[2023-09-05T08:51:39.614+0000] {logging_mixin.py:150} INFO - [2023-09-05T08:51:39.614+0000] {dag.py:3508} INFO - Setting next_dagrun for example_branch_datetime_operator_2 to 2023-09-04T00:00:00+00:00, run_after=2023-09-05T00:00:00+00:00
[2023-09-05T08:51:39.619+0000] {logging_mixin.py:150} INFO - [2023-09-05T08:51:39.618+0000] {dag.py:3508} INFO - Setting next_dagrun for example_branch_datetime_operator_3 to 2023-09-04T00:00:00+00:00, run_after=2023-09-05T00:00:00+00:00
[2023-09-05T08:51:39.649+0000] {processor.py:179} INFO - Processing /home/airflow/.local/lib/python3.7/site-packages/airflow/example_dags/example_branch_datetime_operator.py took 0.185 seconds
[2023-09-05T08:52:11.689+0000] {processor.py:157} INFO - Started process (PID=757) to work on /home/airflow/.local/lib/python3.7/site-packages/airflow/example_dags/example_branch_datetime_operator.py
[2023-09-05T08:52:11.691+0000] {processor.py:826} INFO - Processing file /home/airflow/.local/lib/python3.7/site-packages/airflow/example_dags/example_branch_datetime_operator.py for tasks to queue
[2023-09-05T08:52:11.692+0000] {logging_mixin.py:150} INFO - [2023-09-05T08:52:11.692+0000] {dagbag.py:541} INFO - Filling up the DagBag from /home/airflow/.local/lib/python3.7/site-packages/airflow/example_dags/example_branch_datetime_operator.py
[2023-09-05T08:52:11.711+0000] {processor.py:836} INFO - DAG(s) dict_keys(['example_branch_datetime_operator_2', 'example_branch_datetime_operator', 'example_branch_datetime_operator_3']) retrieved from /home/airflow/.local/lib/python3.7/site-packages/airflow/example_dags/example_branch_datetime_operator.py
[2023-09-05T08:52:11.773+0000] {logging_mixin.py:150} INFO - [2023-09-05T08:52:11.772+0000] {dag.py:2742} INFO - Sync 3 DAGs
[2023-09-05T08:52:11.838+0000] {logging_mixin.py:150} INFO - [2023-09-05T08:52:11.838+0000] {dag.py:3508} INFO - Setting next_dagrun for example_branch_datetime_operator to 2023-09-04T00:00:00+00:00, run_after=2023-09-05T00:00:00+00:00
[2023-09-05T08:52:12.011+0000] {logging_mixin.py:150} INFO - [2023-09-05T08:52:12.011+0000] {dag.py:3508} INFO - Setting next_dagrun for example_branch_datetime_operator_2 to 2023-09-04T00:00:00+00:00, run_after=2023-09-05T00:00:00+00:00
[2023-09-05T08:52:12.016+0000] {logging_mixin.py:150} INFO - [2023-09-05T08:52:12.016+0000] {dag.py:3508} INFO - Setting next_dagrun for example_branch_datetime_operator_3 to 2023-09-04T00:00:00+00:00, run_after=2023-09-05T00:00:00+00:00
[2023-09-05T08:52:12.046+0000] {processor.py:179} INFO - Processing /home/airflow/.local/lib/python3.7/site-packages/airflow/example_dags/example_branch_datetime_operator.py took 0.363 seconds
[2023-09-05T08:52:42.375+0000] {processor.py:157} INFO - Started process (PID=1004) to work on /home/airflow/.local/lib/python3.7/site-packages/airflow/example_dags/example_branch_datetime_operator.py
[2023-09-05T08:52:42.376+0000] {processor.py:826} INFO - Processing file /home/airflow/.local/lib/python3.7/site-packages/airflow/example_dags/example_branch_datetime_operator.py for tasks to queue
[2023-09-05T08:52:42.377+0000] {logging_mixin.py:150} INFO - [2023-09-05T08:52:42.377+0000] {dagbag.py:541} INFO - Filling up the DagBag from /home/airflow/.local/lib/python3.7/site-packages/airflow/example_dags/example_branch_datetime_operator.py
[2023-09-05T08:52:42.392+0000] {processor.py:836} INFO - DAG(s) dict_keys(['example_branch_datetime_operator_3', 'example_branch_datetime_operator_2', 'example_branch_datetime_operator']) retrieved from /home/airflow/.local/lib/python3.7/site-packages/airflow/example_dags/example_branch_datetime_operator.py
[2023-09-05T08:52:42.437+0000] {logging_mixin.py:150} INFO - [2023-09-05T08:52:42.436+0000] {dag.py:2742} INFO - Sync 3 DAGs
[2023-09-05T08:52:42.477+0000] {logging_mixin.py:150} INFO - [2023-09-05T08:52:42.477+0000] {dag.py:3508} INFO - Setting next_dagrun for example_branch_datetime_operator to 2023-09-04T00:00:00+00:00, run_after=2023-09-05T00:00:00+00:00
[2023-09-05T08:52:42.484+0000] {logging_mixin.py:150} INFO - [2023-09-05T08:52:42.484+0000] {dag.py:3508} INFO - Setting next_dagrun for example_branch_datetime_operator_2 to 2023-09-04T00:00:00+00:00, run_after=2023-09-05T00:00:00+00:00
[2023-09-05T08:52:42.492+0000] {logging_mixin.py:150} INFO - [2023-09-05T08:52:42.491+0000] {dag.py:3508} INFO - Setting next_dagrun for example_branch_datetime_operator_3 to 2023-09-04T00:00:00+00:00, run_after=2023-09-05T00:00:00+00:00
[2023-09-05T08:52:42.532+0000] {processor.py:179} INFO - Processing /home/airflow/.local/lib/python3.7/site-packages/airflow/example_dags/example_branch_datetime_operator.py took 0.161 seconds
[2023-09-05T08:53:12.956+0000] {processor.py:157} INFO - Started process (PID=1258) to work on /home/airflow/.local/lib/python3.7/site-packages/airflow/example_dags/example_branch_datetime_operator.py
[2023-09-05T08:53:12.958+0000] {processor.py:826} INFO - Processing file /home/airflow/.local/lib/python3.7/site-packages/airflow/example_dags/example_branch_datetime_operator.py for tasks to queue
[2023-09-05T08:53:12.959+0000] {logging_mixin.py:150} INFO - [2023-09-05T08:53:12.958+0000] {dagbag.py:541} INFO - Filling up the DagBag from /home/airflow/.local/lib/python3.7/site-packages/airflow/example_dags/example_branch_datetime_operator.py
[2023-09-05T08:53:12.977+0000] {processor.py:836} INFO - DAG(s) dict_keys(['example_branch_datetime_operator_3', 'example_branch_datetime_operator_2', 'example_branch_datetime_operator']) retrieved from /home/airflow/.local/lib/python3.7/site-packages/airflow/example_dags/example_branch_datetime_operator.py
[2023-09-05T08:53:13.033+0000] {logging_mixin.py:150} INFO - [2023-09-05T08:53:13.032+0000] {dag.py:2742} INFO - Sync 3 DAGs
[2023-09-05T08:53:13.088+0000] {logging_mixin.py:150} INFO - [2023-09-05T08:53:13.088+0000] {dag.py:3508} INFO - Setting next_dagrun for example_branch_datetime_operator to 2023-09-04T00:00:00+00:00, run_after=2023-09-05T00:00:00+00:00
[2023-09-05T08:53:13.097+0000] {logging_mixin.py:150} INFO - [2023-09-05T08:53:13.097+0000] {dag.py:3508} INFO - Setting next_dagrun for example_branch_datetime_operator_2 to 2023-09-04T00:00:00+00:00, run_after=2023-09-05T00:00:00+00:00
[2023-09-05T08:53:13.102+0000] {logging_mixin.py:150} INFO - [2023-09-05T08:53:13.102+0000] {dag.py:3508} INFO - Setting next_dagrun for example_branch_datetime_operator_3 to 2023-09-04T00:00:00+00:00, run_after=2023-09-05T00:00:00+00:00
[2023-09-05T08:53:13.134+0000] {processor.py:179} INFO - Processing /home/airflow/.local/lib/python3.7/site-packages/airflow/example_dags/example_branch_datetime_operator.py took 0.184 seconds
[2023-09-05T08:53:43.347+0000] {processor.py:157} INFO - Started process (PID=1505) to work on /home/airflow/.local/lib/python3.7/site-packages/airflow/example_dags/example_branch_datetime_operator.py
[2023-09-05T08:53:43.349+0000] {processor.py:826} INFO - Processing file /home/airflow/.local/lib/python3.7/site-packages/airflow/example_dags/example_branch_datetime_operator.py for tasks to queue
[2023-09-05T08:53:43.350+0000] {logging_mixin.py:150} INFO - [2023-09-05T08:53:43.350+0000] {dagbag.py:541} INFO - Filling up the DagBag from /home/airflow/.local/lib/python3.7/site-packages/airflow/example_dags/example_branch_datetime_operator.py
[2023-09-05T08:53:43.367+0000] {processor.py:836} INFO - DAG(s) dict_keys(['example_branch_datetime_operator_3', 'example_branch_datetime_operator_2', 'example_branch_datetime_operator']) retrieved from /home/airflow/.local/lib/python3.7/site-packages/airflow/example_dags/example_branch_datetime_operator.py
[2023-09-05T08:53:43.414+0000] {logging_mixin.py:150} INFO - [2023-09-05T08:53:43.414+0000] {dag.py:2742} INFO - Sync 3 DAGs
[2023-09-05T08:53:43.454+0000] {logging_mixin.py:150} INFO - [2023-09-05T08:53:43.454+0000] {dag.py:3508} INFO - Setting next_dagrun for example_branch_datetime_operator to 2023-09-04T00:00:00+00:00, run_after=2023-09-05T00:00:00+00:00
[2023-09-05T08:53:43.461+0000] {logging_mixin.py:150} INFO - [2023-09-05T08:53:43.460+0000] {dag.py:3508} INFO - Setting next_dagrun for example_branch_datetime_operator_2 to 2023-09-04T00:00:00+00:00, run_after=2023-09-05T00:00:00+00:00
[2023-09-05T08:53:43.464+0000] {logging_mixin.py:150} INFO - [2023-09-05T08:53:43.464+0000] {dag.py:3508} INFO - Setting next_dagrun for example_branch_datetime_operator_3 to 2023-09-04T00:00:00+00:00, run_after=2023-09-05T00:00:00+00:00
[2023-09-05T08:53:43.487+0000] {processor.py:179} INFO - Processing /home/airflow/.local/lib/python3.7/site-packages/airflow/example_dags/example_branch_datetime_operator.py took 0.145 seconds
