[2023-09-05T08:48:10.894+0000] {processor.py:157} INFO - Started process (PID=280) to work on /home/airflow/.local/lib/python3.7/site-packages/airflow/example_dags/example_branch_python_dop_operator_3.py
[2023-09-05T08:48:10.895+0000] {processor.py:826} INFO - Processing file /home/airflow/.local/lib/python3.7/site-packages/airflow/example_dags/example_branch_python_dop_operator_3.py for tasks to queue
[2023-09-05T08:48:10.897+0000] {logging_mixin.py:150} INFO - [2023-09-05T08:48:10.896+0000] {dagbag.py:541} INFO - Filling up the DagBag from /home/airflow/.local/lib/python3.7/site-packages/airflow/example_dags/example_branch_python_dop_operator_3.py
[2023-09-05T08:48:10.920+0000] {processor.py:836} INFO - DAG(s) dict_keys(['example_branch_dop_operator_v3']) retrieved from /home/airflow/.local/lib/python3.7/site-packages/airflow/example_dags/example_branch_python_dop_operator_3.py
[2023-09-05T08:48:11.125+0000] {logging_mixin.py:150} INFO - [2023-09-05T08:48:11.125+0000] {manager.py:504} INFO - Created Permission View: can delete on DAG:example_branch_dop_operator_v3
[2023-09-05T08:48:11.151+0000] {logging_mixin.py:150} INFO - [2023-09-05T08:48:11.151+0000] {manager.py:504} INFO - Created Permission View: can read on DAG:example_branch_dop_operator_v3
[2023-09-05T08:48:11.163+0000] {logging_mixin.py:150} INFO - [2023-09-05T08:48:11.162+0000] {manager.py:504} INFO - Created Permission View: can edit on DAG:example_branch_dop_operator_v3
[2023-09-05T08:48:11.189+0000] {logging_mixin.py:150} INFO - [2023-09-05T08:48:11.189+0000] {dag.py:2742} INFO - Sync 1 DAGs
[2023-09-05T08:48:11.213+0000] {logging_mixin.py:150} INFO - [2023-09-05T08:48:11.213+0000] {dag.py:2763} INFO - Creating ORM DAG for example_branch_dop_operator_v3
[2023-09-05T08:48:11.249+0000] {logging_mixin.py:150} INFO - [2023-09-05T08:48:11.249+0000] {dag.py:3508} INFO - Setting next_dagrun for example_branch_dop_operator_v3 to 2023-09-05T08:47:00+00:00, run_after=2023-09-05T08:48:00+00:00
[2023-09-05T08:48:11.292+0000] {processor.py:179} INFO - Processing /home/airflow/.local/lib/python3.7/site-packages/airflow/example_dags/example_branch_python_dop_operator_3.py took 0.405 seconds
[2023-09-05T08:48:41.552+0000] {processor.py:157} INFO - Started process (PID=525) to work on /home/airflow/.local/lib/python3.7/site-packages/airflow/example_dags/example_branch_python_dop_operator_3.py
[2023-09-05T08:48:41.554+0000] {processor.py:826} INFO - Processing file /home/airflow/.local/lib/python3.7/site-packages/airflow/example_dags/example_branch_python_dop_operator_3.py for tasks to queue
[2023-09-05T08:48:41.555+0000] {logging_mixin.py:150} INFO - [2023-09-05T08:48:41.555+0000] {dagbag.py:541} INFO - Filling up the DagBag from /home/airflow/.local/lib/python3.7/site-packages/airflow/example_dags/example_branch_python_dop_operator_3.py
[2023-09-05T08:48:41.570+0000] {processor.py:836} INFO - DAG(s) dict_keys(['example_branch_dop_operator_v3']) retrieved from /home/airflow/.local/lib/python3.7/site-packages/airflow/example_dags/example_branch_python_dop_operator_3.py
[2023-09-05T08:48:41.610+0000] {logging_mixin.py:150} INFO - [2023-09-05T08:48:41.610+0000] {dag.py:2742} INFO - Sync 1 DAGs
[2023-09-05T08:48:41.668+0000] {logging_mixin.py:150} INFO - [2023-09-05T08:48:41.668+0000] {dag.py:3508} INFO - Setting next_dagrun for example_branch_dop_operator_v3 to 2023-09-05T08:47:00+00:00, run_after=2023-09-05T08:48:00+00:00
[2023-09-05T08:48:41.704+0000] {processor.py:179} INFO - Processing /home/airflow/.local/lib/python3.7/site-packages/airflow/example_dags/example_branch_python_dop_operator_3.py took 0.158 seconds
[2023-09-05T08:49:11.887+0000] {processor.py:157} INFO - Started process (PID=770) to work on /home/airflow/.local/lib/python3.7/site-packages/airflow/example_dags/example_branch_python_dop_operator_3.py
[2023-09-05T08:49:11.889+0000] {processor.py:826} INFO - Processing file /home/airflow/.local/lib/python3.7/site-packages/airflow/example_dags/example_branch_python_dop_operator_3.py for tasks to queue
[2023-09-05T08:49:11.891+0000] {logging_mixin.py:150} INFO - [2023-09-05T08:49:11.890+0000] {dagbag.py:541} INFO - Filling up the DagBag from /home/airflow/.local/lib/python3.7/site-packages/airflow/example_dags/example_branch_python_dop_operator_3.py
[2023-09-05T08:49:11.904+0000] {processor.py:836} INFO - DAG(s) dict_keys(['example_branch_dop_operator_v3']) retrieved from /home/airflow/.local/lib/python3.7/site-packages/airflow/example_dags/example_branch_python_dop_operator_3.py
[2023-09-05T08:49:11.944+0000] {logging_mixin.py:150} INFO - [2023-09-05T08:49:11.944+0000] {dag.py:2742} INFO - Sync 1 DAGs
[2023-09-05T08:49:11.995+0000] {logging_mixin.py:150} INFO - [2023-09-05T08:49:11.994+0000] {dag.py:3508} INFO - Setting next_dagrun for example_branch_dop_operator_v3 to 2023-09-05T08:48:00+00:00, run_after=2023-09-05T08:49:00+00:00
[2023-09-05T08:49:12.030+0000] {processor.py:179} INFO - Processing /home/airflow/.local/lib/python3.7/site-packages/airflow/example_dags/example_branch_python_dop_operator_3.py took 0.153 seconds
[2023-09-05T08:49:42.319+0000] {processor.py:157} INFO - Started process (PID=1013) to work on /home/airflow/.local/lib/python3.7/site-packages/airflow/example_dags/example_branch_python_dop_operator_3.py
[2023-09-05T08:49:42.320+0000] {processor.py:826} INFO - Processing file /home/airflow/.local/lib/python3.7/site-packages/airflow/example_dags/example_branch_python_dop_operator_3.py for tasks to queue
[2023-09-05T08:49:42.321+0000] {logging_mixin.py:150} INFO - [2023-09-05T08:49:42.321+0000] {dagbag.py:541} INFO - Filling up the DagBag from /home/airflow/.local/lib/python3.7/site-packages/airflow/example_dags/example_branch_python_dop_operator_3.py
[2023-09-05T08:49:42.337+0000] {processor.py:836} INFO - DAG(s) dict_keys(['example_branch_dop_operator_v3']) retrieved from /home/airflow/.local/lib/python3.7/site-packages/airflow/example_dags/example_branch_python_dop_operator_3.py
[2023-09-05T08:49:42.388+0000] {logging_mixin.py:150} INFO - [2023-09-05T08:49:42.388+0000] {dag.py:2742} INFO - Sync 1 DAGs
[2023-09-05T08:49:42.445+0000] {logging_mixin.py:150} INFO - [2023-09-05T08:49:42.445+0000] {dag.py:3508} INFO - Setting next_dagrun for example_branch_dop_operator_v3 to 2023-09-05T08:48:00+00:00, run_after=2023-09-05T08:49:00+00:00
[2023-09-05T08:49:42.479+0000] {processor.py:179} INFO - Processing /home/airflow/.local/lib/python3.7/site-packages/airflow/example_dags/example_branch_python_dop_operator_3.py took 0.166 seconds
[2023-09-05T08:50:12.547+0000] {processor.py:157} INFO - Started process (PID=1258) to work on /home/airflow/.local/lib/python3.7/site-packages/airflow/example_dags/example_branch_python_dop_operator_3.py
[2023-09-05T08:50:12.549+0000] {processor.py:826} INFO - Processing file /home/airflow/.local/lib/python3.7/site-packages/airflow/example_dags/example_branch_python_dop_operator_3.py for tasks to queue
[2023-09-05T08:50:12.550+0000] {logging_mixin.py:150} INFO - [2023-09-05T08:50:12.549+0000] {dagbag.py:541} INFO - Filling up the DagBag from /home/airflow/.local/lib/python3.7/site-packages/airflow/example_dags/example_branch_python_dop_operator_3.py
[2023-09-05T08:50:12.565+0000] {processor.py:836} INFO - DAG(s) dict_keys(['example_branch_dop_operator_v3']) retrieved from /home/airflow/.local/lib/python3.7/site-packages/airflow/example_dags/example_branch_python_dop_operator_3.py
[2023-09-05T08:50:12.606+0000] {logging_mixin.py:150} INFO - [2023-09-05T08:50:12.606+0000] {dag.py:2742} INFO - Sync 1 DAGs
[2023-09-05T08:50:12.670+0000] {logging_mixin.py:150} INFO - [2023-09-05T08:50:12.670+0000] {dag.py:3508} INFO - Setting next_dagrun for example_branch_dop_operator_v3 to 2023-09-05T08:49:00+00:00, run_after=2023-09-05T08:50:00+00:00
[2023-09-05T08:50:12.706+0000] {processor.py:179} INFO - Processing /home/airflow/.local/lib/python3.7/site-packages/airflow/example_dags/example_branch_python_dop_operator_3.py took 0.165 seconds
[2023-09-05T08:51:09.034+0000] {processor.py:157} INFO - Started process (PID=277) to work on /home/airflow/.local/lib/python3.7/site-packages/airflow/example_dags/example_branch_python_dop_operator_3.py
[2023-09-05T08:51:09.037+0000] {processor.py:826} INFO - Processing file /home/airflow/.local/lib/python3.7/site-packages/airflow/example_dags/example_branch_python_dop_operator_3.py for tasks to queue
[2023-09-05T08:51:09.038+0000] {logging_mixin.py:150} INFO - [2023-09-05T08:51:09.038+0000] {dagbag.py:541} INFO - Filling up the DagBag from /home/airflow/.local/lib/python3.7/site-packages/airflow/example_dags/example_branch_python_dop_operator_3.py
[2023-09-05T08:51:09.053+0000] {processor.py:836} INFO - DAG(s) dict_keys(['example_branch_dop_operator_v3']) retrieved from /home/airflow/.local/lib/python3.7/site-packages/airflow/example_dags/example_branch_python_dop_operator_3.py
[2023-09-05T08:51:09.109+0000] {logging_mixin.py:150} INFO - [2023-09-05T08:51:09.109+0000] {dag.py:2742} INFO - Sync 1 DAGs
[2023-09-05T08:51:09.154+0000] {logging_mixin.py:150} INFO - [2023-09-05T08:51:09.154+0000] {dag.py:3508} INFO - Setting next_dagrun for example_branch_dop_operator_v3 to 2023-09-05T08:50:00+00:00, run_after=2023-09-05T08:51:00+00:00
[2023-09-05T08:51:09.187+0000] {processor.py:179} INFO - Processing /home/airflow/.local/lib/python3.7/site-packages/airflow/example_dags/example_branch_python_dop_operator_3.py took 0.163 seconds
[2023-09-05T08:51:39.688+0000] {processor.py:157} INFO - Started process (PID=522) to work on /home/airflow/.local/lib/python3.7/site-packages/airflow/example_dags/example_branch_python_dop_operator_3.py
[2023-09-05T08:51:39.689+0000] {processor.py:826} INFO - Processing file /home/airflow/.local/lib/python3.7/site-packages/airflow/example_dags/example_branch_python_dop_operator_3.py for tasks to queue
[2023-09-05T08:51:39.690+0000] {logging_mixin.py:150} INFO - [2023-09-05T08:51:39.690+0000] {dagbag.py:541} INFO - Filling up the DagBag from /home/airflow/.local/lib/python3.7/site-packages/airflow/example_dags/example_branch_python_dop_operator_3.py
[2023-09-05T08:51:39.704+0000] {processor.py:836} INFO - DAG(s) dict_keys(['example_branch_dop_operator_v3']) retrieved from /home/airflow/.local/lib/python3.7/site-packages/airflow/example_dags/example_branch_python_dop_operator_3.py
[2023-09-05T08:51:39.754+0000] {logging_mixin.py:150} INFO - [2023-09-05T08:51:39.754+0000] {dag.py:2742} INFO - Sync 1 DAGs
[2023-09-05T08:51:39.814+0000] {logging_mixin.py:150} INFO - [2023-09-05T08:51:39.813+0000] {dag.py:3508} INFO - Setting next_dagrun for example_branch_dop_operator_v3 to 2023-09-05T08:50:00+00:00, run_after=2023-09-05T08:51:00+00:00
[2023-09-05T08:51:39.848+0000] {processor.py:179} INFO - Processing /home/airflow/.local/lib/python3.7/site-packages/airflow/example_dags/example_branch_python_dop_operator_3.py took 0.166 seconds
[2023-09-05T08:52:12.081+0000] {processor.py:157} INFO - Started process (PID=767) to work on /home/airflow/.local/lib/python3.7/site-packages/airflow/example_dags/example_branch_python_dop_operator_3.py
[2023-09-05T08:52:12.083+0000] {processor.py:826} INFO - Processing file /home/airflow/.local/lib/python3.7/site-packages/airflow/example_dags/example_branch_python_dop_operator_3.py for tasks to queue
[2023-09-05T08:52:12.084+0000] {logging_mixin.py:150} INFO - [2023-09-05T08:52:12.084+0000] {dagbag.py:541} INFO - Filling up the DagBag from /home/airflow/.local/lib/python3.7/site-packages/airflow/example_dags/example_branch_python_dop_operator_3.py
[2023-09-05T08:52:12.096+0000] {processor.py:836} INFO - DAG(s) dict_keys(['example_branch_dop_operator_v3']) retrieved from /home/airflow/.local/lib/python3.7/site-packages/airflow/example_dags/example_branch_python_dop_operator_3.py
[2023-09-05T08:52:12.135+0000] {logging_mixin.py:150} INFO - [2023-09-05T08:52:12.135+0000] {dag.py:2742} INFO - Sync 1 DAGs
[2023-09-05T08:52:12.198+0000] {logging_mixin.py:150} INFO - [2023-09-05T08:52:12.197+0000] {dag.py:3508} INFO - Setting next_dagrun for example_branch_dop_operator_v3 to 2023-09-05T08:51:00+00:00, run_after=2023-09-05T08:52:00+00:00
[2023-09-05T08:52:12.389+0000] {processor.py:179} INFO - Processing /home/airflow/.local/lib/python3.7/site-packages/airflow/example_dags/example_branch_python_dop_operator_3.py took 0.312 seconds
[2023-09-05T08:52:42.543+0000] {processor.py:157} INFO - Started process (PID=1012) to work on /home/airflow/.local/lib/python3.7/site-packages/airflow/example_dags/example_branch_python_dop_operator_3.py
[2023-09-05T08:52:42.545+0000] {processor.py:826} INFO - Processing file /home/airflow/.local/lib/python3.7/site-packages/airflow/example_dags/example_branch_python_dop_operator_3.py for tasks to queue
[2023-09-05T08:52:42.547+0000] {logging_mixin.py:150} INFO - [2023-09-05T08:52:42.546+0000] {dagbag.py:541} INFO - Filling up the DagBag from /home/airflow/.local/lib/python3.7/site-packages/airflow/example_dags/example_branch_python_dop_operator_3.py
[2023-09-05T08:52:42.563+0000] {processor.py:836} INFO - DAG(s) dict_keys(['example_branch_dop_operator_v3']) retrieved from /home/airflow/.local/lib/python3.7/site-packages/airflow/example_dags/example_branch_python_dop_operator_3.py
[2023-09-05T08:52:42.597+0000] {logging_mixin.py:150} INFO - [2023-09-05T08:52:42.597+0000] {dag.py:2742} INFO - Sync 1 DAGs
[2023-09-05T08:52:42.643+0000] {logging_mixin.py:150} INFO - [2023-09-05T08:52:42.643+0000] {dag.py:3508} INFO - Setting next_dagrun for example_branch_dop_operator_v3 to 2023-09-05T08:51:00+00:00, run_after=2023-09-05T08:52:00+00:00
[2023-09-05T08:52:42.671+0000] {processor.py:179} INFO - Processing /home/airflow/.local/lib/python3.7/site-packages/airflow/example_dags/example_branch_python_dop_operator_3.py took 0.140 seconds
[2023-09-05T08:53:13.166+0000] {processor.py:157} INFO - Started process (PID=1268) to work on /home/airflow/.local/lib/python3.7/site-packages/airflow/example_dags/example_branch_python_dop_operator_3.py
[2023-09-05T08:53:13.167+0000] {processor.py:826} INFO - Processing file /home/airflow/.local/lib/python3.7/site-packages/airflow/example_dags/example_branch_python_dop_operator_3.py for tasks to queue
[2023-09-05T08:53:13.169+0000] {logging_mixin.py:150} INFO - [2023-09-05T08:53:13.168+0000] {dagbag.py:541} INFO - Filling up the DagBag from /home/airflow/.local/lib/python3.7/site-packages/airflow/example_dags/example_branch_python_dop_operator_3.py
[2023-09-05T08:53:13.183+0000] {processor.py:836} INFO - DAG(s) dict_keys(['example_branch_dop_operator_v3']) retrieved from /home/airflow/.local/lib/python3.7/site-packages/airflow/example_dags/example_branch_python_dop_operator_3.py
[2023-09-05T08:53:13.220+0000] {logging_mixin.py:150} INFO - [2023-09-05T08:53:13.220+0000] {dag.py:2742} INFO - Sync 1 DAGs
[2023-09-05T08:53:13.281+0000] {logging_mixin.py:150} INFO - [2023-09-05T08:53:13.280+0000] {dag.py:3508} INFO - Setting next_dagrun for example_branch_dop_operator_v3 to 2023-09-05T08:52:00+00:00, run_after=2023-09-05T08:53:00+00:00
[2023-09-05T08:53:13.326+0000] {processor.py:179} INFO - Processing /home/airflow/.local/lib/python3.7/site-packages/airflow/example_dags/example_branch_python_dop_operator_3.py took 0.166 seconds
[2023-09-05T08:53:43.525+0000] {processor.py:157} INFO - Started process (PID=1513) to work on /home/airflow/.local/lib/python3.7/site-packages/airflow/example_dags/example_branch_python_dop_operator_3.py
[2023-09-05T08:53:43.526+0000] {processor.py:826} INFO - Processing file /home/airflow/.local/lib/python3.7/site-packages/airflow/example_dags/example_branch_python_dop_operator_3.py for tasks to queue
[2023-09-05T08:53:43.527+0000] {logging_mixin.py:150} INFO - [2023-09-05T08:53:43.527+0000] {dagbag.py:541} INFO - Filling up the DagBag from /home/airflow/.local/lib/python3.7/site-packages/airflow/example_dags/example_branch_python_dop_operator_3.py
[2023-09-05T08:53:43.542+0000] {processor.py:836} INFO - DAG(s) dict_keys(['example_branch_dop_operator_v3']) retrieved from /home/airflow/.local/lib/python3.7/site-packages/airflow/example_dags/example_branch_python_dop_operator_3.py
[2023-09-05T08:53:43.581+0000] {logging_mixin.py:150} INFO - [2023-09-05T08:53:43.581+0000] {dag.py:2742} INFO - Sync 1 DAGs
[2023-09-05T08:53:43.640+0000] {logging_mixin.py:150} INFO - [2023-09-05T08:53:43.640+0000] {dag.py:3508} INFO - Setting next_dagrun for example_branch_dop_operator_v3 to 2023-09-05T08:52:00+00:00, run_after=2023-09-05T08:53:00+00:00
[2023-09-05T08:53:43.677+0000] {processor.py:179} INFO - Processing /home/airflow/.local/lib/python3.7/site-packages/airflow/example_dags/example_branch_python_dop_operator_3.py took 0.159 seconds
