[2023-09-05T08:48:12.255+0000] {processor.py:157} INFO - Started process (PID=313) to work on /home/airflow/.local/lib/python3.7/site-packages/airflow/example_dags/example_short_circuit_decorator.py
[2023-09-05T08:48:12.256+0000] {processor.py:826} INFO - Processing file /home/airflow/.local/lib/python3.7/site-packages/airflow/example_dags/example_short_circuit_decorator.py for tasks to queue
[2023-09-05T08:48:12.257+0000] {logging_mixin.py:150} INFO - [2023-09-05T08:48:12.257+0000] {dagbag.py:541} INFO - Filling up the DagBag from /home/airflow/.local/lib/python3.7/site-packages/airflow/example_dags/example_short_circuit_decorator.py
[2023-09-05T08:48:12.277+0000] {processor.py:836} INFO - DAG(s) dict_keys(['example_short_circuit_decorator']) retrieved from /home/airflow/.local/lib/python3.7/site-packages/airflow/example_dags/example_short_circuit_decorator.py
[2023-09-05T08:48:12.529+0000] {logging_mixin.py:150} INFO - [2023-09-05T08:48:12.528+0000] {manager.py:504} INFO - Created Permission View: can delete on DAG:example_short_circuit_decorator
[2023-09-05T08:48:12.548+0000] {logging_mixin.py:150} INFO - [2023-09-05T08:48:12.548+0000] {manager.py:504} INFO - Created Permission View: can read on DAG:example_short_circuit_decorator
[2023-09-05T08:48:12.560+0000] {logging_mixin.py:150} INFO - [2023-09-05T08:48:12.560+0000] {manager.py:504} INFO - Created Permission View: can edit on DAG:example_short_circuit_decorator
[2023-09-05T08:48:12.588+0000] {logging_mixin.py:150} INFO - [2023-09-05T08:48:12.588+0000] {dag.py:2742} INFO - Sync 1 DAGs
[2023-09-05T08:48:12.615+0000] {logging_mixin.py:150} INFO - [2023-09-05T08:48:12.614+0000] {dag.py:2763} INFO - Creating ORM DAG for example_short_circuit_decorator
[2023-09-05T08:48:12.639+0000] {logging_mixin.py:150} INFO - [2023-09-05T08:48:12.638+0000] {dag.py:3508} INFO - Setting next_dagrun for example_short_circuit_decorator to 2023-09-04T08:48:12.638295+00:00, run_after=2023-09-05T08:48:12.638295+00:00
[2023-09-05T08:48:12.673+0000] {processor.py:179} INFO - Processing /home/airflow/.local/lib/python3.7/site-packages/airflow/example_dags/example_short_circuit_decorator.py took 0.425 seconds
[2023-09-05T08:48:43.450+0000] {processor.py:157} INFO - Started process (PID=555) to work on /home/airflow/.local/lib/python3.7/site-packages/airflow/example_dags/example_short_circuit_decorator.py
[2023-09-05T08:48:43.452+0000] {processor.py:826} INFO - Processing file /home/airflow/.local/lib/python3.7/site-packages/airflow/example_dags/example_short_circuit_decorator.py for tasks to queue
[2023-09-05T08:48:43.454+0000] {logging_mixin.py:150} INFO - [2023-09-05T08:48:43.453+0000] {dagbag.py:541} INFO - Filling up the DagBag from /home/airflow/.local/lib/python3.7/site-packages/airflow/example_dags/example_short_circuit_decorator.py
[2023-09-05T08:48:43.473+0000] {processor.py:836} INFO - DAG(s) dict_keys(['example_short_circuit_decorator']) retrieved from /home/airflow/.local/lib/python3.7/site-packages/airflow/example_dags/example_short_circuit_decorator.py
[2023-09-05T08:48:43.528+0000] {logging_mixin.py:150} INFO - [2023-09-05T08:48:43.527+0000] {dag.py:2742} INFO - Sync 1 DAGs
[2023-09-05T08:48:43.577+0000] {logging_mixin.py:150} INFO - [2023-09-05T08:48:43.577+0000] {dag.py:3508} INFO - Setting next_dagrun for example_short_circuit_decorator to 2023-09-04T08:48:43.577066+00:00, run_after=2023-09-05T08:48:43.577066+00:00
[2023-09-05T08:48:43.617+0000] {processor.py:179} INFO - Processing /home/airflow/.local/lib/python3.7/site-packages/airflow/example_dags/example_short_circuit_decorator.py took 0.178 seconds
[2023-09-05T08:49:14.476+0000] {processor.py:157} INFO - Started process (PID=800) to work on /home/airflow/.local/lib/python3.7/site-packages/airflow/example_dags/example_short_circuit_decorator.py
[2023-09-05T08:49:14.477+0000] {processor.py:826} INFO - Processing file /home/airflow/.local/lib/python3.7/site-packages/airflow/example_dags/example_short_circuit_decorator.py for tasks to queue
[2023-09-05T08:49:14.478+0000] {logging_mixin.py:150} INFO - [2023-09-05T08:49:14.478+0000] {dagbag.py:541} INFO - Filling up the DagBag from /home/airflow/.local/lib/python3.7/site-packages/airflow/example_dags/example_short_circuit_decorator.py
[2023-09-05T08:49:14.495+0000] {processor.py:836} INFO - DAG(s) dict_keys(['example_short_circuit_decorator']) retrieved from /home/airflow/.local/lib/python3.7/site-packages/airflow/example_dags/example_short_circuit_decorator.py
[2023-09-05T08:49:14.551+0000] {logging_mixin.py:150} INFO - [2023-09-05T08:49:14.550+0000] {dag.py:2742} INFO - Sync 1 DAGs
[2023-09-05T08:49:14.598+0000] {logging_mixin.py:150} INFO - [2023-09-05T08:49:14.598+0000] {dag.py:3508} INFO - Setting next_dagrun for example_short_circuit_decorator to 2023-09-04T08:49:14.597682+00:00, run_after=2023-09-05T08:49:14.597682+00:00
[2023-09-05T08:49:14.634+0000] {processor.py:179} INFO - Processing /home/airflow/.local/lib/python3.7/site-packages/airflow/example_dags/example_short_circuit_decorator.py took 0.164 seconds
[2023-09-05T08:49:44.947+0000] {processor.py:157} INFO - Started process (PID=1045) to work on /home/airflow/.local/lib/python3.7/site-packages/airflow/example_dags/example_short_circuit_decorator.py
[2023-09-05T08:49:44.975+0000] {processor.py:826} INFO - Processing file /home/airflow/.local/lib/python3.7/site-packages/airflow/example_dags/example_short_circuit_decorator.py for tasks to queue
[2023-09-05T08:49:44.976+0000] {logging_mixin.py:150} INFO - [2023-09-05T08:49:44.976+0000] {dagbag.py:541} INFO - Filling up the DagBag from /home/airflow/.local/lib/python3.7/site-packages/airflow/example_dags/example_short_circuit_decorator.py
[2023-09-05T08:49:45.002+0000] {processor.py:836} INFO - DAG(s) dict_keys(['example_short_circuit_decorator']) retrieved from /home/airflow/.local/lib/python3.7/site-packages/airflow/example_dags/example_short_circuit_decorator.py
[2023-09-05T08:49:45.053+0000] {logging_mixin.py:150} INFO - [2023-09-05T08:49:45.052+0000] {dag.py:2742} INFO - Sync 1 DAGs
[2023-09-05T08:49:45.102+0000] {logging_mixin.py:150} INFO - [2023-09-05T08:49:45.102+0000] {dag.py:3508} INFO - Setting next_dagrun for example_short_circuit_decorator to 2023-09-04T08:49:45.101820+00:00, run_after=2023-09-05T08:49:45.101820+00:00
[2023-09-05T08:49:45.139+0000] {processor.py:179} INFO - Processing /home/airflow/.local/lib/python3.7/site-packages/airflow/example_dags/example_short_circuit_decorator.py took 0.203 seconds
[2023-09-05T08:50:15.231+0000] {processor.py:157} INFO - Started process (PID=1290) to work on /home/airflow/.local/lib/python3.7/site-packages/airflow/example_dags/example_short_circuit_decorator.py
[2023-09-05T08:50:15.232+0000] {processor.py:826} INFO - Processing file /home/airflow/.local/lib/python3.7/site-packages/airflow/example_dags/example_short_circuit_decorator.py for tasks to queue
[2023-09-05T08:50:15.233+0000] {logging_mixin.py:150} INFO - [2023-09-05T08:50:15.233+0000] {dagbag.py:541} INFO - Filling up the DagBag from /home/airflow/.local/lib/python3.7/site-packages/airflow/example_dags/example_short_circuit_decorator.py
[2023-09-05T08:50:15.249+0000] {processor.py:836} INFO - DAG(s) dict_keys(['example_short_circuit_decorator']) retrieved from /home/airflow/.local/lib/python3.7/site-packages/airflow/example_dags/example_short_circuit_decorator.py
[2023-09-05T08:50:15.298+0000] {logging_mixin.py:150} INFO - [2023-09-05T08:50:15.298+0000] {dag.py:2742} INFO - Sync 1 DAGs
[2023-09-05T08:50:15.352+0000] {logging_mixin.py:150} INFO - [2023-09-05T08:50:15.352+0000] {dag.py:3508} INFO - Setting next_dagrun for example_short_circuit_decorator to 2023-09-04T08:50:15.351976+00:00, run_after=2023-09-05T08:50:15.351976+00:00
[2023-09-05T08:50:15.387+0000] {processor.py:179} INFO - Processing /home/airflow/.local/lib/python3.7/site-packages/airflow/example_dags/example_short_circuit_decorator.py took 0.162 seconds
[2023-09-05T08:51:09.778+0000] {processor.py:157} INFO - Started process (PID=312) to work on /home/airflow/.local/lib/python3.7/site-packages/airflow/example_dags/example_short_circuit_decorator.py
[2023-09-05T08:51:09.782+0000] {processor.py:826} INFO - Processing file /home/airflow/.local/lib/python3.7/site-packages/airflow/example_dags/example_short_circuit_decorator.py for tasks to queue
[2023-09-05T08:51:09.785+0000] {logging_mixin.py:150} INFO - [2023-09-05T08:51:09.784+0000] {dagbag.py:541} INFO - Filling up the DagBag from /home/airflow/.local/lib/python3.7/site-packages/airflow/example_dags/example_short_circuit_decorator.py
[2023-09-05T08:51:09.815+0000] {processor.py:836} INFO - DAG(s) dict_keys(['example_short_circuit_decorator']) retrieved from /home/airflow/.local/lib/python3.7/site-packages/airflow/example_dags/example_short_circuit_decorator.py
[2023-09-05T08:51:09.889+0000] {logging_mixin.py:150} INFO - [2023-09-05T08:51:09.889+0000] {dag.py:2742} INFO - Sync 1 DAGs
[2023-09-05T08:51:09.967+0000] {logging_mixin.py:150} INFO - [2023-09-05T08:51:09.967+0000] {dag.py:3508} INFO - Setting next_dagrun for example_short_circuit_decorator to 2023-09-04T08:51:09.965791+00:00, run_after=2023-09-05T08:51:09.965791+00:00
[2023-09-05T08:51:10.020+0000] {processor.py:179} INFO - Processing /home/airflow/.local/lib/python3.7/site-packages/airflow/example_dags/example_short_circuit_decorator.py took 0.255 seconds
[2023-09-05T08:51:40.285+0000] {processor.py:157} INFO - Started process (PID=552) to work on /home/airflow/.local/lib/python3.7/site-packages/airflow/example_dags/example_short_circuit_decorator.py
[2023-09-05T08:51:40.286+0000] {processor.py:826} INFO - Processing file /home/airflow/.local/lib/python3.7/site-packages/airflow/example_dags/example_short_circuit_decorator.py for tasks to queue
[2023-09-05T08:51:40.287+0000] {logging_mixin.py:150} INFO - [2023-09-05T08:51:40.287+0000] {dagbag.py:541} INFO - Filling up the DagBag from /home/airflow/.local/lib/python3.7/site-packages/airflow/example_dags/example_short_circuit_decorator.py
[2023-09-05T08:51:40.305+0000] {processor.py:836} INFO - DAG(s) dict_keys(['example_short_circuit_decorator']) retrieved from /home/airflow/.local/lib/python3.7/site-packages/airflow/example_dags/example_short_circuit_decorator.py
[2023-09-05T08:51:40.366+0000] {logging_mixin.py:150} INFO - [2023-09-05T08:51:40.366+0000] {dag.py:2742} INFO - Sync 1 DAGs
[2023-09-05T08:51:40.414+0000] {logging_mixin.py:150} INFO - [2023-09-05T08:51:40.413+0000] {dag.py:3508} INFO - Setting next_dagrun for example_short_circuit_decorator to 2023-09-04T08:51:40.413364+00:00, run_after=2023-09-05T08:51:40.413364+00:00
[2023-09-05T08:51:40.447+0000] {processor.py:179} INFO - Processing /home/airflow/.local/lib/python3.7/site-packages/airflow/example_dags/example_short_circuit_decorator.py took 0.168 seconds
[2023-09-05T08:52:13.204+0000] {processor.py:157} INFO - Started process (PID=802) to work on /home/airflow/.local/lib/python3.7/site-packages/airflow/example_dags/example_short_circuit_decorator.py
[2023-09-05T08:52:13.205+0000] {processor.py:826} INFO - Processing file /home/airflow/.local/lib/python3.7/site-packages/airflow/example_dags/example_short_circuit_decorator.py for tasks to queue
[2023-09-05T08:52:13.206+0000] {logging_mixin.py:150} INFO - [2023-09-05T08:52:13.206+0000] {dagbag.py:541} INFO - Filling up the DagBag from /home/airflow/.local/lib/python3.7/site-packages/airflow/example_dags/example_short_circuit_decorator.py
[2023-09-05T08:52:13.223+0000] {processor.py:836} INFO - DAG(s) dict_keys(['example_short_circuit_decorator']) retrieved from /home/airflow/.local/lib/python3.7/site-packages/airflow/example_dags/example_short_circuit_decorator.py
[2023-09-05T08:52:13.271+0000] {logging_mixin.py:150} INFO - [2023-09-05T08:52:13.271+0000] {dag.py:2742} INFO - Sync 1 DAGs
[2023-09-05T08:52:13.456+0000] {logging_mixin.py:150} INFO - [2023-09-05T08:52:13.455+0000] {dag.py:3508} INFO - Setting next_dagrun for example_short_circuit_decorator to 2023-09-04T08:52:13.455462+00:00, run_after=2023-09-05T08:52:13.455462+00:00
[2023-09-05T08:52:13.496+0000] {processor.py:179} INFO - Processing /home/airflow/.local/lib/python3.7/site-packages/airflow/example_dags/example_short_circuit_decorator.py took 0.298 seconds
[2023-09-05T08:52:44.005+0000] {processor.py:157} INFO - Started process (PID=1044) to work on /home/airflow/.local/lib/python3.7/site-packages/airflow/example_dags/example_short_circuit_decorator.py
[2023-09-05T08:52:44.006+0000] {processor.py:826} INFO - Processing file /home/airflow/.local/lib/python3.7/site-packages/airflow/example_dags/example_short_circuit_decorator.py for tasks to queue
[2023-09-05T08:52:44.007+0000] {logging_mixin.py:150} INFO - [2023-09-05T08:52:44.006+0000] {dagbag.py:541} INFO - Filling up the DagBag from /home/airflow/.local/lib/python3.7/site-packages/airflow/example_dags/example_short_circuit_decorator.py
[2023-09-05T08:52:44.021+0000] {processor.py:836} INFO - DAG(s) dict_keys(['example_short_circuit_decorator']) retrieved from /home/airflow/.local/lib/python3.7/site-packages/airflow/example_dags/example_short_circuit_decorator.py
[2023-09-05T08:52:44.066+0000] {logging_mixin.py:150} INFO - [2023-09-05T08:52:44.065+0000] {dag.py:2742} INFO - Sync 1 DAGs
[2023-09-05T08:52:44.101+0000] {logging_mixin.py:150} INFO - [2023-09-05T08:52:44.101+0000] {dag.py:3508} INFO - Setting next_dagrun for example_short_circuit_decorator to 2023-09-04T08:52:44.100810+00:00, run_after=2023-09-05T08:52:44.100810+00:00
[2023-09-05T08:52:44.129+0000] {processor.py:179} INFO - Processing /home/airflow/.local/lib/python3.7/site-packages/airflow/example_dags/example_short_circuit_decorator.py took 0.129 seconds
[2023-09-05T08:53:14.985+0000] {processor.py:157} INFO - Started process (PID=1300) to work on /home/airflow/.local/lib/python3.7/site-packages/airflow/example_dags/example_short_circuit_decorator.py
[2023-09-05T08:53:14.986+0000] {processor.py:826} INFO - Processing file /home/airflow/.local/lib/python3.7/site-packages/airflow/example_dags/example_short_circuit_decorator.py for tasks to queue
[2023-09-05T08:53:14.987+0000] {logging_mixin.py:150} INFO - [2023-09-05T08:53:14.987+0000] {dagbag.py:541} INFO - Filling up the DagBag from /home/airflow/.local/lib/python3.7/site-packages/airflow/example_dags/example_short_circuit_decorator.py
[2023-09-05T08:53:15.001+0000] {processor.py:836} INFO - DAG(s) dict_keys(['example_short_circuit_decorator']) retrieved from /home/airflow/.local/lib/python3.7/site-packages/airflow/example_dags/example_short_circuit_decorator.py
[2023-09-05T08:53:15.039+0000] {logging_mixin.py:150} INFO - [2023-09-05T08:53:15.039+0000] {dag.py:2742} INFO - Sync 1 DAGs
[2023-09-05T08:53:15.083+0000] {logging_mixin.py:150} INFO - [2023-09-05T08:53:15.083+0000] {dag.py:3508} INFO - Setting next_dagrun for example_short_circuit_decorator to 2023-09-04T08:53:15.083106+00:00, run_after=2023-09-05T08:53:15.083106+00:00
[2023-09-05T08:53:15.128+0000] {processor.py:179} INFO - Processing /home/airflow/.local/lib/python3.7/site-packages/airflow/example_dags/example_short_circuit_decorator.py took 0.147 seconds
[2023-09-05T08:53:45.179+0000] {processor.py:157} INFO - Started process (PID=1543) to work on /home/airflow/.local/lib/python3.7/site-packages/airflow/example_dags/example_short_circuit_decorator.py
[2023-09-05T08:53:45.180+0000] {processor.py:826} INFO - Processing file /home/airflow/.local/lib/python3.7/site-packages/airflow/example_dags/example_short_circuit_decorator.py for tasks to queue
[2023-09-05T08:53:45.180+0000] {logging_mixin.py:150} INFO - [2023-09-05T08:53:45.180+0000] {dagbag.py:541} INFO - Filling up the DagBag from /home/airflow/.local/lib/python3.7/site-packages/airflow/example_dags/example_short_circuit_decorator.py
[2023-09-05T08:53:45.194+0000] {processor.py:836} INFO - DAG(s) dict_keys(['example_short_circuit_decorator']) retrieved from /home/airflow/.local/lib/python3.7/site-packages/airflow/example_dags/example_short_circuit_decorator.py
[2023-09-05T08:53:45.235+0000] {logging_mixin.py:150} INFO - [2023-09-05T08:53:45.235+0000] {dag.py:2742} INFO - Sync 1 DAGs
[2023-09-05T08:53:45.274+0000] {logging_mixin.py:150} INFO - [2023-09-05T08:53:45.274+0000] {dag.py:3508} INFO - Setting next_dagrun for example_short_circuit_decorator to 2023-09-04T08:53:45.274502+00:00, run_after=2023-09-05T08:53:45.274502+00:00
[2023-09-05T08:53:45.305+0000] {processor.py:179} INFO - Processing /home/airflow/.local/lib/python3.7/site-packages/airflow/example_dags/example_short_circuit_decorator.py took 0.131 seconds
