[2023-09-05T08:48:08.264+0000] {processor.py:157} INFO - Started process (PID=213) to work on /home/airflow/.local/lib/python3.7/site-packages/airflow/example_dags/example_trigger_controller_dag.py
[2023-09-05T08:48:08.266+0000] {processor.py:826} INFO - Processing file /home/airflow/.local/lib/python3.7/site-packages/airflow/example_dags/example_trigger_controller_dag.py for tasks to queue
[2023-09-05T08:48:08.267+0000] {logging_mixin.py:150} INFO - [2023-09-05T08:48:08.266+0000] {dagbag.py:541} INFO - Filling up the DagBag from /home/airflow/.local/lib/python3.7/site-packages/airflow/example_dags/example_trigger_controller_dag.py
[2023-09-05T08:48:08.278+0000] {processor.py:836} INFO - DAG(s) dict_keys(['example_trigger_controller_dag']) retrieved from /home/airflow/.local/lib/python3.7/site-packages/airflow/example_dags/example_trigger_controller_dag.py
[2023-09-05T08:48:08.444+0000] {logging_mixin.py:150} INFO - [2023-09-05T08:48:08.444+0000] {manager.py:504} INFO - Created Permission View: can delete on DAG:example_trigger_controller_dag
[2023-09-05T08:48:08.463+0000] {logging_mixin.py:150} INFO - [2023-09-05T08:48:08.463+0000] {manager.py:504} INFO - Created Permission View: can read on DAG:example_trigger_controller_dag
[2023-09-05T08:48:08.473+0000] {logging_mixin.py:150} INFO - [2023-09-05T08:48:08.472+0000] {manager.py:504} INFO - Created Permission View: can edit on DAG:example_trigger_controller_dag
[2023-09-05T08:48:08.497+0000] {logging_mixin.py:150} INFO - [2023-09-05T08:48:08.497+0000] {dag.py:2742} INFO - Sync 1 DAGs
[2023-09-05T08:48:08.528+0000] {logging_mixin.py:150} INFO - [2023-09-05T08:48:08.528+0000] {dag.py:2763} INFO - Creating ORM DAG for example_trigger_controller_dag
[2023-09-05T08:48:08.545+0000] {logging_mixin.py:150} INFO - [2023-09-05T08:48:08.545+0000] {dag.py:3508} INFO - Setting next_dagrun for example_trigger_controller_dag to 2021-01-01T00:00:00+00:00, run_after=2021-01-01T00:00:00+00:00
[2023-09-05T08:48:08.575+0000] {processor.py:179} INFO - Processing /home/airflow/.local/lib/python3.7/site-packages/airflow/example_dags/example_trigger_controller_dag.py took 0.317 seconds
[2023-09-05T08:48:39.165+0000] {processor.py:157} INFO - Started process (PID=458) to work on /home/airflow/.local/lib/python3.7/site-packages/airflow/example_dags/example_trigger_controller_dag.py
[2023-09-05T08:48:39.167+0000] {processor.py:826} INFO - Processing file /home/airflow/.local/lib/python3.7/site-packages/airflow/example_dags/example_trigger_controller_dag.py for tasks to queue
[2023-09-05T08:48:39.168+0000] {logging_mixin.py:150} INFO - [2023-09-05T08:48:39.167+0000] {dagbag.py:541} INFO - Filling up the DagBag from /home/airflow/.local/lib/python3.7/site-packages/airflow/example_dags/example_trigger_controller_dag.py
[2023-09-05T08:48:39.174+0000] {processor.py:836} INFO - DAG(s) dict_keys(['example_trigger_controller_dag']) retrieved from /home/airflow/.local/lib/python3.7/site-packages/airflow/example_dags/example_trigger_controller_dag.py
[2023-09-05T08:48:39.212+0000] {logging_mixin.py:150} INFO - [2023-09-05T08:48:39.211+0000] {dag.py:2742} INFO - Sync 1 DAGs
[2023-09-05T08:48:39.259+0000] {logging_mixin.py:150} INFO - [2023-09-05T08:48:39.258+0000] {dag.py:3508} INFO - Setting next_dagrun for example_trigger_controller_dag to 2021-01-01T00:00:00+00:00, run_after=2021-01-01T00:00:00+00:00
[2023-09-05T08:48:39.289+0000] {processor.py:179} INFO - Processing /home/airflow/.local/lib/python3.7/site-packages/airflow/example_dags/example_trigger_controller_dag.py took 0.130 seconds
[2023-09-05T08:49:09.539+0000] {processor.py:157} INFO - Started process (PID=703) to work on /home/airflow/.local/lib/python3.7/site-packages/airflow/example_dags/example_trigger_controller_dag.py
[2023-09-05T08:49:09.539+0000] {processor.py:826} INFO - Processing file /home/airflow/.local/lib/python3.7/site-packages/airflow/example_dags/example_trigger_controller_dag.py for tasks to queue
[2023-09-05T08:49:09.540+0000] {logging_mixin.py:150} INFO - [2023-09-05T08:49:09.540+0000] {dagbag.py:541} INFO - Filling up the DagBag from /home/airflow/.local/lib/python3.7/site-packages/airflow/example_dags/example_trigger_controller_dag.py
[2023-09-05T08:49:09.546+0000] {processor.py:836} INFO - DAG(s) dict_keys(['example_trigger_controller_dag']) retrieved from /home/airflow/.local/lib/python3.7/site-packages/airflow/example_dags/example_trigger_controller_dag.py
[2023-09-05T08:49:09.584+0000] {logging_mixin.py:150} INFO - [2023-09-05T08:49:09.584+0000] {dag.py:2742} INFO - Sync 1 DAGs
[2023-09-05T08:49:09.632+0000] {logging_mixin.py:150} INFO - [2023-09-05T08:49:09.632+0000] {dag.py:3508} INFO - Setting next_dagrun for example_trigger_controller_dag to 2021-01-01T00:00:00+00:00, run_after=2021-01-01T00:00:00+00:00
[2023-09-05T08:49:09.668+0000] {processor.py:179} INFO - Processing /home/airflow/.local/lib/python3.7/site-packages/airflow/example_dags/example_trigger_controller_dag.py took 0.134 seconds
[2023-09-05T08:49:40.089+0000] {processor.py:157} INFO - Started process (PID=948) to work on /home/airflow/.local/lib/python3.7/site-packages/airflow/example_dags/example_trigger_controller_dag.py
[2023-09-05T08:49:40.090+0000] {processor.py:826} INFO - Processing file /home/airflow/.local/lib/python3.7/site-packages/airflow/example_dags/example_trigger_controller_dag.py for tasks to queue
[2023-09-05T08:49:40.092+0000] {logging_mixin.py:150} INFO - [2023-09-05T08:49:40.091+0000] {dagbag.py:541} INFO - Filling up the DagBag from /home/airflow/.local/lib/python3.7/site-packages/airflow/example_dags/example_trigger_controller_dag.py
[2023-09-05T08:49:40.099+0000] {processor.py:836} INFO - DAG(s) dict_keys(['example_trigger_controller_dag']) retrieved from /home/airflow/.local/lib/python3.7/site-packages/airflow/example_dags/example_trigger_controller_dag.py
[2023-09-05T08:49:40.135+0000] {logging_mixin.py:150} INFO - [2023-09-05T08:49:40.135+0000] {dag.py:2742} INFO - Sync 1 DAGs
[2023-09-05T08:49:40.184+0000] {logging_mixin.py:150} INFO - [2023-09-05T08:49:40.183+0000] {dag.py:3508} INFO - Setting next_dagrun for example_trigger_controller_dag to 2021-01-01T00:00:00+00:00, run_after=2021-01-01T00:00:00+00:00
[2023-09-05T08:49:40.229+0000] {processor.py:179} INFO - Processing /home/airflow/.local/lib/python3.7/site-packages/airflow/example_dags/example_trigger_controller_dag.py took 0.146 seconds
[2023-09-05T08:50:10.431+0000] {processor.py:157} INFO - Started process (PID=1193) to work on /home/airflow/.local/lib/python3.7/site-packages/airflow/example_dags/example_trigger_controller_dag.py
[2023-09-05T08:50:10.434+0000] {processor.py:826} INFO - Processing file /home/airflow/.local/lib/python3.7/site-packages/airflow/example_dags/example_trigger_controller_dag.py for tasks to queue
[2023-09-05T08:50:10.436+0000] {logging_mixin.py:150} INFO - [2023-09-05T08:50:10.435+0000] {dagbag.py:541} INFO - Filling up the DagBag from /home/airflow/.local/lib/python3.7/site-packages/airflow/example_dags/example_trigger_controller_dag.py
[2023-09-05T08:50:10.448+0000] {processor.py:836} INFO - DAG(s) dict_keys(['example_trigger_controller_dag']) retrieved from /home/airflow/.local/lib/python3.7/site-packages/airflow/example_dags/example_trigger_controller_dag.py
[2023-09-05T08:50:10.489+0000] {logging_mixin.py:150} INFO - [2023-09-05T08:50:10.488+0000] {dag.py:2742} INFO - Sync 1 DAGs
[2023-09-05T08:50:10.530+0000] {logging_mixin.py:150} INFO - [2023-09-05T08:50:10.530+0000] {dag.py:3508} INFO - Setting next_dagrun for example_trigger_controller_dag to 2021-01-01T00:00:00+00:00, run_after=2021-01-01T00:00:00+00:00
[2023-09-05T08:50:10.560+0000] {processor.py:179} INFO - Processing /home/airflow/.local/lib/python3.7/site-packages/airflow/example_dags/example_trigger_controller_dag.py took 0.137 seconds
[2023-09-05T08:51:07.843+0000] {processor.py:157} INFO - Started process (PID=212) to work on /home/airflow/.local/lib/python3.7/site-packages/airflow/example_dags/example_trigger_controller_dag.py
[2023-09-05T08:51:07.845+0000] {processor.py:826} INFO - Processing file /home/airflow/.local/lib/python3.7/site-packages/airflow/example_dags/example_trigger_controller_dag.py for tasks to queue
[2023-09-05T08:51:07.846+0000] {logging_mixin.py:150} INFO - [2023-09-05T08:51:07.846+0000] {dagbag.py:541} INFO - Filling up the DagBag from /home/airflow/.local/lib/python3.7/site-packages/airflow/example_dags/example_trigger_controller_dag.py
[2023-09-05T08:51:07.862+0000] {processor.py:836} INFO - DAG(s) dict_keys(['example_trigger_controller_dag']) retrieved from /home/airflow/.local/lib/python3.7/site-packages/airflow/example_dags/example_trigger_controller_dag.py
[2023-09-05T08:51:07.923+0000] {logging_mixin.py:150} INFO - [2023-09-05T08:51:07.922+0000] {dag.py:2742} INFO - Sync 1 DAGs
[2023-09-05T08:51:07.984+0000] {logging_mixin.py:150} INFO - [2023-09-05T08:51:07.984+0000] {dag.py:3508} INFO - Setting next_dagrun for example_trigger_controller_dag to 2021-01-01T00:00:00+00:00, run_after=2021-01-01T00:00:00+00:00
[2023-09-05T08:51:08.017+0000] {processor.py:179} INFO - Processing /home/airflow/.local/lib/python3.7/site-packages/airflow/example_dags/example_trigger_controller_dag.py took 0.183 seconds
[2023-09-05T08:51:38.382+0000] {processor.py:157} INFO - Started process (PID=457) to work on /home/airflow/.local/lib/python3.7/site-packages/airflow/example_dags/example_trigger_controller_dag.py
[2023-09-05T08:51:38.383+0000] {processor.py:826} INFO - Processing file /home/airflow/.local/lib/python3.7/site-packages/airflow/example_dags/example_trigger_controller_dag.py for tasks to queue
[2023-09-05T08:51:38.385+0000] {logging_mixin.py:150} INFO - [2023-09-05T08:51:38.384+0000] {dagbag.py:541} INFO - Filling up the DagBag from /home/airflow/.local/lib/python3.7/site-packages/airflow/example_dags/example_trigger_controller_dag.py
[2023-09-05T08:51:38.391+0000] {processor.py:836} INFO - DAG(s) dict_keys(['example_trigger_controller_dag']) retrieved from /home/airflow/.local/lib/python3.7/site-packages/airflow/example_dags/example_trigger_controller_dag.py
[2023-09-05T08:51:38.429+0000] {logging_mixin.py:150} INFO - [2023-09-05T08:51:38.428+0000] {dag.py:2742} INFO - Sync 1 DAGs
[2023-09-05T08:51:38.475+0000] {logging_mixin.py:150} INFO - [2023-09-05T08:51:38.475+0000] {dag.py:3508} INFO - Setting next_dagrun for example_trigger_controller_dag to 2021-01-01T00:00:00+00:00, run_after=2021-01-01T00:00:00+00:00
[2023-09-05T08:51:38.509+0000] {processor.py:179} INFO - Processing /home/airflow/.local/lib/python3.7/site-packages/airflow/example_dags/example_trigger_controller_dag.py took 0.135 seconds
[2023-09-05T08:52:09.623+0000] {processor.py:157} INFO - Started process (PID=704) to work on /home/airflow/.local/lib/python3.7/site-packages/airflow/example_dags/example_trigger_controller_dag.py
[2023-09-05T08:52:09.624+0000] {processor.py:826} INFO - Processing file /home/airflow/.local/lib/python3.7/site-packages/airflow/example_dags/example_trigger_controller_dag.py for tasks to queue
[2023-09-05T08:52:09.625+0000] {logging_mixin.py:150} INFO - [2023-09-05T08:52:09.625+0000] {dagbag.py:541} INFO - Filling up the DagBag from /home/airflow/.local/lib/python3.7/site-packages/airflow/example_dags/example_trigger_controller_dag.py
[2023-09-05T08:52:09.630+0000] {processor.py:836} INFO - DAG(s) dict_keys(['example_trigger_controller_dag']) retrieved from /home/airflow/.local/lib/python3.7/site-packages/airflow/example_dags/example_trigger_controller_dag.py
[2023-09-05T08:52:09.674+0000] {logging_mixin.py:150} INFO - [2023-09-05T08:52:09.674+0000] {dag.py:2742} INFO - Sync 1 DAGs
[2023-09-05T08:52:09.716+0000] {logging_mixin.py:150} INFO - [2023-09-05T08:52:09.715+0000] {dag.py:3508} INFO - Setting next_dagrun for example_trigger_controller_dag to 2021-01-01T00:00:00+00:00, run_after=2021-01-01T00:00:00+00:00
[2023-09-05T08:52:09.901+0000] {processor.py:179} INFO - Processing /home/airflow/.local/lib/python3.7/site-packages/airflow/example_dags/example_trigger_controller_dag.py took 0.283 seconds
[2023-09-05T08:52:40.352+0000] {processor.py:157} INFO - Started process (PID=947) to work on /home/airflow/.local/lib/python3.7/site-packages/airflow/example_dags/example_trigger_controller_dag.py
[2023-09-05T08:52:40.353+0000] {processor.py:826} INFO - Processing file /home/airflow/.local/lib/python3.7/site-packages/airflow/example_dags/example_trigger_controller_dag.py for tasks to queue
[2023-09-05T08:52:40.354+0000] {logging_mixin.py:150} INFO - [2023-09-05T08:52:40.354+0000] {dagbag.py:541} INFO - Filling up the DagBag from /home/airflow/.local/lib/python3.7/site-packages/airflow/example_dags/example_trigger_controller_dag.py
[2023-09-05T08:52:40.359+0000] {processor.py:836} INFO - DAG(s) dict_keys(['example_trigger_controller_dag']) retrieved from /home/airflow/.local/lib/python3.7/site-packages/airflow/example_dags/example_trigger_controller_dag.py
[2023-09-05T08:52:40.529+0000] {logging_mixin.py:150} INFO - [2023-09-05T08:52:40.528+0000] {dag.py:2742} INFO - Sync 1 DAGs
[2023-09-05T08:52:40.565+0000] {logging_mixin.py:150} INFO - [2023-09-05T08:52:40.565+0000] {dag.py:3508} INFO - Setting next_dagrun for example_trigger_controller_dag to 2021-01-01T00:00:00+00:00, run_after=2021-01-01T00:00:00+00:00
[2023-09-05T08:52:40.591+0000] {processor.py:179} INFO - Processing /home/airflow/.local/lib/python3.7/site-packages/airflow/example_dags/example_trigger_controller_dag.py took 0.243 seconds
[2023-09-05T08:53:10.912+0000] {processor.py:157} INFO - Started process (PID=1203) to work on /home/airflow/.local/lib/python3.7/site-packages/airflow/example_dags/example_trigger_controller_dag.py
[2023-09-05T08:53:10.913+0000] {processor.py:826} INFO - Processing file /home/airflow/.local/lib/python3.7/site-packages/airflow/example_dags/example_trigger_controller_dag.py for tasks to queue
[2023-09-05T08:53:10.914+0000] {logging_mixin.py:150} INFO - [2023-09-05T08:53:10.914+0000] {dagbag.py:541} INFO - Filling up the DagBag from /home/airflow/.local/lib/python3.7/site-packages/airflow/example_dags/example_trigger_controller_dag.py
[2023-09-05T08:53:10.922+0000] {processor.py:836} INFO - DAG(s) dict_keys(['example_trigger_controller_dag']) retrieved from /home/airflow/.local/lib/python3.7/site-packages/airflow/example_dags/example_trigger_controller_dag.py
[2023-09-05T08:53:10.965+0000] {logging_mixin.py:150} INFO - [2023-09-05T08:53:10.964+0000] {dag.py:2742} INFO - Sync 1 DAGs
[2023-09-05T08:53:11.018+0000] {logging_mixin.py:150} INFO - [2023-09-05T08:53:11.018+0000] {dag.py:3508} INFO - Setting next_dagrun for example_trigger_controller_dag to 2021-01-01T00:00:00+00:00, run_after=2021-01-01T00:00:00+00:00
[2023-09-05T08:53:11.055+0000] {processor.py:179} INFO - Processing /home/airflow/.local/lib/python3.7/site-packages/airflow/example_dags/example_trigger_controller_dag.py took 0.150 seconds
[2023-09-05T08:53:41.191+0000] {processor.py:157} INFO - Started process (PID=1448) to work on /home/airflow/.local/lib/python3.7/site-packages/airflow/example_dags/example_trigger_controller_dag.py
[2023-09-05T08:53:41.192+0000] {processor.py:826} INFO - Processing file /home/airflow/.local/lib/python3.7/site-packages/airflow/example_dags/example_trigger_controller_dag.py for tasks to queue
[2023-09-05T08:53:41.193+0000] {logging_mixin.py:150} INFO - [2023-09-05T08:53:41.193+0000] {dagbag.py:541} INFO - Filling up the DagBag from /home/airflow/.local/lib/python3.7/site-packages/airflow/example_dags/example_trigger_controller_dag.py
[2023-09-05T08:53:41.201+0000] {processor.py:836} INFO - DAG(s) dict_keys(['example_trigger_controller_dag']) retrieved from /home/airflow/.local/lib/python3.7/site-packages/airflow/example_dags/example_trigger_controller_dag.py
[2023-09-05T08:53:41.241+0000] {logging_mixin.py:150} INFO - [2023-09-05T08:53:41.240+0000] {dag.py:2742} INFO - Sync 1 DAGs
[2023-09-05T08:53:41.300+0000] {logging_mixin.py:150} INFO - [2023-09-05T08:53:41.300+0000] {dag.py:3508} INFO - Setting next_dagrun for example_trigger_controller_dag to 2021-01-01T00:00:00+00:00, run_after=2021-01-01T00:00:00+00:00
[2023-09-05T08:53:41.333+0000] {processor.py:179} INFO - Processing /home/airflow/.local/lib/python3.7/site-packages/airflow/example_dags/example_trigger_controller_dag.py took 0.148 seconds
