[2023-09-05T08:48:14.072+0000] {processor.py:157} INFO - Started process (PID=333) to work on /home/airflow/.local/lib/python3.7/site-packages/airflow/example_dags/example_dag_decorator.py
[2023-09-05T08:48:14.073+0000] {processor.py:826} INFO - Processing file /home/airflow/.local/lib/python3.7/site-packages/airflow/example_dags/example_dag_decorator.py for tasks to queue
[2023-09-05T08:48:14.075+0000] {logging_mixin.py:150} INFO - [2023-09-05T08:48:14.075+0000] {dagbag.py:541} INFO - Filling up the DagBag from /home/airflow/.local/lib/python3.7/site-packages/airflow/example_dags/example_dag_decorator.py
[2023-09-05T08:48:14.108+0000] {processor.py:836} INFO - DAG(s) dict_keys(['example_dag_decorator']) retrieved from /home/airflow/.local/lib/python3.7/site-packages/airflow/example_dags/example_dag_decorator.py
[2023-09-05T08:48:14.322+0000] {logging_mixin.py:150} INFO - [2023-09-05T08:48:14.322+0000] {manager.py:504} INFO - Created Permission View: can delete on DAG:example_dag_decorator
[2023-09-05T08:48:14.341+0000] {logging_mixin.py:150} INFO - [2023-09-05T08:48:14.341+0000] {manager.py:504} INFO - Created Permission View: can read on DAG:example_dag_decorator
[2023-09-05T08:48:14.355+0000] {logging_mixin.py:150} INFO - [2023-09-05T08:48:14.355+0000] {manager.py:504} INFO - Created Permission View: can edit on DAG:example_dag_decorator
[2023-09-05T08:48:14.377+0000] {logging_mixin.py:150} INFO - [2023-09-05T08:48:14.377+0000] {dag.py:2742} INFO - Sync 1 DAGs
[2023-09-05T08:48:14.396+0000] {logging_mixin.py:150} INFO - [2023-09-05T08:48:14.396+0000] {dag.py:2763} INFO - Creating ORM DAG for example_dag_decorator
[2023-09-05T08:48:14.413+0000] {logging_mixin.py:150} INFO - [2023-09-05T08:48:14.413+0000] {dag.py:3508} INFO - Setting next_dagrun for example_dag_decorator to None, run_after=None
[2023-09-05T08:48:14.439+0000] {processor.py:179} INFO - Processing /home/airflow/.local/lib/python3.7/site-packages/airflow/example_dags/example_dag_decorator.py took 0.375 seconds
[2023-09-05T08:48:45.264+0000] {processor.py:157} INFO - Started process (PID=578) to work on /home/airflow/.local/lib/python3.7/site-packages/airflow/example_dags/example_dag_decorator.py
[2023-09-05T08:48:45.266+0000] {processor.py:826} INFO - Processing file /home/airflow/.local/lib/python3.7/site-packages/airflow/example_dags/example_dag_decorator.py for tasks to queue
[2023-09-05T08:48:45.267+0000] {logging_mixin.py:150} INFO - [2023-09-05T08:48:45.266+0000] {dagbag.py:541} INFO - Filling up the DagBag from /home/airflow/.local/lib/python3.7/site-packages/airflow/example_dags/example_dag_decorator.py
[2023-09-05T08:48:45.290+0000] {processor.py:836} INFO - DAG(s) dict_keys(['example_dag_decorator']) retrieved from /home/airflow/.local/lib/python3.7/site-packages/airflow/example_dags/example_dag_decorator.py
[2023-09-05T08:48:45.528+0000] {logging_mixin.py:150} INFO - [2023-09-05T08:48:45.528+0000] {dag.py:2742} INFO - Sync 1 DAGs
[2023-09-05T08:48:45.570+0000] {logging_mixin.py:150} INFO - [2023-09-05T08:48:45.570+0000] {dag.py:3508} INFO - Setting next_dagrun for example_dag_decorator to None, run_after=None
[2023-09-05T08:48:45.609+0000] {processor.py:179} INFO - Processing /home/airflow/.local/lib/python3.7/site-packages/airflow/example_dags/example_dag_decorator.py took 0.351 seconds
[2023-09-05T08:49:16.093+0000] {processor.py:157} INFO - Started process (PID=823) to work on /home/airflow/.local/lib/python3.7/site-packages/airflow/example_dags/example_dag_decorator.py
[2023-09-05T08:49:16.094+0000] {processor.py:826} INFO - Processing file /home/airflow/.local/lib/python3.7/site-packages/airflow/example_dags/example_dag_decorator.py for tasks to queue
[2023-09-05T08:49:16.095+0000] {logging_mixin.py:150} INFO - [2023-09-05T08:49:16.095+0000] {dagbag.py:541} INFO - Filling up the DagBag from /home/airflow/.local/lib/python3.7/site-packages/airflow/example_dags/example_dag_decorator.py
[2023-09-05T08:49:16.120+0000] {processor.py:836} INFO - DAG(s) dict_keys(['example_dag_decorator']) retrieved from /home/airflow/.local/lib/python3.7/site-packages/airflow/example_dags/example_dag_decorator.py
[2023-09-05T08:49:16.381+0000] {logging_mixin.py:150} INFO - [2023-09-05T08:49:16.380+0000] {dag.py:2742} INFO - Sync 1 DAGs
[2023-09-05T08:49:16.423+0000] {logging_mixin.py:150} INFO - [2023-09-05T08:49:16.423+0000] {dag.py:3508} INFO - Setting next_dagrun for example_dag_decorator to None, run_after=None
[2023-09-05T08:49:16.458+0000] {processor.py:179} INFO - Processing /home/airflow/.local/lib/python3.7/site-packages/airflow/example_dags/example_dag_decorator.py took 0.372 seconds
[2023-09-05T08:49:46.707+0000] {processor.py:157} INFO - Started process (PID=1068) to work on /home/airflow/.local/lib/python3.7/site-packages/airflow/example_dags/example_dag_decorator.py
[2023-09-05T08:49:46.709+0000] {processor.py:826} INFO - Processing file /home/airflow/.local/lib/python3.7/site-packages/airflow/example_dags/example_dag_decorator.py for tasks to queue
[2023-09-05T08:49:46.709+0000] {logging_mixin.py:150} INFO - [2023-09-05T08:49:46.709+0000] {dagbag.py:541} INFO - Filling up the DagBag from /home/airflow/.local/lib/python3.7/site-packages/airflow/example_dags/example_dag_decorator.py
[2023-09-05T08:49:46.728+0000] {processor.py:836} INFO - DAG(s) dict_keys(['example_dag_decorator']) retrieved from /home/airflow/.local/lib/python3.7/site-packages/airflow/example_dags/example_dag_decorator.py
[2023-09-05T08:49:46.904+0000] {logging_mixin.py:150} INFO - [2023-09-05T08:49:46.904+0000] {dag.py:2742} INFO - Sync 1 DAGs
[2023-09-05T08:49:46.940+0000] {logging_mixin.py:150} INFO - [2023-09-05T08:49:46.940+0000] {dag.py:3508} INFO - Setting next_dagrun for example_dag_decorator to None, run_after=None
[2023-09-05T08:49:46.970+0000] {processor.py:179} INFO - Processing /home/airflow/.local/lib/python3.7/site-packages/airflow/example_dags/example_dag_decorator.py took 0.267 seconds
[2023-09-05T08:50:17.928+0000] {processor.py:157} INFO - Started process (PID=1313) to work on /home/airflow/.local/lib/python3.7/site-packages/airflow/example_dags/example_dag_decorator.py
[2023-09-05T08:50:17.929+0000] {processor.py:826} INFO - Processing file /home/airflow/.local/lib/python3.7/site-packages/airflow/example_dags/example_dag_decorator.py for tasks to queue
[2023-09-05T08:50:17.930+0000] {logging_mixin.py:150} INFO - [2023-09-05T08:50:17.930+0000] {dagbag.py:541} INFO - Filling up the DagBag from /home/airflow/.local/lib/python3.7/site-packages/airflow/example_dags/example_dag_decorator.py
[2023-09-05T08:50:17.954+0000] {processor.py:836} INFO - DAG(s) dict_keys(['example_dag_decorator']) retrieved from /home/airflow/.local/lib/python3.7/site-packages/airflow/example_dags/example_dag_decorator.py
[2023-09-05T08:50:18.193+0000] {logging_mixin.py:150} INFO - [2023-09-05T08:50:18.193+0000] {dag.py:2742} INFO - Sync 1 DAGs
[2023-09-05T08:50:18.237+0000] {logging_mixin.py:150} INFO - [2023-09-05T08:50:18.237+0000] {dag.py:3508} INFO - Setting next_dagrun for example_dag_decorator to None, run_after=None
[2023-09-05T08:50:18.269+0000] {processor.py:179} INFO - Processing /home/airflow/.local/lib/python3.7/site-packages/airflow/example_dags/example_dag_decorator.py took 0.347 seconds
[2023-09-05T08:51:10.600+0000] {processor.py:157} INFO - Started process (PID=332) to work on /home/airflow/.local/lib/python3.7/site-packages/airflow/example_dags/example_dag_decorator.py
[2023-09-05T08:51:10.602+0000] {processor.py:826} INFO - Processing file /home/airflow/.local/lib/python3.7/site-packages/airflow/example_dags/example_dag_decorator.py for tasks to queue
[2023-09-05T08:51:10.604+0000] {logging_mixin.py:150} INFO - [2023-09-05T08:51:10.603+0000] {dagbag.py:541} INFO - Filling up the DagBag from /home/airflow/.local/lib/python3.7/site-packages/airflow/example_dags/example_dag_decorator.py
[2023-09-05T08:51:10.630+0000] {processor.py:836} INFO - DAG(s) dict_keys(['example_dag_decorator']) retrieved from /home/airflow/.local/lib/python3.7/site-packages/airflow/example_dags/example_dag_decorator.py
[2023-09-05T08:51:10.860+0000] {logging_mixin.py:150} INFO - [2023-09-05T08:51:10.860+0000] {dag.py:2742} INFO - Sync 1 DAGs
[2023-09-05T08:51:11.081+0000] {logging_mixin.py:150} INFO - [2023-09-05T08:51:11.080+0000] {dag.py:3508} INFO - Setting next_dagrun for example_dag_decorator to None, run_after=None
[2023-09-05T08:51:11.114+0000] {processor.py:179} INFO - Processing /home/airflow/.local/lib/python3.7/site-packages/airflow/example_dags/example_dag_decorator.py took 0.521 seconds
[2023-09-05T08:51:41.393+0000] {processor.py:157} INFO - Started process (PID=577) to work on /home/airflow/.local/lib/python3.7/site-packages/airflow/example_dags/example_dag_decorator.py
[2023-09-05T08:51:41.394+0000] {processor.py:826} INFO - Processing file /home/airflow/.local/lib/python3.7/site-packages/airflow/example_dags/example_dag_decorator.py for tasks to queue
[2023-09-05T08:51:41.395+0000] {logging_mixin.py:150} INFO - [2023-09-05T08:51:41.395+0000] {dagbag.py:541} INFO - Filling up the DagBag from /home/airflow/.local/lib/python3.7/site-packages/airflow/example_dags/example_dag_decorator.py
[2023-09-05T08:51:41.415+0000] {processor.py:836} INFO - DAG(s) dict_keys(['example_dag_decorator']) retrieved from /home/airflow/.local/lib/python3.7/site-packages/airflow/example_dags/example_dag_decorator.py
[2023-09-05T08:51:41.742+0000] {logging_mixin.py:150} INFO - [2023-09-05T08:51:41.742+0000] {dag.py:2742} INFO - Sync 1 DAGs
[2023-09-05T08:51:41.777+0000] {logging_mixin.py:150} INFO - [2023-09-05T08:51:41.776+0000] {dag.py:3508} INFO - Setting next_dagrun for example_dag_decorator to None, run_after=None
[2023-09-05T08:51:41.811+0000] {processor.py:179} INFO - Processing /home/airflow/.local/lib/python3.7/site-packages/airflow/example_dags/example_dag_decorator.py took 0.423 seconds
[2023-09-05T08:52:14.392+0000] {processor.py:157} INFO - Started process (PID=822) to work on /home/airflow/.local/lib/python3.7/site-packages/airflow/example_dags/example_dag_decorator.py
[2023-09-05T08:52:14.393+0000] {processor.py:826} INFO - Processing file /home/airflow/.local/lib/python3.7/site-packages/airflow/example_dags/example_dag_decorator.py for tasks to queue
[2023-09-05T08:52:14.394+0000] {logging_mixin.py:150} INFO - [2023-09-05T08:52:14.394+0000] {dagbag.py:541} INFO - Filling up the DagBag from /home/airflow/.local/lib/python3.7/site-packages/airflow/example_dags/example_dag_decorator.py
[2023-09-05T08:52:14.413+0000] {processor.py:836} INFO - DAG(s) dict_keys(['example_dag_decorator']) retrieved from /home/airflow/.local/lib/python3.7/site-packages/airflow/example_dags/example_dag_decorator.py
[2023-09-05T08:52:14.763+0000] {logging_mixin.py:150} INFO - [2023-09-05T08:52:14.763+0000] {dag.py:2742} INFO - Sync 1 DAGs
[2023-09-05T08:52:14.807+0000] {logging_mixin.py:150} INFO - [2023-09-05T08:52:14.807+0000] {dag.py:3508} INFO - Setting next_dagrun for example_dag_decorator to None, run_after=None
[2023-09-05T08:52:14.842+0000] {processor.py:179} INFO - Processing /home/airflow/.local/lib/python3.7/site-packages/airflow/example_dags/example_dag_decorator.py took 0.454 seconds
[2023-09-05T08:52:45.001+0000] {processor.py:157} INFO - Started process (PID=1067) to work on /home/airflow/.local/lib/python3.7/site-packages/airflow/example_dags/example_dag_decorator.py
[2023-09-05T08:52:45.002+0000] {processor.py:826} INFO - Processing file /home/airflow/.local/lib/python3.7/site-packages/airflow/example_dags/example_dag_decorator.py for tasks to queue
[2023-09-05T08:52:45.002+0000] {logging_mixin.py:150} INFO - [2023-09-05T08:52:45.002+0000] {dagbag.py:541} INFO - Filling up the DagBag from /home/airflow/.local/lib/python3.7/site-packages/airflow/example_dags/example_dag_decorator.py
[2023-09-05T08:52:45.021+0000] {processor.py:836} INFO - DAG(s) dict_keys(['example_dag_decorator']) retrieved from /home/airflow/.local/lib/python3.7/site-packages/airflow/example_dags/example_dag_decorator.py
[2023-09-05T08:52:45.210+0000] {logging_mixin.py:150} INFO - [2023-09-05T08:52:45.209+0000] {dag.py:2742} INFO - Sync 1 DAGs
[2023-09-05T08:52:45.246+0000] {logging_mixin.py:150} INFO - [2023-09-05T08:52:45.246+0000] {dag.py:3508} INFO - Setting next_dagrun for example_dag_decorator to None, run_after=None
[2023-09-05T08:52:45.276+0000] {processor.py:179} INFO - Processing /home/airflow/.local/lib/python3.7/site-packages/airflow/example_dags/example_dag_decorator.py took 0.280 seconds
[2023-09-05T08:53:15.999+0000] {processor.py:157} INFO - Started process (PID=1323) to work on /home/airflow/.local/lib/python3.7/site-packages/airflow/example_dags/example_dag_decorator.py
[2023-09-05T08:53:16.001+0000] {processor.py:826} INFO - Processing file /home/airflow/.local/lib/python3.7/site-packages/airflow/example_dags/example_dag_decorator.py for tasks to queue
[2023-09-05T08:53:16.002+0000] {logging_mixin.py:150} INFO - [2023-09-05T08:53:16.001+0000] {dagbag.py:541} INFO - Filling up the DagBag from /home/airflow/.local/lib/python3.7/site-packages/airflow/example_dags/example_dag_decorator.py
[2023-09-05T08:53:16.019+0000] {processor.py:836} INFO - DAG(s) dict_keys(['example_dag_decorator']) retrieved from /home/airflow/.local/lib/python3.7/site-packages/airflow/example_dags/example_dag_decorator.py
[2023-09-05T08:53:16.232+0000] {logging_mixin.py:150} INFO - [2023-09-05T08:53:16.232+0000] {dag.py:2742} INFO - Sync 1 DAGs
[2023-09-05T08:53:16.278+0000] {logging_mixin.py:150} INFO - [2023-09-05T08:53:16.277+0000] {dag.py:3508} INFO - Setting next_dagrun for example_dag_decorator to None, run_after=None
[2023-09-05T08:53:16.313+0000] {processor.py:179} INFO - Processing /home/airflow/.local/lib/python3.7/site-packages/airflow/example_dags/example_dag_decorator.py took 0.318 seconds
[2023-09-05T08:53:46.809+0000] {processor.py:157} INFO - Started process (PID=1568) to work on /home/airflow/.local/lib/python3.7/site-packages/airflow/example_dags/example_dag_decorator.py
[2023-09-05T08:53:46.810+0000] {processor.py:826} INFO - Processing file /home/airflow/.local/lib/python3.7/site-packages/airflow/example_dags/example_dag_decorator.py for tasks to queue
[2023-09-05T08:53:46.811+0000] {logging_mixin.py:150} INFO - [2023-09-05T08:53:46.811+0000] {dagbag.py:541} INFO - Filling up the DagBag from /home/airflow/.local/lib/python3.7/site-packages/airflow/example_dags/example_dag_decorator.py
[2023-09-05T08:53:46.834+0000] {processor.py:836} INFO - DAG(s) dict_keys(['example_dag_decorator']) retrieved from /home/airflow/.local/lib/python3.7/site-packages/airflow/example_dags/example_dag_decorator.py
[2023-09-05T08:53:47.070+0000] {logging_mixin.py:150} INFO - [2023-09-05T08:53:47.070+0000] {dag.py:2742} INFO - Sync 1 DAGs
[2023-09-05T08:53:47.106+0000] {logging_mixin.py:150} INFO - [2023-09-05T08:53:47.105+0000] {dag.py:3508} INFO - Setting next_dagrun for example_dag_decorator to None, run_after=None
[2023-09-05T08:53:47.160+0000] {processor.py:179} INFO - Processing /home/airflow/.local/lib/python3.7/site-packages/airflow/example_dags/example_dag_decorator.py took 0.357 seconds
