[2023-09-05T08:48:15.441+0000] {processor.py:157} INFO - Started process (PID=368) to work on /home/airflow/.local/lib/python3.7/site-packages/airflow/example_dags/example_trigger_target_dag.py
[2023-09-05T08:48:15.442+0000] {processor.py:826} INFO - Processing file /home/airflow/.local/lib/python3.7/site-packages/airflow/example_dags/example_trigger_target_dag.py for tasks to queue
[2023-09-05T08:48:15.443+0000] {logging_mixin.py:150} INFO - [2023-09-05T08:48:15.443+0000] {dagbag.py:541} INFO - Filling up the DagBag from /home/airflow/.local/lib/python3.7/site-packages/airflow/example_dags/example_trigger_target_dag.py
[2023-09-05T08:48:15.451+0000] {processor.py:836} INFO - DAG(s) dict_keys(['example_trigger_target_dag']) retrieved from /home/airflow/.local/lib/python3.7/site-packages/airflow/example_dags/example_trigger_target_dag.py
[2023-09-05T08:48:15.619+0000] {logging_mixin.py:150} INFO - [2023-09-05T08:48:15.619+0000] {manager.py:504} INFO - Created Permission View: can delete on DAG:example_trigger_target_dag
[2023-09-05T08:48:15.639+0000] {logging_mixin.py:150} INFO - [2023-09-05T08:48:15.638+0000] {manager.py:504} INFO - Created Permission View: can read on DAG:example_trigger_target_dag
[2023-09-05T08:48:15.652+0000] {logging_mixin.py:150} INFO - [2023-09-05T08:48:15.652+0000] {manager.py:504} INFO - Created Permission View: can edit on DAG:example_trigger_target_dag
[2023-09-05T08:48:15.676+0000] {logging_mixin.py:150} INFO - [2023-09-05T08:48:15.676+0000] {dag.py:2742} INFO - Sync 1 DAGs
[2023-09-05T08:48:15.697+0000] {logging_mixin.py:150} INFO - [2023-09-05T08:48:15.697+0000] {dag.py:2763} INFO - Creating ORM DAG for example_trigger_target_dag
[2023-09-05T08:48:15.716+0000] {logging_mixin.py:150} INFO - [2023-09-05T08:48:15.716+0000] {dag.py:3508} INFO - Setting next_dagrun for example_trigger_target_dag to None, run_after=None
[2023-09-05T08:48:15.746+0000] {processor.py:179} INFO - Processing /home/airflow/.local/lib/python3.7/site-packages/airflow/example_dags/example_trigger_target_dag.py took 0.310 seconds
[2023-09-05T08:48:46.002+0000] {processor.py:157} INFO - Started process (PID=613) to work on /home/airflow/.local/lib/python3.7/site-packages/airflow/example_dags/example_trigger_target_dag.py
[2023-09-05T08:48:46.003+0000] {processor.py:826} INFO - Processing file /home/airflow/.local/lib/python3.7/site-packages/airflow/example_dags/example_trigger_target_dag.py for tasks to queue
[2023-09-05T08:48:46.005+0000] {logging_mixin.py:150} INFO - [2023-09-05T08:48:46.004+0000] {dagbag.py:541} INFO - Filling up the DagBag from /home/airflow/.local/lib/python3.7/site-packages/airflow/example_dags/example_trigger_target_dag.py
[2023-09-05T08:48:46.014+0000] {processor.py:836} INFO - DAG(s) dict_keys(['example_trigger_target_dag']) retrieved from /home/airflow/.local/lib/python3.7/site-packages/airflow/example_dags/example_trigger_target_dag.py
[2023-09-05T08:48:46.053+0000] {logging_mixin.py:150} INFO - [2023-09-05T08:48:46.053+0000] {dag.py:2742} INFO - Sync 1 DAGs
[2023-09-05T08:48:46.099+0000] {logging_mixin.py:150} INFO - [2023-09-05T08:48:46.098+0000] {dag.py:3508} INFO - Setting next_dagrun for example_trigger_target_dag to None, run_after=None
[2023-09-05T08:48:46.149+0000] {processor.py:179} INFO - Processing /home/airflow/.local/lib/python3.7/site-packages/airflow/example_dags/example_trigger_target_dag.py took 0.153 seconds
[2023-09-05T08:49:16.833+0000] {processor.py:157} INFO - Started process (PID=858) to work on /home/airflow/.local/lib/python3.7/site-packages/airflow/example_dags/example_trigger_target_dag.py
[2023-09-05T08:49:16.834+0000] {processor.py:826} INFO - Processing file /home/airflow/.local/lib/python3.7/site-packages/airflow/example_dags/example_trigger_target_dag.py for tasks to queue
[2023-09-05T08:49:16.835+0000] {logging_mixin.py:150} INFO - [2023-09-05T08:49:16.835+0000] {dagbag.py:541} INFO - Filling up the DagBag from /home/airflow/.local/lib/python3.7/site-packages/airflow/example_dags/example_trigger_target_dag.py
[2023-09-05T08:49:16.843+0000] {processor.py:836} INFO - DAG(s) dict_keys(['example_trigger_target_dag']) retrieved from /home/airflow/.local/lib/python3.7/site-packages/airflow/example_dags/example_trigger_target_dag.py
[2023-09-05T08:49:16.892+0000] {logging_mixin.py:150} INFO - [2023-09-05T08:49:16.891+0000] {dag.py:2742} INFO - Sync 1 DAGs
[2023-09-05T08:49:16.939+0000] {logging_mixin.py:150} INFO - [2023-09-05T08:49:16.938+0000] {dag.py:3508} INFO - Setting next_dagrun for example_trigger_target_dag to None, run_after=None
[2023-09-05T08:49:16.969+0000] {processor.py:179} INFO - Processing /home/airflow/.local/lib/python3.7/site-packages/airflow/example_dags/example_trigger_target_dag.py took 0.141 seconds
[2023-09-05T08:49:47.393+0000] {processor.py:157} INFO - Started process (PID=1103) to work on /home/airflow/.local/lib/python3.7/site-packages/airflow/example_dags/example_trigger_target_dag.py
[2023-09-05T08:49:47.394+0000] {processor.py:826} INFO - Processing file /home/airflow/.local/lib/python3.7/site-packages/airflow/example_dags/example_trigger_target_dag.py for tasks to queue
[2023-09-05T08:49:47.395+0000] {logging_mixin.py:150} INFO - [2023-09-05T08:49:47.394+0000] {dagbag.py:541} INFO - Filling up the DagBag from /home/airflow/.local/lib/python3.7/site-packages/airflow/example_dags/example_trigger_target_dag.py
[2023-09-05T08:49:47.402+0000] {processor.py:836} INFO - DAG(s) dict_keys(['example_trigger_target_dag']) retrieved from /home/airflow/.local/lib/python3.7/site-packages/airflow/example_dags/example_trigger_target_dag.py
[2023-09-05T08:49:47.431+0000] {logging_mixin.py:150} INFO - [2023-09-05T08:49:47.431+0000] {dag.py:2742} INFO - Sync 1 DAGs
[2023-09-05T08:49:47.466+0000] {logging_mixin.py:150} INFO - [2023-09-05T08:49:47.465+0000] {dag.py:3508} INFO - Setting next_dagrun for example_trigger_target_dag to None, run_after=None
[2023-09-05T08:49:47.492+0000] {processor.py:179} INFO - Processing /home/airflow/.local/lib/python3.7/site-packages/airflow/example_dags/example_trigger_target_dag.py took 0.103 seconds
[2023-09-05T08:50:19.383+0000] {processor.py:157} INFO - Started process (PID=1350) to work on /home/airflow/.local/lib/python3.7/site-packages/airflow/example_dags/example_trigger_target_dag.py
[2023-09-05T08:50:19.384+0000] {processor.py:826} INFO - Processing file /home/airflow/.local/lib/python3.7/site-packages/airflow/example_dags/example_trigger_target_dag.py for tasks to queue
[2023-09-05T08:50:19.385+0000] {logging_mixin.py:150} INFO - [2023-09-05T08:50:19.385+0000] {dagbag.py:541} INFO - Filling up the DagBag from /home/airflow/.local/lib/python3.7/site-packages/airflow/example_dags/example_trigger_target_dag.py
[2023-09-05T08:50:19.393+0000] {processor.py:836} INFO - DAG(s) dict_keys(['example_trigger_target_dag']) retrieved from /home/airflow/.local/lib/python3.7/site-packages/airflow/example_dags/example_trigger_target_dag.py
[2023-09-05T08:50:19.425+0000] {logging_mixin.py:150} INFO - [2023-09-05T08:50:19.425+0000] {dag.py:2742} INFO - Sync 1 DAGs
[2023-09-05T08:50:19.470+0000] {logging_mixin.py:150} INFO - [2023-09-05T08:50:19.470+0000] {dag.py:3508} INFO - Setting next_dagrun for example_trigger_target_dag to None, run_after=None
[2023-09-05T08:50:19.502+0000] {processor.py:179} INFO - Processing /home/airflow/.local/lib/python3.7/site-packages/airflow/example_dags/example_trigger_target_dag.py took 0.124 seconds
[2023-09-05T08:51:11.715+0000] {processor.py:157} INFO - Started process (PID=367) to work on /home/airflow/.local/lib/python3.7/site-packages/airflow/example_dags/example_trigger_target_dag.py
[2023-09-05T08:51:11.717+0000] {processor.py:826} INFO - Processing file /home/airflow/.local/lib/python3.7/site-packages/airflow/example_dags/example_trigger_target_dag.py for tasks to queue
[2023-09-05T08:51:11.718+0000] {logging_mixin.py:150} INFO - [2023-09-05T08:51:11.718+0000] {dagbag.py:541} INFO - Filling up the DagBag from /home/airflow/.local/lib/python3.7/site-packages/airflow/example_dags/example_trigger_target_dag.py
[2023-09-05T08:51:11.729+0000] {processor.py:836} INFO - DAG(s) dict_keys(['example_trigger_target_dag']) retrieved from /home/airflow/.local/lib/python3.7/site-packages/airflow/example_dags/example_trigger_target_dag.py
[2023-09-05T08:51:11.774+0000] {logging_mixin.py:150} INFO - [2023-09-05T08:51:11.773+0000] {dag.py:2742} INFO - Sync 1 DAGs
[2023-09-05T08:51:11.836+0000] {logging_mixin.py:150} INFO - [2023-09-05T08:51:11.836+0000] {dag.py:3508} INFO - Setting next_dagrun for example_trigger_target_dag to None, run_after=None
[2023-09-05T08:51:11.872+0000] {processor.py:179} INFO - Processing /home/airflow/.local/lib/python3.7/site-packages/airflow/example_dags/example_trigger_target_dag.py took 0.164 seconds
[2023-09-05T08:51:42.373+0000] {processor.py:157} INFO - Started process (PID=612) to work on /home/airflow/.local/lib/python3.7/site-packages/airflow/example_dags/example_trigger_target_dag.py
[2023-09-05T08:51:42.374+0000] {processor.py:826} INFO - Processing file /home/airflow/.local/lib/python3.7/site-packages/airflow/example_dags/example_trigger_target_dag.py for tasks to queue
[2023-09-05T08:51:42.375+0000] {logging_mixin.py:150} INFO - [2023-09-05T08:51:42.375+0000] {dagbag.py:541} INFO - Filling up the DagBag from /home/airflow/.local/lib/python3.7/site-packages/airflow/example_dags/example_trigger_target_dag.py
[2023-09-05T08:51:42.382+0000] {processor.py:836} INFO - DAG(s) dict_keys(['example_trigger_target_dag']) retrieved from /home/airflow/.local/lib/python3.7/site-packages/airflow/example_dags/example_trigger_target_dag.py
[2023-09-05T08:51:42.413+0000] {logging_mixin.py:150} INFO - [2023-09-05T08:51:42.413+0000] {dag.py:2742} INFO - Sync 1 DAGs
[2023-09-05T08:51:42.454+0000] {logging_mixin.py:150} INFO - [2023-09-05T08:51:42.453+0000] {dag.py:3508} INFO - Setting next_dagrun for example_trigger_target_dag to None, run_after=None
[2023-09-05T08:51:42.484+0000] {processor.py:179} INFO - Processing /home/airflow/.local/lib/python3.7/site-packages/airflow/example_dags/example_trigger_target_dag.py took 0.115 seconds
[2023-09-05T08:52:15.830+0000] {processor.py:157} INFO - Started process (PID=859) to work on /home/airflow/.local/lib/python3.7/site-packages/airflow/example_dags/example_trigger_target_dag.py
[2023-09-05T08:52:15.831+0000] {processor.py:826} INFO - Processing file /home/airflow/.local/lib/python3.7/site-packages/airflow/example_dags/example_trigger_target_dag.py for tasks to queue
[2023-09-05T08:52:15.832+0000] {logging_mixin.py:150} INFO - [2023-09-05T08:52:15.831+0000] {dagbag.py:541} INFO - Filling up the DagBag from /home/airflow/.local/lib/python3.7/site-packages/airflow/example_dags/example_trigger_target_dag.py
[2023-09-05T08:52:15.839+0000] {processor.py:836} INFO - DAG(s) dict_keys(['example_trigger_target_dag']) retrieved from /home/airflow/.local/lib/python3.7/site-packages/airflow/example_dags/example_trigger_target_dag.py
[2023-09-05T08:52:15.871+0000] {logging_mixin.py:150} INFO - [2023-09-05T08:52:15.871+0000] {dag.py:2742} INFO - Sync 1 DAGs
[2023-09-05T08:52:16.102+0000] {logging_mixin.py:150} INFO - [2023-09-05T08:52:16.102+0000] {dag.py:3508} INFO - Setting next_dagrun for example_trigger_target_dag to None, run_after=None
[2023-09-05T08:52:16.134+0000] {processor.py:179} INFO - Processing /home/airflow/.local/lib/python3.7/site-packages/airflow/example_dags/example_trigger_target_dag.py took 0.309 seconds
[2023-09-05T08:52:46.578+0000] {processor.py:157} INFO - Started process (PID=1102) to work on /home/airflow/.local/lib/python3.7/site-packages/airflow/example_dags/example_trigger_target_dag.py
[2023-09-05T08:52:46.579+0000] {processor.py:826} INFO - Processing file /home/airflow/.local/lib/python3.7/site-packages/airflow/example_dags/example_trigger_target_dag.py for tasks to queue
[2023-09-05T08:52:46.581+0000] {logging_mixin.py:150} INFO - [2023-09-05T08:52:46.580+0000] {dagbag.py:541} INFO - Filling up the DagBag from /home/airflow/.local/lib/python3.7/site-packages/airflow/example_dags/example_trigger_target_dag.py
[2023-09-05T08:52:46.590+0000] {processor.py:836} INFO - DAG(s) dict_keys(['example_trigger_target_dag']) retrieved from /home/airflow/.local/lib/python3.7/site-packages/airflow/example_dags/example_trigger_target_dag.py
[2023-09-05T08:52:46.623+0000] {logging_mixin.py:150} INFO - [2023-09-05T08:52:46.623+0000] {dag.py:2742} INFO - Sync 1 DAGs
[2023-09-05T08:52:46.663+0000] {logging_mixin.py:150} INFO - [2023-09-05T08:52:46.663+0000] {dag.py:3508} INFO - Setting next_dagrun for example_trigger_target_dag to None, run_after=None
[2023-09-05T08:52:46.693+0000] {processor.py:179} INFO - Processing /home/airflow/.local/lib/python3.7/site-packages/airflow/example_dags/example_trigger_target_dag.py took 0.121 seconds
[2023-09-05T08:53:16.808+0000] {processor.py:157} INFO - Started process (PID=1358) to work on /home/airflow/.local/lib/python3.7/site-packages/airflow/example_dags/example_trigger_target_dag.py
[2023-09-05T08:53:16.809+0000] {processor.py:826} INFO - Processing file /home/airflow/.local/lib/python3.7/site-packages/airflow/example_dags/example_trigger_target_dag.py for tasks to queue
[2023-09-05T08:53:16.810+0000] {logging_mixin.py:150} INFO - [2023-09-05T08:53:16.810+0000] {dagbag.py:541} INFO - Filling up the DagBag from /home/airflow/.local/lib/python3.7/site-packages/airflow/example_dags/example_trigger_target_dag.py
[2023-09-05T08:53:16.820+0000] {processor.py:836} INFO - DAG(s) dict_keys(['example_trigger_target_dag']) retrieved from /home/airflow/.local/lib/python3.7/site-packages/airflow/example_dags/example_trigger_target_dag.py
[2023-09-05T08:53:16.857+0000] {logging_mixin.py:150} INFO - [2023-09-05T08:53:16.856+0000] {dag.py:2742} INFO - Sync 1 DAGs
[2023-09-05T08:53:16.901+0000] {logging_mixin.py:150} INFO - [2023-09-05T08:53:16.901+0000] {dag.py:3508} INFO - Setting next_dagrun for example_trigger_target_dag to None, run_after=None
[2023-09-05T08:53:16.936+0000] {processor.py:179} INFO - Processing /home/airflow/.local/lib/python3.7/site-packages/airflow/example_dags/example_trigger_target_dag.py took 0.134 seconds
[2023-09-05T08:53:47.628+0000] {processor.py:157} INFO - Started process (PID=1603) to work on /home/airflow/.local/lib/python3.7/site-packages/airflow/example_dags/example_trigger_target_dag.py
[2023-09-05T08:53:47.629+0000] {processor.py:826} INFO - Processing file /home/airflow/.local/lib/python3.7/site-packages/airflow/example_dags/example_trigger_target_dag.py for tasks to queue
[2023-09-05T08:53:47.630+0000] {logging_mixin.py:150} INFO - [2023-09-05T08:53:47.629+0000] {dagbag.py:541} INFO - Filling up the DagBag from /home/airflow/.local/lib/python3.7/site-packages/airflow/example_dags/example_trigger_target_dag.py
[2023-09-05T08:53:47.637+0000] {processor.py:836} INFO - DAG(s) dict_keys(['example_trigger_target_dag']) retrieved from /home/airflow/.local/lib/python3.7/site-packages/airflow/example_dags/example_trigger_target_dag.py
[2023-09-05T08:53:47.669+0000] {logging_mixin.py:150} INFO - [2023-09-05T08:53:47.669+0000] {dag.py:2742} INFO - Sync 1 DAGs
[2023-09-05T08:53:47.708+0000] {logging_mixin.py:150} INFO - [2023-09-05T08:53:47.708+0000] {dag.py:3508} INFO - Setting next_dagrun for example_trigger_target_dag to None, run_after=None
[2023-09-05T08:53:47.736+0000] {processor.py:179} INFO - Processing /home/airflow/.local/lib/python3.7/site-packages/airflow/example_dags/example_trigger_target_dag.py took 0.113 seconds
