[2023-09-05T08:48:09.037+0000] {processor.py:157} INFO - Started process (PID=233) to work on /home/airflow/.local/lib/python3.7/site-packages/airflow/example_dags/example_short_circuit_operator.py
[2023-09-05T08:48:09.039+0000] {processor.py:826} INFO - Processing file /home/airflow/.local/lib/python3.7/site-packages/airflow/example_dags/example_short_circuit_operator.py for tasks to queue
[2023-09-05T08:48:09.040+0000] {logging_mixin.py:150} INFO - [2023-09-05T08:48:09.040+0000] {dagbag.py:541} INFO - Filling up the DagBag from /home/airflow/.local/lib/python3.7/site-packages/airflow/example_dags/example_short_circuit_operator.py
[2023-09-05T08:48:09.061+0000] {processor.py:836} INFO - DAG(s) dict_keys(['example_short_circuit_operator']) retrieved from /home/airflow/.local/lib/python3.7/site-packages/airflow/example_dags/example_short_circuit_operator.py
[2023-09-05T08:48:09.283+0000] {logging_mixin.py:150} INFO - [2023-09-05T08:48:09.282+0000] {manager.py:504} INFO - Created Permission View: can delete on DAG:example_short_circuit_operator
[2023-09-05T08:48:09.301+0000] {logging_mixin.py:150} INFO - [2023-09-05T08:48:09.300+0000] {manager.py:504} INFO - Created Permission View: can read on DAG:example_short_circuit_operator
[2023-09-05T08:48:09.312+0000] {logging_mixin.py:150} INFO - [2023-09-05T08:48:09.311+0000] {manager.py:504} INFO - Created Permission View: can edit on DAG:example_short_circuit_operator
[2023-09-05T08:48:09.350+0000] {logging_mixin.py:150} INFO - [2023-09-05T08:48:09.350+0000] {dag.py:2742} INFO - Sync 1 DAGs
[2023-09-05T08:48:09.378+0000] {logging_mixin.py:150} INFO - [2023-09-05T08:48:09.378+0000] {dag.py:2763} INFO - Creating ORM DAG for example_short_circuit_operator
[2023-09-05T08:48:09.395+0000] {logging_mixin.py:150} INFO - [2023-09-05T08:48:09.395+0000] {dag.py:3508} INFO - Setting next_dagrun for example_short_circuit_operator to 2023-09-04T08:48:09.394990+00:00, run_after=2023-09-05T08:48:09.394990+00:00
[2023-09-05T08:48:09.434+0000] {processor.py:179} INFO - Processing /home/airflow/.local/lib/python3.7/site-packages/airflow/example_dags/example_short_circuit_operator.py took 0.403 seconds
[2023-09-05T08:48:39.511+0000] {processor.py:157} INFO - Started process (PID=478) to work on /home/airflow/.local/lib/python3.7/site-packages/airflow/example_dags/example_short_circuit_operator.py
[2023-09-05T08:48:39.513+0000] {processor.py:826} INFO - Processing file /home/airflow/.local/lib/python3.7/site-packages/airflow/example_dags/example_short_circuit_operator.py for tasks to queue
[2023-09-05T08:48:39.514+0000] {logging_mixin.py:150} INFO - [2023-09-05T08:48:39.514+0000] {dagbag.py:541} INFO - Filling up the DagBag from /home/airflow/.local/lib/python3.7/site-packages/airflow/example_dags/example_short_circuit_operator.py
[2023-09-05T08:48:39.525+0000] {processor.py:836} INFO - DAG(s) dict_keys(['example_short_circuit_operator']) retrieved from /home/airflow/.local/lib/python3.7/site-packages/airflow/example_dags/example_short_circuit_operator.py
[2023-09-05T08:48:39.564+0000] {logging_mixin.py:150} INFO - [2023-09-05T08:48:39.563+0000] {dag.py:2742} INFO - Sync 1 DAGs
[2023-09-05T08:48:39.605+0000] {logging_mixin.py:150} INFO - [2023-09-05T08:48:39.605+0000] {dag.py:3508} INFO - Setting next_dagrun for example_short_circuit_operator to 2023-09-04T08:48:39.605161+00:00, run_after=2023-09-05T08:48:39.605161+00:00
[2023-09-05T08:48:39.635+0000] {processor.py:179} INFO - Processing /home/airflow/.local/lib/python3.7/site-packages/airflow/example_dags/example_short_circuit_operator.py took 0.129 seconds
[2023-09-05T08:49:09.923+0000] {processor.py:157} INFO - Started process (PID=723) to work on /home/airflow/.local/lib/python3.7/site-packages/airflow/example_dags/example_short_circuit_operator.py
[2023-09-05T08:49:09.924+0000] {processor.py:826} INFO - Processing file /home/airflow/.local/lib/python3.7/site-packages/airflow/example_dags/example_short_circuit_operator.py for tasks to queue
[2023-09-05T08:49:09.925+0000] {logging_mixin.py:150} INFO - [2023-09-05T08:49:09.925+0000] {dagbag.py:541} INFO - Filling up the DagBag from /home/airflow/.local/lib/python3.7/site-packages/airflow/example_dags/example_short_circuit_operator.py
[2023-09-05T08:49:09.948+0000] {processor.py:836} INFO - DAG(s) dict_keys(['example_short_circuit_operator']) retrieved from /home/airflow/.local/lib/python3.7/site-packages/airflow/example_dags/example_short_circuit_operator.py
[2023-09-05T08:49:10.003+0000] {logging_mixin.py:150} INFO - [2023-09-05T08:49:10.003+0000] {dag.py:2742} INFO - Sync 1 DAGs
[2023-09-05T08:49:10.047+0000] {logging_mixin.py:150} INFO - [2023-09-05T08:49:10.047+0000] {dag.py:3508} INFO - Setting next_dagrun for example_short_circuit_operator to 2023-09-04T08:49:10.046888+00:00, run_after=2023-09-05T08:49:10.046888+00:00
[2023-09-05T08:49:10.081+0000] {processor.py:179} INFO - Processing /home/airflow/.local/lib/python3.7/site-packages/airflow/example_dags/example_short_circuit_operator.py took 0.164 seconds
[2023-09-05T08:49:40.490+0000] {processor.py:157} INFO - Started process (PID=968) to work on /home/airflow/.local/lib/python3.7/site-packages/airflow/example_dags/example_short_circuit_operator.py
[2023-09-05T08:49:40.492+0000] {processor.py:826} INFO - Processing file /home/airflow/.local/lib/python3.7/site-packages/airflow/example_dags/example_short_circuit_operator.py for tasks to queue
[2023-09-05T08:49:40.493+0000] {logging_mixin.py:150} INFO - [2023-09-05T08:49:40.493+0000] {dagbag.py:541} INFO - Filling up the DagBag from /home/airflow/.local/lib/python3.7/site-packages/airflow/example_dags/example_short_circuit_operator.py
[2023-09-05T08:49:40.508+0000] {processor.py:836} INFO - DAG(s) dict_keys(['example_short_circuit_operator']) retrieved from /home/airflow/.local/lib/python3.7/site-packages/airflow/example_dags/example_short_circuit_operator.py
[2023-09-05T08:49:40.554+0000] {logging_mixin.py:150} INFO - [2023-09-05T08:49:40.554+0000] {dag.py:2742} INFO - Sync 1 DAGs
[2023-09-05T08:49:40.599+0000] {logging_mixin.py:150} INFO - [2023-09-05T08:49:40.599+0000] {dag.py:3508} INFO - Setting next_dagrun for example_short_circuit_operator to 2023-09-04T08:49:40.598728+00:00, run_after=2023-09-05T08:49:40.598728+00:00
[2023-09-05T08:49:40.637+0000] {processor.py:179} INFO - Processing /home/airflow/.local/lib/python3.7/site-packages/airflow/example_dags/example_short_circuit_operator.py took 0.154 seconds
[2023-09-05T08:50:10.811+0000] {processor.py:157} INFO - Started process (PID=1213) to work on /home/airflow/.local/lib/python3.7/site-packages/airflow/example_dags/example_short_circuit_operator.py
[2023-09-05T08:50:10.812+0000] {processor.py:826} INFO - Processing file /home/airflow/.local/lib/python3.7/site-packages/airflow/example_dags/example_short_circuit_operator.py for tasks to queue
[2023-09-05T08:50:10.813+0000] {logging_mixin.py:150} INFO - [2023-09-05T08:50:10.813+0000] {dagbag.py:541} INFO - Filling up the DagBag from /home/airflow/.local/lib/python3.7/site-packages/airflow/example_dags/example_short_circuit_operator.py
[2023-09-05T08:50:10.825+0000] {processor.py:836} INFO - DAG(s) dict_keys(['example_short_circuit_operator']) retrieved from /home/airflow/.local/lib/python3.7/site-packages/airflow/example_dags/example_short_circuit_operator.py
[2023-09-05T08:50:10.862+0000] {logging_mixin.py:150} INFO - [2023-09-05T08:50:10.862+0000] {dag.py:2742} INFO - Sync 1 DAGs
[2023-09-05T08:50:10.905+0000] {logging_mixin.py:150} INFO - [2023-09-05T08:50:10.904+0000] {dag.py:3508} INFO - Setting next_dagrun for example_short_circuit_operator to 2023-09-04T08:50:10.904490+00:00, run_after=2023-09-05T08:50:10.904490+00:00
[2023-09-05T08:50:10.939+0000] {processor.py:179} INFO - Processing /home/airflow/.local/lib/python3.7/site-packages/airflow/example_dags/example_short_circuit_operator.py took 0.133 seconds
[2023-09-05T08:51:08.278+0000] {processor.py:157} INFO - Started process (PID=232) to work on /home/airflow/.local/lib/python3.7/site-packages/airflow/example_dags/example_short_circuit_operator.py
[2023-09-05T08:51:08.280+0000] {processor.py:826} INFO - Processing file /home/airflow/.local/lib/python3.7/site-packages/airflow/example_dags/example_short_circuit_operator.py for tasks to queue
[2023-09-05T08:51:08.281+0000] {logging_mixin.py:150} INFO - [2023-09-05T08:51:08.281+0000] {dagbag.py:541} INFO - Filling up the DagBag from /home/airflow/.local/lib/python3.7/site-packages/airflow/example_dags/example_short_circuit_operator.py
[2023-09-05T08:51:08.296+0000] {processor.py:836} INFO - DAG(s) dict_keys(['example_short_circuit_operator']) retrieved from /home/airflow/.local/lib/python3.7/site-packages/airflow/example_dags/example_short_circuit_operator.py
[2023-09-05T08:51:08.349+0000] {logging_mixin.py:150} INFO - [2023-09-05T08:51:08.349+0000] {dag.py:2742} INFO - Sync 1 DAGs
[2023-09-05T08:51:08.395+0000] {logging_mixin.py:150} INFO - [2023-09-05T08:51:08.395+0000] {dag.py:3508} INFO - Setting next_dagrun for example_short_circuit_operator to 2023-09-04T08:51:08.394905+00:00, run_after=2023-09-05T08:51:08.394905+00:00
[2023-09-05T08:51:08.426+0000] {processor.py:179} INFO - Processing /home/airflow/.local/lib/python3.7/site-packages/airflow/example_dags/example_short_circuit_operator.py took 0.153 seconds
[2023-09-05T08:51:38.919+0000] {processor.py:157} INFO - Started process (PID=479) to work on /home/airflow/.local/lib/python3.7/site-packages/airflow/example_dags/example_short_circuit_operator.py
[2023-09-05T08:51:38.920+0000] {processor.py:826} INFO - Processing file /home/airflow/.local/lib/python3.7/site-packages/airflow/example_dags/example_short_circuit_operator.py for tasks to queue
[2023-09-05T08:51:38.921+0000] {logging_mixin.py:150} INFO - [2023-09-05T08:51:38.921+0000] {dagbag.py:541} INFO - Filling up the DagBag from /home/airflow/.local/lib/python3.7/site-packages/airflow/example_dags/example_short_circuit_operator.py
[2023-09-05T08:51:38.937+0000] {processor.py:836} INFO - DAG(s) dict_keys(['example_short_circuit_operator']) retrieved from /home/airflow/.local/lib/python3.7/site-packages/airflow/example_dags/example_short_circuit_operator.py
[2023-09-05T08:51:38.976+0000] {logging_mixin.py:150} INFO - [2023-09-05T08:51:38.976+0000] {dag.py:2742} INFO - Sync 1 DAGs
[2023-09-05T08:51:39.018+0000] {logging_mixin.py:150} INFO - [2023-09-05T08:51:39.018+0000] {dag.py:3508} INFO - Setting next_dagrun for example_short_circuit_operator to 2023-09-04T08:51:39.018089+00:00, run_after=2023-09-05T08:51:39.018089+00:00
[2023-09-05T08:51:39.047+0000] {processor.py:179} INFO - Processing /home/airflow/.local/lib/python3.7/site-packages/airflow/example_dags/example_short_circuit_operator.py took 0.134 seconds
[2023-09-05T08:52:10.620+0000] {processor.py:157} INFO - Started process (PID=724) to work on /home/airflow/.local/lib/python3.7/site-packages/airflow/example_dags/example_short_circuit_operator.py
[2023-09-05T08:52:10.622+0000] {processor.py:826} INFO - Processing file /home/airflow/.local/lib/python3.7/site-packages/airflow/example_dags/example_short_circuit_operator.py for tasks to queue
[2023-09-05T08:52:10.623+0000] {logging_mixin.py:150} INFO - [2023-09-05T08:52:10.622+0000] {dagbag.py:541} INFO - Filling up the DagBag from /home/airflow/.local/lib/python3.7/site-packages/airflow/example_dags/example_short_circuit_operator.py
[2023-09-05T08:52:10.634+0000] {processor.py:836} INFO - DAG(s) dict_keys(['example_short_circuit_operator']) retrieved from /home/airflow/.local/lib/python3.7/site-packages/airflow/example_dags/example_short_circuit_operator.py
[2023-09-05T08:52:10.675+0000] {logging_mixin.py:150} INFO - [2023-09-05T08:52:10.675+0000] {dag.py:2742} INFO - Sync 1 DAGs
[2023-09-05T08:52:10.731+0000] {logging_mixin.py:150} INFO - [2023-09-05T08:52:10.730+0000] {dag.py:3508} INFO - Setting next_dagrun for example_short_circuit_operator to 2023-09-04T08:52:10.730596+00:00, run_after=2023-09-05T08:52:10.730596+00:00
[2023-09-05T08:52:10.929+0000] {processor.py:179} INFO - Processing /home/airflow/.local/lib/python3.7/site-packages/airflow/example_dags/example_short_circuit_operator.py took 0.313 seconds
[2023-09-05T08:52:41.127+0000] {processor.py:157} INFO - Started process (PID=969) to work on /home/airflow/.local/lib/python3.7/site-packages/airflow/example_dags/example_short_circuit_operator.py
[2023-09-05T08:52:41.128+0000] {processor.py:826} INFO - Processing file /home/airflow/.local/lib/python3.7/site-packages/airflow/example_dags/example_short_circuit_operator.py for tasks to queue
[2023-09-05T08:52:41.129+0000] {logging_mixin.py:150} INFO - [2023-09-05T08:52:41.129+0000] {dagbag.py:541} INFO - Filling up the DagBag from /home/airflow/.local/lib/python3.7/site-packages/airflow/example_dags/example_short_circuit_operator.py
[2023-09-05T08:52:41.145+0000] {processor.py:836} INFO - DAG(s) dict_keys(['example_short_circuit_operator']) retrieved from /home/airflow/.local/lib/python3.7/site-packages/airflow/example_dags/example_short_circuit_operator.py
[2023-09-05T08:52:41.391+0000] {logging_mixin.py:150} INFO - [2023-09-05T08:52:41.391+0000] {dag.py:2742} INFO - Sync 1 DAGs
[2023-09-05T08:52:41.424+0000] {logging_mixin.py:150} INFO - [2023-09-05T08:52:41.424+0000] {dag.py:3508} INFO - Setting next_dagrun for example_short_circuit_operator to 2023-09-04T08:52:41.424539+00:00, run_after=2023-09-05T08:52:41.424539+00:00
[2023-09-05T08:52:41.448+0000] {processor.py:179} INFO - Processing /home/airflow/.local/lib/python3.7/site-packages/airflow/example_dags/example_short_circuit_operator.py took 0.326 seconds
[2023-09-05T08:53:12.335+0000] {processor.py:157} INFO - Started process (PID=1225) to work on /home/airflow/.local/lib/python3.7/site-packages/airflow/example_dags/example_short_circuit_operator.py
[2023-09-05T08:53:12.362+0000] {processor.py:826} INFO - Processing file /home/airflow/.local/lib/python3.7/site-packages/airflow/example_dags/example_short_circuit_operator.py for tasks to queue
[2023-09-05T08:53:12.363+0000] {logging_mixin.py:150} INFO - [2023-09-05T08:53:12.363+0000] {dagbag.py:541} INFO - Filling up the DagBag from /home/airflow/.local/lib/python3.7/site-packages/airflow/example_dags/example_short_circuit_operator.py
[2023-09-05T08:53:12.375+0000] {processor.py:836} INFO - DAG(s) dict_keys(['example_short_circuit_operator']) retrieved from /home/airflow/.local/lib/python3.7/site-packages/airflow/example_dags/example_short_circuit_operator.py
[2023-09-05T08:53:12.426+0000] {logging_mixin.py:150} INFO - [2023-09-05T08:53:12.426+0000] {dag.py:2742} INFO - Sync 1 DAGs
[2023-09-05T08:53:12.470+0000] {logging_mixin.py:150} INFO - [2023-09-05T08:53:12.470+0000] {dag.py:3508} INFO - Setting next_dagrun for example_short_circuit_operator to 2023-09-04T08:53:12.469773+00:00, run_after=2023-09-05T08:53:12.469773+00:00
[2023-09-05T08:53:12.503+0000] {processor.py:179} INFO - Processing /home/airflow/.local/lib/python3.7/site-packages/airflow/example_dags/example_short_circuit_operator.py took 0.174 seconds
[2023-09-05T08:53:42.632+0000] {processor.py:157} INFO - Started process (PID=1470) to work on /home/airflow/.local/lib/python3.7/site-packages/airflow/example_dags/example_short_circuit_operator.py
[2023-09-05T08:53:42.633+0000] {processor.py:826} INFO - Processing file /home/airflow/.local/lib/python3.7/site-packages/airflow/example_dags/example_short_circuit_operator.py for tasks to queue
[2023-09-05T08:53:42.634+0000] {logging_mixin.py:150} INFO - [2023-09-05T08:53:42.634+0000] {dagbag.py:541} INFO - Filling up the DagBag from /home/airflow/.local/lib/python3.7/site-packages/airflow/example_dags/example_short_circuit_operator.py
[2023-09-05T08:53:42.649+0000] {processor.py:836} INFO - DAG(s) dict_keys(['example_short_circuit_operator']) retrieved from /home/airflow/.local/lib/python3.7/site-packages/airflow/example_dags/example_short_circuit_operator.py
[2023-09-05T08:53:42.690+0000] {logging_mixin.py:150} INFO - [2023-09-05T08:53:42.690+0000] {dag.py:2742} INFO - Sync 1 DAGs
[2023-09-05T08:53:42.743+0000] {logging_mixin.py:150} INFO - [2023-09-05T08:53:42.743+0000] {dag.py:3508} INFO - Setting next_dagrun for example_short_circuit_operator to 2023-09-04T08:53:42.743335+00:00, run_after=2023-09-05T08:53:42.743335+00:00
[2023-09-05T08:53:42.776+0000] {processor.py:179} INFO - Processing /home/airflow/.local/lib/python3.7/site-packages/airflow/example_dags/example_short_circuit_operator.py took 0.150 seconds
