[2023-09-05T08:48:14.611+0000] {processor.py:157} INFO - Started process (PID=348) to work on /home/airflow/.local/lib/python3.7/site-packages/airflow/example_dags/example_external_task_marker_dag.py
[2023-09-05T08:48:14.612+0000] {processor.py:826} INFO - Processing file /home/airflow/.local/lib/python3.7/site-packages/airflow/example_dags/example_external_task_marker_dag.py for tasks to queue
[2023-09-05T08:48:14.614+0000] {logging_mixin.py:150} INFO - [2023-09-05T08:48:14.613+0000] {dagbag.py:541} INFO - Filling up the DagBag from /home/airflow/.local/lib/python3.7/site-packages/airflow/example_dags/example_external_task_marker_dag.py
[2023-09-05T08:48:14.624+0000] {processor.py:836} INFO - DAG(s) dict_keys(['example_external_task_marker_child', 'example_external_task_marker_parent']) retrieved from /home/airflow/.local/lib/python3.7/site-packages/airflow/example_dags/example_external_task_marker_dag.py
[2023-09-05T08:48:14.827+0000] {logging_mixin.py:150} INFO - [2023-09-05T08:48:14.827+0000] {manager.py:504} INFO - Created Permission View: can delete on DAG:example_external_task_marker_child
[2023-09-05T08:48:14.850+0000] {logging_mixin.py:150} INFO - [2023-09-05T08:48:14.849+0000] {manager.py:504} INFO - Created Permission View: can read on DAG:example_external_task_marker_child
[2023-09-05T08:48:14.865+0000] {logging_mixin.py:150} INFO - [2023-09-05T08:48:14.864+0000] {manager.py:504} INFO - Created Permission View: can edit on DAG:example_external_task_marker_child
[2023-09-05T08:48:14.916+0000] {logging_mixin.py:150} INFO - [2023-09-05T08:48:14.916+0000] {manager.py:504} INFO - Created Permission View: can delete on DAG:example_external_task_marker_parent
[2023-09-05T08:48:14.929+0000] {logging_mixin.py:150} INFO - [2023-09-05T08:48:14.929+0000] {manager.py:504} INFO - Created Permission View: can read on DAG:example_external_task_marker_parent
[2023-09-05T08:48:14.942+0000] {logging_mixin.py:150} INFO - [2023-09-05T08:48:14.942+0000] {manager.py:504} INFO - Created Permission View: can edit on DAG:example_external_task_marker_parent
[2023-09-05T08:48:14.953+0000] {logging_mixin.py:150} INFO - [2023-09-05T08:48:14.953+0000] {dag.py:2742} INFO - Sync 2 DAGs
[2023-09-05T08:48:14.974+0000] {logging_mixin.py:150} INFO - [2023-09-05T08:48:14.973+0000] {dag.py:2763} INFO - Creating ORM DAG for example_external_task_marker_child
[2023-09-05T08:48:14.974+0000] {logging_mixin.py:150} INFO - [2023-09-05T08:48:14.974+0000] {dag.py:2763} INFO - Creating ORM DAG for example_external_task_marker_parent
[2023-09-05T08:48:14.992+0000] {logging_mixin.py:150} INFO - [2023-09-05T08:48:14.992+0000] {dag.py:3508} INFO - Setting next_dagrun for example_external_task_marker_child to None, run_after=None
[2023-09-05T08:48:14.993+0000] {logging_mixin.py:150} INFO - [2023-09-05T08:48:14.993+0000] {dag.py:3508} INFO - Setting next_dagrun for example_external_task_marker_parent to None, run_after=None
[2023-09-05T08:48:15.022+0000] {processor.py:179} INFO - Processing /home/airflow/.local/lib/python3.7/site-packages/airflow/example_dags/example_external_task_marker_dag.py took 0.417 seconds
[2023-09-05T08:48:45.649+0000] {processor.py:157} INFO - Started process (PID=593) to work on /home/airflow/.local/lib/python3.7/site-packages/airflow/example_dags/example_external_task_marker_dag.py
[2023-09-05T08:48:45.651+0000] {processor.py:826} INFO - Processing file /home/airflow/.local/lib/python3.7/site-packages/airflow/example_dags/example_external_task_marker_dag.py for tasks to queue
[2023-09-05T08:48:45.652+0000] {logging_mixin.py:150} INFO - [2023-09-05T08:48:45.652+0000] {dagbag.py:541} INFO - Filling up the DagBag from /home/airflow/.local/lib/python3.7/site-packages/airflow/example_dags/example_external_task_marker_dag.py
[2023-09-05T08:48:45.661+0000] {processor.py:836} INFO - DAG(s) dict_keys(['example_external_task_marker_child', 'example_external_task_marker_parent']) retrieved from /home/airflow/.local/lib/python3.7/site-packages/airflow/example_dags/example_external_task_marker_dag.py
[2023-09-05T08:48:45.707+0000] {logging_mixin.py:150} INFO - [2023-09-05T08:48:45.707+0000] {dag.py:2742} INFO - Sync 2 DAGs
[2023-09-05T08:48:45.758+0000] {logging_mixin.py:150} INFO - [2023-09-05T08:48:45.758+0000] {dag.py:3508} INFO - Setting next_dagrun for example_external_task_marker_child to None, run_after=None
[2023-09-05T08:48:45.764+0000] {logging_mixin.py:150} INFO - [2023-09-05T08:48:45.763+0000] {dag.py:3508} INFO - Setting next_dagrun for example_external_task_marker_parent to None, run_after=None
[2023-09-05T08:48:45.792+0000] {processor.py:179} INFO - Processing /home/airflow/.local/lib/python3.7/site-packages/airflow/example_dags/example_external_task_marker_dag.py took 0.148 seconds
[2023-09-05T08:49:16.496+0000] {processor.py:157} INFO - Started process (PID=838) to work on /home/airflow/.local/lib/python3.7/site-packages/airflow/example_dags/example_external_task_marker_dag.py
[2023-09-05T08:49:16.497+0000] {processor.py:826} INFO - Processing file /home/airflow/.local/lib/python3.7/site-packages/airflow/example_dags/example_external_task_marker_dag.py for tasks to queue
[2023-09-05T08:49:16.498+0000] {logging_mixin.py:150} INFO - [2023-09-05T08:49:16.498+0000] {dagbag.py:541} INFO - Filling up the DagBag from /home/airflow/.local/lib/python3.7/site-packages/airflow/example_dags/example_external_task_marker_dag.py
[2023-09-05T08:49:16.508+0000] {processor.py:836} INFO - DAG(s) dict_keys(['example_external_task_marker_parent', 'example_external_task_marker_child']) retrieved from /home/airflow/.local/lib/python3.7/site-packages/airflow/example_dags/example_external_task_marker_dag.py
[2023-09-05T08:49:16.554+0000] {logging_mixin.py:150} INFO - [2023-09-05T08:49:16.554+0000] {dag.py:2742} INFO - Sync 2 DAGs
[2023-09-05T08:49:16.600+0000] {logging_mixin.py:150} INFO - [2023-09-05T08:49:16.600+0000] {dag.py:3508} INFO - Setting next_dagrun for example_external_task_marker_child to None, run_after=None
[2023-09-05T08:49:16.606+0000] {logging_mixin.py:150} INFO - [2023-09-05T08:49:16.606+0000] {dag.py:3508} INFO - Setting next_dagrun for example_external_task_marker_parent to None, run_after=None
[2023-09-05T08:49:16.637+0000] {processor.py:179} INFO - Processing /home/airflow/.local/lib/python3.7/site-packages/airflow/example_dags/example_external_task_marker_dag.py took 0.147 seconds
[2023-09-05T08:49:47.087+0000] {processor.py:157} INFO - Started process (PID=1083) to work on /home/airflow/.local/lib/python3.7/site-packages/airflow/example_dags/example_external_task_marker_dag.py
[2023-09-05T08:49:47.089+0000] {processor.py:826} INFO - Processing file /home/airflow/.local/lib/python3.7/site-packages/airflow/example_dags/example_external_task_marker_dag.py for tasks to queue
[2023-09-05T08:49:47.090+0000] {logging_mixin.py:150} INFO - [2023-09-05T08:49:47.090+0000] {dagbag.py:541} INFO - Filling up the DagBag from /home/airflow/.local/lib/python3.7/site-packages/airflow/example_dags/example_external_task_marker_dag.py
[2023-09-05T08:49:47.100+0000] {processor.py:836} INFO - DAG(s) dict_keys(['example_external_task_marker_child', 'example_external_task_marker_parent']) retrieved from /home/airflow/.local/lib/python3.7/site-packages/airflow/example_dags/example_external_task_marker_dag.py
[2023-09-05T08:49:47.146+0000] {logging_mixin.py:150} INFO - [2023-09-05T08:49:47.145+0000] {dag.py:2742} INFO - Sync 2 DAGs
[2023-09-05T08:49:47.194+0000] {logging_mixin.py:150} INFO - [2023-09-05T08:49:47.193+0000] {dag.py:3508} INFO - Setting next_dagrun for example_external_task_marker_child to None, run_after=None
[2023-09-05T08:49:47.199+0000] {logging_mixin.py:150} INFO - [2023-09-05T08:49:47.199+0000] {dag.py:3508} INFO - Setting next_dagrun for example_external_task_marker_parent to None, run_after=None
[2023-09-05T08:49:47.232+0000] {processor.py:179} INFO - Processing /home/airflow/.local/lib/python3.7/site-packages/airflow/example_dags/example_external_task_marker_dag.py took 0.150 seconds
[2023-09-05T08:50:18.468+0000] {processor.py:157} INFO - Started process (PID=1328) to work on /home/airflow/.local/lib/python3.7/site-packages/airflow/example_dags/example_external_task_marker_dag.py
[2023-09-05T08:50:18.469+0000] {processor.py:826} INFO - Processing file /home/airflow/.local/lib/python3.7/site-packages/airflow/example_dags/example_external_task_marker_dag.py for tasks to queue
[2023-09-05T08:50:18.470+0000] {logging_mixin.py:150} INFO - [2023-09-05T08:50:18.470+0000] {dagbag.py:541} INFO - Filling up the DagBag from /home/airflow/.local/lib/python3.7/site-packages/airflow/example_dags/example_external_task_marker_dag.py
[2023-09-05T08:50:18.480+0000] {processor.py:836} INFO - DAG(s) dict_keys(['example_external_task_marker_parent', 'example_external_task_marker_child']) retrieved from /home/airflow/.local/lib/python3.7/site-packages/airflow/example_dags/example_external_task_marker_dag.py
[2023-09-05T08:50:18.524+0000] {logging_mixin.py:150} INFO - [2023-09-05T08:50:18.524+0000] {dag.py:2742} INFO - Sync 2 DAGs
[2023-09-05T08:50:18.571+0000] {logging_mixin.py:150} INFO - [2023-09-05T08:50:18.570+0000] {dag.py:3508} INFO - Setting next_dagrun for example_external_task_marker_child to None, run_after=None
[2023-09-05T08:50:18.576+0000] {logging_mixin.py:150} INFO - [2023-09-05T08:50:18.576+0000] {dag.py:3508} INFO - Setting next_dagrun for example_external_task_marker_parent to None, run_after=None
[2023-09-05T08:50:18.827+0000] {processor.py:179} INFO - Processing /home/airflow/.local/lib/python3.7/site-packages/airflow/example_dags/example_external_task_marker_dag.py took 0.365 seconds
[2023-09-05T08:51:11.213+0000] {processor.py:157} INFO - Started process (PID=347) to work on /home/airflow/.local/lib/python3.7/site-packages/airflow/example_dags/example_external_task_marker_dag.py
[2023-09-05T08:51:11.214+0000] {processor.py:826} INFO - Processing file /home/airflow/.local/lib/python3.7/site-packages/airflow/example_dags/example_external_task_marker_dag.py for tasks to queue
[2023-09-05T08:51:11.215+0000] {logging_mixin.py:150} INFO - [2023-09-05T08:51:11.215+0000] {dagbag.py:541} INFO - Filling up the DagBag from /home/airflow/.local/lib/python3.7/site-packages/airflow/example_dags/example_external_task_marker_dag.py
[2023-09-05T08:51:11.223+0000] {processor.py:836} INFO - DAG(s) dict_keys(['example_external_task_marker_child', 'example_external_task_marker_parent']) retrieved from /home/airflow/.local/lib/python3.7/site-packages/airflow/example_dags/example_external_task_marker_dag.py
[2023-09-05T08:51:11.265+0000] {logging_mixin.py:150} INFO - [2023-09-05T08:51:11.264+0000] {dag.py:2742} INFO - Sync 2 DAGs
[2023-09-05T08:51:11.303+0000] {logging_mixin.py:150} INFO - [2023-09-05T08:51:11.303+0000] {dag.py:3508} INFO - Setting next_dagrun for example_external_task_marker_child to None, run_after=None
[2023-09-05T08:51:11.307+0000] {logging_mixin.py:150} INFO - [2023-09-05T08:51:11.307+0000] {dag.py:3508} INFO - Setting next_dagrun for example_external_task_marker_parent to None, run_after=None
[2023-09-05T08:51:11.335+0000] {processor.py:179} INFO - Processing /home/airflow/.local/lib/python3.7/site-packages/airflow/example_dags/example_external_task_marker_dag.py took 0.127 seconds
[2023-09-05T08:51:41.893+0000] {processor.py:157} INFO - Started process (PID=589) to work on /home/airflow/.local/lib/python3.7/site-packages/airflow/example_dags/example_external_task_marker_dag.py
[2023-09-05T08:51:41.893+0000] {processor.py:826} INFO - Processing file /home/airflow/.local/lib/python3.7/site-packages/airflow/example_dags/example_external_task_marker_dag.py for tasks to queue
[2023-09-05T08:51:41.894+0000] {logging_mixin.py:150} INFO - [2023-09-05T08:51:41.894+0000] {dagbag.py:541} INFO - Filling up the DagBag from /home/airflow/.local/lib/python3.7/site-packages/airflow/example_dags/example_external_task_marker_dag.py
[2023-09-05T08:51:41.901+0000] {processor.py:836} INFO - DAG(s) dict_keys(['example_external_task_marker_child', 'example_external_task_marker_parent']) retrieved from /home/airflow/.local/lib/python3.7/site-packages/airflow/example_dags/example_external_task_marker_dag.py
[2023-09-05T08:51:41.943+0000] {logging_mixin.py:150} INFO - [2023-09-05T08:51:41.943+0000] {dag.py:2742} INFO - Sync 2 DAGs
[2023-09-05T08:51:41.977+0000] {logging_mixin.py:150} INFO - [2023-09-05T08:51:41.977+0000] {dag.py:3508} INFO - Setting next_dagrun for example_external_task_marker_child to None, run_after=None
[2023-09-05T08:51:41.982+0000] {logging_mixin.py:150} INFO - [2023-09-05T08:51:41.982+0000] {dag.py:3508} INFO - Setting next_dagrun for example_external_task_marker_parent to None, run_after=None
[2023-09-05T08:51:42.005+0000] {processor.py:179} INFO - Processing /home/airflow/.local/lib/python3.7/site-packages/airflow/example_dags/example_external_task_marker_dag.py took 0.116 seconds
[2023-09-05T08:52:14.918+0000] {processor.py:157} INFO - Started process (PID=839) to work on /home/airflow/.local/lib/python3.7/site-packages/airflow/example_dags/example_external_task_marker_dag.py
[2023-09-05T08:52:14.919+0000] {processor.py:826} INFO - Processing file /home/airflow/.local/lib/python3.7/site-packages/airflow/example_dags/example_external_task_marker_dag.py for tasks to queue
[2023-09-05T08:52:14.920+0000] {logging_mixin.py:150} INFO - [2023-09-05T08:52:14.920+0000] {dagbag.py:541} INFO - Filling up the DagBag from /home/airflow/.local/lib/python3.7/site-packages/airflow/example_dags/example_external_task_marker_dag.py
[2023-09-05T08:52:14.928+0000] {processor.py:836} INFO - DAG(s) dict_keys(['example_external_task_marker_parent', 'example_external_task_marker_child']) retrieved from /home/airflow/.local/lib/python3.7/site-packages/airflow/example_dags/example_external_task_marker_dag.py
[2023-09-05T08:52:14.963+0000] {logging_mixin.py:150} INFO - [2023-09-05T08:52:14.963+0000] {dag.py:2742} INFO - Sync 2 DAGs
[2023-09-05T08:52:15.119+0000] {logging_mixin.py:150} INFO - [2023-09-05T08:52:15.119+0000] {dag.py:3508} INFO - Setting next_dagrun for example_external_task_marker_child to None, run_after=None
[2023-09-05T08:52:15.124+0000] {logging_mixin.py:150} INFO - [2023-09-05T08:52:15.124+0000] {dag.py:3508} INFO - Setting next_dagrun for example_external_task_marker_parent to None, run_after=None
[2023-09-05T08:52:15.173+0000] {processor.py:179} INFO - Processing /home/airflow/.local/lib/python3.7/site-packages/airflow/example_dags/example_external_task_marker_dag.py took 0.260 seconds
[2023-09-05T08:52:45.356+0000] {processor.py:157} INFO - Started process (PID=1084) to work on /home/airflow/.local/lib/python3.7/site-packages/airflow/example_dags/example_external_task_marker_dag.py
[2023-09-05T08:52:45.356+0000] {processor.py:826} INFO - Processing file /home/airflow/.local/lib/python3.7/site-packages/airflow/example_dags/example_external_task_marker_dag.py for tasks to queue
[2023-09-05T08:52:45.357+0000] {logging_mixin.py:150} INFO - [2023-09-05T08:52:45.357+0000] {dagbag.py:541} INFO - Filling up the DagBag from /home/airflow/.local/lib/python3.7/site-packages/airflow/example_dags/example_external_task_marker_dag.py
[2023-09-05T08:52:45.364+0000] {processor.py:836} INFO - DAG(s) dict_keys(['example_external_task_marker_parent', 'example_external_task_marker_child']) retrieved from /home/airflow/.local/lib/python3.7/site-packages/airflow/example_dags/example_external_task_marker_dag.py
[2023-09-05T08:52:45.406+0000] {logging_mixin.py:150} INFO - [2023-09-05T08:52:45.406+0000] {dag.py:2742} INFO - Sync 2 DAGs
[2023-09-05T08:52:45.451+0000] {logging_mixin.py:150} INFO - [2023-09-05T08:52:45.451+0000] {dag.py:3508} INFO - Setting next_dagrun for example_external_task_marker_child to None, run_after=None
[2023-09-05T08:52:45.456+0000] {logging_mixin.py:150} INFO - [2023-09-05T08:52:45.456+0000] {dag.py:3508} INFO - Setting next_dagrun for example_external_task_marker_parent to None, run_after=None
[2023-09-05T08:52:45.486+0000] {processor.py:179} INFO - Processing /home/airflow/.local/lib/python3.7/site-packages/airflow/example_dags/example_external_task_marker_dag.py took 0.134 seconds
[2023-09-05T08:53:16.424+0000] {processor.py:157} INFO - Started process (PID=1338) to work on /home/airflow/.local/lib/python3.7/site-packages/airflow/example_dags/example_external_task_marker_dag.py
[2023-09-05T08:53:16.425+0000] {processor.py:826} INFO - Processing file /home/airflow/.local/lib/python3.7/site-packages/airflow/example_dags/example_external_task_marker_dag.py for tasks to queue
[2023-09-05T08:53:16.427+0000] {logging_mixin.py:150} INFO - [2023-09-05T08:53:16.426+0000] {dagbag.py:541} INFO - Filling up the DagBag from /home/airflow/.local/lib/python3.7/site-packages/airflow/example_dags/example_external_task_marker_dag.py
[2023-09-05T08:53:16.436+0000] {processor.py:836} INFO - DAG(s) dict_keys(['example_external_task_marker_child', 'example_external_task_marker_parent']) retrieved from /home/airflow/.local/lib/python3.7/site-packages/airflow/example_dags/example_external_task_marker_dag.py
[2023-09-05T08:53:16.485+0000] {logging_mixin.py:150} INFO - [2023-09-05T08:53:16.485+0000] {dag.py:2742} INFO - Sync 2 DAGs
[2023-09-05T08:53:16.536+0000] {logging_mixin.py:150} INFO - [2023-09-05T08:53:16.536+0000] {dag.py:3508} INFO - Setting next_dagrun for example_external_task_marker_child to None, run_after=None
[2023-09-05T08:53:16.542+0000] {logging_mixin.py:150} INFO - [2023-09-05T08:53:16.542+0000] {dag.py:3508} INFO - Setting next_dagrun for example_external_task_marker_parent to None, run_after=None
[2023-09-05T08:53:16.576+0000] {processor.py:179} INFO - Processing /home/airflow/.local/lib/python3.7/site-packages/airflow/example_dags/example_external_task_marker_dag.py took 0.159 seconds
[2023-09-05T08:53:47.272+0000] {processor.py:157} INFO - Started process (PID=1583) to work on /home/airflow/.local/lib/python3.7/site-packages/airflow/example_dags/example_external_task_marker_dag.py
[2023-09-05T08:53:47.272+0000] {processor.py:826} INFO - Processing file /home/airflow/.local/lib/python3.7/site-packages/airflow/example_dags/example_external_task_marker_dag.py for tasks to queue
[2023-09-05T08:53:47.273+0000] {logging_mixin.py:150} INFO - [2023-09-05T08:53:47.273+0000] {dagbag.py:541} INFO - Filling up the DagBag from /home/airflow/.local/lib/python3.7/site-packages/airflow/example_dags/example_external_task_marker_dag.py
[2023-09-05T08:53:47.281+0000] {processor.py:836} INFO - DAG(s) dict_keys(['example_external_task_marker_child', 'example_external_task_marker_parent']) retrieved from /home/airflow/.local/lib/python3.7/site-packages/airflow/example_dags/example_external_task_marker_dag.py
[2023-09-05T08:53:47.322+0000] {logging_mixin.py:150} INFO - [2023-09-05T08:53:47.322+0000] {dag.py:2742} INFO - Sync 2 DAGs
[2023-09-05T08:53:47.362+0000] {logging_mixin.py:150} INFO - [2023-09-05T08:53:47.362+0000] {dag.py:3508} INFO - Setting next_dagrun for example_external_task_marker_child to None, run_after=None
[2023-09-05T08:53:47.368+0000] {logging_mixin.py:150} INFO - [2023-09-05T08:53:47.368+0000] {dag.py:3508} INFO - Setting next_dagrun for example_external_task_marker_parent to None, run_after=None
[2023-09-05T08:53:47.399+0000] {processor.py:179} INFO - Processing /home/airflow/.local/lib/python3.7/site-packages/airflow/example_dags/example_external_task_marker_dag.py took 0.133 seconds
