[2023-09-05T08:48:06.935+0000] {processor.py:157} INFO - Started process (PID=183) to work on /home/airflow/.local/lib/python3.7/site-packages/airflow/example_dags/example_latest_only_with_trigger.py
[2023-09-05T08:48:06.936+0000] {processor.py:826} INFO - Processing file /home/airflow/.local/lib/python3.7/site-packages/airflow/example_dags/example_latest_only_with_trigger.py for tasks to queue
[2023-09-05T08:48:06.938+0000] {logging_mixin.py:150} INFO - [2023-09-05T08:48:06.937+0000] {dagbag.py:541} INFO - Filling up the DagBag from /home/airflow/.local/lib/python3.7/site-packages/airflow/example_dags/example_latest_only_with_trigger.py
[2023-09-05T08:48:06.955+0000] {processor.py:836} INFO - DAG(s) dict_keys(['latest_only_with_trigger']) retrieved from /home/airflow/.local/lib/python3.7/site-packages/airflow/example_dags/example_latest_only_with_trigger.py
[2023-09-05T08:48:07.149+0000] {logging_mixin.py:150} INFO - [2023-09-05T08:48:07.149+0000] {manager.py:504} INFO - Created Permission View: can delete on DAG:latest_only_with_trigger
[2023-09-05T08:48:07.171+0000] {logging_mixin.py:150} INFO - [2023-09-05T08:48:07.170+0000] {manager.py:504} INFO - Created Permission View: can read on DAG:latest_only_with_trigger
[2023-09-05T08:48:07.190+0000] {logging_mixin.py:150} INFO - [2023-09-05T08:48:07.190+0000] {manager.py:504} INFO - Created Permission View: can edit on DAG:latest_only_with_trigger
[2023-09-05T08:48:07.216+0000] {logging_mixin.py:150} INFO - [2023-09-05T08:48:07.216+0000] {dag.py:2742} INFO - Sync 1 DAGs
[2023-09-05T08:48:07.240+0000] {logging_mixin.py:150} INFO - [2023-09-05T08:48:07.239+0000] {dag.py:2763} INFO - Creating ORM DAG for latest_only_with_trigger
[2023-09-05T08:48:07.260+0000] {logging_mixin.py:150} INFO - [2023-09-05T08:48:07.260+0000] {dag.py:3508} INFO - Setting next_dagrun for latest_only_with_trigger to 2023-09-05T04:48:07.259645+00:00, run_after=2023-09-05T08:48:07.259645+00:00
[2023-09-05T08:48:07.294+0000] {processor.py:179} INFO - Processing /home/airflow/.local/lib/python3.7/site-packages/airflow/example_dags/example_latest_only_with_trigger.py took 0.365 seconds
[2023-09-05T08:48:37.422+0000] {processor.py:157} INFO - Started process (PID=430) to work on /home/airflow/.local/lib/python3.7/site-packages/airflow/example_dags/example_latest_only_with_trigger.py
[2023-09-05T08:48:37.424+0000] {processor.py:826} INFO - Processing file /home/airflow/.local/lib/python3.7/site-packages/airflow/example_dags/example_latest_only_with_trigger.py for tasks to queue
[2023-09-05T08:48:37.425+0000] {logging_mixin.py:150} INFO - [2023-09-05T08:48:37.425+0000] {dagbag.py:541} INFO - Filling up the DagBag from /home/airflow/.local/lib/python3.7/site-packages/airflow/example_dags/example_latest_only_with_trigger.py
[2023-09-05T08:48:37.435+0000] {processor.py:836} INFO - DAG(s) dict_keys(['latest_only_with_trigger']) retrieved from /home/airflow/.local/lib/python3.7/site-packages/airflow/example_dags/example_latest_only_with_trigger.py
[2023-09-05T08:48:37.475+0000] {logging_mixin.py:150} INFO - [2023-09-05T08:48:37.475+0000] {dag.py:2742} INFO - Sync 1 DAGs
[2023-09-05T08:48:37.523+0000] {logging_mixin.py:150} INFO - [2023-09-05T08:48:37.523+0000] {dag.py:3508} INFO - Setting next_dagrun for latest_only_with_trigger to 2023-09-05T04:48:37.522777+00:00, run_after=2023-09-05T08:48:37.522777+00:00
[2023-09-05T08:48:37.559+0000] {processor.py:179} INFO - Processing /home/airflow/.local/lib/python3.7/site-packages/airflow/example_dags/example_latest_only_with_trigger.py took 0.146 seconds
[2023-09-05T08:49:08.030+0000] {processor.py:157} INFO - Started process (PID=675) to work on /home/airflow/.local/lib/python3.7/site-packages/airflow/example_dags/example_latest_only_with_trigger.py
[2023-09-05T08:49:08.031+0000] {processor.py:826} INFO - Processing file /home/airflow/.local/lib/python3.7/site-packages/airflow/example_dags/example_latest_only_with_trigger.py for tasks to queue
[2023-09-05T08:49:08.032+0000] {logging_mixin.py:150} INFO - [2023-09-05T08:49:08.032+0000] {dagbag.py:541} INFO - Filling up the DagBag from /home/airflow/.local/lib/python3.7/site-packages/airflow/example_dags/example_latest_only_with_trigger.py
[2023-09-05T08:49:08.043+0000] {processor.py:836} INFO - DAG(s) dict_keys(['latest_only_with_trigger']) retrieved from /home/airflow/.local/lib/python3.7/site-packages/airflow/example_dags/example_latest_only_with_trigger.py
[2023-09-05T08:49:08.088+0000] {logging_mixin.py:150} INFO - [2023-09-05T08:49:08.087+0000] {dag.py:2742} INFO - Sync 1 DAGs
[2023-09-05T08:49:08.134+0000] {logging_mixin.py:150} INFO - [2023-09-05T08:49:08.134+0000] {dag.py:3508} INFO - Setting next_dagrun for latest_only_with_trigger to 2023-09-05T04:49:08.134163+00:00, run_after=2023-09-05T08:49:08.134163+00:00
[2023-09-05T08:49:08.172+0000] {processor.py:179} INFO - Processing /home/airflow/.local/lib/python3.7/site-packages/airflow/example_dags/example_latest_only_with_trigger.py took 0.148 seconds
[2023-09-05T08:49:38.313+0000] {processor.py:157} INFO - Started process (PID=918) to work on /home/airflow/.local/lib/python3.7/site-packages/airflow/example_dags/example_latest_only_with_trigger.py
[2023-09-05T08:49:38.315+0000] {processor.py:826} INFO - Processing file /home/airflow/.local/lib/python3.7/site-packages/airflow/example_dags/example_latest_only_with_trigger.py for tasks to queue
[2023-09-05T08:49:38.316+0000] {logging_mixin.py:150} INFO - [2023-09-05T08:49:38.316+0000] {dagbag.py:541} INFO - Filling up the DagBag from /home/airflow/.local/lib/python3.7/site-packages/airflow/example_dags/example_latest_only_with_trigger.py
[2023-09-05T08:49:38.326+0000] {processor.py:836} INFO - DAG(s) dict_keys(['latest_only_with_trigger']) retrieved from /home/airflow/.local/lib/python3.7/site-packages/airflow/example_dags/example_latest_only_with_trigger.py
[2023-09-05T08:49:38.367+0000] {logging_mixin.py:150} INFO - [2023-09-05T08:49:38.367+0000] {dag.py:2742} INFO - Sync 1 DAGs
[2023-09-05T08:49:38.419+0000] {logging_mixin.py:150} INFO - [2023-09-05T08:49:38.418+0000] {dag.py:3508} INFO - Setting next_dagrun for latest_only_with_trigger to 2023-09-05T04:49:38.418460+00:00, run_after=2023-09-05T08:49:38.418460+00:00
[2023-09-05T08:49:38.456+0000] {processor.py:179} INFO - Processing /home/airflow/.local/lib/python3.7/site-packages/airflow/example_dags/example_latest_only_with_trigger.py took 0.149 seconds
[2023-09-05T08:50:08.815+0000] {processor.py:157} INFO - Started process (PID=1165) to work on /home/airflow/.local/lib/python3.7/site-packages/airflow/example_dags/example_latest_only_with_trigger.py
[2023-09-05T08:50:08.816+0000] {processor.py:826} INFO - Processing file /home/airflow/.local/lib/python3.7/site-packages/airflow/example_dags/example_latest_only_with_trigger.py for tasks to queue
[2023-09-05T08:50:08.817+0000] {logging_mixin.py:150} INFO - [2023-09-05T08:50:08.817+0000] {dagbag.py:541} INFO - Filling up the DagBag from /home/airflow/.local/lib/python3.7/site-packages/airflow/example_dags/example_latest_only_with_trigger.py
[2023-09-05T08:50:08.825+0000] {processor.py:836} INFO - DAG(s) dict_keys(['latest_only_with_trigger']) retrieved from /home/airflow/.local/lib/python3.7/site-packages/airflow/example_dags/example_latest_only_with_trigger.py
[2023-09-05T08:50:08.859+0000] {logging_mixin.py:150} INFO - [2023-09-05T08:50:08.858+0000] {dag.py:2742} INFO - Sync 1 DAGs
[2023-09-05T08:50:08.895+0000] {logging_mixin.py:150} INFO - [2023-09-05T08:50:08.895+0000] {dag.py:3508} INFO - Setting next_dagrun for latest_only_with_trigger to 2023-09-05T04:50:08.894753+00:00, run_after=2023-09-05T08:50:08.894753+00:00
[2023-09-05T08:50:08.923+0000] {processor.py:179} INFO - Processing /home/airflow/.local/lib/python3.7/site-packages/airflow/example_dags/example_latest_only_with_trigger.py took 0.113 seconds
[2023-09-05T08:51:07.217+0000] {processor.py:157} INFO - Started process (PID=182) to work on /home/airflow/.local/lib/python3.7/site-packages/airflow/example_dags/example_latest_only_with_trigger.py
[2023-09-05T08:51:07.219+0000] {processor.py:826} INFO - Processing file /home/airflow/.local/lib/python3.7/site-packages/airflow/example_dags/example_latest_only_with_trigger.py for tasks to queue
[2023-09-05T08:51:07.220+0000] {logging_mixin.py:150} INFO - [2023-09-05T08:51:07.219+0000] {dagbag.py:541} INFO - Filling up the DagBag from /home/airflow/.local/lib/python3.7/site-packages/airflow/example_dags/example_latest_only_with_trigger.py
[2023-09-05T08:51:07.235+0000] {processor.py:836} INFO - DAG(s) dict_keys(['latest_only_with_trigger']) retrieved from /home/airflow/.local/lib/python3.7/site-packages/airflow/example_dags/example_latest_only_with_trigger.py
[2023-09-05T08:51:07.282+0000] {logging_mixin.py:150} INFO - [2023-09-05T08:51:07.281+0000] {dag.py:2742} INFO - Sync 1 DAGs
[2023-09-05T08:51:07.319+0000] {logging_mixin.py:150} INFO - [2023-09-05T08:51:07.319+0000] {dag.py:3508} INFO - Setting next_dagrun for latest_only_with_trigger to 2023-09-05T04:51:07.319141+00:00, run_after=2023-09-05T08:51:07.319141+00:00
[2023-09-05T08:51:07.345+0000] {processor.py:179} INFO - Processing /home/airflow/.local/lib/python3.7/site-packages/airflow/example_dags/example_latest_only_with_trigger.py took 0.134 seconds
[2023-09-05T08:51:37.601+0000] {processor.py:157} INFO - Started process (PID=427) to work on /home/airflow/.local/lib/python3.7/site-packages/airflow/example_dags/example_latest_only_with_trigger.py
[2023-09-05T08:51:37.602+0000] {processor.py:826} INFO - Processing file /home/airflow/.local/lib/python3.7/site-packages/airflow/example_dags/example_latest_only_with_trigger.py for tasks to queue
[2023-09-05T08:51:37.603+0000] {logging_mixin.py:150} INFO - [2023-09-05T08:51:37.603+0000] {dagbag.py:541} INFO - Filling up the DagBag from /home/airflow/.local/lib/python3.7/site-packages/airflow/example_dags/example_latest_only_with_trigger.py
[2023-09-05T08:51:37.616+0000] {processor.py:836} INFO - DAG(s) dict_keys(['latest_only_with_trigger']) retrieved from /home/airflow/.local/lib/python3.7/site-packages/airflow/example_dags/example_latest_only_with_trigger.py
[2023-09-05T08:51:37.674+0000] {logging_mixin.py:150} INFO - [2023-09-05T08:51:37.674+0000] {dag.py:2742} INFO - Sync 1 DAGs
[2023-09-05T08:51:37.722+0000] {logging_mixin.py:150} INFO - [2023-09-05T08:51:37.722+0000] {dag.py:3508} INFO - Setting next_dagrun for latest_only_with_trigger to 2023-09-05T04:51:37.721695+00:00, run_after=2023-09-05T08:51:37.721695+00:00
[2023-09-05T08:51:37.757+0000] {processor.py:179} INFO - Processing /home/airflow/.local/lib/python3.7/site-packages/airflow/example_dags/example_latest_only_with_trigger.py took 0.162 seconds
[2023-09-05T08:52:08.239+0000] {processor.py:157} INFO - Started process (PID=674) to work on /home/airflow/.local/lib/python3.7/site-packages/airflow/example_dags/example_latest_only_with_trigger.py
[2023-09-05T08:52:08.240+0000] {processor.py:826} INFO - Processing file /home/airflow/.local/lib/python3.7/site-packages/airflow/example_dags/example_latest_only_with_trigger.py for tasks to queue
[2023-09-05T08:52:08.241+0000] {logging_mixin.py:150} INFO - [2023-09-05T08:52:08.241+0000] {dagbag.py:541} INFO - Filling up the DagBag from /home/airflow/.local/lib/python3.7/site-packages/airflow/example_dags/example_latest_only_with_trigger.py
[2023-09-05T08:52:08.250+0000] {processor.py:836} INFO - DAG(s) dict_keys(['latest_only_with_trigger']) retrieved from /home/airflow/.local/lib/python3.7/site-packages/airflow/example_dags/example_latest_only_with_trigger.py
[2023-09-05T08:52:08.290+0000] {logging_mixin.py:150} INFO - [2023-09-05T08:52:08.289+0000] {dag.py:2742} INFO - Sync 1 DAGs
[2023-09-05T08:52:08.342+0000] {logging_mixin.py:150} INFO - [2023-09-05T08:52:08.342+0000] {dag.py:3508} INFO - Setting next_dagrun for latest_only_with_trigger to 2023-09-05T04:52:08.342338+00:00, run_after=2023-09-05T08:52:08.342338+00:00
[2023-09-05T08:52:08.535+0000] {processor.py:179} INFO - Processing /home/airflow/.local/lib/python3.7/site-packages/airflow/example_dags/example_latest_only_with_trigger.py took 0.301 seconds
[2023-09-05T08:52:39.429+0000] {processor.py:157} INFO - Started process (PID=919) to work on /home/airflow/.local/lib/python3.7/site-packages/airflow/example_dags/example_latest_only_with_trigger.py
[2023-09-05T08:52:39.430+0000] {processor.py:826} INFO - Processing file /home/airflow/.local/lib/python3.7/site-packages/airflow/example_dags/example_latest_only_with_trigger.py for tasks to queue
[2023-09-05T08:52:39.431+0000] {logging_mixin.py:150} INFO - [2023-09-05T08:52:39.431+0000] {dagbag.py:541} INFO - Filling up the DagBag from /home/airflow/.local/lib/python3.7/site-packages/airflow/example_dags/example_latest_only_with_trigger.py
[2023-09-05T08:52:39.440+0000] {processor.py:836} INFO - DAG(s) dict_keys(['latest_only_with_trigger']) retrieved from /home/airflow/.local/lib/python3.7/site-packages/airflow/example_dags/example_latest_only_with_trigger.py
[2023-09-05T08:52:39.630+0000] {logging_mixin.py:150} INFO - [2023-09-05T08:52:39.630+0000] {dag.py:2742} INFO - Sync 1 DAGs
[2023-09-05T08:52:39.667+0000] {logging_mixin.py:150} INFO - [2023-09-05T08:52:39.667+0000] {dag.py:3508} INFO - Setting next_dagrun for latest_only_with_trigger to 2023-09-05T04:52:39.667124+00:00, run_after=2023-09-05T08:52:39.667124+00:00
[2023-09-05T08:52:39.696+0000] {processor.py:179} INFO - Processing /home/airflow/.local/lib/python3.7/site-packages/airflow/example_dags/example_latest_only_with_trigger.py took 0.271 seconds
[2023-09-05T08:53:10.221+0000] {processor.py:157} INFO - Started process (PID=1173) to work on /home/airflow/.local/lib/python3.7/site-packages/airflow/example_dags/example_latest_only_with_trigger.py
[2023-09-05T08:53:10.222+0000] {processor.py:826} INFO - Processing file /home/airflow/.local/lib/python3.7/site-packages/airflow/example_dags/example_latest_only_with_trigger.py for tasks to queue
[2023-09-05T08:53:10.223+0000] {logging_mixin.py:150} INFO - [2023-09-05T08:53:10.223+0000] {dagbag.py:541} INFO - Filling up the DagBag from /home/airflow/.local/lib/python3.7/site-packages/airflow/example_dags/example_latest_only_with_trigger.py
[2023-09-05T08:53:10.232+0000] {processor.py:836} INFO - DAG(s) dict_keys(['latest_only_with_trigger']) retrieved from /home/airflow/.local/lib/python3.7/site-packages/airflow/example_dags/example_latest_only_with_trigger.py
[2023-09-05T08:53:10.269+0000] {logging_mixin.py:150} INFO - [2023-09-05T08:53:10.268+0000] {dag.py:2742} INFO - Sync 1 DAGs
[2023-09-05T08:53:10.309+0000] {logging_mixin.py:150} INFO - [2023-09-05T08:53:10.309+0000] {dag.py:3508} INFO - Setting next_dagrun for latest_only_with_trigger to 2023-09-05T04:53:10.309528+00:00, run_after=2023-09-05T08:53:10.309528+00:00
[2023-09-05T08:53:10.342+0000] {processor.py:179} INFO - Processing /home/airflow/.local/lib/python3.7/site-packages/airflow/example_dags/example_latest_only_with_trigger.py took 0.126 seconds
[2023-09-05T08:53:40.486+0000] {processor.py:157} INFO - Started process (PID=1418) to work on /home/airflow/.local/lib/python3.7/site-packages/airflow/example_dags/example_latest_only_with_trigger.py
[2023-09-05T08:53:40.500+0000] {processor.py:826} INFO - Processing file /home/airflow/.local/lib/python3.7/site-packages/airflow/example_dags/example_latest_only_with_trigger.py for tasks to queue
[2023-09-05T08:53:40.502+0000] {logging_mixin.py:150} INFO - [2023-09-05T08:53:40.501+0000] {dagbag.py:541} INFO - Filling up the DagBag from /home/airflow/.local/lib/python3.7/site-packages/airflow/example_dags/example_latest_only_with_trigger.py
[2023-09-05T08:53:40.512+0000] {processor.py:836} INFO - DAG(s) dict_keys(['latest_only_with_trigger']) retrieved from /home/airflow/.local/lib/python3.7/site-packages/airflow/example_dags/example_latest_only_with_trigger.py
[2023-09-05T08:53:40.551+0000] {logging_mixin.py:150} INFO - [2023-09-05T08:53:40.551+0000] {dag.py:2742} INFO - Sync 1 DAGs
[2023-09-05T08:53:40.598+0000] {logging_mixin.py:150} INFO - [2023-09-05T08:53:40.598+0000] {dag.py:3508} INFO - Setting next_dagrun for latest_only_with_trigger to 2023-09-05T04:53:40.598271+00:00, run_after=2023-09-05T08:53:40.598271+00:00
[2023-09-05T08:53:40.635+0000] {processor.py:179} INFO - Processing /home/airflow/.local/lib/python3.7/site-packages/airflow/example_dags/example_latest_only_with_trigger.py took 0.154 seconds
