[2023-09-05T08:48:07.860+0000] {processor.py:157} INFO - Started process (PID=208) to work on /home/airflow/.local/lib/python3.7/site-packages/airflow/example_dags/example_branch_day_of_week_operator.py
[2023-09-05T08:48:07.861+0000] {processor.py:826} INFO - Processing file /home/airflow/.local/lib/python3.7/site-packages/airflow/example_dags/example_branch_day_of_week_operator.py for tasks to queue
[2023-09-05T08:48:07.862+0000] {logging_mixin.py:150} INFO - [2023-09-05T08:48:07.862+0000] {dagbag.py:541} INFO - Filling up the DagBag from /home/airflow/.local/lib/python3.7/site-packages/airflow/example_dags/example_branch_day_of_week_operator.py
[2023-09-05T08:48:07.877+0000] {processor.py:836} INFO - DAG(s) dict_keys(['example_weekday_branch_operator']) retrieved from /home/airflow/.local/lib/python3.7/site-packages/airflow/example_dags/example_branch_day_of_week_operator.py
[2023-09-05T08:48:08.074+0000] {logging_mixin.py:150} INFO - [2023-09-05T08:48:08.074+0000] {manager.py:504} INFO - Created Permission View: can delete on DAG:example_weekday_branch_operator
[2023-09-05T08:48:08.093+0000] {logging_mixin.py:150} INFO - [2023-09-05T08:48:08.093+0000] {manager.py:504} INFO - Created Permission View: can read on DAG:example_weekday_branch_operator
[2023-09-05T08:48:08.104+0000] {logging_mixin.py:150} INFO - [2023-09-05T08:48:08.104+0000] {manager.py:504} INFO - Created Permission View: can edit on DAG:example_weekday_branch_operator
[2023-09-05T08:48:08.142+0000] {logging_mixin.py:150} INFO - [2023-09-05T08:48:08.142+0000] {dag.py:2742} INFO - Sync 1 DAGs
[2023-09-05T08:48:08.163+0000] {logging_mixin.py:150} INFO - [2023-09-05T08:48:08.162+0000] {dag.py:2763} INFO - Creating ORM DAG for example_weekday_branch_operator
[2023-09-05T08:48:08.187+0000] {logging_mixin.py:150} INFO - [2023-09-05T08:48:08.187+0000] {dag.py:3508} INFO - Setting next_dagrun for example_weekday_branch_operator to 2023-09-04T00:00:00+00:00, run_after=2023-09-05T00:00:00+00:00
[2023-09-05T08:48:08.222+0000] {processor.py:179} INFO - Processing /home/airflow/.local/lib/python3.7/site-packages/airflow/example_dags/example_branch_day_of_week_operator.py took 0.367 seconds
[2023-09-05T08:48:38.978+0000] {processor.py:157} INFO - Started process (PID=453) to work on /home/airflow/.local/lib/python3.7/site-packages/airflow/example_dags/example_branch_day_of_week_operator.py
[2023-09-05T08:48:39.006+0000] {processor.py:826} INFO - Processing file /home/airflow/.local/lib/python3.7/site-packages/airflow/example_dags/example_branch_day_of_week_operator.py for tasks to queue
[2023-09-05T08:48:39.007+0000] {logging_mixin.py:150} INFO - [2023-09-05T08:48:39.006+0000] {dagbag.py:541} INFO - Filling up the DagBag from /home/airflow/.local/lib/python3.7/site-packages/airflow/example_dags/example_branch_day_of_week_operator.py
[2023-09-05T08:48:39.022+0000] {processor.py:836} INFO - DAG(s) dict_keys(['example_weekday_branch_operator']) retrieved from /home/airflow/.local/lib/python3.7/site-packages/airflow/example_dags/example_branch_day_of_week_operator.py
[2023-09-05T08:48:39.062+0000] {logging_mixin.py:150} INFO - [2023-09-05T08:48:39.062+0000] {dag.py:2742} INFO - Sync 1 DAGs
[2023-09-05T08:48:39.104+0000] {logging_mixin.py:150} INFO - [2023-09-05T08:48:39.104+0000] {dag.py:3508} INFO - Setting next_dagrun for example_weekday_branch_operator to 2023-09-04T00:00:00+00:00, run_after=2023-09-05T00:00:00+00:00
[2023-09-05T08:48:39.133+0000] {processor.py:179} INFO - Processing /home/airflow/.local/lib/python3.7/site-packages/airflow/example_dags/example_branch_day_of_week_operator.py took 0.161 seconds
[2023-09-05T08:49:09.371+0000] {processor.py:157} INFO - Started process (PID=698) to work on /home/airflow/.local/lib/python3.7/site-packages/airflow/example_dags/example_branch_day_of_week_operator.py
[2023-09-05T08:49:09.372+0000] {processor.py:826} INFO - Processing file /home/airflow/.local/lib/python3.7/site-packages/airflow/example_dags/example_branch_day_of_week_operator.py for tasks to queue
[2023-09-05T08:49:09.373+0000] {logging_mixin.py:150} INFO - [2023-09-05T08:49:09.373+0000] {dagbag.py:541} INFO - Filling up the DagBag from /home/airflow/.local/lib/python3.7/site-packages/airflow/example_dags/example_branch_day_of_week_operator.py
[2023-09-05T08:49:09.386+0000] {processor.py:836} INFO - DAG(s) dict_keys(['example_weekday_branch_operator']) retrieved from /home/airflow/.local/lib/python3.7/site-packages/airflow/example_dags/example_branch_day_of_week_operator.py
[2023-09-05T08:49:09.430+0000] {logging_mixin.py:150} INFO - [2023-09-05T08:49:09.429+0000] {dag.py:2742} INFO - Sync 1 DAGs
[2023-09-05T08:49:09.473+0000] {logging_mixin.py:150} INFO - [2023-09-05T08:49:09.473+0000] {dag.py:3508} INFO - Setting next_dagrun for example_weekday_branch_operator to 2023-09-04T00:00:00+00:00, run_after=2023-09-05T00:00:00+00:00
[2023-09-05T08:49:09.508+0000] {processor.py:179} INFO - Processing /home/airflow/.local/lib/python3.7/site-packages/airflow/example_dags/example_branch_day_of_week_operator.py took 0.143 seconds
[2023-09-05T08:49:39.886+0000] {processor.py:157} INFO - Started process (PID=943) to work on /home/airflow/.local/lib/python3.7/site-packages/airflow/example_dags/example_branch_day_of_week_operator.py
[2023-09-05T08:49:39.905+0000] {processor.py:826} INFO - Processing file /home/airflow/.local/lib/python3.7/site-packages/airflow/example_dags/example_branch_day_of_week_operator.py for tasks to queue
[2023-09-05T08:49:39.906+0000] {logging_mixin.py:150} INFO - [2023-09-05T08:49:39.906+0000] {dagbag.py:541} INFO - Filling up the DagBag from /home/airflow/.local/lib/python3.7/site-packages/airflow/example_dags/example_branch_day_of_week_operator.py
[2023-09-05T08:49:39.921+0000] {processor.py:836} INFO - DAG(s) dict_keys(['example_weekday_branch_operator']) retrieved from /home/airflow/.local/lib/python3.7/site-packages/airflow/example_dags/example_branch_day_of_week_operator.py
[2023-09-05T08:49:39.962+0000] {logging_mixin.py:150} INFO - [2023-09-05T08:49:39.962+0000] {dag.py:2742} INFO - Sync 1 DAGs
[2023-09-05T08:49:40.014+0000] {logging_mixin.py:150} INFO - [2023-09-05T08:49:40.013+0000] {dag.py:3508} INFO - Setting next_dagrun for example_weekday_branch_operator to 2023-09-04T00:00:00+00:00, run_after=2023-09-05T00:00:00+00:00
[2023-09-05T08:49:40.057+0000] {processor.py:179} INFO - Processing /home/airflow/.local/lib/python3.7/site-packages/airflow/example_dags/example_branch_day_of_week_operator.py took 0.176 seconds
[2023-09-05T08:50:10.268+0000] {processor.py:157} INFO - Started process (PID=1188) to work on /home/airflow/.local/lib/python3.7/site-packages/airflow/example_dags/example_branch_day_of_week_operator.py
[2023-09-05T08:50:10.269+0000] {processor.py:826} INFO - Processing file /home/airflow/.local/lib/python3.7/site-packages/airflow/example_dags/example_branch_day_of_week_operator.py for tasks to queue
[2023-09-05T08:50:10.270+0000] {logging_mixin.py:150} INFO - [2023-09-05T08:50:10.270+0000] {dagbag.py:541} INFO - Filling up the DagBag from /home/airflow/.local/lib/python3.7/site-packages/airflow/example_dags/example_branch_day_of_week_operator.py
[2023-09-05T08:50:10.281+0000] {processor.py:836} INFO - DAG(s) dict_keys(['example_weekday_branch_operator']) retrieved from /home/airflow/.local/lib/python3.7/site-packages/airflow/example_dags/example_branch_day_of_week_operator.py
[2023-09-05T08:50:10.315+0000] {logging_mixin.py:150} INFO - [2023-09-05T08:50:10.315+0000] {dag.py:2742} INFO - Sync 1 DAGs
[2023-09-05T08:50:10.359+0000] {logging_mixin.py:150} INFO - [2023-09-05T08:50:10.359+0000] {dag.py:3508} INFO - Setting next_dagrun for example_weekday_branch_operator to 2023-09-04T00:00:00+00:00, run_after=2023-09-05T00:00:00+00:00
[2023-09-05T08:50:10.390+0000] {processor.py:179} INFO - Processing /home/airflow/.local/lib/python3.7/site-packages/airflow/example_dags/example_branch_day_of_week_operator.py took 0.128 seconds
[2023-09-05T08:51:07.725+0000] {processor.py:157} INFO - Started process (PID=207) to work on /home/airflow/.local/lib/python3.7/site-packages/airflow/example_dags/example_branch_day_of_week_operator.py
[2023-09-05T08:51:07.727+0000] {processor.py:826} INFO - Processing file /home/airflow/.local/lib/python3.7/site-packages/airflow/example_dags/example_branch_day_of_week_operator.py for tasks to queue
[2023-09-05T08:51:07.728+0000] {logging_mixin.py:150} INFO - [2023-09-05T08:51:07.728+0000] {dagbag.py:541} INFO - Filling up the DagBag from /home/airflow/.local/lib/python3.7/site-packages/airflow/example_dags/example_branch_day_of_week_operator.py
[2023-09-05T08:51:07.746+0000] {processor.py:836} INFO - DAG(s) dict_keys(['example_weekday_branch_operator']) retrieved from /home/airflow/.local/lib/python3.7/site-packages/airflow/example_dags/example_branch_day_of_week_operator.py
[2023-09-05T08:51:07.811+0000] {logging_mixin.py:150} INFO - [2023-09-05T08:51:07.810+0000] {dag.py:2742} INFO - Sync 1 DAGs
[2023-09-05T08:51:07.887+0000] {logging_mixin.py:150} INFO - [2023-09-05T08:51:07.886+0000] {dag.py:3508} INFO - Setting next_dagrun for example_weekday_branch_operator to 2023-09-04T00:00:00+00:00, run_after=2023-09-05T00:00:00+00:00
[2023-09-05T08:51:07.942+0000] {processor.py:179} INFO - Processing /home/airflow/.local/lib/python3.7/site-packages/airflow/example_dags/example_branch_day_of_week_operator.py took 0.223 seconds
[2023-09-05T08:51:38.370+0000] {processor.py:157} INFO - Started process (PID=454) to work on /home/airflow/.local/lib/python3.7/site-packages/airflow/example_dags/example_branch_day_of_week_operator.py
[2023-09-05T08:51:38.371+0000] {processor.py:826} INFO - Processing file /home/airflow/.local/lib/python3.7/site-packages/airflow/example_dags/example_branch_day_of_week_operator.py for tasks to queue
[2023-09-05T08:51:38.372+0000] {logging_mixin.py:150} INFO - [2023-09-05T08:51:38.372+0000] {dagbag.py:541} INFO - Filling up the DagBag from /home/airflow/.local/lib/python3.7/site-packages/airflow/example_dags/example_branch_day_of_week_operator.py
[2023-09-05T08:51:38.382+0000] {processor.py:836} INFO - DAG(s) dict_keys(['example_weekday_branch_operator']) retrieved from /home/airflow/.local/lib/python3.7/site-packages/airflow/example_dags/example_branch_day_of_week_operator.py
[2023-09-05T08:51:38.421+0000] {logging_mixin.py:150} INFO - [2023-09-05T08:51:38.421+0000] {dag.py:2742} INFO - Sync 1 DAGs
[2023-09-05T08:51:38.469+0000] {logging_mixin.py:150} INFO - [2023-09-05T08:51:38.468+0000] {dag.py:3508} INFO - Setting next_dagrun for example_weekday_branch_operator to 2023-09-04T00:00:00+00:00, run_after=2023-09-05T00:00:00+00:00
[2023-09-05T08:51:38.501+0000] {processor.py:179} INFO - Processing /home/airflow/.local/lib/python3.7/site-packages/airflow/example_dags/example_branch_day_of_week_operator.py took 0.135 seconds
[2023-09-05T08:52:09.335+0000] {processor.py:157} INFO - Started process (PID=699) to work on /home/airflow/.local/lib/python3.7/site-packages/airflow/example_dags/example_branch_day_of_week_operator.py
[2023-09-05T08:52:09.337+0000] {processor.py:826} INFO - Processing file /home/airflow/.local/lib/python3.7/site-packages/airflow/example_dags/example_branch_day_of_week_operator.py for tasks to queue
[2023-09-05T08:52:09.337+0000] {logging_mixin.py:150} INFO - [2023-09-05T08:52:09.337+0000] {dagbag.py:541} INFO - Filling up the DagBag from /home/airflow/.local/lib/python3.7/site-packages/airflow/example_dags/example_branch_day_of_week_operator.py
[2023-09-05T08:52:09.347+0000] {processor.py:836} INFO - DAG(s) dict_keys(['example_weekday_branch_operator']) retrieved from /home/airflow/.local/lib/python3.7/site-packages/airflow/example_dags/example_branch_day_of_week_operator.py
[2023-09-05T08:52:09.384+0000] {logging_mixin.py:150} INFO - [2023-09-05T08:52:09.384+0000] {dag.py:2742} INFO - Sync 1 DAGs
[2023-09-05T08:52:09.425+0000] {logging_mixin.py:150} INFO - [2023-09-05T08:52:09.424+0000] {dag.py:3508} INFO - Setting next_dagrun for example_weekday_branch_operator to 2023-09-04T00:00:00+00:00, run_after=2023-09-05T00:00:00+00:00
[2023-09-05T08:52:09.585+0000] {processor.py:179} INFO - Processing /home/airflow/.local/lib/python3.7/site-packages/airflow/example_dags/example_branch_day_of_week_operator.py took 0.255 seconds
[2023-09-05T08:52:40.143+0000] {processor.py:157} INFO - Started process (PID=942) to work on /home/airflow/.local/lib/python3.7/site-packages/airflow/example_dags/example_branch_day_of_week_operator.py
[2023-09-05T08:52:40.144+0000] {processor.py:826} INFO - Processing file /home/airflow/.local/lib/python3.7/site-packages/airflow/example_dags/example_branch_day_of_week_operator.py for tasks to queue
[2023-09-05T08:52:40.145+0000] {logging_mixin.py:150} INFO - [2023-09-05T08:52:40.145+0000] {dagbag.py:541} INFO - Filling up the DagBag from /home/airflow/.local/lib/python3.7/site-packages/airflow/example_dags/example_branch_day_of_week_operator.py
[2023-09-05T08:52:40.159+0000] {processor.py:836} INFO - DAG(s) dict_keys(['example_weekday_branch_operator']) retrieved from /home/airflow/.local/lib/python3.7/site-packages/airflow/example_dags/example_branch_day_of_week_operator.py
[2023-09-05T08:52:40.365+0000] {logging_mixin.py:150} INFO - [2023-09-05T08:52:40.364+0000] {dag.py:2742} INFO - Sync 1 DAGs
[2023-09-05T08:52:40.402+0000] {logging_mixin.py:150} INFO - [2023-09-05T08:52:40.401+0000] {dag.py:3508} INFO - Setting next_dagrun for example_weekday_branch_operator to 2023-09-04T00:00:00+00:00, run_after=2023-09-05T00:00:00+00:00
[2023-09-05T08:52:40.425+0000] {processor.py:179} INFO - Processing /home/airflow/.local/lib/python3.7/site-packages/airflow/example_dags/example_branch_day_of_week_operator.py took 0.289 seconds
[2023-09-05T08:53:10.810+0000] {processor.py:157} INFO - Started process (PID=1198) to work on /home/airflow/.local/lib/python3.7/site-packages/airflow/example_dags/example_branch_day_of_week_operator.py
[2023-09-05T08:53:10.812+0000] {processor.py:826} INFO - Processing file /home/airflow/.local/lib/python3.7/site-packages/airflow/example_dags/example_branch_day_of_week_operator.py for tasks to queue
[2023-09-05T08:53:10.813+0000] {logging_mixin.py:150} INFO - [2023-09-05T08:53:10.812+0000] {dagbag.py:541} INFO - Filling up the DagBag from /home/airflow/.local/lib/python3.7/site-packages/airflow/example_dags/example_branch_day_of_week_operator.py
[2023-09-05T08:53:10.827+0000] {processor.py:836} INFO - DAG(s) dict_keys(['example_weekday_branch_operator']) retrieved from /home/airflow/.local/lib/python3.7/site-packages/airflow/example_dags/example_branch_day_of_week_operator.py
[2023-09-05T08:53:10.868+0000] {logging_mixin.py:150} INFO - [2023-09-05T08:53:10.868+0000] {dag.py:2742} INFO - Sync 1 DAGs
[2023-09-05T08:53:10.920+0000] {logging_mixin.py:150} INFO - [2023-09-05T08:53:10.920+0000] {dag.py:3508} INFO - Setting next_dagrun for example_weekday_branch_operator to 2023-09-04T00:00:00+00:00, run_after=2023-09-05T00:00:00+00:00
[2023-09-05T08:53:10.957+0000] {processor.py:179} INFO - Processing /home/airflow/.local/lib/python3.7/site-packages/airflow/example_dags/example_branch_day_of_week_operator.py took 0.153 seconds
[2023-09-05T08:53:41.001+0000] {processor.py:157} INFO - Started process (PID=1443) to work on /home/airflow/.local/lib/python3.7/site-packages/airflow/example_dags/example_branch_day_of_week_operator.py
[2023-09-05T08:53:41.002+0000] {processor.py:826} INFO - Processing file /home/airflow/.local/lib/python3.7/site-packages/airflow/example_dags/example_branch_day_of_week_operator.py for tasks to queue
[2023-09-05T08:53:41.003+0000] {logging_mixin.py:150} INFO - [2023-09-05T08:53:41.003+0000] {dagbag.py:541} INFO - Filling up the DagBag from /home/airflow/.local/lib/python3.7/site-packages/airflow/example_dags/example_branch_day_of_week_operator.py
[2023-09-05T08:53:41.016+0000] {processor.py:836} INFO - DAG(s) dict_keys(['example_weekday_branch_operator']) retrieved from /home/airflow/.local/lib/python3.7/site-packages/airflow/example_dags/example_branch_day_of_week_operator.py
[2023-09-05T08:53:41.069+0000] {logging_mixin.py:150} INFO - [2023-09-05T08:53:41.069+0000] {dag.py:2742} INFO - Sync 1 DAGs
[2023-09-05T08:53:41.123+0000] {logging_mixin.py:150} INFO - [2023-09-05T08:53:41.123+0000] {dag.py:3508} INFO - Setting next_dagrun for example_weekday_branch_operator to 2023-09-04T00:00:00+00:00, run_after=2023-09-05T00:00:00+00:00
[2023-09-05T08:53:41.158+0000] {processor.py:179} INFO - Processing /home/airflow/.local/lib/python3.7/site-packages/airflow/example_dags/example_branch_day_of_week_operator.py took 0.162 seconds
