[2023-09-05T08:48:10.460+0000] {processor.py:157} INFO - Started process (PID=273) to work on /home/airflow/.local/lib/python3.7/site-packages/airflow/example_dags/example_nested_branch_dag.py
[2023-09-05T08:48:10.462+0000] {processor.py:826} INFO - Processing file /home/airflow/.local/lib/python3.7/site-packages/airflow/example_dags/example_nested_branch_dag.py for tasks to queue
[2023-09-05T08:48:10.464+0000] {logging_mixin.py:150} INFO - [2023-09-05T08:48:10.464+0000] {dagbag.py:541} INFO - Filling up the DagBag from /home/airflow/.local/lib/python3.7/site-packages/airflow/example_dags/example_nested_branch_dag.py
[2023-09-05T08:48:10.489+0000] {processor.py:836} INFO - DAG(s) dict_keys(['example_nested_branch_dag']) retrieved from /home/airflow/.local/lib/python3.7/site-packages/airflow/example_dags/example_nested_branch_dag.py
[2023-09-05T08:48:10.731+0000] {logging_mixin.py:150} INFO - [2023-09-05T08:48:10.731+0000] {manager.py:504} INFO - Created Permission View: can delete on DAG:example_nested_branch_dag
[2023-09-05T08:48:10.749+0000] {logging_mixin.py:150} INFO - [2023-09-05T08:48:10.749+0000] {manager.py:504} INFO - Created Permission View: can read on DAG:example_nested_branch_dag
[2023-09-05T08:48:10.763+0000] {logging_mixin.py:150} INFO - [2023-09-05T08:48:10.763+0000] {manager.py:504} INFO - Created Permission View: can edit on DAG:example_nested_branch_dag
[2023-09-05T08:48:10.792+0000] {logging_mixin.py:150} INFO - [2023-09-05T08:48:10.792+0000] {dag.py:2742} INFO - Sync 1 DAGs
[2023-09-05T08:48:10.816+0000] {logging_mixin.py:150} INFO - [2023-09-05T08:48:10.816+0000] {dag.py:2763} INFO - Creating ORM DAG for example_nested_branch_dag
[2023-09-05T08:48:10.839+0000] {logging_mixin.py:150} INFO - [2023-09-05T08:48:10.838+0000] {dag.py:3508} INFO - Setting next_dagrun for example_nested_branch_dag to 2023-09-04T00:00:00+00:00, run_after=2023-09-05T00:00:00+00:00
[2023-09-05T08:48:10.870+0000] {processor.py:179} INFO - Processing /home/airflow/.local/lib/python3.7/site-packages/airflow/example_dags/example_nested_branch_dag.py took 0.423 seconds
[2023-09-05T08:48:41.347+0000] {processor.py:157} INFO - Started process (PID=520) to work on /home/airflow/.local/lib/python3.7/site-packages/airflow/example_dags/example_nested_branch_dag.py
[2023-09-05T08:48:41.349+0000] {processor.py:826} INFO - Processing file /home/airflow/.local/lib/python3.7/site-packages/airflow/example_dags/example_nested_branch_dag.py for tasks to queue
[2023-09-05T08:48:41.350+0000] {logging_mixin.py:150} INFO - [2023-09-05T08:48:41.349+0000] {dagbag.py:541} INFO - Filling up the DagBag from /home/airflow/.local/lib/python3.7/site-packages/airflow/example_dags/example_nested_branch_dag.py
[2023-09-05T08:48:41.368+0000] {processor.py:836} INFO - DAG(s) dict_keys(['example_nested_branch_dag']) retrieved from /home/airflow/.local/lib/python3.7/site-packages/airflow/example_dags/example_nested_branch_dag.py
[2023-09-05T08:48:41.427+0000] {logging_mixin.py:150} INFO - [2023-09-05T08:48:41.427+0000] {dag.py:2742} INFO - Sync 1 DAGs
[2023-09-05T08:48:41.480+0000] {logging_mixin.py:150} INFO - [2023-09-05T08:48:41.480+0000] {dag.py:3508} INFO - Setting next_dagrun for example_nested_branch_dag to 2023-09-04T00:00:00+00:00, run_after=2023-09-05T00:00:00+00:00
[2023-09-05T08:48:41.517+0000] {processor.py:179} INFO - Processing /home/airflow/.local/lib/python3.7/site-packages/airflow/example_dags/example_nested_branch_dag.py took 0.176 seconds
[2023-09-05T08:49:11.688+0000] {processor.py:157} INFO - Started process (PID=765) to work on /home/airflow/.local/lib/python3.7/site-packages/airflow/example_dags/example_nested_branch_dag.py
[2023-09-05T08:49:11.689+0000] {processor.py:826} INFO - Processing file /home/airflow/.local/lib/python3.7/site-packages/airflow/example_dags/example_nested_branch_dag.py for tasks to queue
[2023-09-05T08:49:11.690+0000] {logging_mixin.py:150} INFO - [2023-09-05T08:49:11.689+0000] {dagbag.py:541} INFO - Filling up the DagBag from /home/airflow/.local/lib/python3.7/site-packages/airflow/example_dags/example_nested_branch_dag.py
[2023-09-05T08:49:11.703+0000] {processor.py:836} INFO - DAG(s) dict_keys(['example_nested_branch_dag']) retrieved from /home/airflow/.local/lib/python3.7/site-packages/airflow/example_dags/example_nested_branch_dag.py
[2023-09-05T08:49:11.759+0000] {logging_mixin.py:150} INFO - [2023-09-05T08:49:11.759+0000] {dag.py:2742} INFO - Sync 1 DAGs
[2023-09-05T08:49:11.809+0000] {logging_mixin.py:150} INFO - [2023-09-05T08:49:11.809+0000] {dag.py:3508} INFO - Setting next_dagrun for example_nested_branch_dag to 2023-09-04T00:00:00+00:00, run_after=2023-09-05T00:00:00+00:00
[2023-09-05T08:49:11.842+0000] {processor.py:179} INFO - Processing /home/airflow/.local/lib/python3.7/site-packages/airflow/example_dags/example_nested_branch_dag.py took 0.158 seconds
[2023-09-05T08:49:42.254+0000] {processor.py:157} INFO - Started process (PID=1008) to work on /home/airflow/.local/lib/python3.7/site-packages/airflow/example_dags/example_nested_branch_dag.py
[2023-09-05T08:49:42.255+0000] {processor.py:826} INFO - Processing file /home/airflow/.local/lib/python3.7/site-packages/airflow/example_dags/example_nested_branch_dag.py for tasks to queue
[2023-09-05T08:49:42.257+0000] {logging_mixin.py:150} INFO - [2023-09-05T08:49:42.256+0000] {dagbag.py:541} INFO - Filling up the DagBag from /home/airflow/.local/lib/python3.7/site-packages/airflow/example_dags/example_nested_branch_dag.py
[2023-09-05T08:49:42.271+0000] {processor.py:836} INFO - DAG(s) dict_keys(['example_nested_branch_dag']) retrieved from /home/airflow/.local/lib/python3.7/site-packages/airflow/example_dags/example_nested_branch_dag.py
[2023-09-05T08:49:42.307+0000] {logging_mixin.py:150} INFO - [2023-09-05T08:49:42.307+0000] {dag.py:2742} INFO - Sync 1 DAGs
[2023-09-05T08:49:42.349+0000] {logging_mixin.py:150} INFO - [2023-09-05T08:49:42.349+0000] {dag.py:3508} INFO - Setting next_dagrun for example_nested_branch_dag to 2023-09-04T00:00:00+00:00, run_after=2023-09-05T00:00:00+00:00
[2023-09-05T08:49:42.378+0000] {processor.py:179} INFO - Processing /home/airflow/.local/lib/python3.7/site-packages/airflow/example_dags/example_nested_branch_dag.py took 0.130 seconds
[2023-09-05T08:50:12.471+0000] {processor.py:157} INFO - Started process (PID=1253) to work on /home/airflow/.local/lib/python3.7/site-packages/airflow/example_dags/example_nested_branch_dag.py
[2023-09-05T08:50:12.473+0000] {processor.py:826} INFO - Processing file /home/airflow/.local/lib/python3.7/site-packages/airflow/example_dags/example_nested_branch_dag.py for tasks to queue
[2023-09-05T08:50:12.474+0000] {logging_mixin.py:150} INFO - [2023-09-05T08:50:12.474+0000] {dagbag.py:541} INFO - Filling up the DagBag from /home/airflow/.local/lib/python3.7/site-packages/airflow/example_dags/example_nested_branch_dag.py
[2023-09-05T08:50:12.491+0000] {processor.py:836} INFO - DAG(s) dict_keys(['example_nested_branch_dag']) retrieved from /home/airflow/.local/lib/python3.7/site-packages/airflow/example_dags/example_nested_branch_dag.py
[2023-09-05T08:50:12.539+0000] {logging_mixin.py:150} INFO - [2023-09-05T08:50:12.539+0000] {dag.py:2742} INFO - Sync 1 DAGs
[2023-09-05T08:50:12.588+0000] {logging_mixin.py:150} INFO - [2023-09-05T08:50:12.588+0000] {dag.py:3508} INFO - Setting next_dagrun for example_nested_branch_dag to 2023-09-04T00:00:00+00:00, run_after=2023-09-05T00:00:00+00:00
[2023-09-05T08:50:12.621+0000] {processor.py:179} INFO - Processing /home/airflow/.local/lib/python3.7/site-packages/airflow/example_dags/example_nested_branch_dag.py took 0.156 seconds
[2023-09-05T08:51:08.880+0000] {processor.py:157} INFO - Started process (PID=272) to work on /home/airflow/.local/lib/python3.7/site-packages/airflow/example_dags/example_nested_branch_dag.py
[2023-09-05T08:51:08.883+0000] {processor.py:826} INFO - Processing file /home/airflow/.local/lib/python3.7/site-packages/airflow/example_dags/example_nested_branch_dag.py for tasks to queue
[2023-09-05T08:51:08.885+0000] {logging_mixin.py:150} INFO - [2023-09-05T08:51:08.884+0000] {dagbag.py:541} INFO - Filling up the DagBag from /home/airflow/.local/lib/python3.7/site-packages/airflow/example_dags/example_nested_branch_dag.py
[2023-09-05T08:51:08.904+0000] {processor.py:836} INFO - DAG(s) dict_keys(['example_nested_branch_dag']) retrieved from /home/airflow/.local/lib/python3.7/site-packages/airflow/example_dags/example_nested_branch_dag.py
[2023-09-05T08:51:08.954+0000] {logging_mixin.py:150} INFO - [2023-09-05T08:51:08.954+0000] {dag.py:2742} INFO - Sync 1 DAGs
[2023-09-05T08:51:09.009+0000] {logging_mixin.py:150} INFO - [2023-09-05T08:51:09.009+0000] {dag.py:3508} INFO - Setting next_dagrun for example_nested_branch_dag to 2023-09-04T00:00:00+00:00, run_after=2023-09-05T00:00:00+00:00
[2023-09-05T08:51:09.040+0000] {processor.py:179} INFO - Processing /home/airflow/.local/lib/python3.7/site-packages/airflow/example_dags/example_nested_branch_dag.py took 0.171 seconds
[2023-09-05T08:51:39.614+0000] {processor.py:157} INFO - Started process (PID=517) to work on /home/airflow/.local/lib/python3.7/site-packages/airflow/example_dags/example_nested_branch_dag.py
[2023-09-05T08:51:39.615+0000] {processor.py:826} INFO - Processing file /home/airflow/.local/lib/python3.7/site-packages/airflow/example_dags/example_nested_branch_dag.py for tasks to queue
[2023-09-05T08:51:39.616+0000] {logging_mixin.py:150} INFO - [2023-09-05T08:51:39.616+0000] {dagbag.py:541} INFO - Filling up the DagBag from /home/airflow/.local/lib/python3.7/site-packages/airflow/example_dags/example_nested_branch_dag.py
[2023-09-05T08:51:39.635+0000] {processor.py:836} INFO - DAG(s) dict_keys(['example_nested_branch_dag']) retrieved from /home/airflow/.local/lib/python3.7/site-packages/airflow/example_dags/example_nested_branch_dag.py
[2023-09-05T08:51:39.684+0000] {logging_mixin.py:150} INFO - [2023-09-05T08:51:39.684+0000] {dag.py:2742} INFO - Sync 1 DAGs
[2023-09-05T08:51:39.748+0000] {logging_mixin.py:150} INFO - [2023-09-05T08:51:39.748+0000] {dag.py:3508} INFO - Setting next_dagrun for example_nested_branch_dag to 2023-09-04T00:00:00+00:00, run_after=2023-09-05T00:00:00+00:00
[2023-09-05T08:51:39.784+0000] {processor.py:179} INFO - Processing /home/airflow/.local/lib/python3.7/site-packages/airflow/example_dags/example_nested_branch_dag.py took 0.176 seconds
[2023-09-05T08:52:11.928+0000] {processor.py:157} INFO - Started process (PID=762) to work on /home/airflow/.local/lib/python3.7/site-packages/airflow/example_dags/example_nested_branch_dag.py
[2023-09-05T08:52:11.929+0000] {processor.py:826} INFO - Processing file /home/airflow/.local/lib/python3.7/site-packages/airflow/example_dags/example_nested_branch_dag.py for tasks to queue
[2023-09-05T08:52:11.930+0000] {logging_mixin.py:150} INFO - [2023-09-05T08:52:11.930+0000] {dagbag.py:541} INFO - Filling up the DagBag from /home/airflow/.local/lib/python3.7/site-packages/airflow/example_dags/example_nested_branch_dag.py
[2023-09-05T08:52:11.944+0000] {processor.py:836} INFO - DAG(s) dict_keys(['example_nested_branch_dag']) retrieved from /home/airflow/.local/lib/python3.7/site-packages/airflow/example_dags/example_nested_branch_dag.py
[2023-09-05T08:52:11.989+0000] {logging_mixin.py:150} INFO - [2023-09-05T08:52:11.989+0000] {dag.py:2742} INFO - Sync 1 DAGs
[2023-09-05T08:52:12.027+0000] {logging_mixin.py:150} INFO - [2023-09-05T08:52:12.027+0000] {dag.py:3508} INFO - Setting next_dagrun for example_nested_branch_dag to 2023-09-04T00:00:00+00:00, run_after=2023-09-05T00:00:00+00:00
[2023-09-05T08:52:12.188+0000] {processor.py:179} INFO - Processing /home/airflow/.local/lib/python3.7/site-packages/airflow/example_dags/example_nested_branch_dag.py took 0.265 seconds
[2023-09-05T08:52:42.381+0000] {processor.py:157} INFO - Started process (PID=1007) to work on /home/airflow/.local/lib/python3.7/site-packages/airflow/example_dags/example_nested_branch_dag.py
[2023-09-05T08:52:42.382+0000] {processor.py:826} INFO - Processing file /home/airflow/.local/lib/python3.7/site-packages/airflow/example_dags/example_nested_branch_dag.py for tasks to queue
[2023-09-05T08:52:42.383+0000] {logging_mixin.py:150} INFO - [2023-09-05T08:52:42.383+0000] {dagbag.py:541} INFO - Filling up the DagBag from /home/airflow/.local/lib/python3.7/site-packages/airflow/example_dags/example_nested_branch_dag.py
[2023-09-05T08:52:42.396+0000] {processor.py:836} INFO - DAG(s) dict_keys(['example_nested_branch_dag']) retrieved from /home/airflow/.local/lib/python3.7/site-packages/airflow/example_dags/example_nested_branch_dag.py
[2023-09-05T08:52:42.433+0000] {logging_mixin.py:150} INFO - [2023-09-05T08:52:42.432+0000] {dag.py:2742} INFO - Sync 1 DAGs
[2023-09-05T08:52:42.473+0000] {logging_mixin.py:150} INFO - [2023-09-05T08:52:42.473+0000] {dag.py:3508} INFO - Setting next_dagrun for example_nested_branch_dag to 2023-09-04T00:00:00+00:00, run_after=2023-09-05T00:00:00+00:00
[2023-09-05T08:52:42.501+0000] {processor.py:179} INFO - Processing /home/airflow/.local/lib/python3.7/site-packages/airflow/example_dags/example_nested_branch_dag.py took 0.124 seconds
[2023-09-05T08:53:13.138+0000] {processor.py:157} INFO - Started process (PID=1263) to work on /home/airflow/.local/lib/python3.7/site-packages/airflow/example_dags/example_nested_branch_dag.py
[2023-09-05T08:53:13.140+0000] {processor.py:826} INFO - Processing file /home/airflow/.local/lib/python3.7/site-packages/airflow/example_dags/example_nested_branch_dag.py for tasks to queue
[2023-09-05T08:53:13.141+0000] {logging_mixin.py:150} INFO - [2023-09-05T08:53:13.141+0000] {dagbag.py:541} INFO - Filling up the DagBag from /home/airflow/.local/lib/python3.7/site-packages/airflow/example_dags/example_nested_branch_dag.py
[2023-09-05T08:53:13.159+0000] {processor.py:836} INFO - DAG(s) dict_keys(['example_nested_branch_dag']) retrieved from /home/airflow/.local/lib/python3.7/site-packages/airflow/example_dags/example_nested_branch_dag.py
[2023-09-05T08:53:13.211+0000] {logging_mixin.py:150} INFO - [2023-09-05T08:53:13.211+0000] {dag.py:2742} INFO - Sync 1 DAGs
[2023-09-05T08:53:13.250+0000] {logging_mixin.py:150} INFO - [2023-09-05T08:53:13.250+0000] {dag.py:3508} INFO - Setting next_dagrun for example_nested_branch_dag to 2023-09-04T00:00:00+00:00, run_after=2023-09-05T00:00:00+00:00
[2023-09-05T08:53:13.278+0000] {processor.py:179} INFO - Processing /home/airflow/.local/lib/python3.7/site-packages/airflow/example_dags/example_nested_branch_dag.py took 0.146 seconds
[2023-09-05T08:53:43.363+0000] {processor.py:157} INFO - Started process (PID=1508) to work on /home/airflow/.local/lib/python3.7/site-packages/airflow/example_dags/example_nested_branch_dag.py
[2023-09-05T08:53:43.364+0000] {processor.py:826} INFO - Processing file /home/airflow/.local/lib/python3.7/site-packages/airflow/example_dags/example_nested_branch_dag.py for tasks to queue
[2023-09-05T08:53:43.365+0000] {logging_mixin.py:150} INFO - [2023-09-05T08:53:43.365+0000] {dagbag.py:541} INFO - Filling up the DagBag from /home/airflow/.local/lib/python3.7/site-packages/airflow/example_dags/example_nested_branch_dag.py
[2023-09-05T08:53:43.385+0000] {processor.py:836} INFO - DAG(s) dict_keys(['example_nested_branch_dag']) retrieved from /home/airflow/.local/lib/python3.7/site-packages/airflow/example_dags/example_nested_branch_dag.py
[2023-09-05T08:53:43.433+0000] {logging_mixin.py:150} INFO - [2023-09-05T08:53:43.433+0000] {dag.py:2742} INFO - Sync 1 DAGs
[2023-09-05T08:53:43.482+0000] {logging_mixin.py:150} INFO - [2023-09-05T08:53:43.482+0000] {dag.py:3508} INFO - Setting next_dagrun for example_nested_branch_dag to 2023-09-04T00:00:00+00:00, run_after=2023-09-05T00:00:00+00:00
[2023-09-05T08:53:43.514+0000] {processor.py:179} INFO - Processing /home/airflow/.local/lib/python3.7/site-packages/airflow/example_dags/example_nested_branch_dag.py took 0.160 seconds
