[2023-09-05T08:48:13.688+0000] {processor.py:157} INFO - Started process (PID=328) to work on /home/airflow/.local/lib/python3.7/site-packages/airflow/example_dags/example_kubernetes_executor.py
[2023-09-05T08:48:13.690+0000] {processor.py:826} INFO - Processing file /home/airflow/.local/lib/python3.7/site-packages/airflow/example_dags/example_kubernetes_executor.py for tasks to queue
[2023-09-05T08:48:13.691+0000] {logging_mixin.py:150} INFO - [2023-09-05T08:48:13.691+0000] {dagbag.py:541} INFO - Filling up the DagBag from /home/airflow/.local/lib/python3.7/site-packages/airflow/example_dags/example_kubernetes_executor.py
[2023-09-05T08:48:14.109+0000] {processor.py:836} INFO - DAG(s) dict_keys(['example_kubernetes_executor']) retrieved from /home/airflow/.local/lib/python3.7/site-packages/airflow/example_dags/example_kubernetes_executor.py
[2023-09-05T08:48:14.348+0000] {logging_mixin.py:150} INFO - [2023-09-05T08:48:14.348+0000] {manager.py:504} INFO - Created Permission View: can delete on DAG:example_kubernetes_executor
[2023-09-05T08:48:14.370+0000] {logging_mixin.py:150} INFO - [2023-09-05T08:48:14.370+0000] {manager.py:504} INFO - Created Permission View: can read on DAG:example_kubernetes_executor
[2023-09-05T08:48:14.384+0000] {logging_mixin.py:150} INFO - [2023-09-05T08:48:14.384+0000] {manager.py:504} INFO - Created Permission View: can edit on DAG:example_kubernetes_executor
[2023-09-05T08:48:14.409+0000] {logging_mixin.py:150} INFO - [2023-09-05T08:48:14.409+0000] {dag.py:2742} INFO - Sync 1 DAGs
[2023-09-05T08:48:14.447+0000] {logging_mixin.py:150} INFO - [2023-09-05T08:48:14.447+0000] {dag.py:2763} INFO - Creating ORM DAG for example_kubernetes_executor
[2023-09-05T08:48:14.467+0000] {logging_mixin.py:150} INFO - [2023-09-05T08:48:14.467+0000] {dag.py:3508} INFO - Setting next_dagrun for example_kubernetes_executor to None, run_after=None
[2023-09-05T08:48:14.506+0000] {processor.py:179} INFO - Processing /home/airflow/.local/lib/python3.7/site-packages/airflow/example_dags/example_kubernetes_executor.py took 0.824 seconds
[2023-09-05T08:48:45.028+0000] {processor.py:157} INFO - Started process (PID=573) to work on /home/airflow/.local/lib/python3.7/site-packages/airflow/example_dags/example_kubernetes_executor.py
[2023-09-05T08:48:45.029+0000] {processor.py:826} INFO - Processing file /home/airflow/.local/lib/python3.7/site-packages/airflow/example_dags/example_kubernetes_executor.py for tasks to queue
[2023-09-05T08:48:45.030+0000] {logging_mixin.py:150} INFO - [2023-09-05T08:48:45.030+0000] {dagbag.py:541} INFO - Filling up the DagBag from /home/airflow/.local/lib/python3.7/site-packages/airflow/example_dags/example_kubernetes_executor.py
[2023-09-05T08:48:45.326+0000] {processor.py:836} INFO - DAG(s) dict_keys(['example_kubernetes_executor']) retrieved from /home/airflow/.local/lib/python3.7/site-packages/airflow/example_dags/example_kubernetes_executor.py
[2023-09-05T08:48:45.394+0000] {logging_mixin.py:150} INFO - [2023-09-05T08:48:45.394+0000] {dag.py:2742} INFO - Sync 1 DAGs
[2023-09-05T08:48:45.440+0000] {logging_mixin.py:150} INFO - [2023-09-05T08:48:45.440+0000] {dag.py:3508} INFO - Setting next_dagrun for example_kubernetes_executor to None, run_after=None
[2023-09-05T08:48:45.476+0000] {processor.py:179} INFO - Processing /home/airflow/.local/lib/python3.7/site-packages/airflow/example_dags/example_kubernetes_executor.py took 0.453 seconds
[2023-09-05T08:49:15.859+0000] {processor.py:157} INFO - Started process (PID=818) to work on /home/airflow/.local/lib/python3.7/site-packages/airflow/example_dags/example_kubernetes_executor.py
[2023-09-05T08:49:15.860+0000] {processor.py:826} INFO - Processing file /home/airflow/.local/lib/python3.7/site-packages/airflow/example_dags/example_kubernetes_executor.py for tasks to queue
[2023-09-05T08:49:15.861+0000] {logging_mixin.py:150} INFO - [2023-09-05T08:49:15.861+0000] {dagbag.py:541} INFO - Filling up the DagBag from /home/airflow/.local/lib/python3.7/site-packages/airflow/example_dags/example_kubernetes_executor.py
[2023-09-05T08:49:16.218+0000] {processor.py:836} INFO - DAG(s) dict_keys(['example_kubernetes_executor']) retrieved from /home/airflow/.local/lib/python3.7/site-packages/airflow/example_dags/example_kubernetes_executor.py
[2023-09-05T08:49:16.279+0000] {logging_mixin.py:150} INFO - [2023-09-05T08:49:16.279+0000] {dag.py:2742} INFO - Sync 1 DAGs
[2023-09-05T08:49:16.318+0000] {logging_mixin.py:150} INFO - [2023-09-05T08:49:16.318+0000] {dag.py:3508} INFO - Setting next_dagrun for example_kubernetes_executor to None, run_after=None
[2023-09-05T08:49:16.347+0000] {processor.py:179} INFO - Processing /home/airflow/.local/lib/python3.7/site-packages/airflow/example_dags/example_kubernetes_executor.py took 0.494 seconds
[2023-09-05T08:49:46.550+0000] {processor.py:157} INFO - Started process (PID=1063) to work on /home/airflow/.local/lib/python3.7/site-packages/airflow/example_dags/example_kubernetes_executor.py
[2023-09-05T08:49:46.552+0000] {processor.py:826} INFO - Processing file /home/airflow/.local/lib/python3.7/site-packages/airflow/example_dags/example_kubernetes_executor.py for tasks to queue
[2023-09-05T08:49:46.553+0000] {logging_mixin.py:150} INFO - [2023-09-05T08:49:46.553+0000] {dagbag.py:541} INFO - Filling up the DagBag from /home/airflow/.local/lib/python3.7/site-packages/airflow/example_dags/example_kubernetes_executor.py
[2023-09-05T08:49:46.906+0000] {processor.py:836} INFO - DAG(s) dict_keys(['example_kubernetes_executor']) retrieved from /home/airflow/.local/lib/python3.7/site-packages/airflow/example_dags/example_kubernetes_executor.py
[2023-09-05T08:49:46.961+0000] {logging_mixin.py:150} INFO - [2023-09-05T08:49:46.960+0000] {dag.py:2742} INFO - Sync 1 DAGs
[2023-09-05T08:49:47.003+0000] {logging_mixin.py:150} INFO - [2023-09-05T08:49:47.002+0000] {dag.py:3508} INFO - Setting next_dagrun for example_kubernetes_executor to None, run_after=None
[2023-09-05T08:49:47.037+0000] {processor.py:179} INFO - Processing /home/airflow/.local/lib/python3.7/site-packages/airflow/example_dags/example_kubernetes_executor.py took 0.493 seconds
[2023-09-05T08:50:17.875+0000] {processor.py:157} INFO - Started process (PID=1308) to work on /home/airflow/.local/lib/python3.7/site-packages/airflow/example_dags/example_kubernetes_executor.py
[2023-09-05T08:50:17.877+0000] {processor.py:826} INFO - Processing file /home/airflow/.local/lib/python3.7/site-packages/airflow/example_dags/example_kubernetes_executor.py for tasks to queue
[2023-09-05T08:50:17.878+0000] {logging_mixin.py:150} INFO - [2023-09-05T08:50:17.878+0000] {dagbag.py:541} INFO - Filling up the DagBag from /home/airflow/.local/lib/python3.7/site-packages/airflow/example_dags/example_kubernetes_executor.py
[2023-09-05T08:50:18.227+0000] {processor.py:836} INFO - DAG(s) dict_keys(['example_kubernetes_executor']) retrieved from /home/airflow/.local/lib/python3.7/site-packages/airflow/example_dags/example_kubernetes_executor.py
[2023-09-05T08:50:18.296+0000] {logging_mixin.py:150} INFO - [2023-09-05T08:50:18.296+0000] {dag.py:2742} INFO - Sync 1 DAGs
[2023-09-05T08:50:18.343+0000] {logging_mixin.py:150} INFO - [2023-09-05T08:50:18.343+0000] {dag.py:3508} INFO - Setting next_dagrun for example_kubernetes_executor to None, run_after=None
[2023-09-05T08:50:18.374+0000] {processor.py:179} INFO - Processing /home/airflow/.local/lib/python3.7/site-packages/airflow/example_dags/example_kubernetes_executor.py took 0.504 seconds
[2023-09-05T08:51:10.425+0000] {processor.py:157} INFO - Started process (PID=327) to work on /home/airflow/.local/lib/python3.7/site-packages/airflow/example_dags/example_kubernetes_executor.py
[2023-09-05T08:51:10.426+0000] {processor.py:826} INFO - Processing file /home/airflow/.local/lib/python3.7/site-packages/airflow/example_dags/example_kubernetes_executor.py for tasks to queue
[2023-09-05T08:51:10.427+0000] {logging_mixin.py:150} INFO - [2023-09-05T08:51:10.427+0000] {dagbag.py:541} INFO - Filling up the DagBag from /home/airflow/.local/lib/python3.7/site-packages/airflow/example_dags/example_kubernetes_executor.py
[2023-09-05T08:51:10.883+0000] {processor.py:836} INFO - DAG(s) dict_keys(['example_kubernetes_executor']) retrieved from /home/airflow/.local/lib/python3.7/site-packages/airflow/example_dags/example_kubernetes_executor.py
[2023-09-05T08:51:10.943+0000] {logging_mixin.py:150} INFO - [2023-09-05T08:51:10.943+0000] {dag.py:2742} INFO - Sync 1 DAGs
[2023-09-05T08:51:10.984+0000] {logging_mixin.py:150} INFO - [2023-09-05T08:51:10.984+0000] {dag.py:3508} INFO - Setting next_dagrun for example_kubernetes_executor to None, run_after=None
[2023-09-05T08:51:11.042+0000] {processor.py:179} INFO - Processing /home/airflow/.local/lib/python3.7/site-packages/airflow/example_dags/example_kubernetes_executor.py took 0.622 seconds
[2023-09-05T08:51:41.115+0000] {processor.py:157} INFO - Started process (PID=572) to work on /home/airflow/.local/lib/python3.7/site-packages/airflow/example_dags/example_kubernetes_executor.py
[2023-09-05T08:51:41.117+0000] {processor.py:826} INFO - Processing file /home/airflow/.local/lib/python3.7/site-packages/airflow/example_dags/example_kubernetes_executor.py for tasks to queue
[2023-09-05T08:51:41.120+0000] {logging_mixin.py:150} INFO - [2023-09-05T08:51:41.119+0000] {dagbag.py:541} INFO - Filling up the DagBag from /home/airflow/.local/lib/python3.7/site-packages/airflow/example_dags/example_kubernetes_executor.py
[2023-09-05T08:51:41.689+0000] {processor.py:836} INFO - DAG(s) dict_keys(['example_kubernetes_executor']) retrieved from /home/airflow/.local/lib/python3.7/site-packages/airflow/example_dags/example_kubernetes_executor.py
[2023-09-05T08:51:41.742+0000] {logging_mixin.py:150} INFO - [2023-09-05T08:51:41.742+0000] {dag.py:2742} INFO - Sync 1 DAGs
[2023-09-05T08:51:41.777+0000] {logging_mixin.py:150} INFO - [2023-09-05T08:51:41.777+0000] {dag.py:3508} INFO - Setting next_dagrun for example_kubernetes_executor to None, run_after=None
[2023-09-05T08:51:41.806+0000] {processor.py:179} INFO - Processing /home/airflow/.local/lib/python3.7/site-packages/airflow/example_dags/example_kubernetes_executor.py took 0.696 seconds
[2023-09-05T08:52:13.915+0000] {processor.py:157} INFO - Started process (PID=817) to work on /home/airflow/.local/lib/python3.7/site-packages/airflow/example_dags/example_kubernetes_executor.py
[2023-09-05T08:52:13.916+0000] {processor.py:826} INFO - Processing file /home/airflow/.local/lib/python3.7/site-packages/airflow/example_dags/example_kubernetes_executor.py for tasks to queue
[2023-09-05T08:52:13.917+0000] {logging_mixin.py:150} INFO - [2023-09-05T08:52:13.916+0000] {dagbag.py:541} INFO - Filling up the DagBag from /home/airflow/.local/lib/python3.7/site-packages/airflow/example_dags/example_kubernetes_executor.py
[2023-09-05T08:52:14.355+0000] {processor.py:836} INFO - DAG(s) dict_keys(['example_kubernetes_executor']) retrieved from /home/airflow/.local/lib/python3.7/site-packages/airflow/example_dags/example_kubernetes_executor.py
[2023-09-05T08:52:14.407+0000] {logging_mixin.py:150} INFO - [2023-09-05T08:52:14.407+0000] {dag.py:2742} INFO - Sync 1 DAGs
[2023-09-05T08:52:14.441+0000] {logging_mixin.py:150} INFO - [2023-09-05T08:52:14.440+0000] {dag.py:3508} INFO - Setting next_dagrun for example_kubernetes_executor to None, run_after=None
[2023-09-05T08:52:14.479+0000] {processor.py:179} INFO - Processing /home/airflow/.local/lib/python3.7/site-packages/airflow/example_dags/example_kubernetes_executor.py took 0.569 seconds
[2023-09-05T08:52:44.669+0000] {processor.py:157} INFO - Started process (PID=1062) to work on /home/airflow/.local/lib/python3.7/site-packages/airflow/example_dags/example_kubernetes_executor.py
[2023-09-05T08:52:44.670+0000] {processor.py:826} INFO - Processing file /home/airflow/.local/lib/python3.7/site-packages/airflow/example_dags/example_kubernetes_executor.py for tasks to queue
[2023-09-05T08:52:44.671+0000] {logging_mixin.py:150} INFO - [2023-09-05T08:52:44.670+0000] {dagbag.py:541} INFO - Filling up the DagBag from /home/airflow/.local/lib/python3.7/site-packages/airflow/example_dags/example_kubernetes_executor.py
[2023-09-05T08:52:44.979+0000] {processor.py:836} INFO - DAG(s) dict_keys(['example_kubernetes_executor']) retrieved from /home/airflow/.local/lib/python3.7/site-packages/airflow/example_dags/example_kubernetes_executor.py
[2023-09-05T08:52:45.052+0000] {logging_mixin.py:150} INFO - [2023-09-05T08:52:45.051+0000] {dag.py:2742} INFO - Sync 1 DAGs
[2023-09-05T08:52:45.102+0000] {logging_mixin.py:150} INFO - [2023-09-05T08:52:45.102+0000] {dag.py:3508} INFO - Setting next_dagrun for example_kubernetes_executor to None, run_after=None
[2023-09-05T08:52:45.136+0000] {processor.py:179} INFO - Processing /home/airflow/.local/lib/python3.7/site-packages/airflow/example_dags/example_kubernetes_executor.py took 0.471 seconds
[2023-09-05T08:53:15.704+0000] {processor.py:157} INFO - Started process (PID=1318) to work on /home/airflow/.local/lib/python3.7/site-packages/airflow/example_dags/example_kubernetes_executor.py
[2023-09-05T08:53:15.705+0000] {processor.py:826} INFO - Processing file /home/airflow/.local/lib/python3.7/site-packages/airflow/example_dags/example_kubernetes_executor.py for tasks to queue
[2023-09-05T08:53:15.706+0000] {logging_mixin.py:150} INFO - [2023-09-05T08:53:15.705+0000] {dagbag.py:541} INFO - Filling up the DagBag from /home/airflow/.local/lib/python3.7/site-packages/airflow/example_dags/example_kubernetes_executor.py
[2023-09-05T08:53:16.095+0000] {processor.py:836} INFO - DAG(s) dict_keys(['example_kubernetes_executor']) retrieved from /home/airflow/.local/lib/python3.7/site-packages/airflow/example_dags/example_kubernetes_executor.py
[2023-09-05T08:53:16.166+0000] {logging_mixin.py:150} INFO - [2023-09-05T08:53:16.165+0000] {dag.py:2742} INFO - Sync 1 DAGs
[2023-09-05T08:53:16.217+0000] {logging_mixin.py:150} INFO - [2023-09-05T08:53:16.217+0000] {dag.py:3508} INFO - Setting next_dagrun for example_kubernetes_executor to None, run_after=None
[2023-09-05T08:53:16.263+0000] {processor.py:179} INFO - Processing /home/airflow/.local/lib/python3.7/site-packages/airflow/example_dags/example_kubernetes_executor.py took 0.565 seconds
[2023-09-05T08:53:46.688+0000] {processor.py:157} INFO - Started process (PID=1563) to work on /home/airflow/.local/lib/python3.7/site-packages/airflow/example_dags/example_kubernetes_executor.py
[2023-09-05T08:53:46.689+0000] {processor.py:826} INFO - Processing file /home/airflow/.local/lib/python3.7/site-packages/airflow/example_dags/example_kubernetes_executor.py for tasks to queue
[2023-09-05T08:53:46.690+0000] {logging_mixin.py:150} INFO - [2023-09-05T08:53:46.690+0000] {dagbag.py:541} INFO - Filling up the DagBag from /home/airflow/.local/lib/python3.7/site-packages/airflow/example_dags/example_kubernetes_executor.py
[2023-09-05T08:53:47.063+0000] {processor.py:836} INFO - DAG(s) dict_keys(['example_kubernetes_executor']) retrieved from /home/airflow/.local/lib/python3.7/site-packages/airflow/example_dags/example_kubernetes_executor.py
[2023-09-05T08:53:47.117+0000] {logging_mixin.py:150} INFO - [2023-09-05T08:53:47.117+0000] {dag.py:2742} INFO - Sync 1 DAGs
[2023-09-05T08:53:47.152+0000] {logging_mixin.py:150} INFO - [2023-09-05T08:53:47.152+0000] {dag.py:3508} INFO - Setting next_dagrun for example_kubernetes_executor to None, run_after=None
[2023-09-05T08:53:47.182+0000] {processor.py:179} INFO - Processing /home/airflow/.local/lib/python3.7/site-packages/airflow/example_dags/example_kubernetes_executor.py took 0.500 seconds
