[2023-09-05T08:48:05.927+0000] {processor.py:157} INFO - Started process (PID=164) to work on /home/airflow/.local/lib/python3.7/site-packages/airflow/example_dags/example_xcomargs.py
[2023-09-05T08:48:05.929+0000] {processor.py:826} INFO - Processing file /home/airflow/.local/lib/python3.7/site-packages/airflow/example_dags/example_xcomargs.py for tasks to queue
[2023-09-05T08:48:05.930+0000] {logging_mixin.py:150} INFO - [2023-09-05T08:48:05.930+0000] {dagbag.py:541} INFO - Filling up the DagBag from /home/airflow/.local/lib/python3.7/site-packages/airflow/example_dags/example_xcomargs.py
[2023-09-05T08:48:06.115+0000] {processor.py:836} INFO - DAG(s) dict_keys(['example_xcom_args_with_operators', 'example_xcom_args']) retrieved from /home/airflow/.local/lib/python3.7/site-packages/airflow/example_dags/example_xcomargs.py
[2023-09-05T08:48:06.429+0000] {logging_mixin.py:150} INFO - [2023-09-05T08:48:06.429+0000] {manager.py:504} INFO - Created Permission View: can delete on DAG:example_xcom_args_with_operators
[2023-09-05T08:48:06.449+0000] {logging_mixin.py:150} INFO - [2023-09-05T08:48:06.449+0000] {manager.py:504} INFO - Created Permission View: can read on DAG:example_xcom_args_with_operators
[2023-09-05T08:48:06.463+0000] {logging_mixin.py:150} INFO - [2023-09-05T08:48:06.463+0000] {manager.py:504} INFO - Created Permission View: can edit on DAG:example_xcom_args_with_operators
[2023-09-05T08:48:06.520+0000] {logging_mixin.py:150} INFO - [2023-09-05T08:48:06.520+0000] {manager.py:504} INFO - Created Permission View: can delete on DAG:example_xcom_args
[2023-09-05T08:48:06.535+0000] {logging_mixin.py:150} INFO - [2023-09-05T08:48:06.535+0000] {manager.py:504} INFO - Created Permission View: can read on DAG:example_xcom_args
[2023-09-05T08:48:06.550+0000] {logging_mixin.py:150} INFO - [2023-09-05T08:48:06.550+0000] {manager.py:504} INFO - Created Permission View: can edit on DAG:example_xcom_args
[2023-09-05T08:48:06.561+0000] {logging_mixin.py:150} INFO - [2023-09-05T08:48:06.561+0000] {dag.py:2742} INFO - Sync 2 DAGs
[2023-09-05T08:48:06.585+0000] {logging_mixin.py:150} INFO - [2023-09-05T08:48:06.584+0000] {dag.py:2763} INFO - Creating ORM DAG for example_xcom_args_with_operators
[2023-09-05T08:48:06.585+0000] {logging_mixin.py:150} INFO - [2023-09-05T08:48:06.585+0000] {dag.py:2763} INFO - Creating ORM DAG for example_xcom_args
[2023-09-05T08:48:06.605+0000] {logging_mixin.py:150} INFO - [2023-09-05T08:48:06.604+0000] {dag.py:3508} INFO - Setting next_dagrun for example_xcom_args to None, run_after=None
[2023-09-05T08:48:06.606+0000] {logging_mixin.py:150} INFO - [2023-09-05T08:48:06.605+0000] {dag.py:3508} INFO - Setting next_dagrun for example_xcom_args_with_operators to None, run_after=None
[2023-09-05T08:48:06.641+0000] {processor.py:179} INFO - Processing /home/airflow/.local/lib/python3.7/site-packages/airflow/example_dags/example_xcomargs.py took 0.720 seconds
[2023-09-05T08:48:36.931+0000] {processor.py:157} INFO - Started process (PID=410) to work on /home/airflow/.local/lib/python3.7/site-packages/airflow/example_dags/example_xcomargs.py
[2023-09-05T08:48:36.933+0000] {processor.py:826} INFO - Processing file /home/airflow/.local/lib/python3.7/site-packages/airflow/example_dags/example_xcomargs.py for tasks to queue
[2023-09-05T08:48:36.934+0000] {logging_mixin.py:150} INFO - [2023-09-05T08:48:36.934+0000] {dagbag.py:541} INFO - Filling up the DagBag from /home/airflow/.local/lib/python3.7/site-packages/airflow/example_dags/example_xcomargs.py
[2023-09-05T08:48:36.947+0000] {processor.py:836} INFO - DAG(s) dict_keys(['example_xcom_args', 'example_xcom_args_with_operators']) retrieved from /home/airflow/.local/lib/python3.7/site-packages/airflow/example_dags/example_xcomargs.py
[2023-09-05T08:48:36.991+0000] {logging_mixin.py:150} INFO - [2023-09-05T08:48:36.991+0000] {dag.py:2742} INFO - Sync 2 DAGs
[2023-09-05T08:48:37.039+0000] {logging_mixin.py:150} INFO - [2023-09-05T08:48:37.039+0000] {dag.py:3508} INFO - Setting next_dagrun for example_xcom_args to None, run_after=None
[2023-09-05T08:48:37.044+0000] {logging_mixin.py:150} INFO - [2023-09-05T08:48:37.044+0000] {dag.py:3508} INFO - Setting next_dagrun for example_xcom_args_with_operators to None, run_after=None
[2023-09-05T08:48:37.086+0000] {processor.py:179} INFO - Processing /home/airflow/.local/lib/python3.7/site-packages/airflow/example_dags/example_xcomargs.py took 0.160 seconds
[2023-09-05T08:49:07.458+0000] {processor.py:157} INFO - Started process (PID=655) to work on /home/airflow/.local/lib/python3.7/site-packages/airflow/example_dags/example_xcomargs.py
[2023-09-05T08:49:07.461+0000] {processor.py:826} INFO - Processing file /home/airflow/.local/lib/python3.7/site-packages/airflow/example_dags/example_xcomargs.py for tasks to queue
[2023-09-05T08:49:07.464+0000] {logging_mixin.py:150} INFO - [2023-09-05T08:49:07.463+0000] {dagbag.py:541} INFO - Filling up the DagBag from /home/airflow/.local/lib/python3.7/site-packages/airflow/example_dags/example_xcomargs.py
[2023-09-05T08:49:07.486+0000] {processor.py:836} INFO - DAG(s) dict_keys(['example_xcom_args_with_operators', 'example_xcom_args']) retrieved from /home/airflow/.local/lib/python3.7/site-packages/airflow/example_dags/example_xcomargs.py
[2023-09-05T08:49:07.534+0000] {logging_mixin.py:150} INFO - [2023-09-05T08:49:07.534+0000] {dag.py:2742} INFO - Sync 2 DAGs
[2023-09-05T08:49:07.580+0000] {logging_mixin.py:150} INFO - [2023-09-05T08:49:07.580+0000] {dag.py:3508} INFO - Setting next_dagrun for example_xcom_args to None, run_after=None
[2023-09-05T08:49:07.586+0000] {logging_mixin.py:150} INFO - [2023-09-05T08:49:07.586+0000] {dag.py:3508} INFO - Setting next_dagrun for example_xcom_args_with_operators to None, run_after=None
[2023-09-05T08:49:07.618+0000] {processor.py:179} INFO - Processing /home/airflow/.local/lib/python3.7/site-packages/airflow/example_dags/example_xcomargs.py took 0.167 seconds
[2023-09-05T08:49:37.878+0000] {processor.py:157} INFO - Started process (PID=900) to work on /home/airflow/.local/lib/python3.7/site-packages/airflow/example_dags/example_xcomargs.py
[2023-09-05T08:49:37.906+0000] {processor.py:826} INFO - Processing file /home/airflow/.local/lib/python3.7/site-packages/airflow/example_dags/example_xcomargs.py for tasks to queue
[2023-09-05T08:49:37.907+0000] {logging_mixin.py:150} INFO - [2023-09-05T08:49:37.907+0000] {dagbag.py:541} INFO - Filling up the DagBag from /home/airflow/.local/lib/python3.7/site-packages/airflow/example_dags/example_xcomargs.py
[2023-09-05T08:49:37.923+0000] {processor.py:836} INFO - DAG(s) dict_keys(['example_xcom_args_with_operators', 'example_xcom_args']) retrieved from /home/airflow/.local/lib/python3.7/site-packages/airflow/example_dags/example_xcomargs.py
[2023-09-05T08:49:37.978+0000] {logging_mixin.py:150} INFO - [2023-09-05T08:49:37.978+0000] {dag.py:2742} INFO - Sync 2 DAGs
[2023-09-05T08:49:38.028+0000] {logging_mixin.py:150} INFO - [2023-09-05T08:49:38.028+0000] {dag.py:3508} INFO - Setting next_dagrun for example_xcom_args to None, run_after=None
[2023-09-05T08:49:38.034+0000] {logging_mixin.py:150} INFO - [2023-09-05T08:49:38.033+0000] {dag.py:3508} INFO - Setting next_dagrun for example_xcom_args_with_operators to None, run_after=None
[2023-09-05T08:49:38.075+0000] {processor.py:179} INFO - Processing /home/airflow/.local/lib/python3.7/site-packages/airflow/example_dags/example_xcomargs.py took 0.203 seconds
[2023-09-05T08:50:08.446+0000] {processor.py:157} INFO - Started process (PID=1145) to work on /home/airflow/.local/lib/python3.7/site-packages/airflow/example_dags/example_xcomargs.py
[2023-09-05T08:50:08.473+0000] {processor.py:826} INFO - Processing file /home/airflow/.local/lib/python3.7/site-packages/airflow/example_dags/example_xcomargs.py for tasks to queue
[2023-09-05T08:50:08.474+0000] {logging_mixin.py:150} INFO - [2023-09-05T08:50:08.474+0000] {dagbag.py:541} INFO - Filling up the DagBag from /home/airflow/.local/lib/python3.7/site-packages/airflow/example_dags/example_xcomargs.py
[2023-09-05T08:50:08.488+0000] {processor.py:836} INFO - DAG(s) dict_keys(['example_xcom_args', 'example_xcom_args_with_operators']) retrieved from /home/airflow/.local/lib/python3.7/site-packages/airflow/example_dags/example_xcomargs.py
[2023-09-05T08:50:08.547+0000] {logging_mixin.py:150} INFO - [2023-09-05T08:50:08.546+0000] {dag.py:2742} INFO - Sync 2 DAGs
[2023-09-05T08:50:08.603+0000] {logging_mixin.py:150} INFO - [2023-09-05T08:50:08.603+0000] {dag.py:3508} INFO - Setting next_dagrun for example_xcom_args to None, run_after=None
[2023-09-05T08:50:08.609+0000] {logging_mixin.py:150} INFO - [2023-09-05T08:50:08.609+0000] {dag.py:3508} INFO - Setting next_dagrun for example_xcom_args_with_operators to None, run_after=None
[2023-09-05T08:50:08.641+0000] {processor.py:179} INFO - Processing /home/airflow/.local/lib/python3.7/site-packages/airflow/example_dags/example_xcomargs.py took 0.201 seconds
[2023-09-05T08:51:06.824+0000] {processor.py:157} INFO - Started process (PID=164) to work on /home/airflow/.local/lib/python3.7/site-packages/airflow/example_dags/example_xcomargs.py
[2023-09-05T08:51:06.825+0000] {processor.py:826} INFO - Processing file /home/airflow/.local/lib/python3.7/site-packages/airflow/example_dags/example_xcomargs.py for tasks to queue
[2023-09-05T08:51:06.827+0000] {logging_mixin.py:150} INFO - [2023-09-05T08:51:06.826+0000] {dagbag.py:541} INFO - Filling up the DagBag from /home/airflow/.local/lib/python3.7/site-packages/airflow/example_dags/example_xcomargs.py
[2023-09-05T08:51:06.850+0000] {processor.py:836} INFO - DAG(s) dict_keys(['example_xcom_args', 'example_xcom_args_with_operators']) retrieved from /home/airflow/.local/lib/python3.7/site-packages/airflow/example_dags/example_xcomargs.py
[2023-09-05T08:51:06.939+0000] {logging_mixin.py:150} INFO - [2023-09-05T08:51:06.939+0000] {dag.py:2742} INFO - Sync 2 DAGs
[2023-09-05T08:51:06.990+0000] {logging_mixin.py:150} INFO - [2023-09-05T08:51:06.990+0000] {dag.py:3508} INFO - Setting next_dagrun for example_xcom_args to None, run_after=None
[2023-09-05T08:51:06.996+0000] {logging_mixin.py:150} INFO - [2023-09-05T08:51:06.996+0000] {dag.py:3508} INFO - Setting next_dagrun for example_xcom_args_with_operators to None, run_after=None
[2023-09-05T08:51:07.031+0000] {processor.py:179} INFO - Processing /home/airflow/.local/lib/python3.7/site-packages/airflow/example_dags/example_xcomargs.py took 0.213 seconds
[2023-09-05T08:51:37.240+0000] {processor.py:157} INFO - Started process (PID=409) to work on /home/airflow/.local/lib/python3.7/site-packages/airflow/example_dags/example_xcomargs.py
[2023-09-05T08:51:37.241+0000] {processor.py:826} INFO - Processing file /home/airflow/.local/lib/python3.7/site-packages/airflow/example_dags/example_xcomargs.py for tasks to queue
[2023-09-05T08:51:37.242+0000] {logging_mixin.py:150} INFO - [2023-09-05T08:51:37.242+0000] {dagbag.py:541} INFO - Filling up the DagBag from /home/airflow/.local/lib/python3.7/site-packages/airflow/example_dags/example_xcomargs.py
[2023-09-05T08:51:37.255+0000] {processor.py:836} INFO - DAG(s) dict_keys(['example_xcom_args_with_operators', 'example_xcom_args']) retrieved from /home/airflow/.local/lib/python3.7/site-packages/airflow/example_dags/example_xcomargs.py
[2023-09-05T08:51:37.305+0000] {logging_mixin.py:150} INFO - [2023-09-05T08:51:37.304+0000] {dag.py:2742} INFO - Sync 2 DAGs
[2023-09-05T08:51:37.352+0000] {logging_mixin.py:150} INFO - [2023-09-05T08:51:37.352+0000] {dag.py:3508} INFO - Setting next_dagrun for example_xcom_args to None, run_after=None
[2023-09-05T08:51:37.358+0000] {logging_mixin.py:150} INFO - [2023-09-05T08:51:37.358+0000] {dag.py:3508} INFO - Setting next_dagrun for example_xcom_args_with_operators to None, run_after=None
[2023-09-05T08:51:37.389+0000] {processor.py:179} INFO - Processing /home/airflow/.local/lib/python3.7/site-packages/airflow/example_dags/example_xcomargs.py took 0.159 seconds
[2023-09-05T08:52:07.532+0000] {processor.py:157} INFO - Started process (PID=654) to work on /home/airflow/.local/lib/python3.7/site-packages/airflow/example_dags/example_xcomargs.py
[2023-09-05T08:52:07.559+0000] {processor.py:826} INFO - Processing file /home/airflow/.local/lib/python3.7/site-packages/airflow/example_dags/example_xcomargs.py for tasks to queue
[2023-09-05T08:52:07.561+0000] {logging_mixin.py:150} INFO - [2023-09-05T08:52:07.561+0000] {dagbag.py:541} INFO - Filling up the DagBag from /home/airflow/.local/lib/python3.7/site-packages/airflow/example_dags/example_xcomargs.py
[2023-09-05T08:52:07.578+0000] {processor.py:836} INFO - DAG(s) dict_keys(['example_xcom_args', 'example_xcom_args_with_operators']) retrieved from /home/airflow/.local/lib/python3.7/site-packages/airflow/example_dags/example_xcomargs.py
[2023-09-05T08:52:07.638+0000] {logging_mixin.py:150} INFO - [2023-09-05T08:52:07.637+0000] {dag.py:2742} INFO - Sync 2 DAGs
[2023-09-05T08:52:07.683+0000] {logging_mixin.py:150} INFO - [2023-09-05T08:52:07.683+0000] {dag.py:3508} INFO - Setting next_dagrun for example_xcom_args to None, run_after=None
[2023-09-05T08:52:07.690+0000] {logging_mixin.py:150} INFO - [2023-09-05T08:52:07.690+0000] {dag.py:3508} INFO - Setting next_dagrun for example_xcom_args_with_operators to None, run_after=None
[2023-09-05T08:52:07.875+0000] {processor.py:179} INFO - Processing /home/airflow/.local/lib/python3.7/site-packages/airflow/example_dags/example_xcomargs.py took 0.348 seconds
[2023-09-05T08:52:38.390+0000] {processor.py:157} INFO - Started process (PID=899) to work on /home/airflow/.local/lib/python3.7/site-packages/airflow/example_dags/example_xcomargs.py
[2023-09-05T08:52:38.391+0000] {processor.py:826} INFO - Processing file /home/airflow/.local/lib/python3.7/site-packages/airflow/example_dags/example_xcomargs.py for tasks to queue
[2023-09-05T08:52:38.392+0000] {logging_mixin.py:150} INFO - [2023-09-05T08:52:38.392+0000] {dagbag.py:541} INFO - Filling up the DagBag from /home/airflow/.local/lib/python3.7/site-packages/airflow/example_dags/example_xcomargs.py
[2023-09-05T08:52:38.406+0000] {processor.py:836} INFO - DAG(s) dict_keys(['example_xcom_args', 'example_xcom_args_with_operators']) retrieved from /home/airflow/.local/lib/python3.7/site-packages/airflow/example_dags/example_xcomargs.py
[2023-09-05T08:52:38.617+0000] {logging_mixin.py:150} INFO - [2023-09-05T08:52:38.617+0000] {dag.py:2742} INFO - Sync 2 DAGs
[2023-09-05T08:52:38.664+0000] {logging_mixin.py:150} INFO - [2023-09-05T08:52:38.664+0000] {dag.py:3508} INFO - Setting next_dagrun for example_xcom_args to None, run_after=None
[2023-09-05T08:52:38.670+0000] {logging_mixin.py:150} INFO - [2023-09-05T08:52:38.670+0000] {dag.py:3508} INFO - Setting next_dagrun for example_xcom_args_with_operators to None, run_after=None
[2023-09-05T08:52:38.725+0000] {processor.py:179} INFO - Processing /home/airflow/.local/lib/python3.7/site-packages/airflow/example_dags/example_xcomargs.py took 0.341 seconds
[2023-09-05T08:53:08.980+0000] {processor.py:157} INFO - Started process (PID=1155) to work on /home/airflow/.local/lib/python3.7/site-packages/airflow/example_dags/example_xcomargs.py
[2023-09-05T08:53:09.008+0000] {processor.py:826} INFO - Processing file /home/airflow/.local/lib/python3.7/site-packages/airflow/example_dags/example_xcomargs.py for tasks to queue
[2023-09-05T08:53:09.009+0000] {logging_mixin.py:150} INFO - [2023-09-05T08:53:09.009+0000] {dagbag.py:541} INFO - Filling up the DagBag from /home/airflow/.local/lib/python3.7/site-packages/airflow/example_dags/example_xcomargs.py
[2023-09-05T08:53:09.021+0000] {processor.py:836} INFO - DAG(s) dict_keys(['example_xcom_args_with_operators', 'example_xcom_args']) retrieved from /home/airflow/.local/lib/python3.7/site-packages/airflow/example_dags/example_xcomargs.py
[2023-09-05T08:53:09.070+0000] {logging_mixin.py:150} INFO - [2023-09-05T08:53:09.070+0000] {dag.py:2742} INFO - Sync 2 DAGs
[2023-09-05T08:53:09.117+0000] {logging_mixin.py:150} INFO - [2023-09-05T08:53:09.117+0000] {dag.py:3508} INFO - Setting next_dagrun for example_xcom_args to None, run_after=None
[2023-09-05T08:53:09.122+0000] {logging_mixin.py:150} INFO - [2023-09-05T08:53:09.122+0000] {dag.py:3508} INFO - Setting next_dagrun for example_xcom_args_with_operators to None, run_after=None
[2023-09-05T08:53:09.154+0000] {processor.py:179} INFO - Processing /home/airflow/.local/lib/python3.7/site-packages/airflow/example_dags/example_xcomargs.py took 0.180 seconds
[2023-09-05T08:53:39.256+0000] {processor.py:157} INFO - Started process (PID=1400) to work on /home/airflow/.local/lib/python3.7/site-packages/airflow/example_dags/example_xcomargs.py
[2023-09-05T08:53:39.257+0000] {processor.py:826} INFO - Processing file /home/airflow/.local/lib/python3.7/site-packages/airflow/example_dags/example_xcomargs.py for tasks to queue
[2023-09-05T08:53:39.258+0000] {logging_mixin.py:150} INFO - [2023-09-05T08:53:39.258+0000] {dagbag.py:541} INFO - Filling up the DagBag from /home/airflow/.local/lib/python3.7/site-packages/airflow/example_dags/example_xcomargs.py
[2023-09-05T08:53:39.273+0000] {processor.py:836} INFO - DAG(s) dict_keys(['example_xcom_args_with_operators', 'example_xcom_args']) retrieved from /home/airflow/.local/lib/python3.7/site-packages/airflow/example_dags/example_xcomargs.py
[2023-09-05T08:53:39.329+0000] {logging_mixin.py:150} INFO - [2023-09-05T08:53:39.329+0000] {dag.py:2742} INFO - Sync 2 DAGs
[2023-09-05T08:53:39.380+0000] {logging_mixin.py:150} INFO - [2023-09-05T08:53:39.380+0000] {dag.py:3508} INFO - Setting next_dagrun for example_xcom_args to None, run_after=None
[2023-09-05T08:53:39.386+0000] {logging_mixin.py:150} INFO - [2023-09-05T08:53:39.386+0000] {dag.py:3508} INFO - Setting next_dagrun for example_xcom_args_with_operators to None, run_after=None
[2023-09-05T08:53:39.416+0000] {processor.py:179} INFO - Processing /home/airflow/.local/lib/python3.7/site-packages/airflow/example_dags/example_xcomargs.py took 0.166 seconds
