[2023-09-05T08:48:09.637+0000] {processor.py:157} INFO - Started process (PID=248) to work on /home/airflow/.local/lib/python3.7/site-packages/airflow/example_dags/example_branch_operator_decorator.py
[2023-09-05T08:48:09.638+0000] {processor.py:826} INFO - Processing file /home/airflow/.local/lib/python3.7/site-packages/airflow/example_dags/example_branch_operator_decorator.py for tasks to queue
[2023-09-05T08:48:09.639+0000] {logging_mixin.py:150} INFO - [2023-09-05T08:48:09.639+0000] {dagbag.py:541} INFO - Filling up the DagBag from /home/airflow/.local/lib/python3.7/site-packages/airflow/example_dags/example_branch_operator_decorator.py
[2023-09-05T08:48:09.655+0000] {processor.py:836} INFO - DAG(s) dict_keys(['example_branch_python_operator_decorator']) retrieved from /home/airflow/.local/lib/python3.7/site-packages/airflow/example_dags/example_branch_operator_decorator.py
[2023-09-05T08:48:09.849+0000] {logging_mixin.py:150} INFO - [2023-09-05T08:48:09.849+0000] {manager.py:504} INFO - Created Permission View: can delete on DAG:example_branch_python_operator_decorator
[2023-09-05T08:48:09.870+0000] {logging_mixin.py:150} INFO - [2023-09-05T08:48:09.870+0000] {manager.py:504} INFO - Created Permission View: can read on DAG:example_branch_python_operator_decorator
[2023-09-05T08:48:09.884+0000] {logging_mixin.py:150} INFO - [2023-09-05T08:48:09.883+0000] {manager.py:504} INFO - Created Permission View: can edit on DAG:example_branch_python_operator_decorator
[2023-09-05T08:48:09.914+0000] {logging_mixin.py:150} INFO - [2023-09-05T08:48:09.913+0000] {dag.py:2742} INFO - Sync 1 DAGs
[2023-09-05T08:48:09.937+0000] {logging_mixin.py:150} INFO - [2023-09-05T08:48:09.936+0000] {dag.py:2763} INFO - Creating ORM DAG for example_branch_python_operator_decorator
[2023-09-05T08:48:09.957+0000] {logging_mixin.py:150} INFO - [2023-09-05T08:48:09.957+0000] {dag.py:3508} INFO - Setting next_dagrun for example_branch_python_operator_decorator to 2023-09-04T00:00:00+00:00, run_after=2023-09-05T00:00:00+00:00
[2023-09-05T08:48:09.984+0000] {processor.py:179} INFO - Processing /home/airflow/.local/lib/python3.7/site-packages/airflow/example_dags/example_branch_operator_decorator.py took 0.352 seconds
[2023-09-05T08:48:40.692+0000] {processor.py:157} INFO - Started process (PID=493) to work on /home/airflow/.local/lib/python3.7/site-packages/airflow/example_dags/example_branch_operator_decorator.py
[2023-09-05T08:48:40.716+0000] {processor.py:826} INFO - Processing file /home/airflow/.local/lib/python3.7/site-packages/airflow/example_dags/example_branch_operator_decorator.py for tasks to queue
[2023-09-05T08:48:40.718+0000] {logging_mixin.py:150} INFO - [2023-09-05T08:48:40.717+0000] {dagbag.py:541} INFO - Filling up the DagBag from /home/airflow/.local/lib/python3.7/site-packages/airflow/example_dags/example_branch_operator_decorator.py
[2023-09-05T08:48:40.753+0000] {processor.py:836} INFO - DAG(s) dict_keys(['example_branch_python_operator_decorator']) retrieved from /home/airflow/.local/lib/python3.7/site-packages/airflow/example_dags/example_branch_operator_decorator.py
[2023-09-05T08:48:40.807+0000] {logging_mixin.py:150} INFO - [2023-09-05T08:48:40.806+0000] {dag.py:2742} INFO - Sync 1 DAGs
[2023-09-05T08:48:40.858+0000] {logging_mixin.py:150} INFO - [2023-09-05T08:48:40.858+0000] {dag.py:3508} INFO - Setting next_dagrun for example_branch_python_operator_decorator to 2023-09-04T00:00:00+00:00, run_after=2023-09-05T00:00:00+00:00
[2023-09-05T08:48:40.897+0000] {processor.py:179} INFO - Processing /home/airflow/.local/lib/python3.7/site-packages/airflow/example_dags/example_branch_operator_decorator.py took 0.212 seconds
[2023-09-05T08:49:11.127+0000] {processor.py:157} INFO - Started process (PID=738) to work on /home/airflow/.local/lib/python3.7/site-packages/airflow/example_dags/example_branch_operator_decorator.py
[2023-09-05T08:49:11.128+0000] {processor.py:826} INFO - Processing file /home/airflow/.local/lib/python3.7/site-packages/airflow/example_dags/example_branch_operator_decorator.py for tasks to queue
[2023-09-05T08:49:11.129+0000] {logging_mixin.py:150} INFO - [2023-09-05T08:49:11.128+0000] {dagbag.py:541} INFO - Filling up the DagBag from /home/airflow/.local/lib/python3.7/site-packages/airflow/example_dags/example_branch_operator_decorator.py
[2023-09-05T08:49:11.143+0000] {processor.py:836} INFO - DAG(s) dict_keys(['example_branch_python_operator_decorator']) retrieved from /home/airflow/.local/lib/python3.7/site-packages/airflow/example_dags/example_branch_operator_decorator.py
[2023-09-05T08:49:11.181+0000] {logging_mixin.py:150} INFO - [2023-09-05T08:49:11.181+0000] {dag.py:2742} INFO - Sync 1 DAGs
[2023-09-05T08:49:11.219+0000] {logging_mixin.py:150} INFO - [2023-09-05T08:49:11.219+0000] {dag.py:3508} INFO - Setting next_dagrun for example_branch_python_operator_decorator to 2023-09-04T00:00:00+00:00, run_after=2023-09-05T00:00:00+00:00
[2023-09-05T08:49:11.250+0000] {processor.py:179} INFO - Processing /home/airflow/.local/lib/python3.7/site-packages/airflow/example_dags/example_branch_operator_decorator.py took 0.128 seconds
[2023-09-05T08:49:41.678+0000] {processor.py:157} INFO - Started process (PID=983) to work on /home/airflow/.local/lib/python3.7/site-packages/airflow/example_dags/example_branch_operator_decorator.py
[2023-09-05T08:49:41.695+0000] {processor.py:826} INFO - Processing file /home/airflow/.local/lib/python3.7/site-packages/airflow/example_dags/example_branch_operator_decorator.py for tasks to queue
[2023-09-05T08:49:41.697+0000] {logging_mixin.py:150} INFO - [2023-09-05T08:49:41.696+0000] {dagbag.py:541} INFO - Filling up the DagBag from /home/airflow/.local/lib/python3.7/site-packages/airflow/example_dags/example_branch_operator_decorator.py
[2023-09-05T08:49:41.715+0000] {processor.py:836} INFO - DAG(s) dict_keys(['example_branch_python_operator_decorator']) retrieved from /home/airflow/.local/lib/python3.7/site-packages/airflow/example_dags/example_branch_operator_decorator.py
[2023-09-05T08:49:41.761+0000] {logging_mixin.py:150} INFO - [2023-09-05T08:49:41.760+0000] {dag.py:2742} INFO - Sync 1 DAGs
[2023-09-05T08:49:41.813+0000] {logging_mixin.py:150} INFO - [2023-09-05T08:49:41.813+0000] {dag.py:3508} INFO - Setting next_dagrun for example_branch_python_operator_decorator to 2023-09-04T00:00:00+00:00, run_after=2023-09-05T00:00:00+00:00
[2023-09-05T08:49:41.851+0000] {processor.py:179} INFO - Processing /home/airflow/.local/lib/python3.7/site-packages/airflow/example_dags/example_branch_operator_decorator.py took 0.179 seconds
[2023-09-05T08:50:11.995+0000] {processor.py:157} INFO - Started process (PID=1228) to work on /home/airflow/.local/lib/python3.7/site-packages/airflow/example_dags/example_branch_operator_decorator.py
[2023-09-05T08:50:11.996+0000] {processor.py:826} INFO - Processing file /home/airflow/.local/lib/python3.7/site-packages/airflow/example_dags/example_branch_operator_decorator.py for tasks to queue
[2023-09-05T08:50:11.998+0000] {logging_mixin.py:150} INFO - [2023-09-05T08:50:11.997+0000] {dagbag.py:541} INFO - Filling up the DagBag from /home/airflow/.local/lib/python3.7/site-packages/airflow/example_dags/example_branch_operator_decorator.py
[2023-09-05T08:50:12.017+0000] {processor.py:836} INFO - DAG(s) dict_keys(['example_branch_python_operator_decorator']) retrieved from /home/airflow/.local/lib/python3.7/site-packages/airflow/example_dags/example_branch_operator_decorator.py
[2023-09-05T08:50:12.063+0000] {logging_mixin.py:150} INFO - [2023-09-05T08:50:12.063+0000] {dag.py:2742} INFO - Sync 1 DAGs
[2023-09-05T08:50:12.119+0000] {logging_mixin.py:150} INFO - [2023-09-05T08:50:12.118+0000] {dag.py:3508} INFO - Setting next_dagrun for example_branch_python_operator_decorator to 2023-09-04T00:00:00+00:00, run_after=2023-09-05T00:00:00+00:00
[2023-09-05T08:50:12.154+0000] {processor.py:179} INFO - Processing /home/airflow/.local/lib/python3.7/site-packages/airflow/example_dags/example_branch_operator_decorator.py took 0.165 seconds
[2023-09-05T08:51:08.486+0000] {processor.py:157} INFO - Started process (PID=247) to work on /home/airflow/.local/lib/python3.7/site-packages/airflow/example_dags/example_branch_operator_decorator.py
[2023-09-05T08:51:08.487+0000] {processor.py:826} INFO - Processing file /home/airflow/.local/lib/python3.7/site-packages/airflow/example_dags/example_branch_operator_decorator.py for tasks to queue
[2023-09-05T08:51:08.488+0000] {logging_mixin.py:150} INFO - [2023-09-05T08:51:08.488+0000] {dagbag.py:541} INFO - Filling up the DagBag from /home/airflow/.local/lib/python3.7/site-packages/airflow/example_dags/example_branch_operator_decorator.py
[2023-09-05T08:51:08.503+0000] {processor.py:836} INFO - DAG(s) dict_keys(['example_branch_python_operator_decorator']) retrieved from /home/airflow/.local/lib/python3.7/site-packages/airflow/example_dags/example_branch_operator_decorator.py
[2023-09-05T08:51:08.544+0000] {logging_mixin.py:150} INFO - [2023-09-05T08:51:08.544+0000] {dag.py:2742} INFO - Sync 1 DAGs
[2023-09-05T08:51:08.584+0000] {logging_mixin.py:150} INFO - [2023-09-05T08:51:08.584+0000] {dag.py:3508} INFO - Setting next_dagrun for example_branch_python_operator_decorator to 2023-09-04T00:00:00+00:00, run_after=2023-09-05T00:00:00+00:00
[2023-09-05T08:51:08.613+0000] {processor.py:179} INFO - Processing /home/airflow/.local/lib/python3.7/site-packages/airflow/example_dags/example_branch_operator_decorator.py took 0.132 seconds
[2023-09-05T08:51:39.100+0000] {processor.py:157} INFO - Started process (PID=492) to work on /home/airflow/.local/lib/python3.7/site-packages/airflow/example_dags/example_branch_operator_decorator.py
[2023-09-05T08:51:39.101+0000] {processor.py:826} INFO - Processing file /home/airflow/.local/lib/python3.7/site-packages/airflow/example_dags/example_branch_operator_decorator.py for tasks to queue
[2023-09-05T08:51:39.102+0000] {logging_mixin.py:150} INFO - [2023-09-05T08:51:39.102+0000] {dagbag.py:541} INFO - Filling up the DagBag from /home/airflow/.local/lib/python3.7/site-packages/airflow/example_dags/example_branch_operator_decorator.py
[2023-09-05T08:51:39.120+0000] {processor.py:836} INFO - DAG(s) dict_keys(['example_branch_python_operator_decorator']) retrieved from /home/airflow/.local/lib/python3.7/site-packages/airflow/example_dags/example_branch_operator_decorator.py
[2023-09-05T08:51:39.162+0000] {logging_mixin.py:150} INFO - [2023-09-05T08:51:39.162+0000] {dag.py:2742} INFO - Sync 1 DAGs
[2023-09-05T08:51:39.207+0000] {logging_mixin.py:150} INFO - [2023-09-05T08:51:39.207+0000] {dag.py:3508} INFO - Setting next_dagrun for example_branch_python_operator_decorator to 2023-09-04T00:00:00+00:00, run_after=2023-09-05T00:00:00+00:00
[2023-09-05T08:51:39.242+0000] {processor.py:179} INFO - Processing /home/airflow/.local/lib/python3.7/site-packages/airflow/example_dags/example_branch_operator_decorator.py took 0.148 seconds
[2023-09-05T08:52:11.279+0000] {processor.py:157} INFO - Started process (PID=739) to work on /home/airflow/.local/lib/python3.7/site-packages/airflow/example_dags/example_branch_operator_decorator.py
[2023-09-05T08:52:11.281+0000] {processor.py:826} INFO - Processing file /home/airflow/.local/lib/python3.7/site-packages/airflow/example_dags/example_branch_operator_decorator.py for tasks to queue
[2023-09-05T08:52:11.282+0000] {logging_mixin.py:150} INFO - [2023-09-05T08:52:11.281+0000] {dagbag.py:541} INFO - Filling up the DagBag from /home/airflow/.local/lib/python3.7/site-packages/airflow/example_dags/example_branch_operator_decorator.py
[2023-09-05T08:52:11.296+0000] {processor.py:836} INFO - DAG(s) dict_keys(['example_branch_python_operator_decorator']) retrieved from /home/airflow/.local/lib/python3.7/site-packages/airflow/example_dags/example_branch_operator_decorator.py
[2023-09-05T08:52:11.338+0000] {logging_mixin.py:150} INFO - [2023-09-05T08:52:11.338+0000] {dag.py:2742} INFO - Sync 1 DAGs
[2023-09-05T08:52:11.380+0000] {logging_mixin.py:150} INFO - [2023-09-05T08:52:11.380+0000] {dag.py:3508} INFO - Setting next_dagrun for example_branch_python_operator_decorator to 2023-09-04T00:00:00+00:00, run_after=2023-09-05T00:00:00+00:00
[2023-09-05T08:52:11.554+0000] {processor.py:179} INFO - Processing /home/airflow/.local/lib/python3.7/site-packages/airflow/example_dags/example_branch_operator_decorator.py took 0.280 seconds
[2023-09-05T08:52:41.763+0000] {processor.py:157} INFO - Started process (PID=984) to work on /home/airflow/.local/lib/python3.7/site-packages/airflow/example_dags/example_branch_operator_decorator.py
[2023-09-05T08:52:41.765+0000] {processor.py:826} INFO - Processing file /home/airflow/.local/lib/python3.7/site-packages/airflow/example_dags/example_branch_operator_decorator.py for tasks to queue
[2023-09-05T08:52:41.767+0000] {logging_mixin.py:150} INFO - [2023-09-05T08:52:41.766+0000] {dagbag.py:541} INFO - Filling up the DagBag from /home/airflow/.local/lib/python3.7/site-packages/airflow/example_dags/example_branch_operator_decorator.py
[2023-09-05T08:52:41.784+0000] {processor.py:836} INFO - DAG(s) dict_keys(['example_branch_python_operator_decorator']) retrieved from /home/airflow/.local/lib/python3.7/site-packages/airflow/example_dags/example_branch_operator_decorator.py
[2023-09-05T08:52:41.957+0000] {logging_mixin.py:150} INFO - [2023-09-05T08:52:41.956+0000] {dag.py:2742} INFO - Sync 1 DAGs
[2023-09-05T08:52:41.995+0000] {logging_mixin.py:150} INFO - [2023-09-05T08:52:41.995+0000] {dag.py:3508} INFO - Setting next_dagrun for example_branch_python_operator_decorator to 2023-09-04T00:00:00+00:00, run_after=2023-09-05T00:00:00+00:00
[2023-09-05T08:52:42.019+0000] {processor.py:179} INFO - Processing /home/airflow/.local/lib/python3.7/site-packages/airflow/example_dags/example_branch_operator_decorator.py took 0.267 seconds
[2023-09-05T08:53:12.717+0000] {processor.py:157} INFO - Started process (PID=1240) to work on /home/airflow/.local/lib/python3.7/site-packages/airflow/example_dags/example_branch_operator_decorator.py
[2023-09-05T08:53:12.720+0000] {processor.py:826} INFO - Processing file /home/airflow/.local/lib/python3.7/site-packages/airflow/example_dags/example_branch_operator_decorator.py for tasks to queue
[2023-09-05T08:53:12.722+0000] {logging_mixin.py:150} INFO - [2023-09-05T08:53:12.721+0000] {dagbag.py:541} INFO - Filling up the DagBag from /home/airflow/.local/lib/python3.7/site-packages/airflow/example_dags/example_branch_operator_decorator.py
[2023-09-05T08:53:12.744+0000] {processor.py:836} INFO - DAG(s) dict_keys(['example_branch_python_operator_decorator']) retrieved from /home/airflow/.local/lib/python3.7/site-packages/airflow/example_dags/example_branch_operator_decorator.py
[2023-09-05T08:53:12.791+0000] {logging_mixin.py:150} INFO - [2023-09-05T08:53:12.791+0000] {dag.py:2742} INFO - Sync 1 DAGs
[2023-09-05T08:53:12.843+0000] {logging_mixin.py:150} INFO - [2023-09-05T08:53:12.843+0000] {dag.py:3508} INFO - Setting next_dagrun for example_branch_python_operator_decorator to 2023-09-04T00:00:00+00:00, run_after=2023-09-05T00:00:00+00:00
[2023-09-05T08:53:12.881+0000] {processor.py:179} INFO - Processing /home/airflow/.local/lib/python3.7/site-packages/airflow/example_dags/example_branch_operator_decorator.py took 0.175 seconds
[2023-09-05T08:53:42.951+0000] {processor.py:157} INFO - Started process (PID=1485) to work on /home/airflow/.local/lib/python3.7/site-packages/airflow/example_dags/example_branch_operator_decorator.py
[2023-09-05T08:53:42.952+0000] {processor.py:826} INFO - Processing file /home/airflow/.local/lib/python3.7/site-packages/airflow/example_dags/example_branch_operator_decorator.py for tasks to queue
[2023-09-05T08:53:42.953+0000] {logging_mixin.py:150} INFO - [2023-09-05T08:53:42.953+0000] {dagbag.py:541} INFO - Filling up the DagBag from /home/airflow/.local/lib/python3.7/site-packages/airflow/example_dags/example_branch_operator_decorator.py
[2023-09-05T08:53:42.972+0000] {processor.py:836} INFO - DAG(s) dict_keys(['example_branch_python_operator_decorator']) retrieved from /home/airflow/.local/lib/python3.7/site-packages/airflow/example_dags/example_branch_operator_decorator.py
[2023-09-05T08:53:43.019+0000] {logging_mixin.py:150} INFO - [2023-09-05T08:53:43.019+0000] {dag.py:2742} INFO - Sync 1 DAGs
[2023-09-05T08:53:43.070+0000] {logging_mixin.py:150} INFO - [2023-09-05T08:53:43.070+0000] {dag.py:3508} INFO - Setting next_dagrun for example_branch_python_operator_decorator to 2023-09-04T00:00:00+00:00, run_after=2023-09-05T00:00:00+00:00
[2023-09-05T08:53:43.104+0000] {processor.py:179} INFO - Processing /home/airflow/.local/lib/python3.7/site-packages/airflow/example_dags/example_branch_operator_decorator.py took 0.159 seconds
