[2023-09-05T08:48:06.677+0000] {processor.py:157} INFO - Started process (PID=178) to work on /home/airflow/.local/lib/python3.7/site-packages/airflow/example_dags/tutorial_taskflow_api.py
[2023-09-05T08:48:06.678+0000] {processor.py:826} INFO - Processing file /home/airflow/.local/lib/python3.7/site-packages/airflow/example_dags/tutorial_taskflow_api.py for tasks to queue
[2023-09-05T08:48:06.679+0000] {logging_mixin.py:150} INFO - [2023-09-05T08:48:06.679+0000] {dagbag.py:541} INFO - Filling up the DagBag from /home/airflow/.local/lib/python3.7/site-packages/airflow/example_dags/tutorial_taskflow_api.py
[2023-09-05T08:48:06.691+0000] {processor.py:836} INFO - DAG(s) dict_keys(['tutorial_taskflow_api']) retrieved from /home/airflow/.local/lib/python3.7/site-packages/airflow/example_dags/tutorial_taskflow_api.py
[2023-09-05T08:48:06.914+0000] {logging_mixin.py:150} INFO - [2023-09-05T08:48:06.913+0000] {manager.py:504} INFO - Created Permission View: can delete on DAG:tutorial_taskflow_api
[2023-09-05T08:48:06.935+0000] {logging_mixin.py:150} INFO - [2023-09-05T08:48:06.935+0000] {manager.py:504} INFO - Created Permission View: can read on DAG:tutorial_taskflow_api
[2023-09-05T08:48:06.950+0000] {logging_mixin.py:150} INFO - [2023-09-05T08:48:06.950+0000] {manager.py:504} INFO - Created Permission View: can edit on DAG:tutorial_taskflow_api
[2023-09-05T08:48:06.977+0000] {logging_mixin.py:150} INFO - [2023-09-05T08:48:06.977+0000] {dag.py:2742} INFO - Sync 1 DAGs
[2023-09-05T08:48:07.006+0000] {logging_mixin.py:150} INFO - [2023-09-05T08:48:07.006+0000] {dag.py:2763} INFO - Creating ORM DAG for tutorial_taskflow_api
[2023-09-05T08:48:07.023+0000] {logging_mixin.py:150} INFO - [2023-09-05T08:48:07.023+0000] {dag.py:3508} INFO - Setting next_dagrun for tutorial_taskflow_api to None, run_after=None
[2023-09-05T08:48:07.053+0000] {processor.py:179} INFO - Processing /home/airflow/.local/lib/python3.7/site-packages/airflow/example_dags/tutorial_taskflow_api.py took 0.381 seconds
[2023-09-05T08:48:37.260+0000] {processor.py:157} INFO - Started process (PID=425) to work on /home/airflow/.local/lib/python3.7/site-packages/airflow/example_dags/tutorial_taskflow_api.py
[2023-09-05T08:48:37.263+0000] {processor.py:826} INFO - Processing file /home/airflow/.local/lib/python3.7/site-packages/airflow/example_dags/tutorial_taskflow_api.py for tasks to queue
[2023-09-05T08:48:37.265+0000] {logging_mixin.py:150} INFO - [2023-09-05T08:48:37.264+0000] {dagbag.py:541} INFO - Filling up the DagBag from /home/airflow/.local/lib/python3.7/site-packages/airflow/example_dags/tutorial_taskflow_api.py
[2023-09-05T08:48:37.276+0000] {processor.py:836} INFO - DAG(s) dict_keys(['tutorial_taskflow_api']) retrieved from /home/airflow/.local/lib/python3.7/site-packages/airflow/example_dags/tutorial_taskflow_api.py
[2023-09-05T08:48:37.307+0000] {logging_mixin.py:150} INFO - [2023-09-05T08:48:37.307+0000] {dag.py:2742} INFO - Sync 1 DAGs
[2023-09-05T08:48:37.344+0000] {logging_mixin.py:150} INFO - [2023-09-05T08:48:37.343+0000] {dag.py:3508} INFO - Setting next_dagrun for tutorial_taskflow_api to None, run_after=None
[2023-09-05T08:48:37.376+0000] {processor.py:179} INFO - Processing /home/airflow/.local/lib/python3.7/site-packages/airflow/example_dags/tutorial_taskflow_api.py took 0.123 seconds
[2023-09-05T08:49:07.832+0000] {processor.py:157} INFO - Started process (PID=670) to work on /home/airflow/.local/lib/python3.7/site-packages/airflow/example_dags/tutorial_taskflow_api.py
[2023-09-05T08:49:07.834+0000] {processor.py:826} INFO - Processing file /home/airflow/.local/lib/python3.7/site-packages/airflow/example_dags/tutorial_taskflow_api.py for tasks to queue
[2023-09-05T08:49:07.838+0000] {logging_mixin.py:150} INFO - [2023-09-05T08:49:07.837+0000] {dagbag.py:541} INFO - Filling up the DagBag from /home/airflow/.local/lib/python3.7/site-packages/airflow/example_dags/tutorial_taskflow_api.py
[2023-09-05T08:49:07.850+0000] {processor.py:836} INFO - DAG(s) dict_keys(['tutorial_taskflow_api']) retrieved from /home/airflow/.local/lib/python3.7/site-packages/airflow/example_dags/tutorial_taskflow_api.py
[2023-09-05T08:49:07.906+0000] {logging_mixin.py:150} INFO - [2023-09-05T08:49:07.906+0000] {dag.py:2742} INFO - Sync 1 DAGs
[2023-09-05T08:49:07.952+0000] {logging_mixin.py:150} INFO - [2023-09-05T08:49:07.952+0000] {dag.py:3508} INFO - Setting next_dagrun for tutorial_taskflow_api to None, run_after=None
[2023-09-05T08:49:07.987+0000] {processor.py:179} INFO - Processing /home/airflow/.local/lib/python3.7/site-packages/airflow/example_dags/tutorial_taskflow_api.py took 0.166 seconds
[2023-09-05T08:49:38.308+0000] {processor.py:157} INFO - Started process (PID=915) to work on /home/airflow/.local/lib/python3.7/site-packages/airflow/example_dags/tutorial_taskflow_api.py
[2023-09-05T08:49:38.310+0000] {processor.py:826} INFO - Processing file /home/airflow/.local/lib/python3.7/site-packages/airflow/example_dags/tutorial_taskflow_api.py for tasks to queue
[2023-09-05T08:49:38.311+0000] {logging_mixin.py:150} INFO - [2023-09-05T08:49:38.311+0000] {dagbag.py:541} INFO - Filling up the DagBag from /home/airflow/.local/lib/python3.7/site-packages/airflow/example_dags/tutorial_taskflow_api.py
[2023-09-05T08:49:38.323+0000] {processor.py:836} INFO - DAG(s) dict_keys(['tutorial_taskflow_api']) retrieved from /home/airflow/.local/lib/python3.7/site-packages/airflow/example_dags/tutorial_taskflow_api.py
[2023-09-05T08:49:38.364+0000] {logging_mixin.py:150} INFO - [2023-09-05T08:49:38.363+0000] {dag.py:2742} INFO - Sync 1 DAGs
[2023-09-05T08:49:38.414+0000] {logging_mixin.py:150} INFO - [2023-09-05T08:49:38.413+0000] {dag.py:3508} INFO - Setting next_dagrun for tutorial_taskflow_api to None, run_after=None
[2023-09-05T08:49:38.449+0000] {processor.py:179} INFO - Processing /home/airflow/.local/lib/python3.7/site-packages/airflow/example_dags/tutorial_taskflow_api.py took 0.148 seconds
[2023-09-05T08:50:08.674+0000] {processor.py:157} INFO - Started process (PID=1158) to work on /home/airflow/.local/lib/python3.7/site-packages/airflow/example_dags/tutorial_taskflow_api.py
[2023-09-05T08:50:08.676+0000] {processor.py:826} INFO - Processing file /home/airflow/.local/lib/python3.7/site-packages/airflow/example_dags/tutorial_taskflow_api.py for tasks to queue
[2023-09-05T08:50:08.676+0000] {logging_mixin.py:150} INFO - [2023-09-05T08:50:08.676+0000] {dagbag.py:541} INFO - Filling up the DagBag from /home/airflow/.local/lib/python3.7/site-packages/airflow/example_dags/tutorial_taskflow_api.py
[2023-09-05T08:50:08.684+0000] {processor.py:836} INFO - DAG(s) dict_keys(['tutorial_taskflow_api']) retrieved from /home/airflow/.local/lib/python3.7/site-packages/airflow/example_dags/tutorial_taskflow_api.py
[2023-09-05T08:50:08.715+0000] {logging_mixin.py:150} INFO - [2023-09-05T08:50:08.714+0000] {dag.py:2742} INFO - Sync 1 DAGs
[2023-09-05T08:50:08.752+0000] {logging_mixin.py:150} INFO - [2023-09-05T08:50:08.752+0000] {dag.py:3508} INFO - Setting next_dagrun for tutorial_taskflow_api to None, run_after=None
[2023-09-05T08:50:08.794+0000] {processor.py:179} INFO - Processing /home/airflow/.local/lib/python3.7/site-packages/airflow/example_dags/tutorial_taskflow_api.py took 0.125 seconds
[2023-09-05T08:51:07.066+0000] {processor.py:157} INFO - Started process (PID=177) to work on /home/airflow/.local/lib/python3.7/site-packages/airflow/example_dags/tutorial_taskflow_api.py
[2023-09-05T08:51:07.068+0000] {processor.py:826} INFO - Processing file /home/airflow/.local/lib/python3.7/site-packages/airflow/example_dags/tutorial_taskflow_api.py for tasks to queue
[2023-09-05T08:51:07.069+0000] {logging_mixin.py:150} INFO - [2023-09-05T08:51:07.069+0000] {dagbag.py:541} INFO - Filling up the DagBag from /home/airflow/.local/lib/python3.7/site-packages/airflow/example_dags/tutorial_taskflow_api.py
[2023-09-05T08:51:07.083+0000] {processor.py:836} INFO - DAG(s) dict_keys(['tutorial_taskflow_api']) retrieved from /home/airflow/.local/lib/python3.7/site-packages/airflow/example_dags/tutorial_taskflow_api.py
[2023-09-05T08:51:07.139+0000] {logging_mixin.py:150} INFO - [2023-09-05T08:51:07.138+0000] {dag.py:2742} INFO - Sync 1 DAGs
[2023-09-05T08:51:07.191+0000] {logging_mixin.py:150} INFO - [2023-09-05T08:51:07.190+0000] {dag.py:3508} INFO - Setting next_dagrun for tutorial_taskflow_api to None, run_after=None
[2023-09-05T08:51:07.221+0000] {processor.py:179} INFO - Processing /home/airflow/.local/lib/python3.7/site-packages/airflow/example_dags/tutorial_taskflow_api.py took 0.160 seconds
[2023-09-05T08:51:37.592+0000] {processor.py:157} INFO - Started process (PID=424) to work on /home/airflow/.local/lib/python3.7/site-packages/airflow/example_dags/tutorial_taskflow_api.py
[2023-09-05T08:51:37.593+0000] {processor.py:826} INFO - Processing file /home/airflow/.local/lib/python3.7/site-packages/airflow/example_dags/tutorial_taskflow_api.py for tasks to queue
[2023-09-05T08:51:37.594+0000] {logging_mixin.py:150} INFO - [2023-09-05T08:51:37.594+0000] {dagbag.py:541} INFO - Filling up the DagBag from /home/airflow/.local/lib/python3.7/site-packages/airflow/example_dags/tutorial_taskflow_api.py
[2023-09-05T08:51:37.604+0000] {processor.py:836} INFO - DAG(s) dict_keys(['tutorial_taskflow_api']) retrieved from /home/airflow/.local/lib/python3.7/site-packages/airflow/example_dags/tutorial_taskflow_api.py
[2023-09-05T08:51:37.645+0000] {logging_mixin.py:150} INFO - [2023-09-05T08:51:37.645+0000] {dag.py:2742} INFO - Sync 1 DAGs
[2023-09-05T08:51:37.696+0000] {logging_mixin.py:150} INFO - [2023-09-05T08:51:37.696+0000] {dag.py:3508} INFO - Setting next_dagrun for tutorial_taskflow_api to None, run_after=None
[2023-09-05T08:51:37.731+0000] {processor.py:179} INFO - Processing /home/airflow/.local/lib/python3.7/site-packages/airflow/example_dags/tutorial_taskflow_api.py took 0.145 seconds
[2023-09-05T08:52:07.917+0000] {processor.py:157} INFO - Started process (PID=667) to work on /home/airflow/.local/lib/python3.7/site-packages/airflow/example_dags/tutorial_taskflow_api.py
[2023-09-05T08:52:07.919+0000] {processor.py:826} INFO - Processing file /home/airflow/.local/lib/python3.7/site-packages/airflow/example_dags/tutorial_taskflow_api.py for tasks to queue
[2023-09-05T08:52:07.921+0000] {logging_mixin.py:150} INFO - [2023-09-05T08:52:07.921+0000] {dagbag.py:541} INFO - Filling up the DagBag from /home/airflow/.local/lib/python3.7/site-packages/airflow/example_dags/tutorial_taskflow_api.py
[2023-09-05T08:52:07.935+0000] {processor.py:836} INFO - DAG(s) dict_keys(['tutorial_taskflow_api']) retrieved from /home/airflow/.local/lib/python3.7/site-packages/airflow/example_dags/tutorial_taskflow_api.py
[2023-09-05T08:52:07.975+0000] {logging_mixin.py:150} INFO - [2023-09-05T08:52:07.975+0000] {dag.py:2742} INFO - Sync 1 DAGs
[2023-09-05T08:52:08.020+0000] {logging_mixin.py:150} INFO - [2023-09-05T08:52:08.020+0000] {dag.py:3508} INFO - Setting next_dagrun for tutorial_taskflow_api to None, run_after=None
[2023-09-05T08:52:08.211+0000] {processor.py:179} INFO - Processing /home/airflow/.local/lib/python3.7/site-packages/airflow/example_dags/tutorial_taskflow_api.py took 0.304 seconds
[2023-09-05T08:52:39.099+0000] {processor.py:157} INFO - Started process (PID=914) to work on /home/airflow/.local/lib/python3.7/site-packages/airflow/example_dags/tutorial_taskflow_api.py
[2023-09-05T08:52:39.100+0000] {processor.py:826} INFO - Processing file /home/airflow/.local/lib/python3.7/site-packages/airflow/example_dags/tutorial_taskflow_api.py for tasks to queue
[2023-09-05T08:52:39.102+0000] {logging_mixin.py:150} INFO - [2023-09-05T08:52:39.101+0000] {dagbag.py:541} INFO - Filling up the DagBag from /home/airflow/.local/lib/python3.7/site-packages/airflow/example_dags/tutorial_taskflow_api.py
[2023-09-05T08:52:39.115+0000] {processor.py:836} INFO - DAG(s) dict_keys(['tutorial_taskflow_api']) retrieved from /home/airflow/.local/lib/python3.7/site-packages/airflow/example_dags/tutorial_taskflow_api.py
[2023-09-05T08:52:39.326+0000] {logging_mixin.py:150} INFO - [2023-09-05T08:52:39.326+0000] {dag.py:2742} INFO - Sync 1 DAGs
[2023-09-05T08:52:39.362+0000] {logging_mixin.py:150} INFO - [2023-09-05T08:52:39.362+0000] {dag.py:3508} INFO - Setting next_dagrun for tutorial_taskflow_api to None, run_after=None
[2023-09-05T08:52:39.394+0000] {processor.py:179} INFO - Processing /home/airflow/.local/lib/python3.7/site-packages/airflow/example_dags/tutorial_taskflow_api.py took 0.302 seconds
[2023-09-05T08:53:10.214+0000] {processor.py:157} INFO - Started process (PID=1170) to work on /home/airflow/.local/lib/python3.7/site-packages/airflow/example_dags/tutorial_taskflow_api.py
[2023-09-05T08:53:10.215+0000] {processor.py:826} INFO - Processing file /home/airflow/.local/lib/python3.7/site-packages/airflow/example_dags/tutorial_taskflow_api.py for tasks to queue
[2023-09-05T08:53:10.217+0000] {logging_mixin.py:150} INFO - [2023-09-05T08:53:10.216+0000] {dagbag.py:541} INFO - Filling up the DagBag from /home/airflow/.local/lib/python3.7/site-packages/airflow/example_dags/tutorial_taskflow_api.py
[2023-09-05T08:53:10.229+0000] {processor.py:836} INFO - DAG(s) dict_keys(['tutorial_taskflow_api']) retrieved from /home/airflow/.local/lib/python3.7/site-packages/airflow/example_dags/tutorial_taskflow_api.py
[2023-09-05T08:53:10.297+0000] {logging_mixin.py:150} INFO - [2023-09-05T08:53:10.296+0000] {dag.py:2742} INFO - Sync 1 DAGs
[2023-09-05T08:53:10.367+0000] {logging_mixin.py:150} INFO - [2023-09-05T08:53:10.367+0000] {dag.py:3508} INFO - Setting next_dagrun for tutorial_taskflow_api to None, run_after=None
[2023-09-05T08:53:10.402+0000] {processor.py:179} INFO - Processing /home/airflow/.local/lib/python3.7/site-packages/airflow/example_dags/tutorial_taskflow_api.py took 0.196 seconds
[2023-09-05T08:53:40.473+0000] {processor.py:157} INFO - Started process (PID=1415) to work on /home/airflow/.local/lib/python3.7/site-packages/airflow/example_dags/tutorial_taskflow_api.py
[2023-09-05T08:53:40.500+0000] {processor.py:826} INFO - Processing file /home/airflow/.local/lib/python3.7/site-packages/airflow/example_dags/tutorial_taskflow_api.py for tasks to queue
[2023-09-05T08:53:40.501+0000] {logging_mixin.py:150} INFO - [2023-09-05T08:53:40.501+0000] {dagbag.py:541} INFO - Filling up the DagBag from /home/airflow/.local/lib/python3.7/site-packages/airflow/example_dags/tutorial_taskflow_api.py
[2023-09-05T08:53:40.509+0000] {processor.py:836} INFO - DAG(s) dict_keys(['tutorial_taskflow_api']) retrieved from /home/airflow/.local/lib/python3.7/site-packages/airflow/example_dags/tutorial_taskflow_api.py
[2023-09-05T08:53:40.558+0000] {logging_mixin.py:150} INFO - [2023-09-05T08:53:40.558+0000] {dag.py:2742} INFO - Sync 1 DAGs
[2023-09-05T08:53:40.608+0000] {logging_mixin.py:150} INFO - [2023-09-05T08:53:40.608+0000] {dag.py:3508} INFO - Setting next_dagrun for tutorial_taskflow_api to None, run_after=None
[2023-09-05T08:53:40.643+0000] {processor.py:179} INFO - Processing /home/airflow/.local/lib/python3.7/site-packages/airflow/example_dags/tutorial_taskflow_api.py took 0.175 seconds
