[2023-09-05T08:48:06.581+0000] {processor.py:157} INFO - Started process (PID=173) to work on /home/airflow/.local/lib/python3.7/site-packages/airflow/example_dags/tutorial.py
[2023-09-05T08:48:06.582+0000] {processor.py:826} INFO - Processing file /home/airflow/.local/lib/python3.7/site-packages/airflow/example_dags/tutorial.py for tasks to queue
[2023-09-05T08:48:06.583+0000] {logging_mixin.py:150} INFO - [2023-09-05T08:48:06.583+0000] {dagbag.py:541} INFO - Filling up the DagBag from /home/airflow/.local/lib/python3.7/site-packages/airflow/example_dags/tutorial.py
[2023-09-05T08:48:06.596+0000] {processor.py:836} INFO - DAG(s) dict_keys(['tutorial']) retrieved from /home/airflow/.local/lib/python3.7/site-packages/airflow/example_dags/tutorial.py
[2023-09-05T08:48:06.778+0000] {logging_mixin.py:150} INFO - [2023-09-05T08:48:06.778+0000] {manager.py:504} INFO - Created Permission View: can delete on DAG:tutorial
[2023-09-05T08:48:06.798+0000] {logging_mixin.py:150} INFO - [2023-09-05T08:48:06.797+0000] {manager.py:504} INFO - Created Permission View: can read on DAG:tutorial
[2023-09-05T08:48:06.811+0000] {logging_mixin.py:150} INFO - [2023-09-05T08:48:06.810+0000] {manager.py:504} INFO - Created Permission View: can edit on DAG:tutorial
[2023-09-05T08:48:06.832+0000] {logging_mixin.py:150} INFO - [2023-09-05T08:48:06.832+0000] {dag.py:2742} INFO - Sync 1 DAGs
[2023-09-05T08:48:06.852+0000] {logging_mixin.py:150} INFO - [2023-09-05T08:48:06.852+0000] {dag.py:2763} INFO - Creating ORM DAG for tutorial
[2023-09-05T08:48:06.870+0000] {logging_mixin.py:150} INFO - [2023-09-05T08:48:06.869+0000] {dag.py:3508} INFO - Setting next_dagrun for tutorial to 2023-09-04T08:48:06.869560+00:00, run_after=2023-09-05T08:48:06.869560+00:00
[2023-09-05T08:48:06.899+0000] {processor.py:179} INFO - Processing /home/airflow/.local/lib/python3.7/site-packages/airflow/example_dags/tutorial.py took 0.323 seconds
[2023-09-05T08:48:37.108+0000] {processor.py:157} INFO - Started process (PID=420) to work on /home/airflow/.local/lib/python3.7/site-packages/airflow/example_dags/tutorial.py
[2023-09-05T08:48:37.109+0000] {processor.py:826} INFO - Processing file /home/airflow/.local/lib/python3.7/site-packages/airflow/example_dags/tutorial.py for tasks to queue
[2023-09-05T08:48:37.110+0000] {logging_mixin.py:150} INFO - [2023-09-05T08:48:37.110+0000] {dagbag.py:541} INFO - Filling up the DagBag from /home/airflow/.local/lib/python3.7/site-packages/airflow/example_dags/tutorial.py
[2023-09-05T08:48:37.119+0000] {processor.py:836} INFO - DAG(s) dict_keys(['tutorial']) retrieved from /home/airflow/.local/lib/python3.7/site-packages/airflow/example_dags/tutorial.py
[2023-09-05T08:48:37.155+0000] {logging_mixin.py:150} INFO - [2023-09-05T08:48:37.155+0000] {dag.py:2742} INFO - Sync 1 DAGs
[2023-09-05T08:48:37.189+0000] {logging_mixin.py:150} INFO - [2023-09-05T08:48:37.189+0000] {dag.py:3508} INFO - Setting next_dagrun for tutorial to 2023-09-04T08:48:37.189420+00:00, run_after=2023-09-05T08:48:37.189420+00:00
[2023-09-05T08:48:37.222+0000] {processor.py:179} INFO - Processing /home/airflow/.local/lib/python3.7/site-packages/airflow/example_dags/tutorial.py took 0.119 seconds
[2023-09-05T08:49:07.655+0000] {processor.py:157} INFO - Started process (PID=665) to work on /home/airflow/.local/lib/python3.7/site-packages/airflow/example_dags/tutorial.py
[2023-09-05T08:49:07.657+0000] {processor.py:826} INFO - Processing file /home/airflow/.local/lib/python3.7/site-packages/airflow/example_dags/tutorial.py for tasks to queue
[2023-09-05T08:49:07.658+0000] {logging_mixin.py:150} INFO - [2023-09-05T08:49:07.657+0000] {dagbag.py:541} INFO - Filling up the DagBag from /home/airflow/.local/lib/python3.7/site-packages/airflow/example_dags/tutorial.py
[2023-09-05T08:49:07.669+0000] {processor.py:836} INFO - DAG(s) dict_keys(['tutorial']) retrieved from /home/airflow/.local/lib/python3.7/site-packages/airflow/example_dags/tutorial.py
[2023-09-05T08:49:07.707+0000] {logging_mixin.py:150} INFO - [2023-09-05T08:49:07.707+0000] {dag.py:2742} INFO - Sync 1 DAGs
[2023-09-05T08:49:07.754+0000] {logging_mixin.py:150} INFO - [2023-09-05T08:49:07.754+0000] {dag.py:3508} INFO - Setting next_dagrun for tutorial to 2023-09-04T08:49:07.754362+00:00, run_after=2023-09-05T08:49:07.754362+00:00
[2023-09-05T08:49:07.793+0000] {processor.py:179} INFO - Processing /home/airflow/.local/lib/python3.7/site-packages/airflow/example_dags/tutorial.py took 0.143 seconds
[2023-09-05T08:49:38.119+0000] {processor.py:157} INFO - Started process (PID=910) to work on /home/airflow/.local/lib/python3.7/site-packages/airflow/example_dags/tutorial.py
[2023-09-05T08:49:38.120+0000] {processor.py:826} INFO - Processing file /home/airflow/.local/lib/python3.7/site-packages/airflow/example_dags/tutorial.py for tasks to queue
[2023-09-05T08:49:38.122+0000] {logging_mixin.py:150} INFO - [2023-09-05T08:49:38.121+0000] {dagbag.py:541} INFO - Filling up the DagBag from /home/airflow/.local/lib/python3.7/site-packages/airflow/example_dags/tutorial.py
[2023-09-05T08:49:38.133+0000] {processor.py:836} INFO - DAG(s) dict_keys(['tutorial']) retrieved from /home/airflow/.local/lib/python3.7/site-packages/airflow/example_dags/tutorial.py
[2023-09-05T08:49:38.191+0000] {logging_mixin.py:150} INFO - [2023-09-05T08:49:38.190+0000] {dag.py:2742} INFO - Sync 1 DAGs
[2023-09-05T08:49:38.238+0000] {logging_mixin.py:150} INFO - [2023-09-05T08:49:38.238+0000] {dag.py:3508} INFO - Setting next_dagrun for tutorial to 2023-09-04T08:49:38.238025+00:00, run_after=2023-09-05T08:49:38.238025+00:00
[2023-09-05T08:49:38.272+0000] {processor.py:179} INFO - Processing /home/airflow/.local/lib/python3.7/site-packages/airflow/example_dags/tutorial.py took 0.159 seconds
[2023-09-05T08:50:08.660+0000] {processor.py:157} INFO - Started process (PID=1155) to work on /home/airflow/.local/lib/python3.7/site-packages/airflow/example_dags/tutorial.py
[2023-09-05T08:50:08.661+0000] {processor.py:826} INFO - Processing file /home/airflow/.local/lib/python3.7/site-packages/airflow/example_dags/tutorial.py for tasks to queue
[2023-09-05T08:50:08.662+0000] {logging_mixin.py:150} INFO - [2023-09-05T08:50:08.662+0000] {dagbag.py:541} INFO - Filling up the DagBag from /home/airflow/.local/lib/python3.7/site-packages/airflow/example_dags/tutorial.py
[2023-09-05T08:50:08.672+0000] {processor.py:836} INFO - DAG(s) dict_keys(['tutorial']) retrieved from /home/airflow/.local/lib/python3.7/site-packages/airflow/example_dags/tutorial.py
[2023-09-05T08:50:08.709+0000] {logging_mixin.py:150} INFO - [2023-09-05T08:50:08.709+0000] {dag.py:2742} INFO - Sync 1 DAGs
[2023-09-05T08:50:08.757+0000] {logging_mixin.py:150} INFO - [2023-09-05T08:50:08.757+0000] {dag.py:3508} INFO - Setting next_dagrun for tutorial to 2023-09-04T08:50:08.756654+00:00, run_after=2023-09-05T08:50:08.756654+00:00
[2023-09-05T08:50:08.789+0000] {processor.py:179} INFO - Processing /home/airflow/.local/lib/python3.7/site-packages/airflow/example_dags/tutorial.py took 0.135 seconds
[2023-09-05T08:51:07.047+0000] {processor.py:157} INFO - Started process (PID=174) to work on /home/airflow/.local/lib/python3.7/site-packages/airflow/example_dags/tutorial.py
[2023-09-05T08:51:07.048+0000] {processor.py:826} INFO - Processing file /home/airflow/.local/lib/python3.7/site-packages/airflow/example_dags/tutorial.py for tasks to queue
[2023-09-05T08:51:07.049+0000] {logging_mixin.py:150} INFO - [2023-09-05T08:51:07.049+0000] {dagbag.py:541} INFO - Filling up the DagBag from /home/airflow/.local/lib/python3.7/site-packages/airflow/example_dags/tutorial.py
[2023-09-05T08:51:07.061+0000] {processor.py:836} INFO - DAG(s) dict_keys(['tutorial']) retrieved from /home/airflow/.local/lib/python3.7/site-packages/airflow/example_dags/tutorial.py
[2023-09-05T08:51:07.114+0000] {logging_mixin.py:150} INFO - [2023-09-05T08:51:07.114+0000] {dag.py:2742} INFO - Sync 1 DAGs
[2023-09-05T08:51:07.154+0000] {logging_mixin.py:150} INFO - [2023-09-05T08:51:07.154+0000] {dag.py:3508} INFO - Setting next_dagrun for tutorial to 2023-09-04T08:51:07.153984+00:00, run_after=2023-09-05T08:51:07.153984+00:00
[2023-09-05T08:51:07.181+0000] {processor.py:179} INFO - Processing /home/airflow/.local/lib/python3.7/site-packages/airflow/example_dags/tutorial.py took 0.139 seconds
[2023-09-05T08:51:37.422+0000] {processor.py:157} INFO - Started process (PID=419) to work on /home/airflow/.local/lib/python3.7/site-packages/airflow/example_dags/tutorial.py
[2023-09-05T08:51:37.423+0000] {processor.py:826} INFO - Processing file /home/airflow/.local/lib/python3.7/site-packages/airflow/example_dags/tutorial.py for tasks to queue
[2023-09-05T08:51:37.424+0000] {logging_mixin.py:150} INFO - [2023-09-05T08:51:37.424+0000] {dagbag.py:541} INFO - Filling up the DagBag from /home/airflow/.local/lib/python3.7/site-packages/airflow/example_dags/tutorial.py
[2023-09-05T08:51:37.435+0000] {processor.py:836} INFO - DAG(s) dict_keys(['tutorial']) retrieved from /home/airflow/.local/lib/python3.7/site-packages/airflow/example_dags/tutorial.py
[2023-09-05T08:51:37.477+0000] {logging_mixin.py:150} INFO - [2023-09-05T08:51:37.477+0000] {dag.py:2742} INFO - Sync 1 DAGs
[2023-09-05T08:51:37.523+0000] {logging_mixin.py:150} INFO - [2023-09-05T08:51:37.522+0000] {dag.py:3508} INFO - Setting next_dagrun for tutorial to 2023-09-04T08:51:37.522470+00:00, run_after=2023-09-05T08:51:37.522470+00:00
[2023-09-05T08:51:37.556+0000] {processor.py:179} INFO - Processing /home/airflow/.local/lib/python3.7/site-packages/airflow/example_dags/tutorial.py took 0.140 seconds
[2023-09-05T08:52:07.886+0000] {processor.py:157} INFO - Started process (PID=662) to work on /home/airflow/.local/lib/python3.7/site-packages/airflow/example_dags/tutorial.py
[2023-09-05T08:52:07.889+0000] {processor.py:826} INFO - Processing file /home/airflow/.local/lib/python3.7/site-packages/airflow/example_dags/tutorial.py for tasks to queue
[2023-09-05T08:52:07.891+0000] {logging_mixin.py:150} INFO - [2023-09-05T08:52:07.890+0000] {dagbag.py:541} INFO - Filling up the DagBag from /home/airflow/.local/lib/python3.7/site-packages/airflow/example_dags/tutorial.py
[2023-09-05T08:52:07.905+0000] {processor.py:836} INFO - DAG(s) dict_keys(['tutorial']) retrieved from /home/airflow/.local/lib/python3.7/site-packages/airflow/example_dags/tutorial.py
[2023-09-05T08:52:07.941+0000] {logging_mixin.py:150} INFO - [2023-09-05T08:52:07.940+0000] {dag.py:2742} INFO - Sync 1 DAGs
[2023-09-05T08:52:07.988+0000] {logging_mixin.py:150} INFO - [2023-09-05T08:52:07.988+0000] {dag.py:3508} INFO - Setting next_dagrun for tutorial to 2023-09-04T08:52:07.987690+00:00, run_after=2023-09-05T08:52:07.987690+00:00
[2023-09-05T08:52:08.199+0000] {processor.py:179} INFO - Processing /home/airflow/.local/lib/python3.7/site-packages/airflow/example_dags/tutorial.py took 0.324 seconds
[2023-09-05T08:52:38.760+0000] {processor.py:157} INFO - Started process (PID=909) to work on /home/airflow/.local/lib/python3.7/site-packages/airflow/example_dags/tutorial.py
[2023-09-05T08:52:38.761+0000] {processor.py:826} INFO - Processing file /home/airflow/.local/lib/python3.7/site-packages/airflow/example_dags/tutorial.py for tasks to queue
[2023-09-05T08:52:38.762+0000] {logging_mixin.py:150} INFO - [2023-09-05T08:52:38.762+0000] {dagbag.py:541} INFO - Filling up the DagBag from /home/airflow/.local/lib/python3.7/site-packages/airflow/example_dags/tutorial.py
[2023-09-05T08:52:38.770+0000] {processor.py:836} INFO - DAG(s) dict_keys(['tutorial']) retrieved from /home/airflow/.local/lib/python3.7/site-packages/airflow/example_dags/tutorial.py
[2023-09-05T08:52:38.973+0000] {logging_mixin.py:150} INFO - [2023-09-05T08:52:38.973+0000] {dag.py:2742} INFO - Sync 1 DAGs
[2023-09-05T08:52:39.020+0000] {logging_mixin.py:150} INFO - [2023-09-05T08:52:39.020+0000] {dag.py:3508} INFO - Setting next_dagrun for tutorial to 2023-09-04T08:52:39.020103+00:00, run_after=2023-09-05T08:52:39.020103+00:00
[2023-09-05T08:52:39.057+0000] {processor.py:179} INFO - Processing /home/airflow/.local/lib/python3.7/site-packages/airflow/example_dags/tutorial.py took 0.302 seconds
[2023-09-05T08:53:09.187+0000] {processor.py:157} INFO - Started process (PID=1165) to work on /home/airflow/.local/lib/python3.7/site-packages/airflow/example_dags/tutorial.py
[2023-09-05T08:53:09.188+0000] {processor.py:826} INFO - Processing file /home/airflow/.local/lib/python3.7/site-packages/airflow/example_dags/tutorial.py for tasks to queue
[2023-09-05T08:53:09.189+0000] {logging_mixin.py:150} INFO - [2023-09-05T08:53:09.189+0000] {dagbag.py:541} INFO - Filling up the DagBag from /home/airflow/.local/lib/python3.7/site-packages/airflow/example_dags/tutorial.py
[2023-09-05T08:53:09.198+0000] {processor.py:836} INFO - DAG(s) dict_keys(['tutorial']) retrieved from /home/airflow/.local/lib/python3.7/site-packages/airflow/example_dags/tutorial.py
[2023-09-05T08:53:09.235+0000] {logging_mixin.py:150} INFO - [2023-09-05T08:53:09.235+0000] {dag.py:2742} INFO - Sync 1 DAGs
[2023-09-05T08:53:09.274+0000] {logging_mixin.py:150} INFO - [2023-09-05T08:53:09.274+0000] {dag.py:3508} INFO - Setting next_dagrun for tutorial to 2023-09-04T08:53:09.273790+00:00, run_after=2023-09-05T08:53:09.273790+00:00
[2023-09-05T08:53:09.304+0000] {processor.py:179} INFO - Processing /home/airflow/.local/lib/python3.7/site-packages/airflow/example_dags/tutorial.py took 0.122 seconds
[2023-09-05T08:53:39.457+0000] {processor.py:157} INFO - Started process (PID=1410) to work on /home/airflow/.local/lib/python3.7/site-packages/airflow/example_dags/tutorial.py
[2023-09-05T08:53:39.459+0000] {processor.py:826} INFO - Processing file /home/airflow/.local/lib/python3.7/site-packages/airflow/example_dags/tutorial.py for tasks to queue
[2023-09-05T08:53:39.461+0000] {logging_mixin.py:150} INFO - [2023-09-05T08:53:39.460+0000] {dagbag.py:541} INFO - Filling up the DagBag from /home/airflow/.local/lib/python3.7/site-packages/airflow/example_dags/tutorial.py
[2023-09-05T08:53:39.471+0000] {processor.py:836} INFO - DAG(s) dict_keys(['tutorial']) retrieved from /home/airflow/.local/lib/python3.7/site-packages/airflow/example_dags/tutorial.py
[2023-09-05T08:53:39.509+0000] {logging_mixin.py:150} INFO - [2023-09-05T08:53:39.508+0000] {dag.py:2742} INFO - Sync 1 DAGs
[2023-09-05T08:53:39.557+0000] {logging_mixin.py:150} INFO - [2023-09-05T08:53:39.557+0000] {dag.py:3508} INFO - Setting next_dagrun for tutorial to 2023-09-04T08:53:39.557003+00:00, run_after=2023-09-05T08:53:39.557003+00:00
[2023-09-05T08:53:39.590+0000] {processor.py:179} INFO - Processing /home/airflow/.local/lib/python3.7/site-packages/airflow/example_dags/tutorial.py took 0.142 seconds
